<?xml version="1.0" encoding="UTF-8" ?>
<testsuite failures="5" time="2,380.19" errors="0" skipped="0" tests="93" name="TestSuite">
  <properties>
    <property name="java.runtime.name" value="Java(TM) SE Runtime Environment"/>
    <property name="sun.boot.library.path" value="C:\Program Files\Java\jdk1.7.0_05\jre\bin"/>
    <property name="java.vm.version" value="23.1-b03"/>
    <property name="java.vm.vendor" value="Oracle Corporation"/>
    <property name="java.vendor.url" value="http://java.oracle.com/"/>
    <property name="path.separator" value=";"/>
    <property name="java.vm.name" value="Java HotSpot(TM) 64-Bit Server VM"/>
    <property name="file.encoding.pkg" value="sun.io"/>
    <property name="user.script" value=""/>
    <property name="user.country" value="RU"/>
    <property name="sun.java.launcher" value="SUN_STANDARD"/>
    <property name="sun.os.patch.level" value="Service Pack 1"/>
    <property name="java.vm.specification.name" value="Java Virtual Machine Specification"/>
    <property name="user.dir" value="C:\_Work\YMPWebdriver"/>
    <property name="java.runtime.version" value="1.7.0_05-b05"/>
    <property name="java.awt.graphicsenv" value="sun.awt.Win32GraphicsEnvironment"/>
    <property name="basedir" value="C:\_Work\YMPWebdriver"/>
    <property name="java.endorsed.dirs" value="C:\Program Files\Java\jdk1.7.0_05\jre\lib\endorsed"/>
    <property name="os.arch" value="amd64"/>
    <property name="surefire.real.class.path" value="C:\_Work\YMPWebdriver\target\surefire\surefirebooter8413898840519213237.jar"/>
    <property name="java.io.tmpdir" value="C:\TeamCity\buildAgent\temp\buildTmp\"/>
    <property name="line.separator" value="
"/>
    <property name="java.vm.specification.vendor" value="Oracle Corporation"/>
    <property name="user.variant" value=""/>
    <property name="os.name" value="Windows 7"/>
    <property name="sun.jnu.encoding" value="Cp1251"/>
    <property name="java.library.path" value="C:\Program Files\Java\jdk1.7.0_05\jre\bin;C:\Windows\Sun\Java\bin;C:\Windows\system32;C:\Windows;C:\TeamCity\buildAgent\tools\maven3\bin;c:\Program Files (x86)\NVIDIA Corporation\PhysX\Common;C:\Windows\system32;C:\Windows;C:\Windows\System32\Wbem;C:\Windows\System32\WindowsPowerShell\v1.0\;C:\Program Files\Java\jdk1.7.0_05\bin;C:\Work\Apps\androidsdk\platform-tools;C:\Program Files\TortoiseSVN\bin;;."/>
    <property name="surefire.test.class.path" value="C:\_Work\YMPWebdriver\target\test-classes;C:\_Work\YMPWebdriver\target\classes;C:\.m2\repository\org\testng\testng\6.8\testng-6.8.jar;C:\.m2\repository\junit\junit\4.10\junit-4.10.jar;C:\.m2\repository\org\hamcrest\hamcrest-core\1.1\hamcrest-core-1.1.jar;C:\.m2\repository\org\beanshell\bsh\2.0b4\bsh-2.0b4.jar;C:\.m2\repository\com\beust\jcommander\1.27\jcommander-1.27.jar;C:\.m2\repository\org\yaml\snakeyaml\1.6\snakeyaml-1.6.jar;C:\.m2\repository\org\seleniumhq\selenium\selenium-java\2.26.0\selenium-java-2.26.0.jar;C:\.m2\repository\org\seleniumhq\selenium\selenium-android-driver\2.26.0\selenium-android-driver-2.26.0.jar;C:\.m2\repository\org\seleniumhq\selenium\selenium-remote-driver\2.26.0\selenium-remote-driver-2.26.0.jar;C:\.m2\repository\cglib\cglib-nodep\2.1_3\cglib-nodep-2.1_3.jar;C:\.m2\repository\org\json\json\20080701\json-20080701.jar;C:\.m2\repository\com\google\guava\guava\13.0.1\guava-13.0.1.jar;C:\.m2\repository\org\seleniumhq\selenium\selenium-chrome-driver\2.26.0\selenium-chrome-driver-2.26.0.jar;C:\.m2\repository\org\seleniumhq\selenium\selenium-htmlunit-driver\2.26.0\selenium-htmlunit-driver-2.26.0.jar;C:\.m2\repository\org\seleniumhq\selenium\selenium-api\2.26.0\selenium-api-2.26.0.jar;C:\.m2\repository\net\sourceforge\htmlunit\htmlunit\2.10\htmlunit-2.10.jar;C:\.m2\repository\xalan\xalan\2.7.1\xalan-2.7.1.jar;C:\.m2\repository\xalan\serializer\2.7.1\serializer-2.7.1.jar;C:\.m2\repository\commons-collections\commons-collections\3.2.1\commons-collections-3.2.1.jar;C:\.m2\repository\org\apache\httpcomponents\httpmime\4.2.1\httpmime-4.2.1.jar;C:\.m2\repository\net\sourceforge\htmlunit\htmlunit-core-js\2.10\htmlunit-core-js-2.10.jar;C:\.m2\repository\xerces\xercesImpl\2.9.1\xercesImpl-2.9.1.jar;C:\.m2\repository\xml-apis\xml-apis\1.3.04\xml-apis-1.3.04.jar;C:\.m2\repository\net\sourceforge\nekohtml\nekohtml\1.9.16\nekohtml-1.9.16.jar;C:\.m2\repository\net\sourceforge\cssparser\cssparser\0.9.7\cssparser-0.9.7.jar;C:\.m2\repository\org\w3c\css\sac\1.3\sac-1.3.jar;C:\.m2\repository\org\apache\httpcomponents\httpclient\4.2.1\httpclient-4.2.1.jar;C:\.m2\repository\org\apache\httpcomponents\httpcore\4.2.1\httpcore-4.2.1.jar;C:\.m2\repository\org\seleniumhq\selenium\selenium-firefox-driver\2.26.0\selenium-firefox-driver-2.26.0.jar;C:\.m2\repository\commons-io\commons-io\2.2\commons-io-2.2.jar;C:\.m2\repository\org\apache\commons\commons-exec\1.1\commons-exec-1.1.jar;C:\.m2\repository\org\seleniumhq\selenium\selenium-ie-driver\2.26.0\selenium-ie-driver-2.26.0.jar;C:\.m2\repository\net\java\dev\jna\jna\3.4.0\jna-3.4.0.jar;C:\.m2\repository\net\java\dev\jna\platform\3.4.0\platform-3.4.0.jar;C:\.m2\repository\org\seleniumhq\selenium\selenium-iphone-driver\2.26.0\selenium-iphone-driver-2.26.0.jar;C:\.m2\repository\org\seleniumhq\selenium\selenium-safari-driver\2.26.0\selenium-safari-driver-2.26.0.jar;C:\.m2\repository\org\seleniumhq\selenium\selenium-support\2.26.0\selenium-support-2.26.0.jar;C:\.m2\repository\org\webbitserver\webbit\0.4.14\webbit-0.4.14.jar;C:\.m2\repository\io\netty\netty\3.5.2.Final\netty-3.5.2.Final.jar;C:\.m2\repository\org\apache\maven\plugins\maven-surefire-plugin\2.12.4\maven-surefire-plugin-2.12.4.jar;C:\.m2\repository\org\apache\maven\maven-plugin-api\2.0.9\maven-plugin-api-2.0.9.jar;C:\.m2\repository\org\apache\maven\surefire\surefire-booter\2.12.4\surefire-booter-2.12.4.jar;C:\.m2\repository\org\apache\maven\surefire\surefire-api\2.12.4\surefire-api-2.12.4.jar;C:\.m2\repository\org\apache\maven\surefire\maven-surefire-common\2.12.4\maven-surefire-common-2.12.4.jar;C:\.m2\repository\org\apache\commons\commons-lang3\3.1\commons-lang3-3.1.jar;C:\.m2\repository\org\apache\maven\shared\maven-common-artifact-filters\1.3\maven-common-artifact-filters-1.3.jar;C:\.m2\repository\org\codehaus\plexus\plexus-utils\3.0.8\plexus-utils-3.0.8.jar;C:\.m2\repository\org\apache\maven\maven-artifact\2.0.9\maven-artifact-2.0.9.jar;C:\.m2\repository\org\apache\maven\maven-project\2.0.9\maven-project-2.0.9.jar;C:\.m2\repository\org\apache\maven\maven-settings\2.0.9\maven-settings-2.0.9.jar;C:\.m2\repository\org\apache\maven\maven-profile\2.0.9\maven-profile-2.0.9.jar;C:\.m2\repository\org\apache\maven\maven-model\2.0.9\maven-model-2.0.9.jar;C:\.m2\repository\org\apache\maven\maven-artifact-manager\2.0.9\maven-artifact-manager-2.0.9.jar;C:\.m2\repository\org\apache\maven\maven-plugin-registry\2.0.9\maven-plugin-registry-2.0.9.jar;C:\.m2\repository\org\codehaus\plexus\plexus-container-default\1.0-alpha-9-stable-1\plexus-container-default-1.0-alpha-9-stable-1.jar;C:\.m2\repository\org\apache\maven\maven-core\2.0.9\maven-core-2.0.9.jar;C:\.m2\repository\org\apache\maven\maven-plugin-parameter-documenter\2.0.9\maven-plugin-parameter-documenter-2.0.9.jar;C:\.m2\repository\org\apache\maven\reporting\maven-reporting-api\2.0.9\maven-reporting-api-2.0.9.jar;C:\.m2\repository\org\apache\maven\wagon\wagon-provider-api\1.0-beta-2\wagon-provider-api-1.0-beta-2.jar;C:\.m2\repository\org\apache\maven\maven-repository-metadata\2.0.9\maven-repository-metadata-2.0.9.jar;C:\.m2\repository\org\apache\maven\maven-error-diagnostics\2.0.9\maven-error-diagnostics-2.0.9.jar;C:\.m2\repository\org\apache\maven\maven-plugin-descriptor\2.0.9\maven-plugin-descriptor-2.0.9.jar;C:\.m2\repository\org\apache\maven\maven-monitor\2.0.9\maven-monitor-2.0.9.jar;C:\.m2\repository\classworlds\classworlds\1.1\classworlds-1.1.jar;C:\.m2\repository\org\apache\maven\maven-toolchain\2.0.9\maven-toolchain-2.0.9.jar;C:\.m2\repository\org\apache\maven\plugin-tools\maven-plugin-annotations\3.1\maven-plugin-annotations-3.1.jar;C:\.m2\repository\org\openqa\selenium\server\selenium-server\1.0-20081010.060147\selenium-server-1.0-20081010.060147.jar;C:\.m2\repository\org\openqa\selenium\server\selenium-server-coreless\1.0-20081010.060147\selenium-server-coreless-1.0-20081010.060147.jar;C:\.m2\repository\ant\ant\1.6.5\ant-1.6.5.jar;C:\.m2\repository\jetty\org.mortbay.jetty\5.1.10\org.mortbay.jetty-5.1.10.jar;C:\.m2\repository\commons-logging\commons-logging\1.0.4\commons-logging-1.0.4.jar;C:\.m2\repository\commons-codec\commons-codec\1.3\commons-codec-1.3.jar;C:\.m2\repository\javax\servlet\servlet-api\2.4\servlet-api-2.4.jar;C:\.m2\repository\bouncycastle\bcprov-jdk15\135\bcprov-jdk15-135.jar;C:\.m2\repository\org\openqa\selenium\core\selenium-core\1.0-20080914.225453\selenium-core-1.0-20080914.225453.jar;C:\.m2\repository\org\apache\maven\surefire\surefire-testng-utils\2.8.1\surefire-testng-utils-2.8.1.jar;"/>
    <property name="java.specification.name" value="Java Platform API Specification"/>
    <property name="java.class.version" value="51.0"/>
    <property name="sun.management.compiler" value="HotSpot 64-Bit Tiered Compilers"/>
    <property name="os.version" value="6.1"/>
    <property name="user.home" value="C:\"/>
    <property name="user.timezone" value="Europe/Moscow"/>
    <property name="java.awt.printerjob" value="sun.awt.windows.WPrinterJob"/>
    <property name="java.specification.version" value="1.7"/>
    <property name="file.encoding" value="Cp1251"/>
    <property name="user.name" value="Z100107$"/>
    <property name="java.class.path" value="C:\_Work\YMPWebdriver\target\test-classes;C:\_Work\YMPWebdriver\target\classes;C:\.m2\repository\org\testng\testng\6.8\testng-6.8.jar;C:\.m2\repository\junit\junit\4.10\junit-4.10.jar;C:\.m2\repository\org\hamcrest\hamcrest-core\1.1\hamcrest-core-1.1.jar;C:\.m2\repository\org\beanshell\bsh\2.0b4\bsh-2.0b4.jar;C:\.m2\repository\com\beust\jcommander\1.27\jcommander-1.27.jar;C:\.m2\repository\org\yaml\snakeyaml\1.6\snakeyaml-1.6.jar;C:\.m2\repository\org\seleniumhq\selenium\selenium-java\2.26.0\selenium-java-2.26.0.jar;C:\.m2\repository\org\seleniumhq\selenium\selenium-android-driver\2.26.0\selenium-android-driver-2.26.0.jar;C:\.m2\repository\org\seleniumhq\selenium\selenium-remote-driver\2.26.0\selenium-remote-driver-2.26.0.jar;C:\.m2\repository\cglib\cglib-nodep\2.1_3\cglib-nodep-2.1_3.jar;C:\.m2\repository\org\json\json\20080701\json-20080701.jar;C:\.m2\repository\com\google\guava\guava\13.0.1\guava-13.0.1.jar;C:\.m2\repository\org\seleniumhq\selenium\selenium-chrome-driver\2.26.0\selenium-chrome-driver-2.26.0.jar;C:\.m2\repository\org\seleniumhq\selenium\selenium-htmlunit-driver\2.26.0\selenium-htmlunit-driver-2.26.0.jar;C:\.m2\repository\org\seleniumhq\selenium\selenium-api\2.26.0\selenium-api-2.26.0.jar;C:\.m2\repository\net\sourceforge\htmlunit\htmlunit\2.10\htmlunit-2.10.jar;C:\.m2\repository\xalan\xalan\2.7.1\xalan-2.7.1.jar;C:\.m2\repository\xalan\serializer\2.7.1\serializer-2.7.1.jar;C:\.m2\repository\commons-collections\commons-collections\3.2.1\commons-collections-3.2.1.jar;C:\.m2\repository\org\apache\httpcomponents\httpmime\4.2.1\httpmime-4.2.1.jar;C:\.m2\repository\net\sourceforge\htmlunit\htmlunit-core-js\2.10\htmlunit-core-js-2.10.jar;C:\.m2\repository\xerces\xercesImpl\2.9.1\xercesImpl-2.9.1.jar;C:\.m2\repository\xml-apis\xml-apis\1.3.04\xml-apis-1.3.04.jar;C:\.m2\repository\net\sourceforge\nekohtml\nekohtml\1.9.16\nekohtml-1.9.16.jar;C:\.m2\repository\net\sourceforge\cssparser\cssparser\0.9.7\cssparser-0.9.7.jar;C:\.m2\repository\org\w3c\css\sac\1.3\sac-1.3.jar;C:\.m2\repository\org\apache\httpcomponents\httpclient\4.2.1\httpclient-4.2.1.jar;C:\.m2\repository\org\apache\httpcomponents\httpcore\4.2.1\httpcore-4.2.1.jar;C:\.m2\repository\org\seleniumhq\selenium\selenium-firefox-driver\2.26.0\selenium-firefox-driver-2.26.0.jar;C:\.m2\repository\commons-io\commons-io\2.2\commons-io-2.2.jar;C:\.m2\repository\org\apache\commons\commons-exec\1.1\commons-exec-1.1.jar;C:\.m2\repository\org\seleniumhq\selenium\selenium-ie-driver\2.26.0\selenium-ie-driver-2.26.0.jar;C:\.m2\repository\net\java\dev\jna\jna\3.4.0\jna-3.4.0.jar;C:\.m2\repository\net\java\dev\jna\platform\3.4.0\platform-3.4.0.jar;C:\.m2\repository\org\seleniumhq\selenium\selenium-iphone-driver\2.26.0\selenium-iphone-driver-2.26.0.jar;C:\.m2\repository\org\seleniumhq\selenium\selenium-safari-driver\2.26.0\selenium-safari-driver-2.26.0.jar;C:\.m2\repository\org\seleniumhq\selenium\selenium-support\2.26.0\selenium-support-2.26.0.jar;C:\.m2\repository\org\webbitserver\webbit\0.4.14\webbit-0.4.14.jar;C:\.m2\repository\io\netty\netty\3.5.2.Final\netty-3.5.2.Final.jar;C:\.m2\repository\org\apache\maven\plugins\maven-surefire-plugin\2.12.4\maven-surefire-plugin-2.12.4.jar;C:\.m2\repository\org\apache\maven\maven-plugin-api\2.0.9\maven-plugin-api-2.0.9.jar;C:\.m2\repository\org\apache\maven\surefire\surefire-booter\2.12.4\surefire-booter-2.12.4.jar;C:\.m2\repository\org\apache\maven\surefire\surefire-api\2.12.4\surefire-api-2.12.4.jar;C:\.m2\repository\org\apache\maven\surefire\maven-surefire-common\2.12.4\maven-surefire-common-2.12.4.jar;C:\.m2\repository\org\apache\commons\commons-lang3\3.1\commons-lang3-3.1.jar;C:\.m2\repository\org\apache\maven\shared\maven-common-artifact-filters\1.3\maven-common-artifact-filters-1.3.jar;C:\.m2\repository\org\codehaus\plexus\plexus-utils\3.0.8\plexus-utils-3.0.8.jar;C:\.m2\repository\org\apache\maven\maven-artifact\2.0.9\maven-artifact-2.0.9.jar;C:\.m2\repository\org\apache\maven\maven-project\2.0.9\maven-project-2.0.9.jar;C:\.m2\repository\org\apache\maven\maven-settings\2.0.9\maven-settings-2.0.9.jar;C:\.m2\repository\org\apache\maven\maven-profile\2.0.9\maven-profile-2.0.9.jar;C:\.m2\repository\org\apache\maven\maven-model\2.0.9\maven-model-2.0.9.jar;C:\.m2\repository\org\apache\maven\maven-artifact-manager\2.0.9\maven-artifact-manager-2.0.9.jar;C:\.m2\repository\org\apache\maven\maven-plugin-registry\2.0.9\maven-plugin-registry-2.0.9.jar;C:\.m2\repository\org\codehaus\plexus\plexus-container-default\1.0-alpha-9-stable-1\plexus-container-default-1.0-alpha-9-stable-1.jar;C:\.m2\repository\org\apache\maven\maven-core\2.0.9\maven-core-2.0.9.jar;C:\.m2\repository\org\apache\maven\maven-plugin-parameter-documenter\2.0.9\maven-plugin-parameter-documenter-2.0.9.jar;C:\.m2\repository\org\apache\maven\reporting\maven-reporting-api\2.0.9\maven-reporting-api-2.0.9.jar;C:\.m2\repository\org\apache\maven\wagon\wagon-provider-api\1.0-beta-2\wagon-provider-api-1.0-beta-2.jar;C:\.m2\repository\org\apache\maven\maven-repository-metadata\2.0.9\maven-repository-metadata-2.0.9.jar;C:\.m2\repository\org\apache\maven\maven-error-diagnostics\2.0.9\maven-error-diagnostics-2.0.9.jar;C:\.m2\repository\org\apache\maven\maven-plugin-descriptor\2.0.9\maven-plugin-descriptor-2.0.9.jar;C:\.m2\repository\org\apache\maven\maven-monitor\2.0.9\maven-monitor-2.0.9.jar;C:\.m2\repository\classworlds\classworlds\1.1\classworlds-1.1.jar;C:\.m2\repository\org\apache\maven\maven-toolchain\2.0.9\maven-toolchain-2.0.9.jar;C:\.m2\repository\org\apache\maven\plugin-tools\maven-plugin-annotations\3.1\maven-plugin-annotations-3.1.jar;C:\.m2\repository\org\openqa\selenium\server\selenium-server\1.0-20081010.060147\selenium-server-1.0-20081010.060147.jar;C:\.m2\repository\org\openqa\selenium\server\selenium-server-coreless\1.0-20081010.060147\selenium-server-coreless-1.0-20081010.060147.jar;C:\.m2\repository\ant\ant\1.6.5\ant-1.6.5.jar;C:\.m2\repository\jetty\org.mortbay.jetty\5.1.10\org.mortbay.jetty-5.1.10.jar;C:\.m2\repository\commons-logging\commons-logging\1.0.4\commons-logging-1.0.4.jar;C:\.m2\repository\commons-codec\commons-codec\1.3\commons-codec-1.3.jar;C:\.m2\repository\javax\servlet\servlet-api\2.4\servlet-api-2.4.jar;C:\.m2\repository\bouncycastle\bcprov-jdk15\135\bcprov-jdk15-135.jar;C:\.m2\repository\org\openqa\selenium\core\selenium-core\1.0-20080914.225453\selenium-core-1.0-20080914.225453.jar;C:\.m2\repository\org\apache\maven\surefire\surefire-testng-utils\2.8.1\surefire-testng-utils-2.8.1.jar;"/>
    <property name="java.vm.specification.version" value="1.7"/>
    <property name="sun.arch.data.model" value="64"/>
    <property name="java.home" value="C:\Program Files\Java\jdk1.7.0_05\jre"/>
    <property name="sun.java.command" value="C:\_Work\YMPWebdriver\target\surefire\surefirebooter8413898840519213237.jar C:\_Work\YMPWebdriver\target\surefire\surefire9148967587014326348tmp C:\_Work\YMPWebdriver\target\surefire\surefire5759090888719416434tmp"/>
    <property name="java.specification.vendor" value="Oracle Corporation"/>
    <property name="user.language" value="ru"/>
    <property name="awt.toolkit" value="sun.awt.windows.WToolkit"/>
    <property name="java.vm.info" value="mixed mode"/>
    <property name="java.version" value="1.7.0_05"/>
    <property name="java.ext.dirs" value="C:\Program Files\Java\jdk1.7.0_05\jre\lib\ext;C:\Windows\Sun\Java\lib\ext"/>
    <property name="sun.boot.class.path" value="C:\Program Files\Java\jdk1.7.0_05\jre\lib\resources.jar;C:\Program Files\Java\jdk1.7.0_05\jre\lib\rt.jar;C:\Program Files\Java\jdk1.7.0_05\jre\lib\sunrsasign.jar;C:\Program Files\Java\jdk1.7.0_05\jre\lib\jsse.jar;C:\Program Files\Java\jdk1.7.0_05\jre\lib\jce.jar;C:\Program Files\Java\jdk1.7.0_05\jre\lib\charsets.jar;C:\Program Files\Java\jdk1.7.0_05\jre\lib\jfr.jar;C:\Program Files\Java\jdk1.7.0_05\jre\classes"/>
    <property name="webdriver.chrome.driver" value="C:\GitWorkspace\chromedriver.exe"/>
    <property name="java.vendor" value="Oracle Corporation"/>
    <property name="localRepository" value="C:\.m2\repository"/>
    <property name="file.separator" value="\"/>
    <property name="java.vendor.url.bug" value="http://bugreport.sun.com/bugreport/"/>
    <property name="sun.cpu.endian" value="little"/>
    <property name="sun.io.unicode.encoding" value="UnicodeLittle"/>
    <property name="sun.desktop" value="windows"/>
    <property name="sun.cpu.isalist" value="amd64"/>
  </properties>
  <testcase time="28.985" classname="com.YouMagicPro.LKA_tests.AddAndDeleteMenusTest" name="addAndDeleteMenusTest">
    <failure message="ERROR: Element //div[3]/div[2]/a/span not found" type="com.thoughtworks.selenium.SeleniumException">com.thoughtworks.selenium.SeleniumException: ERROR: Element //div[3]/div[2]/a/span not found
	at com.thoughtworks.selenium.HttpCommandProcessor.throwAssertionFailureExceptionOrError(HttpCommandProcessor.java:112)
	at com.thoughtworks.selenium.HttpCommandProcessor.doCommand(HttpCommandProcessor.java:106)
	at com.thoughtworks.selenium.DefaultSelenium.click(DefaultSelenium.java:193)
	at com.YouMagicPro.LKA_tests.AddAndDeleteMenusTest.addAndDeleteMenusTest(AddAndDeleteMenusTest.java:26)
</failure>
  </testcase>
  <testcase time="23.97" classname="com.YouMagicPro.LKA_tests.VoiceMailPageTest" name="voiceMailTest"/>
  <testcase time="32.38" classname="com.YouMagicPro.LKA_tests.AddAndDeleteNoticesTest" name="addAndDeleteNoticesTest"/>
  <testcase time="17.534" classname="com.YouMagicPro.LKA_tests.VoiceMenuAddTest" name="voiceMenuAddTest_C15292"/>
  <testcase time="23.384" classname="com.YouMagicPro.LKA_tests.AgreementOPFTest" name="addAndDeleteNoticesTest"/>
  <testcase time="22.981" classname="com.YouMagicPro.LKA_tests.VoiceMenuChooseSoundTest" name="voiceMailChooseSoundTest_C15294"/>
  <testcase time="17.482" classname="com.YouMagicPro.LKA_tests.Buying804NumberCategoriesOfNumbers" name="buying804NumberCategoriesOfNumbers_C25622"/>
  <testcase time="20.388" classname="com.YouMagicPro.LKA_tests.VoiceMenuEmptyNameTextFieldTest" name="voiceMailEmptyNameTextFieldTest_C19851"/>
  <testcase time="16.704" classname="com.YouMagicPro.LKA_tests.Buying804NumberCostOfNumberTest" name="buying804NumberCostOfNumberTest_C25623"/>
  <testcase time="28.846" classname="com.YouMagicPro.LKA_tests.YourNumbersTest" name="yourNumbersTest"/>
  <testcase time="10.544" classname="com.YouMagicPro.LKA_tests.BuyingAdditionalInternalNumberCheckCost" name="buyingAdditionalInternalNumberCheckCost_C15113"/>
  <testcase time="10.935" classname="com.YouMagicPro.LKA_tests.BuyingAdditionalInternalNumberTextFieldTest" name="buyingAdditionalInternalNumberTextFieldTest_C15112"/>
  <testcase time="16.279" classname="com.YouMagicPro.LKA_tests.BuyingAdditionalNumberChooseCityFromList" name="buyingAdditionalNumberChooseCityFromList_C15103"/>
  <testcase time="22.752" classname="com.YouMagicPro.LKA_tests.BuyingAdditionalNumberChooseNumberCategories" name="BuyingAdditionalNumberChooseNumberCategories_C15105"/>
  <testcase time="16.409" classname="com.YouMagicPro.LKA_tests.BuyingAdditionalNumberChooseNumbersFromList" name="BuyingAdditionalNumberChooseNumbersFromList_C15106"/>
  <testcase time="25.954" classname="com.YouMagicPro.LKA_tests.CallForwardingPageTest" name="clickOnAvatarTest"/>
  <testcase time="22.698" classname="com.YouMagicPro.LKA_tests.ClickOnAvatarTest" name="clickOnAvatarTest"/>
  <testcase time="22.643" classname="com.YouMagicPro.LKA_tests.ClickOnBalanceTest" name="clickOnBalanceTest"/>
  <testcase time="40.883" classname="com.YouMagicPro.LKA_tests.ClickOnContractTest" name="clickOnContractTest"/>
  <testcase time="25.408" classname="com.YouMagicPro.LKA_tests.ClickOnDiskSpaceTest" name="clickOnDiskSpaceTest"/>
  <testcase time="22.808" classname="com.YouMagicPro.LKA_tests.ClickOnExitTest" name="clickOnExitTest"/>
  <testcase time="19.474" classname="com.YouMagicPro.LKA_tests.ClickOnIconTest" name="clickOnIconTest"/>
  <testcase time="18.646" classname="com.YouMagicPro.LKA_tests.ClickOnInternalNumbersTest" name="clickOnInternalNumbersTest">
    <failure message="ERROR: Couldn&apos;t access document.body.  Is this HTML page fully loaded?" type="com.thoughtworks.selenium.SeleniumException">com.thoughtworks.selenium.SeleniumException: ERROR: Couldn&apos;t access document.body.  Is this HTML page fully loaded?
	at com.thoughtworks.selenium.HttpCommandProcessor.throwAssertionFailureExceptionOrError(HttpCommandProcessor.java:112)
	at com.thoughtworks.selenium.HttpCommandProcessor.doCommand(HttpCommandProcessor.java:106)
	at com.thoughtworks.selenium.HttpCommandProcessor.getString(HttpCommandProcessor.java:275)
	at com.thoughtworks.selenium.HttpCommandProcessor.getBoolean(HttpCommandProcessor.java:348)
	at com.thoughtworks.selenium.DefaultSelenium.isTextPresent(DefaultSelenium.java:535)
	at com.YouMagicPro.LKA_tests.ClickOnInternalNumbersTest.clickOnInternalNumbersTest(ClickOnInternalNumbersTest.java:26)
</failure>
  </testcase>
  <testcase time="21.507" classname="com.YouMagicPro.LKA_tests.ClickOnPasswordChangeTest" name="clickOnPasswordChangeTest"/>
  <testcase time="23.285" classname="com.YouMagicPro.LKA_tests.ClickOnPersonalAccountTest" name="clickOnPersonalAccountTest"/>
  <testcase time="21.053" classname="com.YouMagicPro.LKA_tests.ClickOnPromoTest" name="clickOnPromoTest"/>
  <testcase time="21.463" classname="com.YouMagicPro.LKA_tests.ContractBankAccountLettersAndNumbersTest" name="contractBankAccountLettersAndNumbersTest_C14496"/>
  <testcase time="21.586" classname="com.YouMagicPro.LKA_tests.ContractBankAccountLettersInTextFieldTest" name="contractBankAccountLettersInTextFieldTest_C14995"/>
  <testcase time="15.302" classname="com.YouMagicPro.LKA_tests.ContractBankAccountOneInTextFieldTest" name="contractBankAccountOneInTextFieldTest_C14993">
    <failure message="Element is not clickable at point (555, 381). Other element would receive the click: &lt;img id=&quot;1&quot; class=&quot;slideimage&quot; src=&quot;/sites/all/modules/contrib/umagicpro_instructions/images/home.png&quot; data-title=&quot;Благодарим вас за выбор YouMagic.Pro!&quot;&gt; (WARNING: The server did not provide any stacktrace information)
Command duration or timeout: 29 milliseconds
Build info: version: &apos;2.26.0&apos;, revision: &apos;18040&apos;, time: &apos;2012-11-02 09:44:45&apos;
System info: os.name: &apos;Windows 7&apos;, os.arch: &apos;amd64&apos;, os.version: &apos;6.1&apos;, java.version: &apos;1.7.0_05&apos;
Driver info: driver.version: RemoteWebDriver
Session ID: 42ceaa2cdec8593375f22775fee20504" type="org.openqa.selenium.WebDriverException">org.openqa.selenium.WebDriverException: Element is not clickable at point (555, 381). Other element would receive the click: &lt;img id=&quot;1&quot; class=&quot;slideimage&quot; src=&quot;/sites/all/modules/contrib/umagicpro_instructions/images/home.png&quot; data-title=&quot;Благодарим вас за выбор YouMagic.Pro!&quot;&gt; (WARNING: The server did not provide any stacktrace information)
Command duration or timeout: 29 milliseconds
Build info: version: &apos;2.26.0&apos;, revision: &apos;18040&apos;, time: &apos;2012-11-02 09:44:45&apos;
System info: os.name: &apos;Windows 7&apos;, os.arch: &apos;amd64&apos;, os.version: &apos;6.1&apos;, java.version: &apos;1.7.0_05&apos;
Driver info: driver.version: RemoteWebDriver
Session ID: 42ceaa2cdec8593375f22775fee20504
	at sun.reflect.NativeConstructorAccessorImpl.newInstance0(Native Method)
	at sun.reflect.NativeConstructorAccessorImpl.newInstance(NativeConstructorAccessorImpl.java:57)
	at sun.reflect.DelegatingConstructorAccessorImpl.newInstance(DelegatingConstructorAccessorImpl.java:45)
	at java.lang.reflect.Constructor.newInstance(Constructor.java:525)
	at org.openqa.selenium.remote.ErrorHandler.createThrowable(ErrorHandler.java:188)
	at org.openqa.selenium.remote.ErrorHandler.throwIfResponseFailed(ErrorHandler.java:145)
	at org.openqa.selenium.remote.RemoteWebDriver.execute(RemoteWebDriver.java:531)
	at org.openqa.selenium.remote.RemoteWebElement.execute(RemoteWebElement.java:246)
	at org.openqa.selenium.remote.RemoteWebElement.click(RemoteWebElement.java:79)
	at com.YouMagicPro.LKA_tests.TestBase.waitContractPageToLoad(TestBase.java:138)
	at com.YouMagicPro.LKA_tests.ContractBankAccountOneInTextFieldTest.contractBankAccountOneInTextFieldTest_C14993(ContractBankAccountOneInTextFieldTest.java:11)
</failure>
  </testcase>
  <testcase time="22.303" classname="com.YouMagicPro.LKA_tests.ContractBankAccountSymbolsInTextFieldTest" name="contractBankAccountSymbolsInTextFieldTest_C14997"/>
  <testcase time="21.659" classname="com.YouMagicPro.LKA_tests.ContractBankAccountTenInTextFieldTest" name="contractBankAccountTenInTextFieldTest_C14994"/>
  <testcase time="24.471" classname="com.YouMagicPro.LKA_tests.ContractBik1inTextFieldTest" name="contractBikTest1inTextField_C15022"/>
  <testcase time="22.601" classname="com.YouMagicPro.LKA_tests.ContractBikLettersAndNumbersInTextFieldTest" name="contractBikTest_C15025"/>
  <testcase time="24.795" classname="com.YouMagicPro.LKA_tests.ContractBikLettersInTextFieldTest" name="contractBikTestLettersInTextField_C15023"/>
  <testcase time="22.58" classname="com.YouMagicPro.LKA_tests.ContractBikSymbolsInTextFieldTest" name="contractBikSymbolsInTextFieldTest_C15026"/>
  <testcase time="110.813" classname="com.YouMagicPro.LKA_tests.ContractCheckDocumentTest" name="contractCheckDocumentTest_C14986"/>
  <testcase time="40.384" classname="com.YouMagicPro.LKA_tests.ContractCorAccount19NumbersTest" name="contractCorAccount19NumbersTest_C15005"/>
  <testcase time="21.76" classname="com.YouMagicPro.LKA_tests.ContractCorAccountLettersAndNumbersTextFieldTest" name="contractCorAccountTenInTextFieldTest_C15000"/>
  <testcase time="21.33" classname="com.YouMagicPro.LKA_tests.ContractCorAccountLettersInTextFieldTest" name="contractCorAccountLettersInTextFieldTest_C15001"/>
  <testcase time="28.922" classname="com.YouMagicPro.LKA_tests.ContractCorAccountOneInTextFieldTest" name="contractCorAccountOneInTextFieldTest_C14499"/>
  <testcase time="23.222" classname="com.YouMagicPro.LKA_tests.ContractCorAccountSymbolsInTextFieldTest" name="contractCorAccountSymbolsInTextFieldTest_C15003"/>
  <testcase time="22.178" classname="com.YouMagicPro.LKA_tests.ContractCorAccountTenInTextFieldTest" name="contractCorAccountTenInTextFieldTest_C15000"/>
  <testcase time="21.651" classname="com.YouMagicPro.LKA_tests.ContractEndOfPageDataTest" name="contractEndOfPageDataTest_C15062"/>
  <testcase time="24.168" classname="com.YouMagicPro.LKA_tests.ContractFillInDataTest" name="fillInContractDataTest_C14998"/>
  <testcase time="23.848" classname="com.YouMagicPro.LKA_tests.ContractInn6NumbersInTextFieldTest" name="contractInn6NumbersInTextFieldTest_C15029"/>
  <testcase time="37.421" classname="com.YouMagicPro.LKA_tests.ContractInnChooseFormTest" name="contractInnChooseForm_C15047"/>
  <testcase time="23.03" classname="com.YouMagicPro.LKA_tests.ContractInnLettersInTextFieldTest" name="contractInnLettersInTextFieldTest_C15030"/>
  <testcase time="20.533" classname="com.YouMagicPro.LKA_tests.ContractInnOneInTextFieldTest" name="contractInnOneInTextFieldTest_C15028"/>
  <testcase time="20.992" classname="com.YouMagicPro.LKA_tests.ContractInnSymbolsInTextFieldTest" name="contractInnLettersInTextFieldTest_C15030"/>
  <testcase time="21.801" classname="com.YouMagicPro.LKA_tests.ContractKpp6NumbersInTextFieldTest" name="contractKppTest_C15049"/>
  <testcase time="21.457" classname="com.YouMagicPro.LKA_tests.ContractKppLettersAndNumbersTest" name="contractKppTest_C15054"/>
  <testcase time="25.447" classname="com.YouMagicPro.LKA_tests.ContractKppLettersTest" name="contractKppTest_C15050"/>
  <testcase time="22.198" classname="com.YouMagicPro.LKA_tests.ContractKppOneNumberInTextFieldTest" name="contractKppTest_C15048"/>
  <testcase time="22.879" classname="com.YouMagicPro.LKA_tests.ContractKppSymbolsTest" name="contractKppTest_C15051"/>
  <testcase time="20.603" classname="com.YouMagicPro.LKA_tests.ContractOgrn6NumbersInTextFieldTest" name="contractOgrn6NumbersInTextFieldTest_C15055"/>
  <testcase time="21.468" classname="com.YouMagicPro.LKA_tests.ContractOgrnLettersAndNumbersInTextFieldTest" name="contractOgrnLettersAndNumbersInTextFieldTest_C15057"/>
  <testcase time="22.813" classname="com.YouMagicPro.LKA_tests.ContractOgrnLettersInTextFieldTest" name="contractOgrnLettersInTextFieldTest_C15056"/>
  <testcase time="23.43" classname="com.YouMagicPro.LKA_tests.ContractOgrnOneNumberInTextFieldTest" name="contractOgrnOneNumberInTextFieldTest_C15053"/>
  <testcase time="22.239" classname="com.YouMagicPro.LKA_tests.ContractOgrnSymbolsTest" name="contractFillBankAccountTest"/>
  <testcase time="21.775" classname="com.YouMagicPro.LKA_tests.DetalizationPageTest" name="detalizationPageTest"/>
  <testcase time="125.915" classname="com.YouMagicPro.LKA_tests.DiscSpaceTest" name="expenseStructureTest">
    <failure message="Timed out after 120 seconds waiting for element to be clickable: By.selector: a.bPopup__eClose.instructions-close
Build info: version: &apos;2.26.0&apos;, revision: &apos;18040&apos;, time: &apos;2012-11-02 09:44:45&apos;
System info: os.name: &apos;Windows 7&apos;, os.arch: &apos;amd64&apos;, os.version: &apos;6.1&apos;, java.version: &apos;1.7.0_05&apos;
Driver info: driver.version: unknown" type="org.openqa.selenium.TimeoutException">org.openqa.selenium.TimeoutException: Timed out after 120 seconds waiting for element to be clickable: By.selector: a.bPopup__eClose.instructions-close
Build info: version: &apos;2.26.0&apos;, revision: &apos;18040&apos;, time: &apos;2012-11-02 09:44:45&apos;
System info: os.name: &apos;Windows 7&apos;, os.arch: &apos;amd64&apos;, os.version: &apos;6.1&apos;, java.version: &apos;1.7.0_05&apos;
Driver info: driver.version: unknown
	at org.openqa.selenium.support.ui.FluentWait.timeoutException(FluentWait.java:255)
	at org.openqa.selenium.support.ui.FluentWait.until(FluentWait.java:224)
	at com.YouMagicPro.LKA_tests.TestBase.waitAdminPageToLoad(TestBase.java:109)
	at com.YouMagicPro.LKA_tests.DiscSpaceTest.expenseStructureTest(DiscSpaceTest.java:11)
Caused by: org.openqa.selenium.NoSuchElementException: The element could not be found (WARNING: The server did not provide any stacktrace information)
Command duration or timeout: 15 milliseconds
For documentation on this error, please visit: http://seleniumhq.org/exceptions/no_such_element.html
Build info: version: &apos;2.26.0&apos;, revision: &apos;18040&apos;, time: &apos;2012-11-02 09:44:45&apos;
System info: os.name: &apos;Windows 7&apos;, os.arch: &apos;amd64&apos;, os.version: &apos;6.1&apos;, java.version: &apos;1.7.0_05&apos;
Driver info: driver.version: RemoteWebDriver
Session ID: 2f92d37ec3a68dfc394009f530701f6f
	at sun.reflect.GeneratedConstructorAccessor13.newInstance(Unknown Source)
	at sun.reflect.DelegatingConstructorAccessorImpl.newInstance(DelegatingConstructorAccessorImpl.java:45)
	at java.lang.reflect.Constructor.newInstance(Constructor.java:525)
	at org.openqa.selenium.remote.ErrorHandler.createThrowable(ErrorHandler.java:188)
	at org.openqa.selenium.remote.ErrorHandler.throwIfResponseFailed(ErrorHandler.java:145)
	at org.openqa.selenium.remote.RemoteWebDriver.execute(RemoteWebDriver.java:531)
	at org.openqa.selenium.remote.RemoteWebDriver.findElement(RemoteWebDriver.java:301)
	at org.openqa.selenium.remote.RemoteWebDriver.findElementByCssSelector(RemoteWebDriver.java:378)
	at org.openqa.selenium.By$ByCssSelector.findElement(By.java:405)
	at org.openqa.selenium.remote.RemoteWebDriver.findElement(RemoteWebDriver.java:293)
	at org.openqa.selenium.support.ui.ExpectedConditions.findElement(ExpectedConditions.java:427)
	at org.openqa.selenium.support.ui.ExpectedConditions.access$000(ExpectedConditions.java:39)
	at org.openqa.selenium.support.ui.ExpectedConditions$4.apply(ExpectedConditions.java:126)
	at org.openqa.selenium.support.ui.ExpectedConditions$4.apply(ExpectedConditions.java:123)
	at org.openqa.selenium.support.ui.ExpectedConditions$11.apply(ExpectedConditions.java:310)
	at org.openqa.selenium.support.ui.ExpectedConditions$11.apply(ExpectedConditions.java:304)
	at org.openqa.selenium.support.ui.FluentWait.until(FluentWait.java:204)
	... 35 more
</failure>
  </testcase>
  <testcase time="22.34" classname="com.YouMagicPro.LKA_tests.EmployeesAddEmployeeTest" name="employeesEditProfileTest_C15253"/>
  <testcase time="15.294" classname="com.YouMagicPro.LKA_tests.EmployeesCheckInfoTest" name="employeesCheckInfoTest_C15252"/>
  <testcase time="21.401" classname="com.YouMagicPro.LKA_tests.EmployeesEditProfile2SymbolsInTextFieldTest" name="employeesEditProfileTest_C15253"/>
  <testcase time="19.501" classname="com.YouMagicPro.LKA_tests.EmployeesEditProfile3SymbolsInTextFieldTest" name="employeesEditProfile3SymbolsInTextFieldTest_C15256"/>
  <testcase time="20.426" classname="com.YouMagicPro.LKA_tests.EmployeesEditProfileFillInDataTest" name="employeesEditProfileTest_C15253"/>
  <testcase time="17.431" classname="com.YouMagicPro.LKA_tests.EmployeesEditProfileTest" name="employeesEditProfileTest_C15253"/>
  <testcase time="8.751" classname="com.YouMagicPro.LKA_tests.ExpenseStructureAdditionalNumbersFeeTest" name="expenseStructureAdditionalNumbersFeeTest_C15096"/>
  <testcase time="10.386" classname="com.YouMagicPro.LKA_tests.ExpenseStructureChooseAdditionalNumbersTest" name="expenseStructureChooseAdditionalNumbersTest_C15100"/>
  <testcase time="17.183" classname="com.YouMagicPro.LKA_tests.ExpenseStructureChooseIntNumbersPageTest" name="expenseStructureChooseIntNumbersPageTest_C15102"/>
  <testcase time="9.323" classname="com.YouMagicPro.LKA_tests.ExpenseStructureInternalNumbersFeeTest" name="expenseStructureInternalNumbersFeeTest_C15101"/>
  <testcase time="8.901" classname="com.YouMagicPro.LKA_tests.ExpenseStructureRentalFeeTest" name="expenseStructureRentalFeeTest_C15096"/>
  <testcase time="27.383" classname="com.YouMagicPro.LKA_tests.FaxPageTest" name="faxPageTest"/>
  <testcase time="21.068" classname="com.YouMagicPro.LKA_tests.FeedbackPageTest" name="feedbackPageTest"/>
  <testcase time="22.066" classname="com.YouMagicPro.LKA_tests.FilesFreeSpacePageTest" name="filesFreeSpaceTest"/>
  <testcase time="30.052" classname="com.YouMagicPro.LKA_tests.NotificationsCheckFieldsTest" name="orderByEmailCancelButtonTest_C15141"/>
  <testcase time="17.822" classname="com.YouMagicPro.LKA_tests.OrderByEmailCancelButtonTest" name="orderByEmailCancelButtonTest_C15141"/>
  <testcase time="16.389" classname="com.YouMagicPro.LKA_tests.OrderByEmailChangeEmailTest" name="orderByEmailChangeEmailTest_C25653"/>
  <testcase time="16.693" classname="com.YouMagicPro.LKA_tests.OrderByEmailChangeNameTest" name="orderByEmailChangeNameTest_C25671"/>
  <testcase time="18.825" classname="com.YouMagicPro.LKA_tests.OrderByEmailOrderWithoutDocTypeCheckedTest" name="orderByEmailOrderWithoutDocTypeCheckedTest_C25656"/>
  <testcase time="19.791" classname="com.YouMagicPro.LKA_tests.OrderByPickUpCancelButtonTest" name="orderByPickUpCancelButtonTest_C25664"/>
  <testcase time="20.869" classname="com.YouMagicPro.LKA_tests.OrderByPickUpChangeNameTest" name="orderByPickUpChangeNameTest_C25668"/>
  <testcase time="5.337" classname="com.YouMagicPro.LKA_tests.OrderByPickUpChangePhoneTest" name="OrderByPickUpChangePhoneTest_C25666">
    <failure message="Element is not clickable at point (0, 0) (WARNING: The server did not provide any stacktrace information)
Command duration or timeout: 33 milliseconds
Build info: version: &apos;2.26.0&apos;, revision: &apos;18040&apos;, time: &apos;2012-11-02 09:44:45&apos;
System info: os.name: &apos;Windows 7&apos;, os.arch: &apos;amd64&apos;, os.version: &apos;6.1&apos;, java.version: &apos;1.7.0_05&apos;
Driver info: driver.version: RemoteWebDriver
Session ID: 72f0d768e30d94f0c2a1539f3930085a" type="org.openqa.selenium.WebDriverException">org.openqa.selenium.WebDriverException: Element is not clickable at point (0, 0) (WARNING: The server did not provide any stacktrace information)
Command duration or timeout: 33 milliseconds
Build info: version: &apos;2.26.0&apos;, revision: &apos;18040&apos;, time: &apos;2012-11-02 09:44:45&apos;
System info: os.name: &apos;Windows 7&apos;, os.arch: &apos;amd64&apos;, os.version: &apos;6.1&apos;, java.version: &apos;1.7.0_05&apos;
Driver info: driver.version: RemoteWebDriver
Session ID: 72f0d768e30d94f0c2a1539f3930085a
	at sun.reflect.NativeConstructorAccessorImpl.newInstance0(Native Method)
	at sun.reflect.NativeConstructorAccessorImpl.newInstance(NativeConstructorAccessorImpl.java:57)
	at sun.reflect.DelegatingConstructorAccessorImpl.newInstance(DelegatingConstructorAccessorImpl.java:45)
	at java.lang.reflect.Constructor.newInstance(Constructor.java:525)
	at org.openqa.selenium.remote.ErrorHandler.createThrowable(ErrorHandler.java:188)
	at org.openqa.selenium.remote.ErrorHandler.throwIfResponseFailed(ErrorHandler.java:145)
	at org.openqa.selenium.remote.RemoteWebDriver.execute(RemoteWebDriver.java:531)
	at org.openqa.selenium.remote.RemoteWebElement.execute(RemoteWebElement.java:246)
	at org.openqa.selenium.remote.RemoteWebElement.click(RemoteWebElement.java:79)
	at com.YouMagicPro.LKA_tests.TestBase.waitAdminPageToLoadSecondAccount(TestBase.java:120)
	at com.YouMagicPro.LKA_tests.OrderByPickUpChangePhoneTest.OrderByPickUpChangePhoneTest_C25666(OrderByPickUpChangePhoneTest.java:11)
</failure>
  </testcase>
  <testcase time="19.738" classname="com.YouMagicPro.LKA_tests.OrderByPickUpOrderWithoutDocTypeCheckedTest" name="orderByPickUpOrderWithoutDocTypeCheckedTest_C25663"/>
  <testcase time="20.64" classname="com.YouMagicPro.LKA_tests.OrderDeliveryOfContractCancelButtonTest" name="orderDeliveryOfContractCancelButtonTest"/>
  <testcase time="17.761" classname="com.YouMagicPro.LKA_tests.OrderDeliveryOfContractDropdownListTest" name="expenseStructureTest"/>
  <testcase time="16.99" classname="com.YouMagicPro.LKA_tests.OrderToAdressCancelButtonClickTest" name="orderToAdressCancelButtonClickTest_C25675"/>
  <testcase time="16.785" classname="com.YouMagicPro.LKA_tests.OrderToAdressChangeNameTest" name="orderToAdressChangeNameTest_C25672"/>
  <testcase time="16.628" classname="com.YouMagicPro.LKA_tests.OrderToAdressChangePhoneTest" name="orderToAdressChangePhoneTest_C25677"/>
  <testcase time="21.065" classname="com.YouMagicPro.LKA_tests.OrderToAdressNoTextFieldFilledTest" name="OrderToAdressNoTextFieldFilledTest_C25679"/>
  <testcase time="22.537" classname="com.YouMagicPro.LKA_tests.PaymentsPageTest" name="soundFilesTest"/>
  <testcase time="22.531" classname="com.YouMagicPro.LKA_tests.SoundFilesPageTest" name="soundFilesTest"/>
  <testcase time="11.292" classname="com.YouMagicPro.LKA_tests.SupportPhoneTest" name="SupportPhoneTest_C25679"/>
</testsuite>