<?xml version="1.0" encoding="UTF-8" ?>
<testsuite failures="61" time="1,831.982" errors="0" skipped="0" tests="97" name="TestSuite">
  <properties>
    <property name="java.runtime.name" value="Java(TM) SE Runtime Environment"/>
    <property name="sun.boot.library.path" value="C:\Program Files\Java\jdk1.7.0_09\jre\bin"/>
    <property name="java.vm.version" value="23.5-b02"/>
    <property name="java.vm.vendor" value="Oracle Corporation"/>
    <property name="java.vendor.url" value="http://java.oracle.com/"/>
    <property name="path.separator" value=";"/>
    <property name="java.vm.name" value="Java HotSpot(TM) 64-Bit Server VM"/>
    <property name="file.encoding.pkg" value="sun.io"/>
    <property name="user.script" value=""/>
    <property name="user.country" value="RU"/>
    <property name="sun.java.launcher" value="SUN_STANDARD"/>
    <property name="sun.os.patch.level" value="Service Pack 1"/>
    <property name="java.vm.specification.name" value="Java Virtual Machine Specification"/>
    <property name="user.dir" value="C:\workspace\YouMagicPro.com\3YouMagicPro.com"/>
    <property name="java.runtime.version" value="1.7.0_09-b05"/>
    <property name="java.awt.graphicsenv" value="sun.awt.Win32GraphicsEnvironment"/>
    <property name="basedir" value="C:\workspace\YouMagicPro.com\3YouMagicPro.com"/>
    <property name="java.endorsed.dirs" value="C:\Program Files\Java\jdk1.7.0_09\jre\lib\endorsed"/>
    <property name="os.arch" value="amd64"/>
    <property name="surefire.real.class.path" value="C:\workspace\YouMagicPro.com\3YouMagicPro.com\target\surefire\surefirebooter5760761140660521048.jar"/>
    <property name="java.io.tmpdir" value="C:\Windows\TEMP\"/>
    <property name="line.separator" value="
"/>
    <property name="java.vm.specification.vendor" value="Oracle Corporation"/>
    <property name="user.variant" value=""/>
    <property name="os.name" value="Windows 7"/>
    <property name="sun.jnu.encoding" value="Cp1251"/>
    <property name="java.library.path" value="C:\Program Files\Java\jdk1.7.0_09\jre\bin;C:\Windows\Sun\Java\bin;C:\Windows\system32;C:\Windows;C:\Program Files\apache-maven-3.0.4/bin;C:\Program Files\Java\jdk1.7.0_09/bin;C:\Program Files\Java\jdk1.7.0_09/bin;C:\Windows\system32;C:\Windows;C:\Windows\System32\Wbem;C:\Windows\System32\WindowsPowerShell\v1.0\;;."/>
    <property name="surefire.test.class.path" value="C:\workspace\YouMagicPro.com\3YouMagicPro.com\target\test-classes;C:\workspace\YouMagicPro.com\3YouMagicPro.com\target\classes;C:\.m2\repository\org\testng\testng\6.8\testng-6.8.jar;C:\.m2\repository\junit\junit\4.10\junit-4.10.jar;C:\.m2\repository\org\hamcrest\hamcrest-core\1.1\hamcrest-core-1.1.jar;C:\.m2\repository\org\beanshell\bsh\2.0b4\bsh-2.0b4.jar;C:\.m2\repository\com\beust\jcommander\1.27\jcommander-1.27.jar;C:\.m2\repository\org\yaml\snakeyaml\1.6\snakeyaml-1.6.jar;C:\.m2\repository\org\seleniumhq\selenium\selenium-java\2.26.0\selenium-java-2.26.0.jar;C:\.m2\repository\org\seleniumhq\selenium\selenium-android-driver\2.26.0\selenium-android-driver-2.26.0.jar;C:\.m2\repository\org\seleniumhq\selenium\selenium-remote-driver\2.26.0\selenium-remote-driver-2.26.0.jar;C:\.m2\repository\cglib\cglib-nodep\2.1_3\cglib-nodep-2.1_3.jar;C:\.m2\repository\org\json\json\20080701\json-20080701.jar;C:\.m2\repository\com\google\guava\guava\13.0.1\guava-13.0.1.jar;C:\.m2\repository\org\seleniumhq\selenium\selenium-chrome-driver\2.26.0\selenium-chrome-driver-2.26.0.jar;C:\.m2\repository\org\seleniumhq\selenium\selenium-htmlunit-driver\2.26.0\selenium-htmlunit-driver-2.26.0.jar;C:\.m2\repository\org\seleniumhq\selenium\selenium-api\2.26.0\selenium-api-2.26.0.jar;C:\.m2\repository\net\sourceforge\htmlunit\htmlunit\2.10\htmlunit-2.10.jar;C:\.m2\repository\xalan\xalan\2.7.1\xalan-2.7.1.jar;C:\.m2\repository\xalan\serializer\2.7.1\serializer-2.7.1.jar;C:\.m2\repository\commons-collections\commons-collections\3.2.1\commons-collections-3.2.1.jar;C:\.m2\repository\org\apache\httpcomponents\httpmime\4.2.1\httpmime-4.2.1.jar;C:\.m2\repository\net\sourceforge\htmlunit\htmlunit-core-js\2.10\htmlunit-core-js-2.10.jar;C:\.m2\repository\xerces\xercesImpl\2.9.1\xercesImpl-2.9.1.jar;C:\.m2\repository\xml-apis\xml-apis\1.3.04\xml-apis-1.3.04.jar;C:\.m2\repository\net\sourceforge\nekohtml\nekohtml\1.9.16\nekohtml-1.9.16.jar;C:\.m2\repository\net\sourceforge\cssparser\cssparser\0.9.7\cssparser-0.9.7.jar;C:\.m2\repository\org\w3c\css\sac\1.3\sac-1.3.jar;C:\.m2\repository\org\apache\httpcomponents\httpclient\4.2.1\httpclient-4.2.1.jar;C:\.m2\repository\org\apache\httpcomponents\httpcore\4.2.1\httpcore-4.2.1.jar;C:\.m2\repository\org\seleniumhq\selenium\selenium-firefox-driver\2.26.0\selenium-firefox-driver-2.26.0.jar;C:\.m2\repository\commons-io\commons-io\2.2\commons-io-2.2.jar;C:\.m2\repository\org\apache\commons\commons-exec\1.1\commons-exec-1.1.jar;C:\.m2\repository\org\seleniumhq\selenium\selenium-ie-driver\2.26.0\selenium-ie-driver-2.26.0.jar;C:\.m2\repository\net\java\dev\jna\jna\3.4.0\jna-3.4.0.jar;C:\.m2\repository\net\java\dev\jna\platform\3.4.0\platform-3.4.0.jar;C:\.m2\repository\org\seleniumhq\selenium\selenium-iphone-driver\2.26.0\selenium-iphone-driver-2.26.0.jar;C:\.m2\repository\org\seleniumhq\selenium\selenium-safari-driver\2.26.0\selenium-safari-driver-2.26.0.jar;C:\.m2\repository\org\seleniumhq\selenium\selenium-support\2.26.0\selenium-support-2.26.0.jar;C:\.m2\repository\org\webbitserver\webbit\0.4.14\webbit-0.4.14.jar;C:\.m2\repository\io\netty\netty\3.5.2.Final\netty-3.5.2.Final.jar;C:\.m2\repository\org\apache\maven\plugins\maven-surefire-plugin\2.12.4\maven-surefire-plugin-2.12.4.jar;C:\.m2\repository\org\apache\maven\maven-plugin-api\2.0.9\maven-plugin-api-2.0.9.jar;C:\.m2\repository\org\apache\maven\surefire\surefire-booter\2.12.4\surefire-booter-2.12.4.jar;C:\.m2\repository\org\apache\maven\surefire\surefire-api\2.12.4\surefire-api-2.12.4.jar;C:\.m2\repository\org\apache\maven\surefire\maven-surefire-common\2.12.4\maven-surefire-common-2.12.4.jar;C:\.m2\repository\org\apache\commons\commons-lang3\3.1\commons-lang3-3.1.jar;C:\.m2\repository\org\apache\maven\shared\maven-common-artifact-filters\1.3\maven-common-artifact-filters-1.3.jar;C:\.m2\repository\org\codehaus\plexus\plexus-utils\3.0.8\plexus-utils-3.0.8.jar;C:\.m2\repository\org\apache\maven\maven-artifact\2.0.9\maven-artifact-2.0.9.jar;C:\.m2\repository\org\apache\maven\maven-project\2.0.9\maven-project-2.0.9.jar;C:\.m2\repository\org\apache\maven\maven-settings\2.0.9\maven-settings-2.0.9.jar;C:\.m2\repository\org\apache\maven\maven-profile\2.0.9\maven-profile-2.0.9.jar;C:\.m2\repository\org\apache\maven\maven-model\2.0.9\maven-model-2.0.9.jar;C:\.m2\repository\org\apache\maven\maven-artifact-manager\2.0.9\maven-artifact-manager-2.0.9.jar;C:\.m2\repository\org\apache\maven\maven-plugin-registry\2.0.9\maven-plugin-registry-2.0.9.jar;C:\.m2\repository\org\codehaus\plexus\plexus-container-default\1.0-alpha-9-stable-1\plexus-container-default-1.0-alpha-9-stable-1.jar;C:\.m2\repository\org\apache\maven\maven-core\2.0.9\maven-core-2.0.9.jar;C:\.m2\repository\org\apache\maven\maven-plugin-parameter-documenter\2.0.9\maven-plugin-parameter-documenter-2.0.9.jar;C:\.m2\repository\org\apache\maven\reporting\maven-reporting-api\2.0.9\maven-reporting-api-2.0.9.jar;C:\.m2\repository\org\apache\maven\wagon\wagon-provider-api\1.0-beta-2\wagon-provider-api-1.0-beta-2.jar;C:\.m2\repository\org\apache\maven\maven-repository-metadata\2.0.9\maven-repository-metadata-2.0.9.jar;C:\.m2\repository\org\apache\maven\maven-error-diagnostics\2.0.9\maven-error-diagnostics-2.0.9.jar;C:\.m2\repository\org\apache\maven\maven-plugin-descriptor\2.0.9\maven-plugin-descriptor-2.0.9.jar;C:\.m2\repository\org\apache\maven\maven-monitor\2.0.9\maven-monitor-2.0.9.jar;C:\.m2\repository\classworlds\classworlds\1.1\classworlds-1.1.jar;C:\.m2\repository\org\apache\maven\maven-toolchain\2.0.9\maven-toolchain-2.0.9.jar;C:\.m2\repository\org\apache\maven\plugin-tools\maven-plugin-annotations\3.1\maven-plugin-annotations-3.1.jar;C:\.m2\repository\org\openqa\selenium\server\selenium-server\1.0-20081010.060147\selenium-server-1.0-20081010.060147.jar;C:\.m2\repository\org\openqa\selenium\server\selenium-server-coreless\1.0-20081010.060147\selenium-server-coreless-1.0-20081010.060147.jar;C:\.m2\repository\ant\ant\1.6.5\ant-1.6.5.jar;C:\.m2\repository\jetty\org.mortbay.jetty\5.1.10\org.mortbay.jetty-5.1.10.jar;C:\.m2\repository\commons-logging\commons-logging\1.0.4\commons-logging-1.0.4.jar;C:\.m2\repository\commons-codec\commons-codec\1.3\commons-codec-1.3.jar;C:\.m2\repository\javax\servlet\servlet-api\2.4\servlet-api-2.4.jar;C:\.m2\repository\bouncycastle\bcprov-jdk15\135\bcprov-jdk15-135.jar;C:\.m2\repository\org\openqa\selenium\core\selenium-core\1.0-20080914.225453\selenium-core-1.0-20080914.225453.jar;C:\.m2\repository\org\apache\maven\surefire\surefire-testng-utils\2.8.1\surefire-testng-utils-2.8.1.jar;"/>
    <property name="java.specification.name" value="Java Platform API Specification"/>
    <property name="java.class.version" value="51.0"/>
    <property name="sun.management.compiler" value="HotSpot 64-Bit Tiered Compilers"/>
    <property name="os.version" value="6.1"/>
    <property name="user.home" value="C:\"/>
    <property name="user.timezone" value="Europe/Moscow"/>
    <property name="java.awt.printerjob" value="sun.awt.windows.WPrinterJob"/>
    <property name="java.specification.version" value="1.7"/>
    <property name="file.encoding" value="Cp1251"/>
    <property name="user.name" value="RND_CI_WINDOWS$"/>
    <property name="java.class.path" value="C:\workspace\YouMagicPro.com\3YouMagicPro.com\target\test-classes;C:\workspace\YouMagicPro.com\3YouMagicPro.com\target\classes;C:\.m2\repository\org\testng\testng\6.8\testng-6.8.jar;C:\.m2\repository\junit\junit\4.10\junit-4.10.jar;C:\.m2\repository\org\hamcrest\hamcrest-core\1.1\hamcrest-core-1.1.jar;C:\.m2\repository\org\beanshell\bsh\2.0b4\bsh-2.0b4.jar;C:\.m2\repository\com\beust\jcommander\1.27\jcommander-1.27.jar;C:\.m2\repository\org\yaml\snakeyaml\1.6\snakeyaml-1.6.jar;C:\.m2\repository\org\seleniumhq\selenium\selenium-java\2.26.0\selenium-java-2.26.0.jar;C:\.m2\repository\org\seleniumhq\selenium\selenium-android-driver\2.26.0\selenium-android-driver-2.26.0.jar;C:\.m2\repository\org\seleniumhq\selenium\selenium-remote-driver\2.26.0\selenium-remote-driver-2.26.0.jar;C:\.m2\repository\cglib\cglib-nodep\2.1_3\cglib-nodep-2.1_3.jar;C:\.m2\repository\org\json\json\20080701\json-20080701.jar;C:\.m2\repository\com\google\guava\guava\13.0.1\guava-13.0.1.jar;C:\.m2\repository\org\seleniumhq\selenium\selenium-chrome-driver\2.26.0\selenium-chrome-driver-2.26.0.jar;C:\.m2\repository\org\seleniumhq\selenium\selenium-htmlunit-driver\2.26.0\selenium-htmlunit-driver-2.26.0.jar;C:\.m2\repository\org\seleniumhq\selenium\selenium-api\2.26.0\selenium-api-2.26.0.jar;C:\.m2\repository\net\sourceforge\htmlunit\htmlunit\2.10\htmlunit-2.10.jar;C:\.m2\repository\xalan\xalan\2.7.1\xalan-2.7.1.jar;C:\.m2\repository\xalan\serializer\2.7.1\serializer-2.7.1.jar;C:\.m2\repository\commons-collections\commons-collections\3.2.1\commons-collections-3.2.1.jar;C:\.m2\repository\org\apache\httpcomponents\httpmime\4.2.1\httpmime-4.2.1.jar;C:\.m2\repository\net\sourceforge\htmlunit\htmlunit-core-js\2.10\htmlunit-core-js-2.10.jar;C:\.m2\repository\xerces\xercesImpl\2.9.1\xercesImpl-2.9.1.jar;C:\.m2\repository\xml-apis\xml-apis\1.3.04\xml-apis-1.3.04.jar;C:\.m2\repository\net\sourceforge\nekohtml\nekohtml\1.9.16\nekohtml-1.9.16.jar;C:\.m2\repository\net\sourceforge\cssparser\cssparser\0.9.7\cssparser-0.9.7.jar;C:\.m2\repository\org\w3c\css\sac\1.3\sac-1.3.jar;C:\.m2\repository\org\apache\httpcomponents\httpclient\4.2.1\httpclient-4.2.1.jar;C:\.m2\repository\org\apache\httpcomponents\httpcore\4.2.1\httpcore-4.2.1.jar;C:\.m2\repository\org\seleniumhq\selenium\selenium-firefox-driver\2.26.0\selenium-firefox-driver-2.26.0.jar;C:\.m2\repository\commons-io\commons-io\2.2\commons-io-2.2.jar;C:\.m2\repository\org\apache\commons\commons-exec\1.1\commons-exec-1.1.jar;C:\.m2\repository\org\seleniumhq\selenium\selenium-ie-driver\2.26.0\selenium-ie-driver-2.26.0.jar;C:\.m2\repository\net\java\dev\jna\jna\3.4.0\jna-3.4.0.jar;C:\.m2\repository\net\java\dev\jna\platform\3.4.0\platform-3.4.0.jar;C:\.m2\repository\org\seleniumhq\selenium\selenium-iphone-driver\2.26.0\selenium-iphone-driver-2.26.0.jar;C:\.m2\repository\org\seleniumhq\selenium\selenium-safari-driver\2.26.0\selenium-safari-driver-2.26.0.jar;C:\.m2\repository\org\seleniumhq\selenium\selenium-support\2.26.0\selenium-support-2.26.0.jar;C:\.m2\repository\org\webbitserver\webbit\0.4.14\webbit-0.4.14.jar;C:\.m2\repository\io\netty\netty\3.5.2.Final\netty-3.5.2.Final.jar;C:\.m2\repository\org\apache\maven\plugins\maven-surefire-plugin\2.12.4\maven-surefire-plugin-2.12.4.jar;C:\.m2\repository\org\apache\maven\maven-plugin-api\2.0.9\maven-plugin-api-2.0.9.jar;C:\.m2\repository\org\apache\maven\surefire\surefire-booter\2.12.4\surefire-booter-2.12.4.jar;C:\.m2\repository\org\apache\maven\surefire\surefire-api\2.12.4\surefire-api-2.12.4.jar;C:\.m2\repository\org\apache\maven\surefire\maven-surefire-common\2.12.4\maven-surefire-common-2.12.4.jar;C:\.m2\repository\org\apache\commons\commons-lang3\3.1\commons-lang3-3.1.jar;C:\.m2\repository\org\apache\maven\shared\maven-common-artifact-filters\1.3\maven-common-artifact-filters-1.3.jar;C:\.m2\repository\org\codehaus\plexus\plexus-utils\3.0.8\plexus-utils-3.0.8.jar;C:\.m2\repository\org\apache\maven\maven-artifact\2.0.9\maven-artifact-2.0.9.jar;C:\.m2\repository\org\apache\maven\maven-project\2.0.9\maven-project-2.0.9.jar;C:\.m2\repository\org\apache\maven\maven-settings\2.0.9\maven-settings-2.0.9.jar;C:\.m2\repository\org\apache\maven\maven-profile\2.0.9\maven-profile-2.0.9.jar;C:\.m2\repository\org\apache\maven\maven-model\2.0.9\maven-model-2.0.9.jar;C:\.m2\repository\org\apache\maven\maven-artifact-manager\2.0.9\maven-artifact-manager-2.0.9.jar;C:\.m2\repository\org\apache\maven\maven-plugin-registry\2.0.9\maven-plugin-registry-2.0.9.jar;C:\.m2\repository\org\codehaus\plexus\plexus-container-default\1.0-alpha-9-stable-1\plexus-container-default-1.0-alpha-9-stable-1.jar;C:\.m2\repository\org\apache\maven\maven-core\2.0.9\maven-core-2.0.9.jar;C:\.m2\repository\org\apache\maven\maven-plugin-parameter-documenter\2.0.9\maven-plugin-parameter-documenter-2.0.9.jar;C:\.m2\repository\org\apache\maven\reporting\maven-reporting-api\2.0.9\maven-reporting-api-2.0.9.jar;C:\.m2\repository\org\apache\maven\wagon\wagon-provider-api\1.0-beta-2\wagon-provider-api-1.0-beta-2.jar;C:\.m2\repository\org\apache\maven\maven-repository-metadata\2.0.9\maven-repository-metadata-2.0.9.jar;C:\.m2\repository\org\apache\maven\maven-error-diagnostics\2.0.9\maven-error-diagnostics-2.0.9.jar;C:\.m2\repository\org\apache\maven\maven-plugin-descriptor\2.0.9\maven-plugin-descriptor-2.0.9.jar;C:\.m2\repository\org\apache\maven\maven-monitor\2.0.9\maven-monitor-2.0.9.jar;C:\.m2\repository\classworlds\classworlds\1.1\classworlds-1.1.jar;C:\.m2\repository\org\apache\maven\maven-toolchain\2.0.9\maven-toolchain-2.0.9.jar;C:\.m2\repository\org\apache\maven\plugin-tools\maven-plugin-annotations\3.1\maven-plugin-annotations-3.1.jar;C:\.m2\repository\org\openqa\selenium\server\selenium-server\1.0-20081010.060147\selenium-server-1.0-20081010.060147.jar;C:\.m2\repository\org\openqa\selenium\server\selenium-server-coreless\1.0-20081010.060147\selenium-server-coreless-1.0-20081010.060147.jar;C:\.m2\repository\ant\ant\1.6.5\ant-1.6.5.jar;C:\.m2\repository\jetty\org.mortbay.jetty\5.1.10\org.mortbay.jetty-5.1.10.jar;C:\.m2\repository\commons-logging\commons-logging\1.0.4\commons-logging-1.0.4.jar;C:\.m2\repository\commons-codec\commons-codec\1.3\commons-codec-1.3.jar;C:\.m2\repository\javax\servlet\servlet-api\2.4\servlet-api-2.4.jar;C:\.m2\repository\bouncycastle\bcprov-jdk15\135\bcprov-jdk15-135.jar;C:\.m2\repository\org\openqa\selenium\core\selenium-core\1.0-20080914.225453\selenium-core-1.0-20080914.225453.jar;C:\.m2\repository\org\apache\maven\surefire\surefire-testng-utils\2.8.1\surefire-testng-utils-2.8.1.jar;"/>
    <property name="java.vm.specification.version" value="1.7"/>
    <property name="sun.arch.data.model" value="64"/>
    <property name="java.home" value="C:\Program Files\Java\jdk1.7.0_09\jre"/>
    <property name="sun.java.command" value="C:\workspace\YouMagicPro.com\3YouMagicPro.com\target\surefire\surefirebooter5760761140660521048.jar C:\workspace\YouMagicPro.com\3YouMagicPro.com\target\surefire\surefire3695849122923987879tmp C:\workspace\YouMagicPro.com\3YouMagicPro.com\target\surefire\surefire8723371815979067939tmp"/>
    <property name="java.specification.vendor" value="Oracle Corporation"/>
    <property name="user.language" value="ru"/>
    <property name="awt.toolkit" value="sun.awt.windows.WToolkit"/>
    <property name="java.vm.info" value="mixed mode"/>
    <property name="java.version" value="1.7.0_09"/>
    <property name="java.ext.dirs" value="C:\Program Files\Java\jdk1.7.0_09\jre\lib\ext;C:\Windows\Sun\Java\lib\ext"/>
    <property name="sun.boot.class.path" value="C:\Program Files\Java\jdk1.7.0_09\jre\lib\resources.jar;C:\Program Files\Java\jdk1.7.0_09\jre\lib\rt.jar;C:\Program Files\Java\jdk1.7.0_09\jre\lib\sunrsasign.jar;C:\Program Files\Java\jdk1.7.0_09\jre\lib\jsse.jar;C:\Program Files\Java\jdk1.7.0_09\jre\lib\jce.jar;C:\Program Files\Java\jdk1.7.0_09\jre\lib\charsets.jar;C:\Program Files\Java\jdk1.7.0_09\jre\lib\jfr.jar;C:\Program Files\Java\jdk1.7.0_09\jre\classes"/>
    <property name="webdriver.chrome.driver" value="C:\workspace\chromedriver.exe"/>
    <property name="java.vendor" value="Oracle Corporation"/>
    <property name="localRepository" value="C:\.m2\repository"/>
    <property name="file.separator" value="\"/>
    <property name="java.vendor.url.bug" value="http://bugreport.sun.com/bugreport/"/>
    <property name="sun.cpu.endian" value="little"/>
    <property name="sun.io.unicode.encoding" value="UnicodeLittle"/>
    <property name="sun.desktop" value="windows"/>
    <property name="sun.cpu.isalist" value="amd64"/>
  </properties>
  <testcase time="55.537" classname="com.YouMagicPro.LKA_tests.AddAndDeleteMenusTest" name="addAndDeleteMenusTest">
    <failure message="" type="java.lang.AssertionError">java.lang.AssertionError: 
	at org.testng.AssertJUnit.fail(AssertJUnit.java:59)
	at org.testng.AssertJUnit.assertTrue(AssertJUnit.java:24)
	at org.testng.AssertJUnit.assertFalse(AssertJUnit.java:41)
	at org.testng.AssertJUnit.assertFalse(AssertJUnit.java:49)
	at com.YouMagicPro.LKA_tests.AddAndDeleteMenusTest.addAndDeleteMenusTest(AddAndDeleteMenusTest.java:34)
</failure>
  </testcase>
  <testcase time="25.791" classname="com.YouMagicPro.LKA_tests.VoiceFillNAmeTextFieldTest" name="voiceFillNAmeTextFieldTest_C15293">
    <failure message="expected [М1] but found [Меню]" type="java.lang.AssertionError">java.lang.AssertionError: expected [М1] but found [Меню]
	at org.testng.Assert.fail(Assert.java:94)
	at org.testng.Assert.failNotEquals(Assert.java:494)
	at org.testng.Assert.assertEquals(Assert.java:123)
	at org.testng.Assert.assertEquals(Assert.java:165)
	at com.YouMagicPro.LKA_tests.TestBase.assertEquals(TestBase.java:51)
	at com.YouMagicPro.LKA_tests.VoiceFillNAmeTextFieldTest.voiceFillNAmeTextFieldTest_C15293(VoiceFillNAmeTextFieldTest.java:32)
</failure>
  </testcase>
  <testcase time="24.789" classname="com.YouMagicPro.LKA_tests.AddAndDeleteNoticesTest" name="addAndDeleteNoticesTest"/>
  <testcase time="23.3" classname="com.YouMagicPro.LKA_tests.VoiceMailChooseSoundTest" name="voiceMailChooseSoundTest_C15294">
    <failure message="expected [М1] but found [Меню]" type="java.lang.AssertionError">java.lang.AssertionError: expected [М1] but found [Меню]
	at org.testng.Assert.fail(Assert.java:94)
	at org.testng.Assert.failNotEquals(Assert.java:494)
	at org.testng.Assert.assertEquals(Assert.java:123)
	at org.testng.Assert.assertEquals(Assert.java:165)
	at com.YouMagicPro.LKA_tests.TestBase.assertEquals(TestBase.java:51)
	at com.YouMagicPro.LKA_tests.VoiceMailChooseSoundTest.voiceMailChooseSoundTest_C15294(VoiceMailChooseSoundTest.java:40)
</failure>
  </testcase>
  <testcase time="14.64" classname="com.YouMagicPro.LKA_tests.AgreementOPFTest" name="addAndDeleteNoticesTest"/>
  <testcase time="3.056" classname="com.YouMagicPro.LKA_tests.VoiceMailEmptyNameTextFieldTest" name="voiceMailEmptyNameTextFieldTest_C19851">
    <failure message="Script execution failed. Script: $(&apos;.gradient_back, .gradient_back_two, .div_abs_for_ifr&apos;).css({ &apos;display&apos;: &apos;block&apos;  }); var atr_adm = $(&apos;.administrator&apos;).attr(&quot;href&quot;); $(&quot;.iframe_rega&quot;).attr({src: atr_adm}).css({ display: &quot;none&quot;});$(&quot;.iframe_rega&quot;).load(function () {$(&apos;.bLoginFormWrap_kn&apos;).css({&apos;display&apos;: &apos;block&apos;});$(this).css({ visibility: &quot;visible&quot;, display:&quot;block&quot; });});;
 $ is not defined (WARNING: The server did not provide any stacktrace information)
Command duration or timeout: 19 milliseconds
Build info: version: &apos;2.26.0&apos;, revision: &apos;18040&apos;, time: &apos;2012-11-02 09:44:45&apos;
System info: os.name: &apos;Windows 7&apos;, os.arch: &apos;amd64&apos;, os.version: &apos;6.1&apos;, java.version: &apos;1.7.0_09&apos;
Driver info: driver.version: RemoteWebDriver
Session ID: 7c29993d2c57d94efc589e5f1b98b8d8" type="org.openqa.selenium.WebDriverException">org.openqa.selenium.WebDriverException: Script execution failed. Script: $(&apos;.gradient_back, .gradient_back_two, .div_abs_for_ifr&apos;).css({ &apos;display&apos;: &apos;block&apos;  }); var atr_adm = $(&apos;.administrator&apos;).attr(&quot;href&quot;); $(&quot;.iframe_rega&quot;).attr({src: atr_adm}).css({ display: &quot;none&quot;});$(&quot;.iframe_rega&quot;).load(function () {$(&apos;.bLoginFormWrap_kn&apos;).css({&apos;display&apos;: &apos;block&apos;});$(this).css({ visibility: &quot;visible&quot;, display:&quot;block&quot; });});;
 $ is not defined (WARNING: The server did not provide any stacktrace information)
Command duration or timeout: 19 milliseconds
Build info: version: &apos;2.26.0&apos;, revision: &apos;18040&apos;, time: &apos;2012-11-02 09:44:45&apos;
System info: os.name: &apos;Windows 7&apos;, os.arch: &apos;amd64&apos;, os.version: &apos;6.1&apos;, java.version: &apos;1.7.0_09&apos;
Driver info: driver.version: RemoteWebDriver
Session ID: 7c29993d2c57d94efc589e5f1b98b8d8
	at sun.reflect.NativeConstructorAccessorImpl.newInstance0(Native Method)
	at sun.reflect.NativeConstructorAccessorImpl.newInstance(NativeConstructorAccessorImpl.java:57)
	at sun.reflect.DelegatingConstructorAccessorImpl.newInstance(DelegatingConstructorAccessorImpl.java:45)
	at java.lang.reflect.Constructor.newInstance(Constructor.java:525)
	at org.openqa.selenium.remote.ErrorHandler.createThrowable(ErrorHandler.java:188)
	at org.openqa.selenium.remote.ErrorHandler.throwIfResponseFailed(ErrorHandler.java:145)
	at org.openqa.selenium.remote.RemoteWebDriver.execute(RemoteWebDriver.java:531)
	at org.openqa.selenium.remote.RemoteWebDriver.executeScript(RemoteWebDriver.java:440)
	at com.YouMagicPro.LKA_tests.TestBase.waitAdminPageToLoad(TestBase.java:150)
	at com.YouMagicPro.LKA_tests.VoiceMailEmptyNameTextFieldTest.voiceMailEmptyNameTextFieldTest_C19851(VoiceMailEmptyNameTextFieldTest.java:10)
</failure>
  </testcase>
  <testcase time="2.894" classname="com.YouMagicPro.LKA_tests.Buying804NumberCategoriesOfNumbers" name="buying804NumberCategoriesOfNumbers_C25622">
    <failure message="Script execution failed. Script: $(&apos;.gradient_back, .gradient_back_two, .div_abs_for_ifr&apos;).css({ &apos;display&apos;: &apos;block&apos;  }); var atr_adm = $(&apos;.administrator&apos;).attr(&quot;href&quot;); $(&quot;.iframe_rega&quot;).attr({src: atr_adm}).css({ display: &quot;none&quot;});$(&quot;.iframe_rega&quot;).load(function () {$(&apos;.bLoginFormWrap_kn&apos;).css({&apos;display&apos;: &apos;block&apos;});$(this).css({ visibility: &quot;visible&quot;, display:&quot;block&quot; });});;
 $ is not defined (WARNING: The server did not provide any stacktrace information)
Command duration or timeout: 17 milliseconds
Build info: version: &apos;2.26.0&apos;, revision: &apos;18040&apos;, time: &apos;2012-11-02 09:44:45&apos;
System info: os.name: &apos;Windows 7&apos;, os.arch: &apos;amd64&apos;, os.version: &apos;6.1&apos;, java.version: &apos;1.7.0_09&apos;
Driver info: driver.version: RemoteWebDriver
Session ID: de42c09f0be18393749970cd3c19d465" type="org.openqa.selenium.WebDriverException">org.openqa.selenium.WebDriverException: Script execution failed. Script: $(&apos;.gradient_back, .gradient_back_two, .div_abs_for_ifr&apos;).css({ &apos;display&apos;: &apos;block&apos;  }); var atr_adm = $(&apos;.administrator&apos;).attr(&quot;href&quot;); $(&quot;.iframe_rega&quot;).attr({src: atr_adm}).css({ display: &quot;none&quot;});$(&quot;.iframe_rega&quot;).load(function () {$(&apos;.bLoginFormWrap_kn&apos;).css({&apos;display&apos;: &apos;block&apos;});$(this).css({ visibility: &quot;visible&quot;, display:&quot;block&quot; });});;
 $ is not defined (WARNING: The server did not provide any stacktrace information)
Command duration or timeout: 17 milliseconds
Build info: version: &apos;2.26.0&apos;, revision: &apos;18040&apos;, time: &apos;2012-11-02 09:44:45&apos;
System info: os.name: &apos;Windows 7&apos;, os.arch: &apos;amd64&apos;, os.version: &apos;6.1&apos;, java.version: &apos;1.7.0_09&apos;
Driver info: driver.version: RemoteWebDriver
Session ID: de42c09f0be18393749970cd3c19d465
	at sun.reflect.NativeConstructorAccessorImpl.newInstance0(Native Method)
	at sun.reflect.NativeConstructorAccessorImpl.newInstance(NativeConstructorAccessorImpl.java:57)
	at sun.reflect.DelegatingConstructorAccessorImpl.newInstance(DelegatingConstructorAccessorImpl.java:45)
	at java.lang.reflect.Constructor.newInstance(Constructor.java:525)
	at org.openqa.selenium.remote.ErrorHandler.createThrowable(ErrorHandler.java:188)
	at org.openqa.selenium.remote.ErrorHandler.throwIfResponseFailed(ErrorHandler.java:145)
	at org.openqa.selenium.remote.RemoteWebDriver.execute(RemoteWebDriver.java:531)
	at org.openqa.selenium.remote.RemoteWebDriver.executeScript(RemoteWebDriver.java:440)
	at com.YouMagicPro.LKA_tests.TestBase.waitAdminPageToLoad(TestBase.java:150)
	at com.YouMagicPro.LKA_tests.Buying804NumberCategoriesOfNumbers.buying804NumberCategoriesOfNumbers_C25622(Buying804NumberCategoriesOfNumbers.java:11)
</failure>
  </testcase>
  <testcase time="3.265" classname="com.YouMagicPro.LKA_tests.VoiceMailPageTest" name="voiceMailTest">
    <failure message="ERROR: Element css=a.bPopup__eClose.instructions-close not found" type="com.thoughtworks.selenium.SeleniumException">com.thoughtworks.selenium.SeleniumException: ERROR: Element css=a.bPopup__eClose.instructions-close not found
	at com.thoughtworks.selenium.HttpCommandProcessor.throwAssertionFailureExceptionOrError(HttpCommandProcessor.java:112)
	at com.thoughtworks.selenium.HttpCommandProcessor.doCommand(HttpCommandProcessor.java:106)
	at com.thoughtworks.selenium.DefaultSelenium.click(DefaultSelenium.java:193)
	at com.YouMagicPro.LKA_tests.VoiceMailPageTest.voiceMailTest(VoiceMailPageTest.java:19)
</failure>
  </testcase>
  <testcase time="2.793" classname="com.YouMagicPro.LKA_tests.Buying804NumberCostOfNumberTest" name="buying804NumberCostOfNumberTest_C25623">
    <failure message="Script execution failed. Script: $(&apos;.gradient_back, .gradient_back_two, .div_abs_for_ifr&apos;).css({ &apos;display&apos;: &apos;block&apos;  }); var atr_adm = $(&apos;.administrator&apos;).attr(&quot;href&quot;); $(&quot;.iframe_rega&quot;).attr({src: atr_adm}).css({ display: &quot;none&quot;});$(&quot;.iframe_rega&quot;).load(function () {$(&apos;.bLoginFormWrap_kn&apos;).css({&apos;display&apos;: &apos;block&apos;});$(this).css({ visibility: &quot;visible&quot;, display:&quot;block&quot; });});;
 $ is not defined (WARNING: The server did not provide any stacktrace information)
Command duration or timeout: 17 milliseconds
Build info: version: &apos;2.26.0&apos;, revision: &apos;18040&apos;, time: &apos;2012-11-02 09:44:45&apos;
System info: os.name: &apos;Windows 7&apos;, os.arch: &apos;amd64&apos;, os.version: &apos;6.1&apos;, java.version: &apos;1.7.0_09&apos;
Driver info: driver.version: RemoteWebDriver
Session ID: 6fb9be30f7b001191c5cc32d0e375260" type="org.openqa.selenium.WebDriverException">org.openqa.selenium.WebDriverException: Script execution failed. Script: $(&apos;.gradient_back, .gradient_back_two, .div_abs_for_ifr&apos;).css({ &apos;display&apos;: &apos;block&apos;  }); var atr_adm = $(&apos;.administrator&apos;).attr(&quot;href&quot;); $(&quot;.iframe_rega&quot;).attr({src: atr_adm}).css({ display: &quot;none&quot;});$(&quot;.iframe_rega&quot;).load(function () {$(&apos;.bLoginFormWrap_kn&apos;).css({&apos;display&apos;: &apos;block&apos;});$(this).css({ visibility: &quot;visible&quot;, display:&quot;block&quot; });});;
 $ is not defined (WARNING: The server did not provide any stacktrace information)
Command duration or timeout: 17 milliseconds
Build info: version: &apos;2.26.0&apos;, revision: &apos;18040&apos;, time: &apos;2012-11-02 09:44:45&apos;
System info: os.name: &apos;Windows 7&apos;, os.arch: &apos;amd64&apos;, os.version: &apos;6.1&apos;, java.version: &apos;1.7.0_09&apos;
Driver info: driver.version: RemoteWebDriver
Session ID: 6fb9be30f7b001191c5cc32d0e375260
	at sun.reflect.NativeConstructorAccessorImpl.newInstance0(Native Method)
	at sun.reflect.NativeConstructorAccessorImpl.newInstance(NativeConstructorAccessorImpl.java:57)
	at sun.reflect.DelegatingConstructorAccessorImpl.newInstance(DelegatingConstructorAccessorImpl.java:45)
	at java.lang.reflect.Constructor.newInstance(Constructor.java:525)
	at org.openqa.selenium.remote.ErrorHandler.createThrowable(ErrorHandler.java:188)
	at org.openqa.selenium.remote.ErrorHandler.throwIfResponseFailed(ErrorHandler.java:145)
	at org.openqa.selenium.remote.RemoteWebDriver.execute(RemoteWebDriver.java:531)
	at org.openqa.selenium.remote.RemoteWebDriver.executeScript(RemoteWebDriver.java:440)
	at com.YouMagicPro.LKA_tests.TestBase.waitAdminPageToLoad(TestBase.java:150)
	at com.YouMagicPro.LKA_tests.Buying804NumberCostOfNumberTest.buying804NumberCostOfNumberTest_C25623(Buying804NumberCostOfNumberTest.java:11)
</failure>
  </testcase>
  <testcase time="2.91" classname="com.YouMagicPro.LKA_tests.VoiceMenuAddTest" name="voiceMenuAddTest_C15292">
    <failure message="Script execution failed. Script: $(&apos;.gradient_back, .gradient_back_two, .div_abs_for_ifr&apos;).css({ &apos;display&apos;: &apos;block&apos;  }); var atr_adm = $(&apos;.administrator&apos;).attr(&quot;href&quot;); $(&quot;.iframe_rega&quot;).attr({src: atr_adm}).css({ display: &quot;none&quot;});$(&quot;.iframe_rega&quot;).load(function () {$(&apos;.bLoginFormWrap_kn&apos;).css({&apos;display&apos;: &apos;block&apos;});$(this).css({ visibility: &quot;visible&quot;, display:&quot;block&quot; });});;
 $ is not defined (WARNING: The server did not provide any stacktrace information)
Command duration or timeout: 20 milliseconds
Build info: version: &apos;2.26.0&apos;, revision: &apos;18040&apos;, time: &apos;2012-11-02 09:44:45&apos;
System info: os.name: &apos;Windows 7&apos;, os.arch: &apos;amd64&apos;, os.version: &apos;6.1&apos;, java.version: &apos;1.7.0_09&apos;
Driver info: driver.version: RemoteWebDriver
Session ID: 9e51695b35ebec2ebf6aec01bd8126fc" type="org.openqa.selenium.WebDriverException">org.openqa.selenium.WebDriverException: Script execution failed. Script: $(&apos;.gradient_back, .gradient_back_two, .div_abs_for_ifr&apos;).css({ &apos;display&apos;: &apos;block&apos;  }); var atr_adm = $(&apos;.administrator&apos;).attr(&quot;href&quot;); $(&quot;.iframe_rega&quot;).attr({src: atr_adm}).css({ display: &quot;none&quot;});$(&quot;.iframe_rega&quot;).load(function () {$(&apos;.bLoginFormWrap_kn&apos;).css({&apos;display&apos;: &apos;block&apos;});$(this).css({ visibility: &quot;visible&quot;, display:&quot;block&quot; });});;
 $ is not defined (WARNING: The server did not provide any stacktrace information)
Command duration or timeout: 20 milliseconds
Build info: version: &apos;2.26.0&apos;, revision: &apos;18040&apos;, time: &apos;2012-11-02 09:44:45&apos;
System info: os.name: &apos;Windows 7&apos;, os.arch: &apos;amd64&apos;, os.version: &apos;6.1&apos;, java.version: &apos;1.7.0_09&apos;
Driver info: driver.version: RemoteWebDriver
Session ID: 9e51695b35ebec2ebf6aec01bd8126fc
	at sun.reflect.NativeConstructorAccessorImpl.newInstance0(Native Method)
	at sun.reflect.NativeConstructorAccessorImpl.newInstance(NativeConstructorAccessorImpl.java:57)
	at sun.reflect.DelegatingConstructorAccessorImpl.newInstance(DelegatingConstructorAccessorImpl.java:45)
	at java.lang.reflect.Constructor.newInstance(Constructor.java:525)
	at org.openqa.selenium.remote.ErrorHandler.createThrowable(ErrorHandler.java:188)
	at org.openqa.selenium.remote.ErrorHandler.throwIfResponseFailed(ErrorHandler.java:145)
	at org.openqa.selenium.remote.RemoteWebDriver.execute(RemoteWebDriver.java:531)
	at org.openqa.selenium.remote.RemoteWebDriver.executeScript(RemoteWebDriver.java:440)
	at com.YouMagicPro.LKA_tests.TestBase.waitAdminPageToLoad(TestBase.java:150)
	at com.YouMagicPro.LKA_tests.VoiceMenuAddTest.voiceMenuAddTest_C15292(VoiceMenuAddTest.java:10)
</failure>
  </testcase>
  <testcase time="2.918" classname="com.YouMagicPro.LKA_tests.BuyingAdditionalInternalNumberCheckCost" name="buyingAdditionalInternalNumberCheckCost_C15113">
    <failure message="Script execution failed. Script: $(&apos;.gradient_back, .gradient_back_two, .div_abs_for_ifr&apos;).css({ &apos;display&apos;: &apos;block&apos;  }); var atr_adm = $(&apos;.administrator&apos;).attr(&quot;href&quot;); $(&quot;.iframe_rega&quot;).attr({src: atr_adm}).css({ display: &quot;none&quot;});$(&quot;.iframe_rega&quot;).load(function () {$(&apos;.bLoginFormWrap_kn&apos;).css({&apos;display&apos;: &apos;block&apos;});$(this).css({ visibility: &quot;visible&quot;, display:&quot;block&quot; });});;
 $ is not defined (WARNING: The server did not provide any stacktrace information)
Command duration or timeout: 22 milliseconds
Build info: version: &apos;2.26.0&apos;, revision: &apos;18040&apos;, time: &apos;2012-11-02 09:44:45&apos;
System info: os.name: &apos;Windows 7&apos;, os.arch: &apos;amd64&apos;, os.version: &apos;6.1&apos;, java.version: &apos;1.7.0_09&apos;
Driver info: driver.version: RemoteWebDriver
Session ID: 437f229a38241a7a46665b4570ede0af" type="org.openqa.selenium.WebDriverException">org.openqa.selenium.WebDriverException: Script execution failed. Script: $(&apos;.gradient_back, .gradient_back_two, .div_abs_for_ifr&apos;).css({ &apos;display&apos;: &apos;block&apos;  }); var atr_adm = $(&apos;.administrator&apos;).attr(&quot;href&quot;); $(&quot;.iframe_rega&quot;).attr({src: atr_adm}).css({ display: &quot;none&quot;});$(&quot;.iframe_rega&quot;).load(function () {$(&apos;.bLoginFormWrap_kn&apos;).css({&apos;display&apos;: &apos;block&apos;});$(this).css({ visibility: &quot;visible&quot;, display:&quot;block&quot; });});;
 $ is not defined (WARNING: The server did not provide any stacktrace information)
Command duration or timeout: 22 milliseconds
Build info: version: &apos;2.26.0&apos;, revision: &apos;18040&apos;, time: &apos;2012-11-02 09:44:45&apos;
System info: os.name: &apos;Windows 7&apos;, os.arch: &apos;amd64&apos;, os.version: &apos;6.1&apos;, java.version: &apos;1.7.0_09&apos;
Driver info: driver.version: RemoteWebDriver
Session ID: 437f229a38241a7a46665b4570ede0af
	at sun.reflect.NativeConstructorAccessorImpl.newInstance0(Native Method)
	at sun.reflect.NativeConstructorAccessorImpl.newInstance(NativeConstructorAccessorImpl.java:57)
	at sun.reflect.DelegatingConstructorAccessorImpl.newInstance(DelegatingConstructorAccessorImpl.java:45)
	at java.lang.reflect.Constructor.newInstance(Constructor.java:525)
	at org.openqa.selenium.remote.ErrorHandler.createThrowable(ErrorHandler.java:188)
	at org.openqa.selenium.remote.ErrorHandler.throwIfResponseFailed(ErrorHandler.java:145)
	at org.openqa.selenium.remote.RemoteWebDriver.execute(RemoteWebDriver.java:531)
	at org.openqa.selenium.remote.RemoteWebDriver.executeScript(RemoteWebDriver.java:440)
	at com.YouMagicPro.LKA_tests.TestBase.waitAdminPageToLoad(TestBase.java:150)
	at com.YouMagicPro.LKA_tests.BuyingAdditionalInternalNumberCheckCost.buyingAdditionalInternalNumberCheckCost_C15113(BuyingAdditionalInternalNumberCheckCost.java:11)
</failure>
  </testcase>
  <testcase time="2.894" classname="com.YouMagicPro.LKA_tests.VoiceMenuChooseSoundTest" name="voiceMailChooseSoundTest_C15294">
    <failure message="Script execution failed. Script: $(&apos;.gradient_back, .gradient_back_two, .div_abs_for_ifr&apos;).css({ &apos;display&apos;: &apos;block&apos;  }); var atr_adm = $(&apos;.administrator&apos;).attr(&quot;href&quot;); $(&quot;.iframe_rega&quot;).attr({src: atr_adm}).css({ display: &quot;none&quot;});$(&quot;.iframe_rega&quot;).load(function () {$(&apos;.bLoginFormWrap_kn&apos;).css({&apos;display&apos;: &apos;block&apos;});$(this).css({ visibility: &quot;visible&quot;, display:&quot;block&quot; });});;
 $ is not defined (WARNING: The server did not provide any stacktrace information)
Command duration or timeout: 18 milliseconds
Build info: version: &apos;2.26.0&apos;, revision: &apos;18040&apos;, time: &apos;2012-11-02 09:44:45&apos;
System info: os.name: &apos;Windows 7&apos;, os.arch: &apos;amd64&apos;, os.version: &apos;6.1&apos;, java.version: &apos;1.7.0_09&apos;
Driver info: driver.version: RemoteWebDriver
Session ID: a77c5e428b201c1d66d824497d59735f" type="org.openqa.selenium.WebDriverException">org.openqa.selenium.WebDriverException: Script execution failed. Script: $(&apos;.gradient_back, .gradient_back_two, .div_abs_for_ifr&apos;).css({ &apos;display&apos;: &apos;block&apos;  }); var atr_adm = $(&apos;.administrator&apos;).attr(&quot;href&quot;); $(&quot;.iframe_rega&quot;).attr({src: atr_adm}).css({ display: &quot;none&quot;});$(&quot;.iframe_rega&quot;).load(function () {$(&apos;.bLoginFormWrap_kn&apos;).css({&apos;display&apos;: &apos;block&apos;});$(this).css({ visibility: &quot;visible&quot;, display:&quot;block&quot; });});;
 $ is not defined (WARNING: The server did not provide any stacktrace information)
Command duration or timeout: 18 milliseconds
Build info: version: &apos;2.26.0&apos;, revision: &apos;18040&apos;, time: &apos;2012-11-02 09:44:45&apos;
System info: os.name: &apos;Windows 7&apos;, os.arch: &apos;amd64&apos;, os.version: &apos;6.1&apos;, java.version: &apos;1.7.0_09&apos;
Driver info: driver.version: RemoteWebDriver
Session ID: a77c5e428b201c1d66d824497d59735f
	at sun.reflect.NativeConstructorAccessorImpl.newInstance0(Native Method)
	at sun.reflect.NativeConstructorAccessorImpl.newInstance(NativeConstructorAccessorImpl.java:57)
	at sun.reflect.DelegatingConstructorAccessorImpl.newInstance(DelegatingConstructorAccessorImpl.java:45)
	at java.lang.reflect.Constructor.newInstance(Constructor.java:525)
	at org.openqa.selenium.remote.ErrorHandler.createThrowable(ErrorHandler.java:188)
	at org.openqa.selenium.remote.ErrorHandler.throwIfResponseFailed(ErrorHandler.java:145)
	at org.openqa.selenium.remote.RemoteWebDriver.execute(RemoteWebDriver.java:531)
	at org.openqa.selenium.remote.RemoteWebDriver.executeScript(RemoteWebDriver.java:440)
	at com.YouMagicPro.LKA_tests.TestBase.waitAdminPageToLoad(TestBase.java:150)
	at com.YouMagicPro.LKA_tests.VoiceMenuChooseSoundTest.voiceMailChooseSoundTest_C15294(VoiceMenuChooseSoundTest.java:10)
</failure>
  </testcase>
  <testcase time="2.955" classname="com.YouMagicPro.LKA_tests.BuyingAdditionalInternalNumberTextFieldTest" name="buyingAdditionalInternalNumberTextFieldTest_C15112">
    <failure message="Script execution failed. Script: $(&apos;.gradient_back, .gradient_back_two, .div_abs_for_ifr&apos;).css({ &apos;display&apos;: &apos;block&apos;  }); var atr_adm = $(&apos;.administrator&apos;).attr(&quot;href&quot;); $(&quot;.iframe_rega&quot;).attr({src: atr_adm}).css({ display: &quot;none&quot;});$(&quot;.iframe_rega&quot;).load(function () {$(&apos;.bLoginFormWrap_kn&apos;).css({&apos;display&apos;: &apos;block&apos;});$(this).css({ visibility: &quot;visible&quot;, display:&quot;block&quot; });});;
 $ is not defined (WARNING: The server did not provide any stacktrace information)
Command duration or timeout: 17 milliseconds
Build info: version: &apos;2.26.0&apos;, revision: &apos;18040&apos;, time: &apos;2012-11-02 09:44:45&apos;
System info: os.name: &apos;Windows 7&apos;, os.arch: &apos;amd64&apos;, os.version: &apos;6.1&apos;, java.version: &apos;1.7.0_09&apos;
Driver info: driver.version: RemoteWebDriver
Session ID: ad63e4c3dd973a5e3808750aaf8becbf" type="org.openqa.selenium.WebDriverException">org.openqa.selenium.WebDriverException: Script execution failed. Script: $(&apos;.gradient_back, .gradient_back_two, .div_abs_for_ifr&apos;).css({ &apos;display&apos;: &apos;block&apos;  }); var atr_adm = $(&apos;.administrator&apos;).attr(&quot;href&quot;); $(&quot;.iframe_rega&quot;).attr({src: atr_adm}).css({ display: &quot;none&quot;});$(&quot;.iframe_rega&quot;).load(function () {$(&apos;.bLoginFormWrap_kn&apos;).css({&apos;display&apos;: &apos;block&apos;});$(this).css({ visibility: &quot;visible&quot;, display:&quot;block&quot; });});;
 $ is not defined (WARNING: The server did not provide any stacktrace information)
Command duration or timeout: 17 milliseconds
Build info: version: &apos;2.26.0&apos;, revision: &apos;18040&apos;, time: &apos;2012-11-02 09:44:45&apos;
System info: os.name: &apos;Windows 7&apos;, os.arch: &apos;amd64&apos;, os.version: &apos;6.1&apos;, java.version: &apos;1.7.0_09&apos;
Driver info: driver.version: RemoteWebDriver
Session ID: ad63e4c3dd973a5e3808750aaf8becbf
	at sun.reflect.NativeConstructorAccessorImpl.newInstance0(Native Method)
	at sun.reflect.NativeConstructorAccessorImpl.newInstance(NativeConstructorAccessorImpl.java:57)
	at sun.reflect.DelegatingConstructorAccessorImpl.newInstance(DelegatingConstructorAccessorImpl.java:45)
	at java.lang.reflect.Constructor.newInstance(Constructor.java:525)
	at org.openqa.selenium.remote.ErrorHandler.createThrowable(ErrorHandler.java:188)
	at org.openqa.selenium.remote.ErrorHandler.throwIfResponseFailed(ErrorHandler.java:145)
	at org.openqa.selenium.remote.RemoteWebDriver.execute(RemoteWebDriver.java:531)
	at org.openqa.selenium.remote.RemoteWebDriver.executeScript(RemoteWebDriver.java:440)
	at com.YouMagicPro.LKA_tests.TestBase.waitAdminPageToLoad(TestBase.java:150)
	at com.YouMagicPro.LKA_tests.BuyingAdditionalInternalNumberTextFieldTest.buyingAdditionalInternalNumberTextFieldTest_C15112(BuyingAdditionalInternalNumberTextFieldTest.java:11)
</failure>
  </testcase>
  <testcase time="22.54" classname="com.YouMagicPro.LKA_tests.VoiceMenuEmptyNameTextFieldTest" name="voiceMailEmptyNameTextFieldTest_C19851"/>
  <testcase time="17.441" classname="com.YouMagicPro.LKA_tests.BuyingAdditionalNumberChooseCityFromList" name="buyingAdditionalNumberChooseCityFromList_C15103">
    <failure message="Element is not clickable at point (-104, 176.5) (WARNING: The server did not provide any stacktrace information)
Command duration or timeout: 158 milliseconds
Build info: version: &apos;2.26.0&apos;, revision: &apos;18040&apos;, time: &apos;2012-11-02 09:44:45&apos;
System info: os.name: &apos;Windows 7&apos;, os.arch: &apos;amd64&apos;, os.version: &apos;6.1&apos;, java.version: &apos;1.7.0_09&apos;
Driver info: driver.version: RemoteWebDriver
Session ID: 3ea1181522dc24aa8ab5e4b0ddaf9c9b" type="org.openqa.selenium.WebDriverException">org.openqa.selenium.WebDriverException: Element is not clickable at point (-104, 176.5) (WARNING: The server did not provide any stacktrace information)
Command duration or timeout: 158 milliseconds
Build info: version: &apos;2.26.0&apos;, revision: &apos;18040&apos;, time: &apos;2012-11-02 09:44:45&apos;
System info: os.name: &apos;Windows 7&apos;, os.arch: &apos;amd64&apos;, os.version: &apos;6.1&apos;, java.version: &apos;1.7.0_09&apos;
Driver info: driver.version: RemoteWebDriver
Session ID: 3ea1181522dc24aa8ab5e4b0ddaf9c9b
	at sun.reflect.NativeConstructorAccessorImpl.newInstance0(Native Method)
	at sun.reflect.NativeConstructorAccessorImpl.newInstance(NativeConstructorAccessorImpl.java:57)
	at sun.reflect.DelegatingConstructorAccessorImpl.newInstance(DelegatingConstructorAccessorImpl.java:45)
	at java.lang.reflect.Constructor.newInstance(Constructor.java:525)
	at org.openqa.selenium.remote.ErrorHandler.createThrowable(ErrorHandler.java:188)
	at org.openqa.selenium.remote.ErrorHandler.throwIfResponseFailed(ErrorHandler.java:145)
	at org.openqa.selenium.remote.RemoteWebDriver.execute(RemoteWebDriver.java:531)
	at org.openqa.selenium.remote.RemoteWebElement.execute(RemoteWebElement.java:246)
	at org.openqa.selenium.remote.RemoteWebElement.click(RemoteWebElement.java:79)
	at com.YouMagicPro.LKA_tests.BuyingAdditionalNumberChooseCityFromList.buyingAdditionalNumberChooseCityFromList_C15103(BuyingAdditionalNumberChooseCityFromList.java:16)
</failure>
  </testcase>
  <testcase time="2.862" classname="com.YouMagicPro.LKA_tests.VoiceMenuFillNAmeTextFieldTest" name="voiceFillNAmeTextFieldTest_C15293">
    <failure message="Script execution failed. Script: $(&apos;.gradient_back, .gradient_back_two, .div_abs_for_ifr&apos;).css({ &apos;display&apos;: &apos;block&apos;  }); var atr_adm = $(&apos;.administrator&apos;).attr(&quot;href&quot;); $(&quot;.iframe_rega&quot;).attr({src: atr_adm}).css({ display: &quot;none&quot;});$(&quot;.iframe_rega&quot;).load(function () {$(&apos;.bLoginFormWrap_kn&apos;).css({&apos;display&apos;: &apos;block&apos;});$(this).css({ visibility: &quot;visible&quot;, display:&quot;block&quot; });});;
 $ is not defined (WARNING: The server did not provide any stacktrace information)
Command duration or timeout: 19 milliseconds
Build info: version: &apos;2.26.0&apos;, revision: &apos;18040&apos;, time: &apos;2012-11-02 09:44:45&apos;
System info: os.name: &apos;Windows 7&apos;, os.arch: &apos;amd64&apos;, os.version: &apos;6.1&apos;, java.version: &apos;1.7.0_09&apos;
Driver info: driver.version: RemoteWebDriver
Session ID: 40a6fe80d860524419d38bc6994bacc1" type="org.openqa.selenium.WebDriverException">org.openqa.selenium.WebDriverException: Script execution failed. Script: $(&apos;.gradient_back, .gradient_back_two, .div_abs_for_ifr&apos;).css({ &apos;display&apos;: &apos;block&apos;  }); var atr_adm = $(&apos;.administrator&apos;).attr(&quot;href&quot;); $(&quot;.iframe_rega&quot;).attr({src: atr_adm}).css({ display: &quot;none&quot;});$(&quot;.iframe_rega&quot;).load(function () {$(&apos;.bLoginFormWrap_kn&apos;).css({&apos;display&apos;: &apos;block&apos;});$(this).css({ visibility: &quot;visible&quot;, display:&quot;block&quot; });});;
 $ is not defined (WARNING: The server did not provide any stacktrace information)
Command duration or timeout: 19 milliseconds
Build info: version: &apos;2.26.0&apos;, revision: &apos;18040&apos;, time: &apos;2012-11-02 09:44:45&apos;
System info: os.name: &apos;Windows 7&apos;, os.arch: &apos;amd64&apos;, os.version: &apos;6.1&apos;, java.version: &apos;1.7.0_09&apos;
Driver info: driver.version: RemoteWebDriver
Session ID: 40a6fe80d860524419d38bc6994bacc1
	at sun.reflect.NativeConstructorAccessorImpl.newInstance0(Native Method)
	at sun.reflect.NativeConstructorAccessorImpl.newInstance(NativeConstructorAccessorImpl.java:57)
	at sun.reflect.DelegatingConstructorAccessorImpl.newInstance(DelegatingConstructorAccessorImpl.java:45)
	at java.lang.reflect.Constructor.newInstance(Constructor.java:525)
	at org.openqa.selenium.remote.ErrorHandler.createThrowable(ErrorHandler.java:188)
	at org.openqa.selenium.remote.ErrorHandler.throwIfResponseFailed(ErrorHandler.java:145)
	at org.openqa.selenium.remote.RemoteWebDriver.execute(RemoteWebDriver.java:531)
	at org.openqa.selenium.remote.RemoteWebDriver.executeScript(RemoteWebDriver.java:440)
	at com.YouMagicPro.LKA_tests.TestBase.waitAdminPageToLoad(TestBase.java:150)
	at com.YouMagicPro.LKA_tests.VoiceMenuFillNAmeTextFieldTest.voiceFillNAmeTextFieldTest_C15293(VoiceMenuFillNAmeTextFieldTest.java:10)
</failure>
  </testcase>
  <testcase time="23.116" classname="com.YouMagicPro.LKA_tests.BuyingAdditionalNumberChooseNumberCategories" name="BuyingAdditionalNumberChooseNumberCategories_C15105"/>
  <testcase time="19.821" classname="com.YouMagicPro.LKA_tests.YourNumbersTest" name="yourNumbersTest">
    <failure message="" type="java.lang.AssertionError">java.lang.AssertionError: 
	at org.testng.AssertJUnit.fail(AssertJUnit.java:59)
	at org.testng.AssertJUnit.assertTrue(AssertJUnit.java:24)
	at org.testng.AssertJUnit.assertTrue(AssertJUnit.java:33)
	at com.YouMagicPro.LKA_tests.YourNumbersTest.yourNumbersTest(YourNumbersTest.java:18)
</failure>
  </testcase>
  <testcase time="2.838" classname="com.YouMagicPro.LKA_tests.BuyingAdditionalNumberChooseNumbersFromList" name="BuyingAdditionalNumberChooseNumbersFromList_C15106">
    <failure message="Script execution failed. Script: $(&apos;.gradient_back, .gradient_back_two, .div_abs_for_ifr&apos;).css({ &apos;display&apos;: &apos;block&apos;  }); var atr_adm = $(&apos;.administrator&apos;).attr(&quot;href&quot;); $(&quot;.iframe_rega&quot;).attr({src: atr_adm}).css({ display: &quot;none&quot;});$(&quot;.iframe_rega&quot;).load(function () {$(&apos;.bLoginFormWrap_kn&apos;).css({&apos;display&apos;: &apos;block&apos;});$(this).css({ visibility: &quot;visible&quot;, display:&quot;block&quot; });});;
 $ is not defined (WARNING: The server did not provide any stacktrace information)
Command duration or timeout: 19 milliseconds
Build info: version: &apos;2.26.0&apos;, revision: &apos;18040&apos;, time: &apos;2012-11-02 09:44:45&apos;
System info: os.name: &apos;Windows 7&apos;, os.arch: &apos;amd64&apos;, os.version: &apos;6.1&apos;, java.version: &apos;1.7.0_09&apos;
Driver info: driver.version: RemoteWebDriver
Session ID: 134bb65a149294ebe705807439278184" type="org.openqa.selenium.WebDriverException">org.openqa.selenium.WebDriverException: Script execution failed. Script: $(&apos;.gradient_back, .gradient_back_two, .div_abs_for_ifr&apos;).css({ &apos;display&apos;: &apos;block&apos;  }); var atr_adm = $(&apos;.administrator&apos;).attr(&quot;href&quot;); $(&quot;.iframe_rega&quot;).attr({src: atr_adm}).css({ display: &quot;none&quot;});$(&quot;.iframe_rega&quot;).load(function () {$(&apos;.bLoginFormWrap_kn&apos;).css({&apos;display&apos;: &apos;block&apos;});$(this).css({ visibility: &quot;visible&quot;, display:&quot;block&quot; });});;
 $ is not defined (WARNING: The server did not provide any stacktrace information)
Command duration or timeout: 19 milliseconds
Build info: version: &apos;2.26.0&apos;, revision: &apos;18040&apos;, time: &apos;2012-11-02 09:44:45&apos;
System info: os.name: &apos;Windows 7&apos;, os.arch: &apos;amd64&apos;, os.version: &apos;6.1&apos;, java.version: &apos;1.7.0_09&apos;
Driver info: driver.version: RemoteWebDriver
Session ID: 134bb65a149294ebe705807439278184
	at sun.reflect.NativeConstructorAccessorImpl.newInstance0(Native Method)
	at sun.reflect.NativeConstructorAccessorImpl.newInstance(NativeConstructorAccessorImpl.java:57)
	at sun.reflect.DelegatingConstructorAccessorImpl.newInstance(DelegatingConstructorAccessorImpl.java:45)
	at java.lang.reflect.Constructor.newInstance(Constructor.java:525)
	at org.openqa.selenium.remote.ErrorHandler.createThrowable(ErrorHandler.java:188)
	at org.openqa.selenium.remote.ErrorHandler.throwIfResponseFailed(ErrorHandler.java:145)
	at org.openqa.selenium.remote.RemoteWebDriver.execute(RemoteWebDriver.java:531)
	at org.openqa.selenium.remote.RemoteWebDriver.executeScript(RemoteWebDriver.java:440)
	at com.YouMagicPro.LKA_tests.TestBase.waitAdminPageToLoad(TestBase.java:150)
	at com.YouMagicPro.LKA_tests.BuyingAdditionalNumberChooseNumbersFromList.BuyingAdditionalNumberChooseNumbersFromList_C15106(BuyingAdditionalNumberChooseNumbersFromList.java:11)
</failure>
  </testcase>
  <testcase time="16.255" classname="com.YouMagicPro.LKA_tests.CallForwardingPageTest" name="clickOnAvatarTest"/>
  <testcase time="15.148" classname="com.YouMagicPro.LKA_tests.ClickOnAvatarTest" name="clickOnAvatarTest"/>
  <testcase time="16.78" classname="com.YouMagicPro.LKA_tests.ClickOnBalanceTest" name="clickOnBalanceTest"/>
  <testcase time="14.492" classname="com.YouMagicPro.LKA_tests.ClickOnContractTest" name="clickOnContractTest"/>
  <testcase time="15.019" classname="com.YouMagicPro.LKA_tests.ClickOnDiskSpaceTest" name="clickOnDiskSpaceTest"/>
  <testcase time="12.602" classname="com.YouMagicPro.LKA_tests.ClickOnExitTest" name="clickOnExitTest"/>
  <testcase time="12.535" classname="com.YouMagicPro.LKA_tests.ClickOnIconTest" name="clickOnIconTest"/>
  <testcase time="14.387" classname="com.YouMagicPro.LKA_tests.ClickOnInternalNumbersTest" name="clickOnInternalNumbersTest"/>
  <testcase time="14.637" classname="com.YouMagicPro.LKA_tests.ClickOnPasswordChangeTest" name="clickOnPasswordChangeTest"/>
  <testcase time="15.401" classname="com.YouMagicPro.LKA_tests.ClickOnPersonalAccountTest" name="clickOnPersonalAccountTest"/>
  <testcase time="15.359" classname="com.YouMagicPro.LKA_tests.ClickOnPromoTest" name="clickOnPromoTest"/>
  <testcase time="14.129" classname="com.YouMagicPro.LKA_tests.ContractBankAccountLettersAndNumbersTest" name="contractBankAccountLettersAndNumbersTest_C14496">
    <failure message="Script execution failed. Script: logged_in = getCookie(&quot;umagicpro_logged_in&quot;);if (logged_in == 0) {$(&apos;.gradient_back, .gradient_back_two, .div_abs_for_ifr&apos;).css({&apos;display&apos;: &apos;block&apos;});var atr_adm = $(&apos;.administrator&apos;).attr(&quot;href&quot;); $(&quot;.iframe_rega&quot;).attr({ src: atr_adm}).css({display: &quot;none&quot; });$(&quot;.iframe_rega&quot;).load(function () { $(&apos;.bLoginFormWrap_kn&apos;).css({&apos;display&apos;: &apos;block&apos;}); $(this).css({  visibility: &quot;visible&quot;, display: &quot;block&quot;}); }); } else {loginAction(); };
 getCookie is not defined (WARNING: The server did not provide any stacktrace information)
Command duration or timeout: 15 milliseconds
Build info: version: &apos;2.26.0&apos;, revision: &apos;18040&apos;, time: &apos;2012-11-02 09:44:45&apos;
System info: os.name: &apos;Windows 7&apos;, os.arch: &apos;amd64&apos;, os.version: &apos;6.1&apos;, java.version: &apos;1.7.0_09&apos;
Driver info: driver.version: RemoteWebDriver
Session ID: 9fc20eb520415d13f45cef34ec328619" type="org.openqa.selenium.WebDriverException">org.openqa.selenium.WebDriverException: Script execution failed. Script: logged_in = getCookie(&quot;umagicpro_logged_in&quot;);if (logged_in == 0) {$(&apos;.gradient_back, .gradient_back_two, .div_abs_for_ifr&apos;).css({&apos;display&apos;: &apos;block&apos;});var atr_adm = $(&apos;.administrator&apos;).attr(&quot;href&quot;); $(&quot;.iframe_rega&quot;).attr({ src: atr_adm}).css({display: &quot;none&quot; });$(&quot;.iframe_rega&quot;).load(function () { $(&apos;.bLoginFormWrap_kn&apos;).css({&apos;display&apos;: &apos;block&apos;}); $(this).css({  visibility: &quot;visible&quot;, display: &quot;block&quot;}); }); } else {loginAction(); };
 getCookie is not defined (WARNING: The server did not provide any stacktrace information)
Command duration or timeout: 15 milliseconds
Build info: version: &apos;2.26.0&apos;, revision: &apos;18040&apos;, time: &apos;2012-11-02 09:44:45&apos;
System info: os.name: &apos;Windows 7&apos;, os.arch: &apos;amd64&apos;, os.version: &apos;6.1&apos;, java.version: &apos;1.7.0_09&apos;
Driver info: driver.version: RemoteWebDriver
Session ID: 9fc20eb520415d13f45cef34ec328619
	at sun.reflect.NativeConstructorAccessorImpl.newInstance0(Native Method)
	at sun.reflect.NativeConstructorAccessorImpl.newInstance(NativeConstructorAccessorImpl.java:57)
	at sun.reflect.DelegatingConstructorAccessorImpl.newInstance(DelegatingConstructorAccessorImpl.java:45)
	at java.lang.reflect.Constructor.newInstance(Constructor.java:525)
	at org.openqa.selenium.remote.ErrorHandler.createThrowable(ErrorHandler.java:188)
	at org.openqa.selenium.remote.ErrorHandler.throwIfResponseFailed(ErrorHandler.java:145)
	at org.openqa.selenium.remote.RemoteWebDriver.execute(RemoteWebDriver.java:531)
	at org.openqa.selenium.remote.RemoteWebDriver.executeScript(RemoteWebDriver.java:440)
	at com.YouMagicPro.LKA_tests.TestBase.waitContractPageToLoad(TestBase.java:238)
	at com.YouMagicPro.LKA_tests.ContractBankAccountLettersAndNumbersTest.contractBankAccountLettersAndNumbersTest_C14496(ContractBankAccountLettersAndNumbersTest.java:11)
</failure>
  </testcase>
  <testcase time="12.844" classname="com.YouMagicPro.LKA_tests.ContractBankAccountLettersInTextFieldTest" name="contractBankAccountLettersInTextFieldTest_C14995">
    <failure message="Script execution failed. Script: logged_in = getCookie(&quot;umagicpro_logged_in&quot;);if (logged_in == 0) {$(&apos;.gradient_back, .gradient_back_two, .div_abs_for_ifr&apos;).css({&apos;display&apos;: &apos;block&apos;});var atr_adm = $(&apos;.administrator&apos;).attr(&quot;href&quot;); $(&quot;.iframe_rega&quot;).attr({ src: atr_adm}).css({display: &quot;none&quot; });$(&quot;.iframe_rega&quot;).load(function () { $(&apos;.bLoginFormWrap_kn&apos;).css({&apos;display&apos;: &apos;block&apos;}); $(this).css({  visibility: &quot;visible&quot;, display: &quot;block&quot;}); }); } else {loginAction(); };
 getCookie is not defined (WARNING: The server did not provide any stacktrace information)
Command duration or timeout: 20 milliseconds
Build info: version: &apos;2.26.0&apos;, revision: &apos;18040&apos;, time: &apos;2012-11-02 09:44:45&apos;
System info: os.name: &apos;Windows 7&apos;, os.arch: &apos;amd64&apos;, os.version: &apos;6.1&apos;, java.version: &apos;1.7.0_09&apos;
Driver info: driver.version: RemoteWebDriver
Session ID: d8df0a1745c2d940045ab9973a659241" type="org.openqa.selenium.WebDriverException">org.openqa.selenium.WebDriverException: Script execution failed. Script: logged_in = getCookie(&quot;umagicpro_logged_in&quot;);if (logged_in == 0) {$(&apos;.gradient_back, .gradient_back_two, .div_abs_for_ifr&apos;).css({&apos;display&apos;: &apos;block&apos;});var atr_adm = $(&apos;.administrator&apos;).attr(&quot;href&quot;); $(&quot;.iframe_rega&quot;).attr({ src: atr_adm}).css({display: &quot;none&quot; });$(&quot;.iframe_rega&quot;).load(function () { $(&apos;.bLoginFormWrap_kn&apos;).css({&apos;display&apos;: &apos;block&apos;}); $(this).css({  visibility: &quot;visible&quot;, display: &quot;block&quot;}); }); } else {loginAction(); };
 getCookie is not defined (WARNING: The server did not provide any stacktrace information)
Command duration or timeout: 20 milliseconds
Build info: version: &apos;2.26.0&apos;, revision: &apos;18040&apos;, time: &apos;2012-11-02 09:44:45&apos;
System info: os.name: &apos;Windows 7&apos;, os.arch: &apos;amd64&apos;, os.version: &apos;6.1&apos;, java.version: &apos;1.7.0_09&apos;
Driver info: driver.version: RemoteWebDriver
Session ID: d8df0a1745c2d940045ab9973a659241
	at sun.reflect.NativeConstructorAccessorImpl.newInstance0(Native Method)
	at sun.reflect.NativeConstructorAccessorImpl.newInstance(NativeConstructorAccessorImpl.java:57)
	at sun.reflect.DelegatingConstructorAccessorImpl.newInstance(DelegatingConstructorAccessorImpl.java:45)
	at java.lang.reflect.Constructor.newInstance(Constructor.java:525)
	at org.openqa.selenium.remote.ErrorHandler.createThrowable(ErrorHandler.java:188)
	at org.openqa.selenium.remote.ErrorHandler.throwIfResponseFailed(ErrorHandler.java:145)
	at org.openqa.selenium.remote.RemoteWebDriver.execute(RemoteWebDriver.java:531)
	at org.openqa.selenium.remote.RemoteWebDriver.executeScript(RemoteWebDriver.java:440)
	at com.YouMagicPro.LKA_tests.TestBase.waitContractPageToLoad(TestBase.java:238)
	at com.YouMagicPro.LKA_tests.ContractBankAccountLettersInTextFieldTest.contractBankAccountLettersInTextFieldTest_C14995(ContractBankAccountLettersInTextFieldTest.java:11)
</failure>
  </testcase>
  <testcase time="28.392" classname="com.YouMagicPro.LKA_tests.ContractBankAccountOneInTextFieldTest" name="contractBankAccountOneInTextFieldTest_C14993"/>
  <testcase time="29.688" classname="com.YouMagicPro.LKA_tests.ContractBankAccountSymbolsInTextFieldTest" name="contractBankAccountSymbolsInTextFieldTest_C14997"/>
  <testcase time="12.874" classname="com.YouMagicPro.LKA_tests.ContractBankAccountTenInTextFieldTest" name="contractBankAccountTenInTextFieldTest_C14994">
    <failure message="Script execution failed. Script: logged_in = getCookie(&quot;umagicpro_logged_in&quot;);if (logged_in == 0) {$(&apos;.gradient_back, .gradient_back_two, .div_abs_for_ifr&apos;).css({&apos;display&apos;: &apos;block&apos;});var atr_adm = $(&apos;.administrator&apos;).attr(&quot;href&quot;); $(&quot;.iframe_rega&quot;).attr({ src: atr_adm}).css({display: &quot;none&quot; });$(&quot;.iframe_rega&quot;).load(function () { $(&apos;.bLoginFormWrap_kn&apos;).css({&apos;display&apos;: &apos;block&apos;}); $(this).css({  visibility: &quot;visible&quot;, display: &quot;block&quot;}); }); } else {loginAction(); };
 getCookie is not defined (WARNING: The server did not provide any stacktrace information)
Command duration or timeout: 18 milliseconds
Build info: version: &apos;2.26.0&apos;, revision: &apos;18040&apos;, time: &apos;2012-11-02 09:44:45&apos;
System info: os.name: &apos;Windows 7&apos;, os.arch: &apos;amd64&apos;, os.version: &apos;6.1&apos;, java.version: &apos;1.7.0_09&apos;
Driver info: driver.version: RemoteWebDriver
Session ID: 2cb8b60b44c7c0fff71cff1743dec0ea" type="org.openqa.selenium.WebDriverException">org.openqa.selenium.WebDriverException: Script execution failed. Script: logged_in = getCookie(&quot;umagicpro_logged_in&quot;);if (logged_in == 0) {$(&apos;.gradient_back, .gradient_back_two, .div_abs_for_ifr&apos;).css({&apos;display&apos;: &apos;block&apos;});var atr_adm = $(&apos;.administrator&apos;).attr(&quot;href&quot;); $(&quot;.iframe_rega&quot;).attr({ src: atr_adm}).css({display: &quot;none&quot; });$(&quot;.iframe_rega&quot;).load(function () { $(&apos;.bLoginFormWrap_kn&apos;).css({&apos;display&apos;: &apos;block&apos;}); $(this).css({  visibility: &quot;visible&quot;, display: &quot;block&quot;}); }); } else {loginAction(); };
 getCookie is not defined (WARNING: The server did not provide any stacktrace information)
Command duration or timeout: 18 milliseconds
Build info: version: &apos;2.26.0&apos;, revision: &apos;18040&apos;, time: &apos;2012-11-02 09:44:45&apos;
System info: os.name: &apos;Windows 7&apos;, os.arch: &apos;amd64&apos;, os.version: &apos;6.1&apos;, java.version: &apos;1.7.0_09&apos;
Driver info: driver.version: RemoteWebDriver
Session ID: 2cb8b60b44c7c0fff71cff1743dec0ea
	at sun.reflect.NativeConstructorAccessorImpl.newInstance0(Native Method)
	at sun.reflect.NativeConstructorAccessorImpl.newInstance(NativeConstructorAccessorImpl.java:57)
	at sun.reflect.DelegatingConstructorAccessorImpl.newInstance(DelegatingConstructorAccessorImpl.java:45)
	at java.lang.reflect.Constructor.newInstance(Constructor.java:525)
	at org.openqa.selenium.remote.ErrorHandler.createThrowable(ErrorHandler.java:188)
	at org.openqa.selenium.remote.ErrorHandler.throwIfResponseFailed(ErrorHandler.java:145)
	at org.openqa.selenium.remote.RemoteWebDriver.execute(RemoteWebDriver.java:531)
	at org.openqa.selenium.remote.RemoteWebDriver.executeScript(RemoteWebDriver.java:440)
	at com.YouMagicPro.LKA_tests.TestBase.waitContractPageToLoad(TestBase.java:238)
	at com.YouMagicPro.LKA_tests.ContractBankAccountTenInTextFieldTest.contractBankAccountTenInTextFieldTest_C14994(ContractBankAccountTenInTextFieldTest.java:11)
</failure>
  </testcase>
  <testcase time="28.144" classname="com.YouMagicPro.LKA_tests.ContractBik1inTextFieldTest" name="contractBikTest1inTextField_C15022"/>
  <testcase time="28.454" classname="com.YouMagicPro.LKA_tests.ContractBikLettersAndNumbersInTextFieldTest" name="contractBikTest_C15025"/>
  <testcase time="12.905" classname="com.YouMagicPro.LKA_tests.ContractBikLettersInTextFieldTest" name="contractBikTestLettersInTextField_C15023">
    <failure message="Script execution failed. Script: logged_in = getCookie(&quot;umagicpro_logged_in&quot;);if (logged_in == 0) {$(&apos;.gradient_back, .gradient_back_two, .div_abs_for_ifr&apos;).css({&apos;display&apos;: &apos;block&apos;});var atr_adm = $(&apos;.administrator&apos;).attr(&quot;href&quot;); $(&quot;.iframe_rega&quot;).attr({ src: atr_adm}).css({display: &quot;none&quot; });$(&quot;.iframe_rega&quot;).load(function () { $(&apos;.bLoginFormWrap_kn&apos;).css({&apos;display&apos;: &apos;block&apos;}); $(this).css({  visibility: &quot;visible&quot;, display: &quot;block&quot;}); }); } else {loginAction(); };
 getCookie is not defined (WARNING: The server did not provide any stacktrace information)
Command duration or timeout: 24 milliseconds
Build info: version: &apos;2.26.0&apos;, revision: &apos;18040&apos;, time: &apos;2012-11-02 09:44:45&apos;
System info: os.name: &apos;Windows 7&apos;, os.arch: &apos;amd64&apos;, os.version: &apos;6.1&apos;, java.version: &apos;1.7.0_09&apos;
Driver info: driver.version: RemoteWebDriver
Session ID: 60286d0314cd79fe88fa8cdcd262ab1b" type="org.openqa.selenium.WebDriverException">org.openqa.selenium.WebDriverException: Script execution failed. Script: logged_in = getCookie(&quot;umagicpro_logged_in&quot;);if (logged_in == 0) {$(&apos;.gradient_back, .gradient_back_two, .div_abs_for_ifr&apos;).css({&apos;display&apos;: &apos;block&apos;});var atr_adm = $(&apos;.administrator&apos;).attr(&quot;href&quot;); $(&quot;.iframe_rega&quot;).attr({ src: atr_adm}).css({display: &quot;none&quot; });$(&quot;.iframe_rega&quot;).load(function () { $(&apos;.bLoginFormWrap_kn&apos;).css({&apos;display&apos;: &apos;block&apos;}); $(this).css({  visibility: &quot;visible&quot;, display: &quot;block&quot;}); }); } else {loginAction(); };
 getCookie is not defined (WARNING: The server did not provide any stacktrace information)
Command duration or timeout: 24 milliseconds
Build info: version: &apos;2.26.0&apos;, revision: &apos;18040&apos;, time: &apos;2012-11-02 09:44:45&apos;
System info: os.name: &apos;Windows 7&apos;, os.arch: &apos;amd64&apos;, os.version: &apos;6.1&apos;, java.version: &apos;1.7.0_09&apos;
Driver info: driver.version: RemoteWebDriver
Session ID: 60286d0314cd79fe88fa8cdcd262ab1b
	at sun.reflect.NativeConstructorAccessorImpl.newInstance0(Native Method)
	at sun.reflect.NativeConstructorAccessorImpl.newInstance(NativeConstructorAccessorImpl.java:57)
	at sun.reflect.DelegatingConstructorAccessorImpl.newInstance(DelegatingConstructorAccessorImpl.java:45)
	at java.lang.reflect.Constructor.newInstance(Constructor.java:525)
	at org.openqa.selenium.remote.ErrorHandler.createThrowable(ErrorHandler.java:188)
	at org.openqa.selenium.remote.ErrorHandler.throwIfResponseFailed(ErrorHandler.java:145)
	at org.openqa.selenium.remote.RemoteWebDriver.execute(RemoteWebDriver.java:531)
	at org.openqa.selenium.remote.RemoteWebDriver.executeScript(RemoteWebDriver.java:440)
	at com.YouMagicPro.LKA_tests.TestBase.waitContractPageToLoad(TestBase.java:238)
	at com.YouMagicPro.LKA_tests.ContractBikLettersInTextFieldTest.contractBikTestLettersInTextField_C15023(ContractBikLettersInTextFieldTest.java:11)
</failure>
  </testcase>
  <testcase time="12.805" classname="com.YouMagicPro.LKA_tests.ContractBikSymbolsInTextFieldTest" name="contractBikSymbolsInTextFieldTest_C15026">
    <failure message="Script execution failed. Script: logged_in = getCookie(&quot;umagicpro_logged_in&quot;);if (logged_in == 0) {$(&apos;.gradient_back, .gradient_back_two, .div_abs_for_ifr&apos;).css({&apos;display&apos;: &apos;block&apos;});var atr_adm = $(&apos;.administrator&apos;).attr(&quot;href&quot;); $(&quot;.iframe_rega&quot;).attr({ src: atr_adm}).css({display: &quot;none&quot; });$(&quot;.iframe_rega&quot;).load(function () { $(&apos;.bLoginFormWrap_kn&apos;).css({&apos;display&apos;: &apos;block&apos;}); $(this).css({  visibility: &quot;visible&quot;, display: &quot;block&quot;}); }); } else {loginAction(); };
 getCookie is not defined (WARNING: The server did not provide any stacktrace information)
Command duration or timeout: 21 milliseconds
Build info: version: &apos;2.26.0&apos;, revision: &apos;18040&apos;, time: &apos;2012-11-02 09:44:45&apos;
System info: os.name: &apos;Windows 7&apos;, os.arch: &apos;amd64&apos;, os.version: &apos;6.1&apos;, java.version: &apos;1.7.0_09&apos;
Driver info: driver.version: RemoteWebDriver
Session ID: 32a5e7f7b3d003b7abc609ccb739b52b" type="org.openqa.selenium.WebDriverException">org.openqa.selenium.WebDriverException: Script execution failed. Script: logged_in = getCookie(&quot;umagicpro_logged_in&quot;);if (logged_in == 0) {$(&apos;.gradient_back, .gradient_back_two, .div_abs_for_ifr&apos;).css({&apos;display&apos;: &apos;block&apos;});var atr_adm = $(&apos;.administrator&apos;).attr(&quot;href&quot;); $(&quot;.iframe_rega&quot;).attr({ src: atr_adm}).css({display: &quot;none&quot; });$(&quot;.iframe_rega&quot;).load(function () { $(&apos;.bLoginFormWrap_kn&apos;).css({&apos;display&apos;: &apos;block&apos;}); $(this).css({  visibility: &quot;visible&quot;, display: &quot;block&quot;}); }); } else {loginAction(); };
 getCookie is not defined (WARNING: The server did not provide any stacktrace information)
Command duration or timeout: 21 milliseconds
Build info: version: &apos;2.26.0&apos;, revision: &apos;18040&apos;, time: &apos;2012-11-02 09:44:45&apos;
System info: os.name: &apos;Windows 7&apos;, os.arch: &apos;amd64&apos;, os.version: &apos;6.1&apos;, java.version: &apos;1.7.0_09&apos;
Driver info: driver.version: RemoteWebDriver
Session ID: 32a5e7f7b3d003b7abc609ccb739b52b
	at sun.reflect.NativeConstructorAccessorImpl.newInstance0(Native Method)
	at sun.reflect.NativeConstructorAccessorImpl.newInstance(NativeConstructorAccessorImpl.java:57)
	at sun.reflect.DelegatingConstructorAccessorImpl.newInstance(DelegatingConstructorAccessorImpl.java:45)
	at java.lang.reflect.Constructor.newInstance(Constructor.java:525)
	at org.openqa.selenium.remote.ErrorHandler.createThrowable(ErrorHandler.java:188)
	at org.openqa.selenium.remote.ErrorHandler.throwIfResponseFailed(ErrorHandler.java:145)
	at org.openqa.selenium.remote.RemoteWebDriver.execute(RemoteWebDriver.java:531)
	at org.openqa.selenium.remote.RemoteWebDriver.executeScript(RemoteWebDriver.java:440)
	at com.YouMagicPro.LKA_tests.TestBase.waitContractPageToLoad(TestBase.java:238)
	at com.YouMagicPro.LKA_tests.ContractBikSymbolsInTextFieldTest.contractBikSymbolsInTextFieldTest_C15026(ContractBikSymbolsInTextFieldTest.java:11)
</failure>
  </testcase>
  <testcase time="23.192" classname="com.YouMagicPro.LKA_tests.ContractCheckDocumentTest" name="contractCheckDocumentTest_C14986">
    <failure message="Element is not clickable at point (303, 419). Other element would receive the click: &lt;div id=&quot;instructionBackdrop&quot; style=&quot;z-index: 1110; position: absolute; left: 0px; margin: 0px; background-color: rgb(255, 255, 255); opacity: 0.55; top: 0px; height: 2428px; width: 960px; background-position: initial initial; background-repeat: initial initial;&quot;&gt;&lt;/div&gt; (WARNING: The server did not provide any stacktrace information)
Command duration or timeout: 133 milliseconds
Build info: version: &apos;2.26.0&apos;, revision: &apos;18040&apos;, time: &apos;2012-11-02 09:44:45&apos;
System info: os.name: &apos;Windows 7&apos;, os.arch: &apos;amd64&apos;, os.version: &apos;6.1&apos;, java.version: &apos;1.7.0_09&apos;
Driver info: driver.version: RemoteWebDriver
Session ID: a1811604c11af641a2c75438ea332ddc" type="org.openqa.selenium.WebDriverException">org.openqa.selenium.WebDriverException: Element is not clickable at point (303, 419). Other element would receive the click: &lt;div id=&quot;instructionBackdrop&quot; style=&quot;z-index: 1110; position: absolute; left: 0px; margin: 0px; background-color: rgb(255, 255, 255); opacity: 0.55; top: 0px; height: 2428px; width: 960px; background-position: initial initial; background-repeat: initial initial;&quot;&gt;&lt;/div&gt; (WARNING: The server did not provide any stacktrace information)
Command duration or timeout: 133 milliseconds
Build info: version: &apos;2.26.0&apos;, revision: &apos;18040&apos;, time: &apos;2012-11-02 09:44:45&apos;
System info: os.name: &apos;Windows 7&apos;, os.arch: &apos;amd64&apos;, os.version: &apos;6.1&apos;, java.version: &apos;1.7.0_09&apos;
Driver info: driver.version: RemoteWebDriver
Session ID: a1811604c11af641a2c75438ea332ddc
	at sun.reflect.NativeConstructorAccessorImpl.newInstance0(Native Method)
	at sun.reflect.NativeConstructorAccessorImpl.newInstance(NativeConstructorAccessorImpl.java:57)
	at sun.reflect.DelegatingConstructorAccessorImpl.newInstance(DelegatingConstructorAccessorImpl.java:45)
	at java.lang.reflect.Constructor.newInstance(Constructor.java:525)
	at org.openqa.selenium.remote.ErrorHandler.createThrowable(ErrorHandler.java:188)
	at org.openqa.selenium.remote.ErrorHandler.throwIfResponseFailed(ErrorHandler.java:145)
	at org.openqa.selenium.remote.RemoteWebDriver.execute(RemoteWebDriver.java:531)
	at org.openqa.selenium.remote.RemoteWebElement.execute(RemoteWebElement.java:246)
	at org.openqa.selenium.remote.RemoteWebElement.click(RemoteWebElement.java:79)
	at com.YouMagicPro.LKA_tests.ContractCheckDocumentTest.contractCheckDocumentTest_C14986(ContractCheckDocumentTest.java:13)
</failure>
  </testcase>
  <testcase time="14.097" classname="com.YouMagicPro.LKA_tests.ContractCorAccount19NumbersTest" name="contractCorAccount19NumbersTest_C15005">
    <failure message="Script execution failed. Script: logged_in = getCookie(&quot;umagicpro_logged_in&quot;);if (logged_in == 0) {$(&apos;.gradient_back, .gradient_back_two, .div_abs_for_ifr&apos;).css({&apos;display&apos;: &apos;block&apos;});var atr_adm = $(&apos;.administrator&apos;).attr(&quot;href&quot;); $(&quot;.iframe_rega&quot;).attr({ src: atr_adm}).css({display: &quot;none&quot; });$(&quot;.iframe_rega&quot;).load(function () { $(&apos;.bLoginFormWrap_kn&apos;).css({&apos;display&apos;: &apos;block&apos;}); $(this).css({  visibility: &quot;visible&quot;, display: &quot;block&quot;}); }); } else {loginAction(); };
 getCookie is not defined (WARNING: The server did not provide any stacktrace information)
Command duration or timeout: 13 milliseconds
Build info: version: &apos;2.26.0&apos;, revision: &apos;18040&apos;, time: &apos;2012-11-02 09:44:45&apos;
System info: os.name: &apos;Windows 7&apos;, os.arch: &apos;amd64&apos;, os.version: &apos;6.1&apos;, java.version: &apos;1.7.0_09&apos;
Driver info: driver.version: RemoteWebDriver
Session ID: 00a48d326a720675cb8212ec46bdcaaf" type="org.openqa.selenium.WebDriverException">org.openqa.selenium.WebDriverException: Script execution failed. Script: logged_in = getCookie(&quot;umagicpro_logged_in&quot;);if (logged_in == 0) {$(&apos;.gradient_back, .gradient_back_two, .div_abs_for_ifr&apos;).css({&apos;display&apos;: &apos;block&apos;});var atr_adm = $(&apos;.administrator&apos;).attr(&quot;href&quot;); $(&quot;.iframe_rega&quot;).attr({ src: atr_adm}).css({display: &quot;none&quot; });$(&quot;.iframe_rega&quot;).load(function () { $(&apos;.bLoginFormWrap_kn&apos;).css({&apos;display&apos;: &apos;block&apos;}); $(this).css({  visibility: &quot;visible&quot;, display: &quot;block&quot;}); }); } else {loginAction(); };
 getCookie is not defined (WARNING: The server did not provide any stacktrace information)
Command duration or timeout: 13 milliseconds
Build info: version: &apos;2.26.0&apos;, revision: &apos;18040&apos;, time: &apos;2012-11-02 09:44:45&apos;
System info: os.name: &apos;Windows 7&apos;, os.arch: &apos;amd64&apos;, os.version: &apos;6.1&apos;, java.version: &apos;1.7.0_09&apos;
Driver info: driver.version: RemoteWebDriver
Session ID: 00a48d326a720675cb8212ec46bdcaaf
	at sun.reflect.GeneratedConstructorAccessor14.newInstance(Unknown Source)
	at sun.reflect.DelegatingConstructorAccessorImpl.newInstance(DelegatingConstructorAccessorImpl.java:45)
	at java.lang.reflect.Constructor.newInstance(Constructor.java:525)
	at org.openqa.selenium.remote.ErrorHandler.createThrowable(ErrorHandler.java:188)
	at org.openqa.selenium.remote.ErrorHandler.throwIfResponseFailed(ErrorHandler.java:145)
	at org.openqa.selenium.remote.RemoteWebDriver.execute(RemoteWebDriver.java:531)
	at org.openqa.selenium.remote.RemoteWebDriver.executeScript(RemoteWebDriver.java:440)
	at com.YouMagicPro.LKA_tests.TestBase.waitContractPageToLoad(TestBase.java:238)
	at com.YouMagicPro.LKA_tests.ContractCorAccount19NumbersTest.contractCorAccount19NumbersTest_C15005(ContractCorAccount19NumbersTest.java:11)
</failure>
  </testcase>
  <testcase time="12.823" classname="com.YouMagicPro.LKA_tests.ContractCorAccountLettersAndNumbersTextFieldTest" name="contractCorAccountTenInTextFieldTest_C15000">
    <failure message="Script execution failed. Script: logged_in = getCookie(&quot;umagicpro_logged_in&quot;);if (logged_in == 0) {$(&apos;.gradient_back, .gradient_back_two, .div_abs_for_ifr&apos;).css({&apos;display&apos;: &apos;block&apos;});var atr_adm = $(&apos;.administrator&apos;).attr(&quot;href&quot;); $(&quot;.iframe_rega&quot;).attr({ src: atr_adm}).css({display: &quot;none&quot; });$(&quot;.iframe_rega&quot;).load(function () { $(&apos;.bLoginFormWrap_kn&apos;).css({&apos;display&apos;: &apos;block&apos;}); $(this).css({  visibility: &quot;visible&quot;, display: &quot;block&quot;}); }); } else {loginAction(); };
 getCookie is not defined (WARNING: The server did not provide any stacktrace information)
Command duration or timeout: 22 milliseconds
Build info: version: &apos;2.26.0&apos;, revision: &apos;18040&apos;, time: &apos;2012-11-02 09:44:45&apos;
System info: os.name: &apos;Windows 7&apos;, os.arch: &apos;amd64&apos;, os.version: &apos;6.1&apos;, java.version: &apos;1.7.0_09&apos;
Driver info: driver.version: RemoteWebDriver
Session ID: 0f3db4c7e5236000b3ddd6101d940ffd" type="org.openqa.selenium.WebDriverException">org.openqa.selenium.WebDriverException: Script execution failed. Script: logged_in = getCookie(&quot;umagicpro_logged_in&quot;);if (logged_in == 0) {$(&apos;.gradient_back, .gradient_back_two, .div_abs_for_ifr&apos;).css({&apos;display&apos;: &apos;block&apos;});var atr_adm = $(&apos;.administrator&apos;).attr(&quot;href&quot;); $(&quot;.iframe_rega&quot;).attr({ src: atr_adm}).css({display: &quot;none&quot; });$(&quot;.iframe_rega&quot;).load(function () { $(&apos;.bLoginFormWrap_kn&apos;).css({&apos;display&apos;: &apos;block&apos;}); $(this).css({  visibility: &quot;visible&quot;, display: &quot;block&quot;}); }); } else {loginAction(); };
 getCookie is not defined (WARNING: The server did not provide any stacktrace information)
Command duration or timeout: 22 milliseconds
Build info: version: &apos;2.26.0&apos;, revision: &apos;18040&apos;, time: &apos;2012-11-02 09:44:45&apos;
System info: os.name: &apos;Windows 7&apos;, os.arch: &apos;amd64&apos;, os.version: &apos;6.1&apos;, java.version: &apos;1.7.0_09&apos;
Driver info: driver.version: RemoteWebDriver
Session ID: 0f3db4c7e5236000b3ddd6101d940ffd
	at sun.reflect.GeneratedConstructorAccessor14.newInstance(Unknown Source)
	at sun.reflect.DelegatingConstructorAccessorImpl.newInstance(DelegatingConstructorAccessorImpl.java:45)
	at java.lang.reflect.Constructor.newInstance(Constructor.java:525)
	at org.openqa.selenium.remote.ErrorHandler.createThrowable(ErrorHandler.java:188)
	at org.openqa.selenium.remote.ErrorHandler.throwIfResponseFailed(ErrorHandler.java:145)
	at org.openqa.selenium.remote.RemoteWebDriver.execute(RemoteWebDriver.java:531)
	at org.openqa.selenium.remote.RemoteWebDriver.executeScript(RemoteWebDriver.java:440)
	at com.YouMagicPro.LKA_tests.TestBase.waitContractPageToLoad(TestBase.java:238)
	at com.YouMagicPro.LKA_tests.ContractCorAccountLettersAndNumbersTextFieldTest.contractCorAccountTenInTextFieldTest_C15000(ContractCorAccountLettersAndNumbersTextFieldTest.java:8)
</failure>
  </testcase>
  <testcase time="12.977" classname="com.YouMagicPro.LKA_tests.ContractCorAccountLettersInTextFieldTest" name="contractCorAccountLettersInTextFieldTest_C15001">
    <failure message="Script execution failed. Script: logged_in = getCookie(&quot;umagicpro_logged_in&quot;);if (logged_in == 0) {$(&apos;.gradient_back, .gradient_back_two, .div_abs_for_ifr&apos;).css({&apos;display&apos;: &apos;block&apos;});var atr_adm = $(&apos;.administrator&apos;).attr(&quot;href&quot;); $(&quot;.iframe_rega&quot;).attr({ src: atr_adm}).css({display: &quot;none&quot; });$(&quot;.iframe_rega&quot;).load(function () { $(&apos;.bLoginFormWrap_kn&apos;).css({&apos;display&apos;: &apos;block&apos;}); $(this).css({  visibility: &quot;visible&quot;, display: &quot;block&quot;}); }); } else {loginAction(); };
 getCookie is not defined (WARNING: The server did not provide any stacktrace information)
Command duration or timeout: 19 milliseconds
Build info: version: &apos;2.26.0&apos;, revision: &apos;18040&apos;, time: &apos;2012-11-02 09:44:45&apos;
System info: os.name: &apos;Windows 7&apos;, os.arch: &apos;amd64&apos;, os.version: &apos;6.1&apos;, java.version: &apos;1.7.0_09&apos;
Driver info: driver.version: RemoteWebDriver
Session ID: e5bc8e80d41677c7b6e058f3c5a8203a" type="org.openqa.selenium.WebDriverException">org.openqa.selenium.WebDriverException: Script execution failed. Script: logged_in = getCookie(&quot;umagicpro_logged_in&quot;);if (logged_in == 0) {$(&apos;.gradient_back, .gradient_back_two, .div_abs_for_ifr&apos;).css({&apos;display&apos;: &apos;block&apos;});var atr_adm = $(&apos;.administrator&apos;).attr(&quot;href&quot;); $(&quot;.iframe_rega&quot;).attr({ src: atr_adm}).css({display: &quot;none&quot; });$(&quot;.iframe_rega&quot;).load(function () { $(&apos;.bLoginFormWrap_kn&apos;).css({&apos;display&apos;: &apos;block&apos;}); $(this).css({  visibility: &quot;visible&quot;, display: &quot;block&quot;}); }); } else {loginAction(); };
 getCookie is not defined (WARNING: The server did not provide any stacktrace information)
Command duration or timeout: 19 milliseconds
Build info: version: &apos;2.26.0&apos;, revision: &apos;18040&apos;, time: &apos;2012-11-02 09:44:45&apos;
System info: os.name: &apos;Windows 7&apos;, os.arch: &apos;amd64&apos;, os.version: &apos;6.1&apos;, java.version: &apos;1.7.0_09&apos;
Driver info: driver.version: RemoteWebDriver
Session ID: e5bc8e80d41677c7b6e058f3c5a8203a
	at sun.reflect.GeneratedConstructorAccessor14.newInstance(Unknown Source)
	at sun.reflect.DelegatingConstructorAccessorImpl.newInstance(DelegatingConstructorAccessorImpl.java:45)
	at java.lang.reflect.Constructor.newInstance(Constructor.java:525)
	at org.openqa.selenium.remote.ErrorHandler.createThrowable(ErrorHandler.java:188)
	at org.openqa.selenium.remote.ErrorHandler.throwIfResponseFailed(ErrorHandler.java:145)
	at org.openqa.selenium.remote.RemoteWebDriver.execute(RemoteWebDriver.java:531)
	at org.openqa.selenium.remote.RemoteWebDriver.executeScript(RemoteWebDriver.java:440)
	at com.YouMagicPro.LKA_tests.TestBase.waitContractPageToLoad(TestBase.java:238)
	at com.YouMagicPro.LKA_tests.ContractCorAccountLettersInTextFieldTest.contractCorAccountLettersInTextFieldTest_C15001(ContractCorAccountLettersInTextFieldTest.java:8)
</failure>
  </testcase>
  <testcase time="27.963" classname="com.YouMagicPro.LKA_tests.ContractCorAccountOneInTextFieldTest" name="contractCorAccountOneInTextFieldTest_C14499"/>
  <testcase time="12.866" classname="com.YouMagicPro.LKA_tests.ContractCorAccountSymbolsInTextFieldTest" name="contractCorAccountSymbolsInTextFieldTest_C15003">
    <failure message="Script execution failed. Script: logged_in = getCookie(&quot;umagicpro_logged_in&quot;);if (logged_in == 0) {$(&apos;.gradient_back, .gradient_back_two, .div_abs_for_ifr&apos;).css({&apos;display&apos;: &apos;block&apos;});var atr_adm = $(&apos;.administrator&apos;).attr(&quot;href&quot;); $(&quot;.iframe_rega&quot;).attr({ src: atr_adm}).css({display: &quot;none&quot; });$(&quot;.iframe_rega&quot;).load(function () { $(&apos;.bLoginFormWrap_kn&apos;).css({&apos;display&apos;: &apos;block&apos;}); $(this).css({  visibility: &quot;visible&quot;, display: &quot;block&quot;}); }); } else {loginAction(); };
 getCookie is not defined (WARNING: The server did not provide any stacktrace information)
Command duration or timeout: 20 milliseconds
Build info: version: &apos;2.26.0&apos;, revision: &apos;18040&apos;, time: &apos;2012-11-02 09:44:45&apos;
System info: os.name: &apos;Windows 7&apos;, os.arch: &apos;amd64&apos;, os.version: &apos;6.1&apos;, java.version: &apos;1.7.0_09&apos;
Driver info: driver.version: RemoteWebDriver
Session ID: 64f91d8a2afbfc5149ab062f72ba5125" type="org.openqa.selenium.WebDriverException">org.openqa.selenium.WebDriverException: Script execution failed. Script: logged_in = getCookie(&quot;umagicpro_logged_in&quot;);if (logged_in == 0) {$(&apos;.gradient_back, .gradient_back_two, .div_abs_for_ifr&apos;).css({&apos;display&apos;: &apos;block&apos;});var atr_adm = $(&apos;.administrator&apos;).attr(&quot;href&quot;); $(&quot;.iframe_rega&quot;).attr({ src: atr_adm}).css({display: &quot;none&quot; });$(&quot;.iframe_rega&quot;).load(function () { $(&apos;.bLoginFormWrap_kn&apos;).css({&apos;display&apos;: &apos;block&apos;}); $(this).css({  visibility: &quot;visible&quot;, display: &quot;block&quot;}); }); } else {loginAction(); };
 getCookie is not defined (WARNING: The server did not provide any stacktrace information)
Command duration or timeout: 20 milliseconds
Build info: version: &apos;2.26.0&apos;, revision: &apos;18040&apos;, time: &apos;2012-11-02 09:44:45&apos;
System info: os.name: &apos;Windows 7&apos;, os.arch: &apos;amd64&apos;, os.version: &apos;6.1&apos;, java.version: &apos;1.7.0_09&apos;
Driver info: driver.version: RemoteWebDriver
Session ID: 64f91d8a2afbfc5149ab062f72ba5125
	at sun.reflect.GeneratedConstructorAccessor14.newInstance(Unknown Source)
	at sun.reflect.DelegatingConstructorAccessorImpl.newInstance(DelegatingConstructorAccessorImpl.java:45)
	at java.lang.reflect.Constructor.newInstance(Constructor.java:525)
	at org.openqa.selenium.remote.ErrorHandler.createThrowable(ErrorHandler.java:188)
	at org.openqa.selenium.remote.ErrorHandler.throwIfResponseFailed(ErrorHandler.java:145)
	at org.openqa.selenium.remote.RemoteWebDriver.execute(RemoteWebDriver.java:531)
	at org.openqa.selenium.remote.RemoteWebDriver.executeScript(RemoteWebDriver.java:440)
	at com.YouMagicPro.LKA_tests.TestBase.waitContractPageToLoad(TestBase.java:238)
	at com.YouMagicPro.LKA_tests.ContractCorAccountSymbolsInTextFieldTest.contractCorAccountSymbolsInTextFieldTest_C15003(ContractCorAccountSymbolsInTextFieldTest.java:8)
</failure>
  </testcase>
  <testcase time="28.274" classname="com.YouMagicPro.LKA_tests.ContractCorAccountTenInTextFieldTest" name="contractCorAccountTenInTextFieldTest_C15000"/>
  <testcase time="26.69" classname="com.YouMagicPro.LKA_tests.ContractEndOfPageDataTest" name="contractEndOfPageDataTest_C15062">
    <failure message="Element is not clickable at point (58, 663). Other element would receive the click: &lt;img id=&quot;1&quot; class=&quot;slideimage&quot; src=&quot;/sites/all/modules/contrib/umagicpro_instructions/images/home.png&quot; data-title=&quot;Благодарим вас за выбор YouMagic.Pro!&quot;&gt; (WARNING: The server did not provide any stacktrace information)
Command duration or timeout: 83 milliseconds
Build info: version: &apos;2.26.0&apos;, revision: &apos;18040&apos;, time: &apos;2012-11-02 09:44:45&apos;
System info: os.name: &apos;Windows 7&apos;, os.arch: &apos;amd64&apos;, os.version: &apos;6.1&apos;, java.version: &apos;1.7.0_09&apos;
Driver info: driver.version: RemoteWebDriver
Session ID: 04fbbc55d8303b7fe97e6401b60cb647" type="org.openqa.selenium.WebDriverException">org.openqa.selenium.WebDriverException: Element is not clickable at point (58, 663). Other element would receive the click: &lt;img id=&quot;1&quot; class=&quot;slideimage&quot; src=&quot;/sites/all/modules/contrib/umagicpro_instructions/images/home.png&quot; data-title=&quot;Благодарим вас за выбор YouMagic.Pro!&quot;&gt; (WARNING: The server did not provide any stacktrace information)
Command duration or timeout: 83 milliseconds
Build info: version: &apos;2.26.0&apos;, revision: &apos;18040&apos;, time: &apos;2012-11-02 09:44:45&apos;
System info: os.name: &apos;Windows 7&apos;, os.arch: &apos;amd64&apos;, os.version: &apos;6.1&apos;, java.version: &apos;1.7.0_09&apos;
Driver info: driver.version: RemoteWebDriver
Session ID: 04fbbc55d8303b7fe97e6401b60cb647
	at sun.reflect.GeneratedConstructorAccessor14.newInstance(Unknown Source)
	at sun.reflect.DelegatingConstructorAccessorImpl.newInstance(DelegatingConstructorAccessorImpl.java:45)
	at java.lang.reflect.Constructor.newInstance(Constructor.java:525)
	at org.openqa.selenium.remote.ErrorHandler.createThrowable(ErrorHandler.java:188)
	at org.openqa.selenium.remote.ErrorHandler.throwIfResponseFailed(ErrorHandler.java:145)
	at org.openqa.selenium.remote.RemoteWebDriver.execute(RemoteWebDriver.java:531)
	at org.openqa.selenium.remote.RemoteWebElement.execute(RemoteWebElement.java:246)
	at org.openqa.selenium.remote.RemoteWebElement.click(RemoteWebElement.java:79)
	at com.YouMagicPro.LKA_tests.ContractEndOfPageDataTest.contractEndOfPageDataTest_C15062(ContractEndOfPageDataTest.java:14)
</failure>
  </testcase>
  <testcase time="14.103" classname="com.YouMagicPro.LKA_tests.ContractFillInDataTest" name="fillInContractDataTest_C14998">
    <failure message="Script execution failed. Script: logged_in = getCookie(&quot;umagicpro_logged_in&quot;);if (logged_in == 0) {$(&apos;.gradient_back, .gradient_back_two, .div_abs_for_ifr&apos;).css({&apos;display&apos;: &apos;block&apos;});var atr_adm = $(&apos;.administrator&apos;).attr(&quot;href&quot;); $(&quot;.iframe_rega&quot;).attr({ src: atr_adm}).css({display: &quot;none&quot; });$(&quot;.iframe_rega&quot;).load(function () { $(&apos;.bLoginFormWrap_kn&apos;).css({&apos;display&apos;: &apos;block&apos;}); $(this).css({  visibility: &quot;visible&quot;, display: &quot;block&quot;}); }); } else {loginAction(); };
 getCookie is not defined (WARNING: The server did not provide any stacktrace information)
Command duration or timeout: 17 milliseconds
Build info: version: &apos;2.26.0&apos;, revision: &apos;18040&apos;, time: &apos;2012-11-02 09:44:45&apos;
System info: os.name: &apos;Windows 7&apos;, os.arch: &apos;amd64&apos;, os.version: &apos;6.1&apos;, java.version: &apos;1.7.0_09&apos;
Driver info: driver.version: RemoteWebDriver
Session ID: 9a354438c4ca35d3b260f2db1104e881" type="org.openqa.selenium.WebDriverException">org.openqa.selenium.WebDriverException: Script execution failed. Script: logged_in = getCookie(&quot;umagicpro_logged_in&quot;);if (logged_in == 0) {$(&apos;.gradient_back, .gradient_back_two, .div_abs_for_ifr&apos;).css({&apos;display&apos;: &apos;block&apos;});var atr_adm = $(&apos;.administrator&apos;).attr(&quot;href&quot;); $(&quot;.iframe_rega&quot;).attr({ src: atr_adm}).css({display: &quot;none&quot; });$(&quot;.iframe_rega&quot;).load(function () { $(&apos;.bLoginFormWrap_kn&apos;).css({&apos;display&apos;: &apos;block&apos;}); $(this).css({  visibility: &quot;visible&quot;, display: &quot;block&quot;}); }); } else {loginAction(); };
 getCookie is not defined (WARNING: The server did not provide any stacktrace information)
Command duration or timeout: 17 milliseconds
Build info: version: &apos;2.26.0&apos;, revision: &apos;18040&apos;, time: &apos;2012-11-02 09:44:45&apos;
System info: os.name: &apos;Windows 7&apos;, os.arch: &apos;amd64&apos;, os.version: &apos;6.1&apos;, java.version: &apos;1.7.0_09&apos;
Driver info: driver.version: RemoteWebDriver
Session ID: 9a354438c4ca35d3b260f2db1104e881
	at sun.reflect.GeneratedConstructorAccessor14.newInstance(Unknown Source)
	at sun.reflect.DelegatingConstructorAccessorImpl.newInstance(DelegatingConstructorAccessorImpl.java:45)
	at java.lang.reflect.Constructor.newInstance(Constructor.java:525)
	at org.openqa.selenium.remote.ErrorHandler.createThrowable(ErrorHandler.java:188)
	at org.openqa.selenium.remote.ErrorHandler.throwIfResponseFailed(ErrorHandler.java:145)
	at org.openqa.selenium.remote.RemoteWebDriver.execute(RemoteWebDriver.java:531)
	at org.openqa.selenium.remote.RemoteWebDriver.executeScript(RemoteWebDriver.java:440)
	at com.YouMagicPro.LKA_tests.TestBase.waitContractPageToLoad(TestBase.java:238)
	at com.YouMagicPro.LKA_tests.ContractFillInDataTest.fillInContractDataTest_C14998(ContractFillInDataTest.java:13)
</failure>
  </testcase>
  <testcase time="51.035" classname="com.YouMagicPro.LKA_tests.ContractInn6NumbersInTextFieldTest" name="contractInn6NumbersInTextFieldTest_C15029"/>
  <testcase time="12.862" classname="com.YouMagicPro.LKA_tests.ContractInnChooseFormTest" name="contractInnChooseForm_C15047">
    <failure message="Script execution failed. Script: logged_in = getCookie(&quot;umagicpro_logged_in&quot;);if (logged_in == 0) {$(&apos;.gradient_back, .gradient_back_two, .div_abs_for_ifr&apos;).css({&apos;display&apos;: &apos;block&apos;});var atr_adm = $(&apos;.administrator&apos;).attr(&quot;href&quot;); $(&quot;.iframe_rega&quot;).attr({ src: atr_adm}).css({display: &quot;none&quot; });$(&quot;.iframe_rega&quot;).load(function () { $(&apos;.bLoginFormWrap_kn&apos;).css({&apos;display&apos;: &apos;block&apos;}); $(this).css({  visibility: &quot;visible&quot;, display: &quot;block&quot;}); }); } else {loginAction(); };
 getCookie is not defined (WARNING: The server did not provide any stacktrace information)
Command duration or timeout: 18 milliseconds
Build info: version: &apos;2.26.0&apos;, revision: &apos;18040&apos;, time: &apos;2012-11-02 09:44:45&apos;
System info: os.name: &apos;Windows 7&apos;, os.arch: &apos;amd64&apos;, os.version: &apos;6.1&apos;, java.version: &apos;1.7.0_09&apos;
Driver info: driver.version: RemoteWebDriver
Session ID: 78328d5336255f98e225fe5d9cb0961a" type="org.openqa.selenium.WebDriverException">org.openqa.selenium.WebDriverException: Script execution failed. Script: logged_in = getCookie(&quot;umagicpro_logged_in&quot;);if (logged_in == 0) {$(&apos;.gradient_back, .gradient_back_two, .div_abs_for_ifr&apos;).css({&apos;display&apos;: &apos;block&apos;});var atr_adm = $(&apos;.administrator&apos;).attr(&quot;href&quot;); $(&quot;.iframe_rega&quot;).attr({ src: atr_adm}).css({display: &quot;none&quot; });$(&quot;.iframe_rega&quot;).load(function () { $(&apos;.bLoginFormWrap_kn&apos;).css({&apos;display&apos;: &apos;block&apos;}); $(this).css({  visibility: &quot;visible&quot;, display: &quot;block&quot;}); }); } else {loginAction(); };
 getCookie is not defined (WARNING: The server did not provide any stacktrace information)
Command duration or timeout: 18 milliseconds
Build info: version: &apos;2.26.0&apos;, revision: &apos;18040&apos;, time: &apos;2012-11-02 09:44:45&apos;
System info: os.name: &apos;Windows 7&apos;, os.arch: &apos;amd64&apos;, os.version: &apos;6.1&apos;, java.version: &apos;1.7.0_09&apos;
Driver info: driver.version: RemoteWebDriver
Session ID: 78328d5336255f98e225fe5d9cb0961a
	at sun.reflect.GeneratedConstructorAccessor14.newInstance(Unknown Source)
	at sun.reflect.DelegatingConstructorAccessorImpl.newInstance(DelegatingConstructorAccessorImpl.java:45)
	at java.lang.reflect.Constructor.newInstance(Constructor.java:525)
	at org.openqa.selenium.remote.ErrorHandler.createThrowable(ErrorHandler.java:188)
	at org.openqa.selenium.remote.ErrorHandler.throwIfResponseFailed(ErrorHandler.java:145)
	at org.openqa.selenium.remote.RemoteWebDriver.execute(RemoteWebDriver.java:531)
	at org.openqa.selenium.remote.RemoteWebDriver.executeScript(RemoteWebDriver.java:440)
	at com.YouMagicPro.LKA_tests.TestBase.waitContractPageToLoad(TestBase.java:238)
	at com.YouMagicPro.LKA_tests.ContractInnChooseFormTest.contractInnChooseForm_C15047(ContractInnChooseFormTest.java:11)
</failure>
  </testcase>
  <testcase time="12.893" classname="com.YouMagicPro.LKA_tests.ContractInnLettersInTextFieldTest" name="contractInnLettersInTextFieldTest_C15030">
    <failure message="Script execution failed. Script: logged_in = getCookie(&quot;umagicpro_logged_in&quot;);if (logged_in == 0) {$(&apos;.gradient_back, .gradient_back_two, .div_abs_for_ifr&apos;).css({&apos;display&apos;: &apos;block&apos;});var atr_adm = $(&apos;.administrator&apos;).attr(&quot;href&quot;); $(&quot;.iframe_rega&quot;).attr({ src: atr_adm}).css({display: &quot;none&quot; });$(&quot;.iframe_rega&quot;).load(function () { $(&apos;.bLoginFormWrap_kn&apos;).css({&apos;display&apos;: &apos;block&apos;}); $(this).css({  visibility: &quot;visible&quot;, display: &quot;block&quot;}); }); } else {loginAction(); };
 getCookie is not defined (WARNING: The server did not provide any stacktrace information)
Command duration or timeout: 19 milliseconds
Build info: version: &apos;2.26.0&apos;, revision: &apos;18040&apos;, time: &apos;2012-11-02 09:44:45&apos;
System info: os.name: &apos;Windows 7&apos;, os.arch: &apos;amd64&apos;, os.version: &apos;6.1&apos;, java.version: &apos;1.7.0_09&apos;
Driver info: driver.version: RemoteWebDriver
Session ID: 517748264d66a5ec6d130be600a423d8" type="org.openqa.selenium.WebDriverException">org.openqa.selenium.WebDriverException: Script execution failed. Script: logged_in = getCookie(&quot;umagicpro_logged_in&quot;);if (logged_in == 0) {$(&apos;.gradient_back, .gradient_back_two, .div_abs_for_ifr&apos;).css({&apos;display&apos;: &apos;block&apos;});var atr_adm = $(&apos;.administrator&apos;).attr(&quot;href&quot;); $(&quot;.iframe_rega&quot;).attr({ src: atr_adm}).css({display: &quot;none&quot; });$(&quot;.iframe_rega&quot;).load(function () { $(&apos;.bLoginFormWrap_kn&apos;).css({&apos;display&apos;: &apos;block&apos;}); $(this).css({  visibility: &quot;visible&quot;, display: &quot;block&quot;}); }); } else {loginAction(); };
 getCookie is not defined (WARNING: The server did not provide any stacktrace information)
Command duration or timeout: 19 milliseconds
Build info: version: &apos;2.26.0&apos;, revision: &apos;18040&apos;, time: &apos;2012-11-02 09:44:45&apos;
System info: os.name: &apos;Windows 7&apos;, os.arch: &apos;amd64&apos;, os.version: &apos;6.1&apos;, java.version: &apos;1.7.0_09&apos;
Driver info: driver.version: RemoteWebDriver
Session ID: 517748264d66a5ec6d130be600a423d8
	at sun.reflect.GeneratedConstructorAccessor14.newInstance(Unknown Source)
	at sun.reflect.DelegatingConstructorAccessorImpl.newInstance(DelegatingConstructorAccessorImpl.java:45)
	at java.lang.reflect.Constructor.newInstance(Constructor.java:525)
	at org.openqa.selenium.remote.ErrorHandler.createThrowable(ErrorHandler.java:188)
	at org.openqa.selenium.remote.ErrorHandler.throwIfResponseFailed(ErrorHandler.java:145)
	at org.openqa.selenium.remote.RemoteWebDriver.execute(RemoteWebDriver.java:531)
	at org.openqa.selenium.remote.RemoteWebDriver.executeScript(RemoteWebDriver.java:440)
	at com.YouMagicPro.LKA_tests.TestBase.waitContractPageToLoad(TestBase.java:238)
	at com.YouMagicPro.LKA_tests.ContractInnLettersInTextFieldTest.contractInnLettersInTextFieldTest_C15030(ContractInnLettersInTextFieldTest.java:8)
</failure>
  </testcase>
  <testcase time="14.143" classname="com.YouMagicPro.LKA_tests.ContractInnOneInTextFieldTest" name="contractInnOneInTextFieldTest_C15028">
    <failure message="Script execution failed. Script: logged_in = getCookie(&quot;umagicpro_logged_in&quot;);if (logged_in == 0) {$(&apos;.gradient_back, .gradient_back_two, .div_abs_for_ifr&apos;).css({&apos;display&apos;: &apos;block&apos;});var atr_adm = $(&apos;.administrator&apos;).attr(&quot;href&quot;); $(&quot;.iframe_rega&quot;).attr({ src: atr_adm}).css({display: &quot;none&quot; });$(&quot;.iframe_rega&quot;).load(function () { $(&apos;.bLoginFormWrap_kn&apos;).css({&apos;display&apos;: &apos;block&apos;}); $(this).css({  visibility: &quot;visible&quot;, display: &quot;block&quot;}); }); } else {loginAction(); };
 getCookie is not defined (WARNING: The server did not provide any stacktrace information)
Command duration or timeout: 17 milliseconds
Build info: version: &apos;2.26.0&apos;, revision: &apos;18040&apos;, time: &apos;2012-11-02 09:44:45&apos;
System info: os.name: &apos;Windows 7&apos;, os.arch: &apos;amd64&apos;, os.version: &apos;6.1&apos;, java.version: &apos;1.7.0_09&apos;
Driver info: driver.version: RemoteWebDriver
Session ID: 407e04167b32c3d5fede9f0539c0aaad" type="org.openqa.selenium.WebDriverException">org.openqa.selenium.WebDriverException: Script execution failed. Script: logged_in = getCookie(&quot;umagicpro_logged_in&quot;);if (logged_in == 0) {$(&apos;.gradient_back, .gradient_back_two, .div_abs_for_ifr&apos;).css({&apos;display&apos;: &apos;block&apos;});var atr_adm = $(&apos;.administrator&apos;).attr(&quot;href&quot;); $(&quot;.iframe_rega&quot;).attr({ src: atr_adm}).css({display: &quot;none&quot; });$(&quot;.iframe_rega&quot;).load(function () { $(&apos;.bLoginFormWrap_kn&apos;).css({&apos;display&apos;: &apos;block&apos;}); $(this).css({  visibility: &quot;visible&quot;, display: &quot;block&quot;}); }); } else {loginAction(); };
 getCookie is not defined (WARNING: The server did not provide any stacktrace information)
Command duration or timeout: 17 milliseconds
Build info: version: &apos;2.26.0&apos;, revision: &apos;18040&apos;, time: &apos;2012-11-02 09:44:45&apos;
System info: os.name: &apos;Windows 7&apos;, os.arch: &apos;amd64&apos;, os.version: &apos;6.1&apos;, java.version: &apos;1.7.0_09&apos;
Driver info: driver.version: RemoteWebDriver
Session ID: 407e04167b32c3d5fede9f0539c0aaad
	at sun.reflect.GeneratedConstructorAccessor14.newInstance(Unknown Source)
	at sun.reflect.DelegatingConstructorAccessorImpl.newInstance(DelegatingConstructorAccessorImpl.java:45)
	at java.lang.reflect.Constructor.newInstance(Constructor.java:525)
	at org.openqa.selenium.remote.ErrorHandler.createThrowable(ErrorHandler.java:188)
	at org.openqa.selenium.remote.ErrorHandler.throwIfResponseFailed(ErrorHandler.java:145)
	at org.openqa.selenium.remote.RemoteWebDriver.execute(RemoteWebDriver.java:531)
	at org.openqa.selenium.remote.RemoteWebDriver.executeScript(RemoteWebDriver.java:440)
	at com.YouMagicPro.LKA_tests.TestBase.waitContractPageToLoad(TestBase.java:238)
	at com.YouMagicPro.LKA_tests.ContractInnOneInTextFieldTest.contractInnOneInTextFieldTest_C15028(ContractInnOneInTextFieldTest.java:8)
</failure>
  </testcase>
  <testcase time="15.828" classname="com.YouMagicPro.LKA_tests.ContractInnSymbolsInTextFieldTest" name="contractInnLettersInTextFieldTest_C15030">
    <failure message="Script execution failed. Script: logged_in = getCookie(&quot;umagicpro_logged_in&quot;);if (logged_in == 0) {$(&apos;.gradient_back, .gradient_back_two, .div_abs_for_ifr&apos;).css({&apos;display&apos;: &apos;block&apos;});var atr_adm = $(&apos;.administrator&apos;).attr(&quot;href&quot;); $(&quot;.iframe_rega&quot;).attr({ src: atr_adm}).css({display: &quot;none&quot; });$(&quot;.iframe_rega&quot;).load(function () { $(&apos;.bLoginFormWrap_kn&apos;).css({&apos;display&apos;: &apos;block&apos;}); $(this).css({  visibility: &quot;visible&quot;, display: &quot;block&quot;}); }); } else {loginAction(); };
 getCookie is not defined (WARNING: The server did not provide any stacktrace information)
Command duration or timeout: 20 milliseconds
Build info: version: &apos;2.26.0&apos;, revision: &apos;18040&apos;, time: &apos;2012-11-02 09:44:45&apos;
System info: os.name: &apos;Windows 7&apos;, os.arch: &apos;amd64&apos;, os.version: &apos;6.1&apos;, java.version: &apos;1.7.0_09&apos;
Driver info: driver.version: RemoteWebDriver
Session ID: 4324df5af01b03d162a8de70e5212728" type="org.openqa.selenium.WebDriverException">org.openqa.selenium.WebDriverException: Script execution failed. Script: logged_in = getCookie(&quot;umagicpro_logged_in&quot;);if (logged_in == 0) {$(&apos;.gradient_back, .gradient_back_two, .div_abs_for_ifr&apos;).css({&apos;display&apos;: &apos;block&apos;});var atr_adm = $(&apos;.administrator&apos;).attr(&quot;href&quot;); $(&quot;.iframe_rega&quot;).attr({ src: atr_adm}).css({display: &quot;none&quot; });$(&quot;.iframe_rega&quot;).load(function () { $(&apos;.bLoginFormWrap_kn&apos;).css({&apos;display&apos;: &apos;block&apos;}); $(this).css({  visibility: &quot;visible&quot;, display: &quot;block&quot;}); }); } else {loginAction(); };
 getCookie is not defined (WARNING: The server did not provide any stacktrace information)
Command duration or timeout: 20 milliseconds
Build info: version: &apos;2.26.0&apos;, revision: &apos;18040&apos;, time: &apos;2012-11-02 09:44:45&apos;
System info: os.name: &apos;Windows 7&apos;, os.arch: &apos;amd64&apos;, os.version: &apos;6.1&apos;, java.version: &apos;1.7.0_09&apos;
Driver info: driver.version: RemoteWebDriver
Session ID: 4324df5af01b03d162a8de70e5212728
	at sun.reflect.GeneratedConstructorAccessor14.newInstance(Unknown Source)
	at sun.reflect.DelegatingConstructorAccessorImpl.newInstance(DelegatingConstructorAccessorImpl.java:45)
	at java.lang.reflect.Constructor.newInstance(Constructor.java:525)
	at org.openqa.selenium.remote.ErrorHandler.createThrowable(ErrorHandler.java:188)
	at org.openqa.selenium.remote.ErrorHandler.throwIfResponseFailed(ErrorHandler.java:145)
	at org.openqa.selenium.remote.RemoteWebDriver.execute(RemoteWebDriver.java:531)
	at org.openqa.selenium.remote.RemoteWebDriver.executeScript(RemoteWebDriver.java:440)
	at com.YouMagicPro.LKA_tests.TestBase.waitContractPageToLoad(TestBase.java:238)
	at com.YouMagicPro.LKA_tests.ContractInnSymbolsInTextFieldTest.contractInnLettersInTextFieldTest_C15030(ContractInnSymbolsInTextFieldTest.java:8)
</failure>
  </testcase>
  <testcase time="14.202" classname="com.YouMagicPro.LKA_tests.ContractKpp6NumbersInTextFieldTest" name="contractKppTest_C15049">
    <failure message="Script execution failed. Script: logged_in = getCookie(&quot;umagicpro_logged_in&quot;);if (logged_in == 0) {$(&apos;.gradient_back, .gradient_back_two, .div_abs_for_ifr&apos;).css({&apos;display&apos;: &apos;block&apos;});var atr_adm = $(&apos;.administrator&apos;).attr(&quot;href&quot;); $(&quot;.iframe_rega&quot;).attr({ src: atr_adm}).css({display: &quot;none&quot; });$(&quot;.iframe_rega&quot;).load(function () { $(&apos;.bLoginFormWrap_kn&apos;).css({&apos;display&apos;: &apos;block&apos;}); $(this).css({  visibility: &quot;visible&quot;, display: &quot;block&quot;}); }); } else {loginAction(); };
 getCookie is not defined (WARNING: The server did not provide any stacktrace information)
Command duration or timeout: 15 milliseconds
Build info: version: &apos;2.26.0&apos;, revision: &apos;18040&apos;, time: &apos;2012-11-02 09:44:45&apos;
System info: os.name: &apos;Windows 7&apos;, os.arch: &apos;amd64&apos;, os.version: &apos;6.1&apos;, java.version: &apos;1.7.0_09&apos;
Driver info: driver.version: RemoteWebDriver
Session ID: 3b424cfdbdb2e8ef974f5ffdacfbfc85" type="org.openqa.selenium.WebDriverException">org.openqa.selenium.WebDriverException: Script execution failed. Script: logged_in = getCookie(&quot;umagicpro_logged_in&quot;);if (logged_in == 0) {$(&apos;.gradient_back, .gradient_back_two, .div_abs_for_ifr&apos;).css({&apos;display&apos;: &apos;block&apos;});var atr_adm = $(&apos;.administrator&apos;).attr(&quot;href&quot;); $(&quot;.iframe_rega&quot;).attr({ src: atr_adm}).css({display: &quot;none&quot; });$(&quot;.iframe_rega&quot;).load(function () { $(&apos;.bLoginFormWrap_kn&apos;).css({&apos;display&apos;: &apos;block&apos;}); $(this).css({  visibility: &quot;visible&quot;, display: &quot;block&quot;}); }); } else {loginAction(); };
 getCookie is not defined (WARNING: The server did not provide any stacktrace information)
Command duration or timeout: 15 milliseconds
Build info: version: &apos;2.26.0&apos;, revision: &apos;18040&apos;, time: &apos;2012-11-02 09:44:45&apos;
System info: os.name: &apos;Windows 7&apos;, os.arch: &apos;amd64&apos;, os.version: &apos;6.1&apos;, java.version: &apos;1.7.0_09&apos;
Driver info: driver.version: RemoteWebDriver
Session ID: 3b424cfdbdb2e8ef974f5ffdacfbfc85
	at sun.reflect.GeneratedConstructorAccessor14.newInstance(Unknown Source)
	at sun.reflect.DelegatingConstructorAccessorImpl.newInstance(DelegatingConstructorAccessorImpl.java:45)
	at java.lang.reflect.Constructor.newInstance(Constructor.java:525)
	at org.openqa.selenium.remote.ErrorHandler.createThrowable(ErrorHandler.java:188)
	at org.openqa.selenium.remote.ErrorHandler.throwIfResponseFailed(ErrorHandler.java:145)
	at org.openqa.selenium.remote.RemoteWebDriver.execute(RemoteWebDriver.java:531)
	at org.openqa.selenium.remote.RemoteWebDriver.executeScript(RemoteWebDriver.java:440)
	at com.YouMagicPro.LKA_tests.TestBase.waitContractPageToLoad(TestBase.java:238)
	at com.YouMagicPro.LKA_tests.ContractKpp6NumbersInTextFieldTest.contractKppTest_C15049(ContractKpp6NumbersInTextFieldTest.java:11)
</failure>
  </testcase>
  <testcase time="14.257" classname="com.YouMagicPro.LKA_tests.ContractKppLettersAndNumbersTest" name="contractKppTest_C15054">
    <failure message="Script execution failed. Script: logged_in = getCookie(&quot;umagicpro_logged_in&quot;);if (logged_in == 0) {$(&apos;.gradient_back, .gradient_back_two, .div_abs_for_ifr&apos;).css({&apos;display&apos;: &apos;block&apos;});var atr_adm = $(&apos;.administrator&apos;).attr(&quot;href&quot;); $(&quot;.iframe_rega&quot;).attr({ src: atr_adm}).css({display: &quot;none&quot; });$(&quot;.iframe_rega&quot;).load(function () { $(&apos;.bLoginFormWrap_kn&apos;).css({&apos;display&apos;: &apos;block&apos;}); $(this).css({  visibility: &quot;visible&quot;, display: &quot;block&quot;}); }); } else {loginAction(); };
 getCookie is not defined (WARNING: The server did not provide any stacktrace information)
Command duration or timeout: 17 milliseconds
Build info: version: &apos;2.26.0&apos;, revision: &apos;18040&apos;, time: &apos;2012-11-02 09:44:45&apos;
System info: os.name: &apos;Windows 7&apos;, os.arch: &apos;amd64&apos;, os.version: &apos;6.1&apos;, java.version: &apos;1.7.0_09&apos;
Driver info: driver.version: RemoteWebDriver
Session ID: 259c7a8a49c57ccc384e8c5974ca8817" type="org.openqa.selenium.WebDriverException">org.openqa.selenium.WebDriverException: Script execution failed. Script: logged_in = getCookie(&quot;umagicpro_logged_in&quot;);if (logged_in == 0) {$(&apos;.gradient_back, .gradient_back_two, .div_abs_for_ifr&apos;).css({&apos;display&apos;: &apos;block&apos;});var atr_adm = $(&apos;.administrator&apos;).attr(&quot;href&quot;); $(&quot;.iframe_rega&quot;).attr({ src: atr_adm}).css({display: &quot;none&quot; });$(&quot;.iframe_rega&quot;).load(function () { $(&apos;.bLoginFormWrap_kn&apos;).css({&apos;display&apos;: &apos;block&apos;}); $(this).css({  visibility: &quot;visible&quot;, display: &quot;block&quot;}); }); } else {loginAction(); };
 getCookie is not defined (WARNING: The server did not provide any stacktrace information)
Command duration or timeout: 17 milliseconds
Build info: version: &apos;2.26.0&apos;, revision: &apos;18040&apos;, time: &apos;2012-11-02 09:44:45&apos;
System info: os.name: &apos;Windows 7&apos;, os.arch: &apos;amd64&apos;, os.version: &apos;6.1&apos;, java.version: &apos;1.7.0_09&apos;
Driver info: driver.version: RemoteWebDriver
Session ID: 259c7a8a49c57ccc384e8c5974ca8817
	at sun.reflect.GeneratedConstructorAccessor14.newInstance(Unknown Source)
	at sun.reflect.DelegatingConstructorAccessorImpl.newInstance(DelegatingConstructorAccessorImpl.java:45)
	at java.lang.reflect.Constructor.newInstance(Constructor.java:525)
	at org.openqa.selenium.remote.ErrorHandler.createThrowable(ErrorHandler.java:188)
	at org.openqa.selenium.remote.ErrorHandler.throwIfResponseFailed(ErrorHandler.java:145)
	at org.openqa.selenium.remote.RemoteWebDriver.execute(RemoteWebDriver.java:531)
	at org.openqa.selenium.remote.RemoteWebDriver.executeScript(RemoteWebDriver.java:440)
	at com.YouMagicPro.LKA_tests.TestBase.waitContractPageToLoad(TestBase.java:238)
	at com.YouMagicPro.LKA_tests.ContractKppLettersAndNumbersTest.contractKppTest_C15054(ContractKppLettersAndNumbersTest.java:11)
</failure>
  </testcase>
  <testcase time="12.911" classname="com.YouMagicPro.LKA_tests.ContractKppLettersTest" name="contractKppTest_C15050">
    <failure message="Script execution failed. Script: logged_in = getCookie(&quot;umagicpro_logged_in&quot;);if (logged_in == 0) {$(&apos;.gradient_back, .gradient_back_two, .div_abs_for_ifr&apos;).css({&apos;display&apos;: &apos;block&apos;});var atr_adm = $(&apos;.administrator&apos;).attr(&quot;href&quot;); $(&quot;.iframe_rega&quot;).attr({ src: atr_adm}).css({display: &quot;none&quot; });$(&quot;.iframe_rega&quot;).load(function () { $(&apos;.bLoginFormWrap_kn&apos;).css({&apos;display&apos;: &apos;block&apos;}); $(this).css({  visibility: &quot;visible&quot;, display: &quot;block&quot;}); }); } else {loginAction(); };
 getCookie is not defined (WARNING: The server did not provide any stacktrace information)
Command duration or timeout: 21 milliseconds
Build info: version: &apos;2.26.0&apos;, revision: &apos;18040&apos;, time: &apos;2012-11-02 09:44:45&apos;
System info: os.name: &apos;Windows 7&apos;, os.arch: &apos;amd64&apos;, os.version: &apos;6.1&apos;, java.version: &apos;1.7.0_09&apos;
Driver info: driver.version: RemoteWebDriver
Session ID: a28f79cec4019b82b92894f86e2db0d0" type="org.openqa.selenium.WebDriverException">org.openqa.selenium.WebDriverException: Script execution failed. Script: logged_in = getCookie(&quot;umagicpro_logged_in&quot;);if (logged_in == 0) {$(&apos;.gradient_back, .gradient_back_two, .div_abs_for_ifr&apos;).css({&apos;display&apos;: &apos;block&apos;});var atr_adm = $(&apos;.administrator&apos;).attr(&quot;href&quot;); $(&quot;.iframe_rega&quot;).attr({ src: atr_adm}).css({display: &quot;none&quot; });$(&quot;.iframe_rega&quot;).load(function () { $(&apos;.bLoginFormWrap_kn&apos;).css({&apos;display&apos;: &apos;block&apos;}); $(this).css({  visibility: &quot;visible&quot;, display: &quot;block&quot;}); }); } else {loginAction(); };
 getCookie is not defined (WARNING: The server did not provide any stacktrace information)
Command duration or timeout: 21 milliseconds
Build info: version: &apos;2.26.0&apos;, revision: &apos;18040&apos;, time: &apos;2012-11-02 09:44:45&apos;
System info: os.name: &apos;Windows 7&apos;, os.arch: &apos;amd64&apos;, os.version: &apos;6.1&apos;, java.version: &apos;1.7.0_09&apos;
Driver info: driver.version: RemoteWebDriver
Session ID: a28f79cec4019b82b92894f86e2db0d0
	at sun.reflect.GeneratedConstructorAccessor14.newInstance(Unknown Source)
	at sun.reflect.DelegatingConstructorAccessorImpl.newInstance(DelegatingConstructorAccessorImpl.java:45)
	at java.lang.reflect.Constructor.newInstance(Constructor.java:525)
	at org.openqa.selenium.remote.ErrorHandler.createThrowable(ErrorHandler.java:188)
	at org.openqa.selenium.remote.ErrorHandler.throwIfResponseFailed(ErrorHandler.java:145)
	at org.openqa.selenium.remote.RemoteWebDriver.execute(RemoteWebDriver.java:531)
	at org.openqa.selenium.remote.RemoteWebDriver.executeScript(RemoteWebDriver.java:440)
	at com.YouMagicPro.LKA_tests.TestBase.waitContractPageToLoad(TestBase.java:238)
	at com.YouMagicPro.LKA_tests.ContractKppLettersTest.contractKppTest_C15050(ContractKppLettersTest.java:11)
</failure>
  </testcase>
  <testcase time="28.148" classname="com.YouMagicPro.LKA_tests.ContractKppOneNumberInTextFieldTest" name="contractKppTest_C15048"/>
  <testcase time="14.18" classname="com.YouMagicPro.LKA_tests.ContractKppSymbolsTest" name="contractKppTest_C15051">
    <failure message="Script execution failed. Script: logged_in = getCookie(&quot;umagicpro_logged_in&quot;);if (logged_in == 0) {$(&apos;.gradient_back, .gradient_back_two, .div_abs_for_ifr&apos;).css({&apos;display&apos;: &apos;block&apos;});var atr_adm = $(&apos;.administrator&apos;).attr(&quot;href&quot;); $(&quot;.iframe_rega&quot;).attr({ src: atr_adm}).css({display: &quot;none&quot; });$(&quot;.iframe_rega&quot;).load(function () { $(&apos;.bLoginFormWrap_kn&apos;).css({&apos;display&apos;: &apos;block&apos;}); $(this).css({  visibility: &quot;visible&quot;, display: &quot;block&quot;}); }); } else {loginAction(); };
 getCookie is not defined (WARNING: The server did not provide any stacktrace information)
Command duration or timeout: 17 milliseconds
Build info: version: &apos;2.26.0&apos;, revision: &apos;18040&apos;, time: &apos;2012-11-02 09:44:45&apos;
System info: os.name: &apos;Windows 7&apos;, os.arch: &apos;amd64&apos;, os.version: &apos;6.1&apos;, java.version: &apos;1.7.0_09&apos;
Driver info: driver.version: RemoteWebDriver
Session ID: 2de1572ad3faf5423871f5c4e07523ab" type="org.openqa.selenium.WebDriverException">org.openqa.selenium.WebDriverException: Script execution failed. Script: logged_in = getCookie(&quot;umagicpro_logged_in&quot;);if (logged_in == 0) {$(&apos;.gradient_back, .gradient_back_two, .div_abs_for_ifr&apos;).css({&apos;display&apos;: &apos;block&apos;});var atr_adm = $(&apos;.administrator&apos;).attr(&quot;href&quot;); $(&quot;.iframe_rega&quot;).attr({ src: atr_adm}).css({display: &quot;none&quot; });$(&quot;.iframe_rega&quot;).load(function () { $(&apos;.bLoginFormWrap_kn&apos;).css({&apos;display&apos;: &apos;block&apos;}); $(this).css({  visibility: &quot;visible&quot;, display: &quot;block&quot;}); }); } else {loginAction(); };
 getCookie is not defined (WARNING: The server did not provide any stacktrace information)
Command duration or timeout: 17 milliseconds
Build info: version: &apos;2.26.0&apos;, revision: &apos;18040&apos;, time: &apos;2012-11-02 09:44:45&apos;
System info: os.name: &apos;Windows 7&apos;, os.arch: &apos;amd64&apos;, os.version: &apos;6.1&apos;, java.version: &apos;1.7.0_09&apos;
Driver info: driver.version: RemoteWebDriver
Session ID: 2de1572ad3faf5423871f5c4e07523ab
	at sun.reflect.GeneratedConstructorAccessor14.newInstance(Unknown Source)
	at sun.reflect.DelegatingConstructorAccessorImpl.newInstance(DelegatingConstructorAccessorImpl.java:45)
	at java.lang.reflect.Constructor.newInstance(Constructor.java:525)
	at org.openqa.selenium.remote.ErrorHandler.createThrowable(ErrorHandler.java:188)
	at org.openqa.selenium.remote.ErrorHandler.throwIfResponseFailed(ErrorHandler.java:145)
	at org.openqa.selenium.remote.RemoteWebDriver.execute(RemoteWebDriver.java:531)
	at org.openqa.selenium.remote.RemoteWebDriver.executeScript(RemoteWebDriver.java:440)
	at com.YouMagicPro.LKA_tests.TestBase.waitContractPageToLoad(TestBase.java:238)
	at com.YouMagicPro.LKA_tests.ContractKppSymbolsTest.contractKppTest_C15051(ContractKppSymbolsTest.java:11)
</failure>
  </testcase>
  <testcase time="12.868" classname="com.YouMagicPro.LKA_tests.ContractOgrn6NumbersInTextFieldTest" name="contractOgrn6NumbersInTextFieldTest_C15055">
    <failure message="Script execution failed. Script: logged_in = getCookie(&quot;umagicpro_logged_in&quot;);if (logged_in == 0) {$(&apos;.gradient_back, .gradient_back_two, .div_abs_for_ifr&apos;).css({&apos;display&apos;: &apos;block&apos;});var atr_adm = $(&apos;.administrator&apos;).attr(&quot;href&quot;); $(&quot;.iframe_rega&quot;).attr({ src: atr_adm}).css({display: &quot;none&quot; });$(&quot;.iframe_rega&quot;).load(function () { $(&apos;.bLoginFormWrap_kn&apos;).css({&apos;display&apos;: &apos;block&apos;}); $(this).css({  visibility: &quot;visible&quot;, display: &quot;block&quot;}); }); } else {loginAction(); };
 getCookie is not defined (WARNING: The server did not provide any stacktrace information)
Command duration or timeout: 17 milliseconds
Build info: version: &apos;2.26.0&apos;, revision: &apos;18040&apos;, time: &apos;2012-11-02 09:44:45&apos;
System info: os.name: &apos;Windows 7&apos;, os.arch: &apos;amd64&apos;, os.version: &apos;6.1&apos;, java.version: &apos;1.7.0_09&apos;
Driver info: driver.version: RemoteWebDriver
Session ID: 7276cc8ec2b86cb7699143908556fbcf" type="org.openqa.selenium.WebDriverException">org.openqa.selenium.WebDriverException: Script execution failed. Script: logged_in = getCookie(&quot;umagicpro_logged_in&quot;);if (logged_in == 0) {$(&apos;.gradient_back, .gradient_back_two, .div_abs_for_ifr&apos;).css({&apos;display&apos;: &apos;block&apos;});var atr_adm = $(&apos;.administrator&apos;).attr(&quot;href&quot;); $(&quot;.iframe_rega&quot;).attr({ src: atr_adm}).css({display: &quot;none&quot; });$(&quot;.iframe_rega&quot;).load(function () { $(&apos;.bLoginFormWrap_kn&apos;).css({&apos;display&apos;: &apos;block&apos;}); $(this).css({  visibility: &quot;visible&quot;, display: &quot;block&quot;}); }); } else {loginAction(); };
 getCookie is not defined (WARNING: The server did not provide any stacktrace information)
Command duration or timeout: 17 milliseconds
Build info: version: &apos;2.26.0&apos;, revision: &apos;18040&apos;, time: &apos;2012-11-02 09:44:45&apos;
System info: os.name: &apos;Windows 7&apos;, os.arch: &apos;amd64&apos;, os.version: &apos;6.1&apos;, java.version: &apos;1.7.0_09&apos;
Driver info: driver.version: RemoteWebDriver
Session ID: 7276cc8ec2b86cb7699143908556fbcf
	at sun.reflect.GeneratedConstructorAccessor14.newInstance(Unknown Source)
	at sun.reflect.DelegatingConstructorAccessorImpl.newInstance(DelegatingConstructorAccessorImpl.java:45)
	at java.lang.reflect.Constructor.newInstance(Constructor.java:525)
	at org.openqa.selenium.remote.ErrorHandler.createThrowable(ErrorHandler.java:188)
	at org.openqa.selenium.remote.ErrorHandler.throwIfResponseFailed(ErrorHandler.java:145)
	at org.openqa.selenium.remote.RemoteWebDriver.execute(RemoteWebDriver.java:531)
	at org.openqa.selenium.remote.RemoteWebDriver.executeScript(RemoteWebDriver.java:440)
	at com.YouMagicPro.LKA_tests.TestBase.waitContractPageToLoad(TestBase.java:238)
	at com.YouMagicPro.LKA_tests.ContractOgrn6NumbersInTextFieldTest.contractOgrn6NumbersInTextFieldTest_C15055(ContractOgrn6NumbersInTextFieldTest.java:9)
</failure>
  </testcase>
  <testcase time="28.118" classname="com.YouMagicPro.LKA_tests.ContractOgrnLettersAndNumbersInTextFieldTest" name="contractOgrnLettersAndNumbersInTextFieldTest_C15057"/>
  <testcase time="12.924" classname="com.YouMagicPro.LKA_tests.ContractOgrnLettersInTextFieldTest" name="contractOgrnLettersInTextFieldTest_C15056">
    <failure message="Script execution failed. Script: logged_in = getCookie(&quot;umagicpro_logged_in&quot;);if (logged_in == 0) {$(&apos;.gradient_back, .gradient_back_two, .div_abs_for_ifr&apos;).css({&apos;display&apos;: &apos;block&apos;});var atr_adm = $(&apos;.administrator&apos;).attr(&quot;href&quot;); $(&quot;.iframe_rega&quot;).attr({ src: atr_adm}).css({display: &quot;none&quot; });$(&quot;.iframe_rega&quot;).load(function () { $(&apos;.bLoginFormWrap_kn&apos;).css({&apos;display&apos;: &apos;block&apos;}); $(this).css({  visibility: &quot;visible&quot;, display: &quot;block&quot;}); }); } else {loginAction(); };
 getCookie is not defined (WARNING: The server did not provide any stacktrace information)
Command duration or timeout: 22 milliseconds
Build info: version: &apos;2.26.0&apos;, revision: &apos;18040&apos;, time: &apos;2012-11-02 09:44:45&apos;
System info: os.name: &apos;Windows 7&apos;, os.arch: &apos;amd64&apos;, os.version: &apos;6.1&apos;, java.version: &apos;1.7.0_09&apos;
Driver info: driver.version: RemoteWebDriver
Session ID: dd803518dbaa42a5c33b524d67cb16e4" type="org.openqa.selenium.WebDriverException">org.openqa.selenium.WebDriverException: Script execution failed. Script: logged_in = getCookie(&quot;umagicpro_logged_in&quot;);if (logged_in == 0) {$(&apos;.gradient_back, .gradient_back_two, .div_abs_for_ifr&apos;).css({&apos;display&apos;: &apos;block&apos;});var atr_adm = $(&apos;.administrator&apos;).attr(&quot;href&quot;); $(&quot;.iframe_rega&quot;).attr({ src: atr_adm}).css({display: &quot;none&quot; });$(&quot;.iframe_rega&quot;).load(function () { $(&apos;.bLoginFormWrap_kn&apos;).css({&apos;display&apos;: &apos;block&apos;}); $(this).css({  visibility: &quot;visible&quot;, display: &quot;block&quot;}); }); } else {loginAction(); };
 getCookie is not defined (WARNING: The server did not provide any stacktrace information)
Command duration or timeout: 22 milliseconds
Build info: version: &apos;2.26.0&apos;, revision: &apos;18040&apos;, time: &apos;2012-11-02 09:44:45&apos;
System info: os.name: &apos;Windows 7&apos;, os.arch: &apos;amd64&apos;, os.version: &apos;6.1&apos;, java.version: &apos;1.7.0_09&apos;
Driver info: driver.version: RemoteWebDriver
Session ID: dd803518dbaa42a5c33b524d67cb16e4
	at sun.reflect.GeneratedConstructorAccessor14.newInstance(Unknown Source)
	at sun.reflect.DelegatingConstructorAccessorImpl.newInstance(DelegatingConstructorAccessorImpl.java:45)
	at java.lang.reflect.Constructor.newInstance(Constructor.java:525)
	at org.openqa.selenium.remote.ErrorHandler.createThrowable(ErrorHandler.java:188)
	at org.openqa.selenium.remote.ErrorHandler.throwIfResponseFailed(ErrorHandler.java:145)
	at org.openqa.selenium.remote.RemoteWebDriver.execute(RemoteWebDriver.java:531)
	at org.openqa.selenium.remote.RemoteWebDriver.executeScript(RemoteWebDriver.java:440)
	at com.YouMagicPro.LKA_tests.TestBase.waitContractPageToLoad(TestBase.java:238)
	at com.YouMagicPro.LKA_tests.ContractOgrnLettersInTextFieldTest.contractOgrnLettersInTextFieldTest_C15056(ContractOgrnLettersInTextFieldTest.java:9)
</failure>
  </testcase>
  <testcase time="28.323" classname="com.YouMagicPro.LKA_tests.ContractOgrnOneNumberInTextFieldTest" name="contractOgrnOneNumberInTextFieldTest_C15053"/>
  <testcase time="14.231" classname="com.YouMagicPro.LKA_tests.ContractOgrnSymbolsTest" name="contractFillBankAccountTest">
    <failure message="Script execution failed. Script: logged_in = getCookie(&quot;umagicpro_logged_in&quot;);if (logged_in == 0) {$(&apos;.gradient_back, .gradient_back_two, .div_abs_for_ifr&apos;).css({&apos;display&apos;: &apos;block&apos;});var atr_adm = $(&apos;.administrator&apos;).attr(&quot;href&quot;); $(&quot;.iframe_rega&quot;).attr({ src: atr_adm}).css({display: &quot;none&quot; });$(&quot;.iframe_rega&quot;).load(function () { $(&apos;.bLoginFormWrap_kn&apos;).css({&apos;display&apos;: &apos;block&apos;}); $(this).css({  visibility: &quot;visible&quot;, display: &quot;block&quot;}); }); } else {loginAction(); };
 getCookie is not defined (WARNING: The server did not provide any stacktrace information)
Command duration or timeout: 16 milliseconds
Build info: version: &apos;2.26.0&apos;, revision: &apos;18040&apos;, time: &apos;2012-11-02 09:44:45&apos;
System info: os.name: &apos;Windows 7&apos;, os.arch: &apos;amd64&apos;, os.version: &apos;6.1&apos;, java.version: &apos;1.7.0_09&apos;
Driver info: driver.version: RemoteWebDriver
Session ID: 94d156158ed91e41fe5df5b8f579fb70" type="org.openqa.selenium.WebDriverException">org.openqa.selenium.WebDriverException: Script execution failed. Script: logged_in = getCookie(&quot;umagicpro_logged_in&quot;);if (logged_in == 0) {$(&apos;.gradient_back, .gradient_back_two, .div_abs_for_ifr&apos;).css({&apos;display&apos;: &apos;block&apos;});var atr_adm = $(&apos;.administrator&apos;).attr(&quot;href&quot;); $(&quot;.iframe_rega&quot;).attr({ src: atr_adm}).css({display: &quot;none&quot; });$(&quot;.iframe_rega&quot;).load(function () { $(&apos;.bLoginFormWrap_kn&apos;).css({&apos;display&apos;: &apos;block&apos;}); $(this).css({  visibility: &quot;visible&quot;, display: &quot;block&quot;}); }); } else {loginAction(); };
 getCookie is not defined (WARNING: The server did not provide any stacktrace information)
Command duration or timeout: 16 milliseconds
Build info: version: &apos;2.26.0&apos;, revision: &apos;18040&apos;, time: &apos;2012-11-02 09:44:45&apos;
System info: os.name: &apos;Windows 7&apos;, os.arch: &apos;amd64&apos;, os.version: &apos;6.1&apos;, java.version: &apos;1.7.0_09&apos;
Driver info: driver.version: RemoteWebDriver
Session ID: 94d156158ed91e41fe5df5b8f579fb70
	at sun.reflect.GeneratedConstructorAccessor14.newInstance(Unknown Source)
	at sun.reflect.DelegatingConstructorAccessorImpl.newInstance(DelegatingConstructorAccessorImpl.java:45)
	at java.lang.reflect.Constructor.newInstance(Constructor.java:525)
	at org.openqa.selenium.remote.ErrorHandler.createThrowable(ErrorHandler.java:188)
	at org.openqa.selenium.remote.ErrorHandler.throwIfResponseFailed(ErrorHandler.java:145)
	at org.openqa.selenium.remote.RemoteWebDriver.execute(RemoteWebDriver.java:531)
	at org.openqa.selenium.remote.RemoteWebDriver.executeScript(RemoteWebDriver.java:440)
	at com.YouMagicPro.LKA_tests.TestBase.waitContractPageToLoad(TestBase.java:238)
	at com.YouMagicPro.LKA_tests.ContractOgrnSymbolsTest.contractFillBankAccountTest(ContractOgrnSymbolsTest.java:11)
</failure>
  </testcase>
  <testcase time="14.945" classname="com.YouMagicPro.LKA_tests.DetalizationPageTest" name="detalizationPageTest"/>
  <testcase time="2.875" classname="com.YouMagicPro.LKA_tests.DiscSpaceTest" name="discSpaceTest">
    <failure message="Script execution failed. Script: $(&apos;.gradient_back, .gradient_back_two, .div_abs_for_ifr&apos;).css({ &apos;display&apos;: &apos;block&apos;  }); var atr_adm = $(&apos;.administrator&apos;).attr(&quot;href&quot;); $(&quot;.iframe_rega&quot;).attr({src: atr_adm}).css({ display: &quot;none&quot;});$(&quot;.iframe_rega&quot;).load(function () {$(&apos;.bLoginFormWrap_kn&apos;).css({&apos;display&apos;: &apos;block&apos;});$(this).css({ visibility: &quot;visible&quot;, display:&quot;block&quot; });});;
 $ is not defined (WARNING: The server did not provide any stacktrace information)
Command duration or timeout: 18 milliseconds
Build info: version: &apos;2.26.0&apos;, revision: &apos;18040&apos;, time: &apos;2012-11-02 09:44:45&apos;
System info: os.name: &apos;Windows 7&apos;, os.arch: &apos;amd64&apos;, os.version: &apos;6.1&apos;, java.version: &apos;1.7.0_09&apos;
Driver info: driver.version: RemoteWebDriver
Session ID: cd72a0263f793076161d01f76867f9d8" type="org.openqa.selenium.WebDriverException">org.openqa.selenium.WebDriverException: Script execution failed. Script: $(&apos;.gradient_back, .gradient_back_two, .div_abs_for_ifr&apos;).css({ &apos;display&apos;: &apos;block&apos;  }); var atr_adm = $(&apos;.administrator&apos;).attr(&quot;href&quot;); $(&quot;.iframe_rega&quot;).attr({src: atr_adm}).css({ display: &quot;none&quot;});$(&quot;.iframe_rega&quot;).load(function () {$(&apos;.bLoginFormWrap_kn&apos;).css({&apos;display&apos;: &apos;block&apos;});$(this).css({ visibility: &quot;visible&quot;, display:&quot;block&quot; });});;
 $ is not defined (WARNING: The server did not provide any stacktrace information)
Command duration or timeout: 18 milliseconds
Build info: version: &apos;2.26.0&apos;, revision: &apos;18040&apos;, time: &apos;2012-11-02 09:44:45&apos;
System info: os.name: &apos;Windows 7&apos;, os.arch: &apos;amd64&apos;, os.version: &apos;6.1&apos;, java.version: &apos;1.7.0_09&apos;
Driver info: driver.version: RemoteWebDriver
Session ID: cd72a0263f793076161d01f76867f9d8
	at sun.reflect.GeneratedConstructorAccessor14.newInstance(Unknown Source)
	at sun.reflect.DelegatingConstructorAccessorImpl.newInstance(DelegatingConstructorAccessorImpl.java:45)
	at java.lang.reflect.Constructor.newInstance(Constructor.java:525)
	at org.openqa.selenium.remote.ErrorHandler.createThrowable(ErrorHandler.java:188)
	at org.openqa.selenium.remote.ErrorHandler.throwIfResponseFailed(ErrorHandler.java:145)
	at org.openqa.selenium.remote.RemoteWebDriver.execute(RemoteWebDriver.java:531)
	at org.openqa.selenium.remote.RemoteWebDriver.executeScript(RemoteWebDriver.java:440)
	at com.YouMagicPro.LKA_tests.TestBase.waitAdminPageToLoad(TestBase.java:150)
	at com.YouMagicPro.LKA_tests.DiscSpaceTest.discSpaceTest(DiscSpaceTest.java:11)
</failure>
  </testcase>
  <testcase time="30.058" classname="com.YouMagicPro.LKA_tests.EmployeesAddEmployeeTest" name="employeesEditProfileTest_C15253">
    <failure message="The element could not be found (WARNING: The server did not provide any stacktrace information)
Command duration or timeout: 10.09 seconds
For documentation on this error, please visit: http://seleniumhq.org/exceptions/no_such_element.html
Build info: version: &apos;2.26.0&apos;, revision: &apos;18040&apos;, time: &apos;2012-11-02 09:44:45&apos;
System info: os.name: &apos;Windows 7&apos;, os.arch: &apos;amd64&apos;, os.version: &apos;6.1&apos;, java.version: &apos;1.7.0_09&apos;
Driver info: driver.version: RemoteWebDriver
Session ID: a9e125d8999e2bda21bb7d95fb342d19" type="org.openqa.selenium.NoSuchElementException">org.openqa.selenium.NoSuchElementException: The element could not be found (WARNING: The server did not provide any stacktrace information)
Command duration or timeout: 10.09 seconds
For documentation on this error, please visit: http://seleniumhq.org/exceptions/no_such_element.html
Build info: version: &apos;2.26.0&apos;, revision: &apos;18040&apos;, time: &apos;2012-11-02 09:44:45&apos;
System info: os.name: &apos;Windows 7&apos;, os.arch: &apos;amd64&apos;, os.version: &apos;6.1&apos;, java.version: &apos;1.7.0_09&apos;
Driver info: driver.version: RemoteWebDriver
Session ID: a9e125d8999e2bda21bb7d95fb342d19
	at sun.reflect.NativeConstructorAccessorImpl.newInstance0(Native Method)
	at sun.reflect.NativeConstructorAccessorImpl.newInstance(NativeConstructorAccessorImpl.java:57)
	at sun.reflect.DelegatingConstructorAccessorImpl.newInstance(DelegatingConstructorAccessorImpl.java:45)
	at java.lang.reflect.Constructor.newInstance(Constructor.java:525)
	at org.openqa.selenium.remote.ErrorHandler.createThrowable(ErrorHandler.java:188)
	at org.openqa.selenium.remote.ErrorHandler.throwIfResponseFailed(ErrorHandler.java:145)
	at org.openqa.selenium.remote.RemoteWebDriver.execute(RemoteWebDriver.java:531)
	at org.openqa.selenium.remote.RemoteWebDriver.findElement(RemoteWebDriver.java:301)
	at org.openqa.selenium.remote.RemoteWebDriver.findElementByXPath(RemoteWebDriver.java:386)
	at org.openqa.selenium.By$ByXPath.findElement(By.java:343)
	at org.openqa.selenium.remote.RemoteWebDriver.findElement(RemoteWebDriver.java:293)
	at com.YouMagicPro.LKA_tests.EmployeesAddEmployeeTest.employeesEditProfileTest_C15253(EmployeesAddEmployeeTest.java:24)
</failure>
  </testcase>
  <testcase time="26.584" classname="com.YouMagicPro.LKA_tests.EmployeesCheckInfoTest" name="employeesCheckInfoTest_C15252">
    <failure message="The element could not be found (WARNING: The server did not provide any stacktrace information)
Command duration or timeout: 10.05 seconds
For documentation on this error, please visit: http://seleniumhq.org/exceptions/no_such_element.html
Build info: version: &apos;2.26.0&apos;, revision: &apos;18040&apos;, time: &apos;2012-11-02 09:44:45&apos;
System info: os.name: &apos;Windows 7&apos;, os.arch: &apos;amd64&apos;, os.version: &apos;6.1&apos;, java.version: &apos;1.7.0_09&apos;
Driver info: driver.version: RemoteWebDriver
Session ID: 76217c6dc117d4dd39a26f4b16d0cd29" type="org.openqa.selenium.NoSuchElementException">org.openqa.selenium.NoSuchElementException: The element could not be found (WARNING: The server did not provide any stacktrace information)
Command duration or timeout: 10.05 seconds
For documentation on this error, please visit: http://seleniumhq.org/exceptions/no_such_element.html
Build info: version: &apos;2.26.0&apos;, revision: &apos;18040&apos;, time: &apos;2012-11-02 09:44:45&apos;
System info: os.name: &apos;Windows 7&apos;, os.arch: &apos;amd64&apos;, os.version: &apos;6.1&apos;, java.version: &apos;1.7.0_09&apos;
Driver info: driver.version: RemoteWebDriver
Session ID: 76217c6dc117d4dd39a26f4b16d0cd29
	at sun.reflect.NativeConstructorAccessorImpl.newInstance0(Native Method)
	at sun.reflect.NativeConstructorAccessorImpl.newInstance(NativeConstructorAccessorImpl.java:57)
	at sun.reflect.DelegatingConstructorAccessorImpl.newInstance(DelegatingConstructorAccessorImpl.java:45)
	at java.lang.reflect.Constructor.newInstance(Constructor.java:525)
	at org.openqa.selenium.remote.ErrorHandler.createThrowable(ErrorHandler.java:188)
	at org.openqa.selenium.remote.ErrorHandler.throwIfResponseFailed(ErrorHandler.java:145)
	at org.openqa.selenium.remote.RemoteWebDriver.execute(RemoteWebDriver.java:531)
	at org.openqa.selenium.remote.RemoteWebDriver.findElement(RemoteWebDriver.java:301)
	at org.openqa.selenium.remote.RemoteWebDriver.findElementByCssSelector(RemoteWebDriver.java:378)
	at org.openqa.selenium.By$ByCssSelector.findElement(By.java:405)
	at org.openqa.selenium.remote.RemoteWebDriver.findElement(RemoteWebDriver.java:293)
	at com.YouMagicPro.LKA_tests.EmployeesCheckInfoTest.employeesCheckInfoTest_C15252(EmployeesCheckInfoTest.java:24)
</failure>
  </testcase>
  <testcase time="2.965" classname="com.YouMagicPro.LKA_tests.EmployeesEditProfile2SymbolsInTextFieldTest" name="employeesEditProfileTest_C15253">
    <failure message="Script execution failed. Script: $(&apos;.gradient_back, .gradient_back_two, .div_abs_for_ifr&apos;).css({ &apos;display&apos;: &apos;block&apos;  }); var atr_adm = $(&apos;.administrator&apos;).attr(&quot;href&quot;); $(&quot;.iframe_rega&quot;).attr({src: atr_adm}).css({ display: &quot;none&quot;});$(&quot;.iframe_rega&quot;).load(function () {$(&apos;.bLoginFormWrap_kn&apos;).css({&apos;display&apos;: &apos;block&apos;});$(this).css({ visibility: &quot;visible&quot;, display:&quot;block&quot; });});;
 $ is not defined (WARNING: The server did not provide any stacktrace information)
Command duration or timeout: 19 milliseconds
Build info: version: &apos;2.26.0&apos;, revision: &apos;18040&apos;, time: &apos;2012-11-02 09:44:45&apos;
System info: os.name: &apos;Windows 7&apos;, os.arch: &apos;amd64&apos;, os.version: &apos;6.1&apos;, java.version: &apos;1.7.0_09&apos;
Driver info: driver.version: RemoteWebDriver
Session ID: f89633882f3bf5a99f93a8c1b147e012" type="org.openqa.selenium.WebDriverException">org.openqa.selenium.WebDriverException: Script execution failed. Script: $(&apos;.gradient_back, .gradient_back_two, .div_abs_for_ifr&apos;).css({ &apos;display&apos;: &apos;block&apos;  }); var atr_adm = $(&apos;.administrator&apos;).attr(&quot;href&quot;); $(&quot;.iframe_rega&quot;).attr({src: atr_adm}).css({ display: &quot;none&quot;});$(&quot;.iframe_rega&quot;).load(function () {$(&apos;.bLoginFormWrap_kn&apos;).css({&apos;display&apos;: &apos;block&apos;});$(this).css({ visibility: &quot;visible&quot;, display:&quot;block&quot; });});;
 $ is not defined (WARNING: The server did not provide any stacktrace information)
Command duration or timeout: 19 milliseconds
Build info: version: &apos;2.26.0&apos;, revision: &apos;18040&apos;, time: &apos;2012-11-02 09:44:45&apos;
System info: os.name: &apos;Windows 7&apos;, os.arch: &apos;amd64&apos;, os.version: &apos;6.1&apos;, java.version: &apos;1.7.0_09&apos;
Driver info: driver.version: RemoteWebDriver
Session ID: f89633882f3bf5a99f93a8c1b147e012
	at sun.reflect.GeneratedConstructorAccessor14.newInstance(Unknown Source)
	at sun.reflect.DelegatingConstructorAccessorImpl.newInstance(DelegatingConstructorAccessorImpl.java:45)
	at java.lang.reflect.Constructor.newInstance(Constructor.java:525)
	at org.openqa.selenium.remote.ErrorHandler.createThrowable(ErrorHandler.java:188)
	at org.openqa.selenium.remote.ErrorHandler.throwIfResponseFailed(ErrorHandler.java:145)
	at org.openqa.selenium.remote.RemoteWebDriver.execute(RemoteWebDriver.java:531)
	at org.openqa.selenium.remote.RemoteWebDriver.executeScript(RemoteWebDriver.java:440)
	at com.YouMagicPro.LKA_tests.TestBase.waitAdminPageToLoad(TestBase.java:150)
	at com.YouMagicPro.LKA_tests.EmployeesEditProfile2SymbolsInTextFieldTest.employeesEditProfileTest_C15253(EmployeesEditProfile2SymbolsInTextFieldTest.java:11)
</failure>
  </testcase>
  <testcase time="20.609" classname="com.YouMagicPro.LKA_tests.EmployeesEditProfile3SymbolsInTextFieldTest" name="employeesEditProfile3SymbolsInTextFieldTest_C15256"/>
  <testcase time="23.953" classname="com.YouMagicPro.LKA_tests.EmployeesEditProfileFillInDataTest" name="employeesEditProfileTest_C15253"/>
  <testcase time="18.573" classname="com.YouMagicPro.LKA_tests.EmployeesEditProfileTest" name="employeesEditProfileTest_C15253"/>
  <testcase time="2.808" classname="com.YouMagicPro.LKA_tests.ExpenseStructureAdditionalNumbersFeeTest" name="expenseStructureAdditionalNumbersFeeTest_C15096">
    <failure message="Script execution failed. Script: $(&apos;.gradient_back, .gradient_back_two, .div_abs_for_ifr&apos;).css({ &apos;display&apos;: &apos;block&apos;  }); var atr_adm = $(&apos;.administrator&apos;).attr(&quot;href&quot;); $(&quot;.iframe_rega&quot;).attr({src: atr_adm}).css({ display: &quot;none&quot;});$(&quot;.iframe_rega&quot;).load(function () {$(&apos;.bLoginFormWrap_kn&apos;).css({&apos;display&apos;: &apos;block&apos;});$(this).css({ visibility: &quot;visible&quot;, display:&quot;block&quot; });});;
 $ is not defined (WARNING: The server did not provide any stacktrace information)
Command duration or timeout: 17 milliseconds
Build info: version: &apos;2.26.0&apos;, revision: &apos;18040&apos;, time: &apos;2012-11-02 09:44:45&apos;
System info: os.name: &apos;Windows 7&apos;, os.arch: &apos;amd64&apos;, os.version: &apos;6.1&apos;, java.version: &apos;1.7.0_09&apos;
Driver info: driver.version: RemoteWebDriver
Session ID: 97cf7669f5fb8fc59fd6752bdb543793" type="org.openqa.selenium.WebDriverException">org.openqa.selenium.WebDriverException: Script execution failed. Script: $(&apos;.gradient_back, .gradient_back_two, .div_abs_for_ifr&apos;).css({ &apos;display&apos;: &apos;block&apos;  }); var atr_adm = $(&apos;.administrator&apos;).attr(&quot;href&quot;); $(&quot;.iframe_rega&quot;).attr({src: atr_adm}).css({ display: &quot;none&quot;});$(&quot;.iframe_rega&quot;).load(function () {$(&apos;.bLoginFormWrap_kn&apos;).css({&apos;display&apos;: &apos;block&apos;});$(this).css({ visibility: &quot;visible&quot;, display:&quot;block&quot; });});;
 $ is not defined (WARNING: The server did not provide any stacktrace information)
Command duration or timeout: 17 milliseconds
Build info: version: &apos;2.26.0&apos;, revision: &apos;18040&apos;, time: &apos;2012-11-02 09:44:45&apos;
System info: os.name: &apos;Windows 7&apos;, os.arch: &apos;amd64&apos;, os.version: &apos;6.1&apos;, java.version: &apos;1.7.0_09&apos;
Driver info: driver.version: RemoteWebDriver
Session ID: 97cf7669f5fb8fc59fd6752bdb543793
	at sun.reflect.GeneratedConstructorAccessor14.newInstance(Unknown Source)
	at sun.reflect.DelegatingConstructorAccessorImpl.newInstance(DelegatingConstructorAccessorImpl.java:45)
	at java.lang.reflect.Constructor.newInstance(Constructor.java:525)
	at org.openqa.selenium.remote.ErrorHandler.createThrowable(ErrorHandler.java:188)
	at org.openqa.selenium.remote.ErrorHandler.throwIfResponseFailed(ErrorHandler.java:145)
	at org.openqa.selenium.remote.RemoteWebDriver.execute(RemoteWebDriver.java:531)
	at org.openqa.selenium.remote.RemoteWebDriver.executeScript(RemoteWebDriver.java:440)
	at com.YouMagicPro.LKA_tests.TestBase.waitAdminPageToLoad(TestBase.java:150)
	at com.YouMagicPro.LKA_tests.ExpenseStructureAdditionalNumbersFeeTest.expenseStructureAdditionalNumbersFeeTest_C15096(ExpenseStructureAdditionalNumbersFeeTest.java:11)
</failure>
  </testcase>
  <testcase time="12.236" classname="com.YouMagicPro.LKA_tests.ExpenseStructureChooseAdditionalNumbersTest" name="expenseStructureChooseAdditionalNumbersTest_C15100"/>
  <testcase time="17.149" classname="com.YouMagicPro.LKA_tests.ExpenseStructureChooseIntNumbersPageTest" name="expenseStructureChooseIntNumbersPageTest_C15102"/>
  <testcase time="2.923" classname="com.YouMagicPro.LKA_tests.ExpenseStructureInternalNumbersFeeTest" name="expenseStructureInternalNumbersFeeTest_C15101">
    <failure message="Script execution failed. Script: $(&apos;.gradient_back, .gradient_back_two, .div_abs_for_ifr&apos;).css({ &apos;display&apos;: &apos;block&apos;  }); var atr_adm = $(&apos;.administrator&apos;).attr(&quot;href&quot;); $(&quot;.iframe_rega&quot;).attr({src: atr_adm}).css({ display: &quot;none&quot;});$(&quot;.iframe_rega&quot;).load(function () {$(&apos;.bLoginFormWrap_kn&apos;).css({&apos;display&apos;: &apos;block&apos;});$(this).css({ visibility: &quot;visible&quot;, display:&quot;block&quot; });});;
 $ is not defined (WARNING: The server did not provide any stacktrace information)
Command duration or timeout: 21 milliseconds
Build info: version: &apos;2.26.0&apos;, revision: &apos;18040&apos;, time: &apos;2012-11-02 09:44:45&apos;
System info: os.name: &apos;Windows 7&apos;, os.arch: &apos;amd64&apos;, os.version: &apos;6.1&apos;, java.version: &apos;1.7.0_09&apos;
Driver info: driver.version: RemoteWebDriver
Session ID: 6b7e6b301420fc138416b5b3bef9abfa" type="org.openqa.selenium.WebDriverException">org.openqa.selenium.WebDriverException: Script execution failed. Script: $(&apos;.gradient_back, .gradient_back_two, .div_abs_for_ifr&apos;).css({ &apos;display&apos;: &apos;block&apos;  }); var atr_adm = $(&apos;.administrator&apos;).attr(&quot;href&quot;); $(&quot;.iframe_rega&quot;).attr({src: atr_adm}).css({ display: &quot;none&quot;});$(&quot;.iframe_rega&quot;).load(function () {$(&apos;.bLoginFormWrap_kn&apos;).css({&apos;display&apos;: &apos;block&apos;});$(this).css({ visibility: &quot;visible&quot;, display:&quot;block&quot; });});;
 $ is not defined (WARNING: The server did not provide any stacktrace information)
Command duration or timeout: 21 milliseconds
Build info: version: &apos;2.26.0&apos;, revision: &apos;18040&apos;, time: &apos;2012-11-02 09:44:45&apos;
System info: os.name: &apos;Windows 7&apos;, os.arch: &apos;amd64&apos;, os.version: &apos;6.1&apos;, java.version: &apos;1.7.0_09&apos;
Driver info: driver.version: RemoteWebDriver
Session ID: 6b7e6b301420fc138416b5b3bef9abfa
	at sun.reflect.GeneratedConstructorAccessor14.newInstance(Unknown Source)
	at sun.reflect.DelegatingConstructorAccessorImpl.newInstance(DelegatingConstructorAccessorImpl.java:45)
	at java.lang.reflect.Constructor.newInstance(Constructor.java:525)
	at org.openqa.selenium.remote.ErrorHandler.createThrowable(ErrorHandler.java:188)
	at org.openqa.selenium.remote.ErrorHandler.throwIfResponseFailed(ErrorHandler.java:145)
	at org.openqa.selenium.remote.RemoteWebDriver.execute(RemoteWebDriver.java:531)
	at org.openqa.selenium.remote.RemoteWebDriver.executeScript(RemoteWebDriver.java:440)
	at com.YouMagicPro.LKA_tests.TestBase.waitAdminPageToLoad(TestBase.java:150)
	at com.YouMagicPro.LKA_tests.ExpenseStructureInternalNumbersFeeTest.expenseStructureInternalNumbersFeeTest_C15101(ExpenseStructureInternalNumbersFeeTest.java:11)
</failure>
  </testcase>
  <testcase time="2.847" classname="com.YouMagicPro.LKA_tests.ExpenseStructureRentalFeeTest" name="expenseStructureRentalFeeTest_C15096">
    <failure message="Script execution failed. Script: $(&apos;.gradient_back, .gradient_back_two, .div_abs_for_ifr&apos;).css({ &apos;display&apos;: &apos;block&apos;  }); var atr_adm = $(&apos;.administrator&apos;).attr(&quot;href&quot;); $(&quot;.iframe_rega&quot;).attr({src: atr_adm}).css({ display: &quot;none&quot;});$(&quot;.iframe_rega&quot;).load(function () {$(&apos;.bLoginFormWrap_kn&apos;).css({&apos;display&apos;: &apos;block&apos;});$(this).css({ visibility: &quot;visible&quot;, display:&quot;block&quot; });});;
 $ is not defined (WARNING: The server did not provide any stacktrace information)
Command duration or timeout: 18 milliseconds
Build info: version: &apos;2.26.0&apos;, revision: &apos;18040&apos;, time: &apos;2012-11-02 09:44:45&apos;
System info: os.name: &apos;Windows 7&apos;, os.arch: &apos;amd64&apos;, os.version: &apos;6.1&apos;, java.version: &apos;1.7.0_09&apos;
Driver info: driver.version: RemoteWebDriver
Session ID: 544370b25a4d56d7310e6782b87113bd" type="org.openqa.selenium.WebDriverException">org.openqa.selenium.WebDriverException: Script execution failed. Script: $(&apos;.gradient_back, .gradient_back_two, .div_abs_for_ifr&apos;).css({ &apos;display&apos;: &apos;block&apos;  }); var atr_adm = $(&apos;.administrator&apos;).attr(&quot;href&quot;); $(&quot;.iframe_rega&quot;).attr({src: atr_adm}).css({ display: &quot;none&quot;});$(&quot;.iframe_rega&quot;).load(function () {$(&apos;.bLoginFormWrap_kn&apos;).css({&apos;display&apos;: &apos;block&apos;});$(this).css({ visibility: &quot;visible&quot;, display:&quot;block&quot; });});;
 $ is not defined (WARNING: The server did not provide any stacktrace information)
Command duration or timeout: 18 milliseconds
Build info: version: &apos;2.26.0&apos;, revision: &apos;18040&apos;, time: &apos;2012-11-02 09:44:45&apos;
System info: os.name: &apos;Windows 7&apos;, os.arch: &apos;amd64&apos;, os.version: &apos;6.1&apos;, java.version: &apos;1.7.0_09&apos;
Driver info: driver.version: RemoteWebDriver
Session ID: 544370b25a4d56d7310e6782b87113bd
	at sun.reflect.GeneratedConstructorAccessor14.newInstance(Unknown Source)
	at sun.reflect.DelegatingConstructorAccessorImpl.newInstance(DelegatingConstructorAccessorImpl.java:45)
	at java.lang.reflect.Constructor.newInstance(Constructor.java:525)
	at org.openqa.selenium.remote.ErrorHandler.createThrowable(ErrorHandler.java:188)
	at org.openqa.selenium.remote.ErrorHandler.throwIfResponseFailed(ErrorHandler.java:145)
	at org.openqa.selenium.remote.RemoteWebDriver.execute(RemoteWebDriver.java:531)
	at org.openqa.selenium.remote.RemoteWebDriver.executeScript(RemoteWebDriver.java:440)
	at com.YouMagicPro.LKA_tests.TestBase.waitAdminPageToLoad(TestBase.java:150)
	at com.YouMagicPro.LKA_tests.ExpenseStructureRentalFeeTest.expenseStructureRentalFeeTest_C15096(ExpenseStructureRentalFeeTest.java:11)
</failure>
  </testcase>
  <testcase time="16.649" classname="com.YouMagicPro.LKA_tests.FaxPageTest" name="faxPageTest"/>
  <testcase time="16.291" classname="com.YouMagicPro.LKA_tests.FeedbackPageTest" name="feedbackPageTest"/>
  <testcase time="16.516" classname="com.YouMagicPro.LKA_tests.FilesFreeSpacePageTest" name="filesFreeSpaceTest"/>
  <testcase time="2.731" classname="com.YouMagicPro.LKA_tests.NotificationsCheckFieldsTest" name="orderByEmailCancelButtonTest_C15141">
    <failure message="Script execution failed. Script: $(&apos;.gradient_back, .gradient_back_two, .div_abs_for_ifr&apos;).css({ &apos;display&apos;: &apos;block&apos;  }); var atr_adm = $(&apos;.administrator&apos;).attr(&quot;href&quot;); $(&quot;.iframe_rega&quot;).attr({src: atr_adm}).css({ display: &quot;none&quot;});$(&quot;.iframe_rega&quot;).load(function () {$(&apos;.bLoginFormWrap_kn&apos;).css({&apos;display&apos;: &apos;block&apos;});$(this).css({ visibility: &quot;visible&quot;, display:&quot;block&quot; });});;
 $ is not defined (WARNING: The server did not provide any stacktrace information)
Command duration or timeout: 19 milliseconds
Build info: version: &apos;2.26.0&apos;, revision: &apos;18040&apos;, time: &apos;2012-11-02 09:44:45&apos;
System info: os.name: &apos;Windows 7&apos;, os.arch: &apos;amd64&apos;, os.version: &apos;6.1&apos;, java.version: &apos;1.7.0_09&apos;
Driver info: driver.version: RemoteWebDriver
Session ID: d228a4c8bd4c612abfda8cbdfa70a2ac" type="org.openqa.selenium.WebDriverException">org.openqa.selenium.WebDriverException: Script execution failed. Script: $(&apos;.gradient_back, .gradient_back_two, .div_abs_for_ifr&apos;).css({ &apos;display&apos;: &apos;block&apos;  }); var atr_adm = $(&apos;.administrator&apos;).attr(&quot;href&quot;); $(&quot;.iframe_rega&quot;).attr({src: atr_adm}).css({ display: &quot;none&quot;});$(&quot;.iframe_rega&quot;).load(function () {$(&apos;.bLoginFormWrap_kn&apos;).css({&apos;display&apos;: &apos;block&apos;});$(this).css({ visibility: &quot;visible&quot;, display:&quot;block&quot; });});;
 $ is not defined (WARNING: The server did not provide any stacktrace information)
Command duration or timeout: 19 milliseconds
Build info: version: &apos;2.26.0&apos;, revision: &apos;18040&apos;, time: &apos;2012-11-02 09:44:45&apos;
System info: os.name: &apos;Windows 7&apos;, os.arch: &apos;amd64&apos;, os.version: &apos;6.1&apos;, java.version: &apos;1.7.0_09&apos;
Driver info: driver.version: RemoteWebDriver
Session ID: d228a4c8bd4c612abfda8cbdfa70a2ac
	at sun.reflect.GeneratedConstructorAccessor14.newInstance(Unknown Source)
	at sun.reflect.DelegatingConstructorAccessorImpl.newInstance(DelegatingConstructorAccessorImpl.java:45)
	at java.lang.reflect.Constructor.newInstance(Constructor.java:525)
	at org.openqa.selenium.remote.ErrorHandler.createThrowable(ErrorHandler.java:188)
	at org.openqa.selenium.remote.ErrorHandler.throwIfResponseFailed(ErrorHandler.java:145)
	at org.openqa.selenium.remote.RemoteWebDriver.execute(RemoteWebDriver.java:531)
	at org.openqa.selenium.remote.RemoteWebDriver.executeScript(RemoteWebDriver.java:440)
	at com.YouMagicPro.LKA_tests.TestBase.waitAdminPageToLoadSecondAccount(TestBase.java:192)
	at com.YouMagicPro.LKA_tests.NotificationsCheckFieldsTest.orderByEmailCancelButtonTest_C15141(NotificationsCheckFieldsTest.java:10)
</failure>
  </testcase>
  <testcase time="2.891" classname="com.YouMagicPro.LKA_tests.OrderByEmailCancelButtonTest" name="orderByEmailCancelButtonTest_C15141">
    <failure message="Script execution failed. Script: $(&apos;.gradient_back, .gradient_back_two, .div_abs_for_ifr&apos;).css({ &apos;display&apos;: &apos;block&apos;  }); var atr_adm = $(&apos;.administrator&apos;).attr(&quot;href&quot;); $(&quot;.iframe_rega&quot;).attr({src: atr_adm}).css({ display: &quot;none&quot;});$(&quot;.iframe_rega&quot;).load(function () {$(&apos;.bLoginFormWrap_kn&apos;).css({&apos;display&apos;: &apos;block&apos;});$(this).css({ visibility: &quot;visible&quot;, display:&quot;block&quot; });});;
 $ is not defined (WARNING: The server did not provide any stacktrace information)
Command duration or timeout: 20 milliseconds
Build info: version: &apos;2.26.0&apos;, revision: &apos;18040&apos;, time: &apos;2012-11-02 09:44:45&apos;
System info: os.name: &apos;Windows 7&apos;, os.arch: &apos;amd64&apos;, os.version: &apos;6.1&apos;, java.version: &apos;1.7.0_09&apos;
Driver info: driver.version: RemoteWebDriver
Session ID: 00774bf817043c5dfecb3ddaba1643f5" type="org.openqa.selenium.WebDriverException">org.openqa.selenium.WebDriverException: Script execution failed. Script: $(&apos;.gradient_back, .gradient_back_two, .div_abs_for_ifr&apos;).css({ &apos;display&apos;: &apos;block&apos;  }); var atr_adm = $(&apos;.administrator&apos;).attr(&quot;href&quot;); $(&quot;.iframe_rega&quot;).attr({src: atr_adm}).css({ display: &quot;none&quot;});$(&quot;.iframe_rega&quot;).load(function () {$(&apos;.bLoginFormWrap_kn&apos;).css({&apos;display&apos;: &apos;block&apos;});$(this).css({ visibility: &quot;visible&quot;, display:&quot;block&quot; });});;
 $ is not defined (WARNING: The server did not provide any stacktrace information)
Command duration or timeout: 20 milliseconds
Build info: version: &apos;2.26.0&apos;, revision: &apos;18040&apos;, time: &apos;2012-11-02 09:44:45&apos;
System info: os.name: &apos;Windows 7&apos;, os.arch: &apos;amd64&apos;, os.version: &apos;6.1&apos;, java.version: &apos;1.7.0_09&apos;
Driver info: driver.version: RemoteWebDriver
Session ID: 00774bf817043c5dfecb3ddaba1643f5
	at sun.reflect.GeneratedConstructorAccessor14.newInstance(Unknown Source)
	at sun.reflect.DelegatingConstructorAccessorImpl.newInstance(DelegatingConstructorAccessorImpl.java:45)
	at java.lang.reflect.Constructor.newInstance(Constructor.java:525)
	at org.openqa.selenium.remote.ErrorHandler.createThrowable(ErrorHandler.java:188)
	at org.openqa.selenium.remote.ErrorHandler.throwIfResponseFailed(ErrorHandler.java:145)
	at org.openqa.selenium.remote.RemoteWebDriver.execute(RemoteWebDriver.java:531)
	at org.openqa.selenium.remote.RemoteWebDriver.executeScript(RemoteWebDriver.java:440)
	at com.YouMagicPro.LKA_tests.TestBase.waitAdminPageToLoadSecondAccount(TestBase.java:192)
	at com.YouMagicPro.LKA_tests.OrderByEmailCancelButtonTest.orderByEmailCancelButtonTest_C15141(OrderByEmailCancelButtonTest.java:11)
</failure>
  </testcase>
  <testcase time="2.909" classname="com.YouMagicPro.LKA_tests.OrderByEmailChangeEmailTest" name="orderByEmailChangeEmailTest_C25653">
    <failure message="Script execution failed. Script: $(&apos;.gradient_back, .gradient_back_two, .div_abs_for_ifr&apos;).css({ &apos;display&apos;: &apos;block&apos;  }); var atr_adm = $(&apos;.administrator&apos;).attr(&quot;href&quot;); $(&quot;.iframe_rega&quot;).attr({src: atr_adm}).css({ display: &quot;none&quot;});$(&quot;.iframe_rega&quot;).load(function () {$(&apos;.bLoginFormWrap_kn&apos;).css({&apos;display&apos;: &apos;block&apos;});$(this).css({ visibility: &quot;visible&quot;, display:&quot;block&quot; });});;
 $ is not defined (WARNING: The server did not provide any stacktrace information)
Command duration or timeout: 20 milliseconds
Build info: version: &apos;2.26.0&apos;, revision: &apos;18040&apos;, time: &apos;2012-11-02 09:44:45&apos;
System info: os.name: &apos;Windows 7&apos;, os.arch: &apos;amd64&apos;, os.version: &apos;6.1&apos;, java.version: &apos;1.7.0_09&apos;
Driver info: driver.version: RemoteWebDriver
Session ID: f686acdeb3ef9a77505cb041dd4a1860" type="org.openqa.selenium.WebDriverException">org.openqa.selenium.WebDriverException: Script execution failed. Script: $(&apos;.gradient_back, .gradient_back_two, .div_abs_for_ifr&apos;).css({ &apos;display&apos;: &apos;block&apos;  }); var atr_adm = $(&apos;.administrator&apos;).attr(&quot;href&quot;); $(&quot;.iframe_rega&quot;).attr({src: atr_adm}).css({ display: &quot;none&quot;});$(&quot;.iframe_rega&quot;).load(function () {$(&apos;.bLoginFormWrap_kn&apos;).css({&apos;display&apos;: &apos;block&apos;});$(this).css({ visibility: &quot;visible&quot;, display:&quot;block&quot; });});;
 $ is not defined (WARNING: The server did not provide any stacktrace information)
Command duration or timeout: 20 milliseconds
Build info: version: &apos;2.26.0&apos;, revision: &apos;18040&apos;, time: &apos;2012-11-02 09:44:45&apos;
System info: os.name: &apos;Windows 7&apos;, os.arch: &apos;amd64&apos;, os.version: &apos;6.1&apos;, java.version: &apos;1.7.0_09&apos;
Driver info: driver.version: RemoteWebDriver
Session ID: f686acdeb3ef9a77505cb041dd4a1860
	at sun.reflect.GeneratedConstructorAccessor14.newInstance(Unknown Source)
	at sun.reflect.DelegatingConstructorAccessorImpl.newInstance(DelegatingConstructorAccessorImpl.java:45)
	at java.lang.reflect.Constructor.newInstance(Constructor.java:525)
	at org.openqa.selenium.remote.ErrorHandler.createThrowable(ErrorHandler.java:188)
	at org.openqa.selenium.remote.ErrorHandler.throwIfResponseFailed(ErrorHandler.java:145)
	at org.openqa.selenium.remote.RemoteWebDriver.execute(RemoteWebDriver.java:531)
	at org.openqa.selenium.remote.RemoteWebDriver.executeScript(RemoteWebDriver.java:440)
	at com.YouMagicPro.LKA_tests.TestBase.waitAdminPageToLoadSecondAccount(TestBase.java:192)
	at com.YouMagicPro.LKA_tests.OrderByEmailChangeEmailTest.orderByEmailChangeEmailTest_C25653(OrderByEmailChangeEmailTest.java:11)
</failure>
  </testcase>
  <testcase time="29.983" classname="com.YouMagicPro.LKA_tests.OrderByEmailChangeNameTest" name="orderByEmailChangeNameTest_C25671">
    <failure message="The element could not be found (WARNING: The server did not provide any stacktrace information)
Command duration or timeout: 10.04 seconds
For documentation on this error, please visit: http://seleniumhq.org/exceptions/no_such_element.html
Build info: version: &apos;2.26.0&apos;, revision: &apos;18040&apos;, time: &apos;2012-11-02 09:44:45&apos;
System info: os.name: &apos;Windows 7&apos;, os.arch: &apos;amd64&apos;, os.version: &apos;6.1&apos;, java.version: &apos;1.7.0_09&apos;
Driver info: driver.version: RemoteWebDriver
Session ID: cd80c4999754f52a20d12c6a190f7daa" type="org.openqa.selenium.NoSuchElementException">org.openqa.selenium.NoSuchElementException: The element could not be found (WARNING: The server did not provide any stacktrace information)
Command duration or timeout: 10.04 seconds
For documentation on this error, please visit: http://seleniumhq.org/exceptions/no_such_element.html
Build info: version: &apos;2.26.0&apos;, revision: &apos;18040&apos;, time: &apos;2012-11-02 09:44:45&apos;
System info: os.name: &apos;Windows 7&apos;, os.arch: &apos;amd64&apos;, os.version: &apos;6.1&apos;, java.version: &apos;1.7.0_09&apos;
Driver info: driver.version: RemoteWebDriver
Session ID: cd80c4999754f52a20d12c6a190f7daa
	at sun.reflect.NativeConstructorAccessorImpl.newInstance0(Native Method)
	at sun.reflect.NativeConstructorAccessorImpl.newInstance(NativeConstructorAccessorImpl.java:57)
	at sun.reflect.DelegatingConstructorAccessorImpl.newInstance(DelegatingConstructorAccessorImpl.java:45)
	at java.lang.reflect.Constructor.newInstance(Constructor.java:525)
	at org.openqa.selenium.remote.ErrorHandler.createThrowable(ErrorHandler.java:188)
	at org.openqa.selenium.remote.ErrorHandler.throwIfResponseFailed(ErrorHandler.java:145)
	at org.openqa.selenium.remote.RemoteWebDriver.execute(RemoteWebDriver.java:531)
	at org.openqa.selenium.remote.RemoteWebDriver.findElement(RemoteWebDriver.java:301)
	at org.openqa.selenium.remote.RemoteWebDriver.findElementByXPath(RemoteWebDriver.java:386)
	at org.openqa.selenium.By$ByXPath.findElement(By.java:343)
	at org.openqa.selenium.remote.RemoteWebDriver.findElement(RemoteWebDriver.java:293)
	at com.YouMagicPro.LKA_tests.TestBase.waitAdminPageToLoadSecondAccount(TestBase.java:217)
	at com.YouMagicPro.LKA_tests.OrderByEmailChangeNameTest.orderByEmailChangeNameTest_C25671(OrderByEmailChangeNameTest.java:11)
</failure>
  </testcase>
  <testcase time="20.166" classname="com.YouMagicPro.LKA_tests.OrderByEmailOrderWithoutDocTypeCheckedTest" name="orderByEmailOrderWithoutDocTypeCheckedTest_C25656">
    <failure message="The element could not be found (WARNING: The server did not provide any stacktrace information)
Command duration or timeout: 10.11 seconds
For documentation on this error, please visit: http://seleniumhq.org/exceptions/no_such_element.html
Build info: version: &apos;2.26.0&apos;, revision: &apos;18040&apos;, time: &apos;2012-11-02 09:44:45&apos;
System info: os.name: &apos;Windows 7&apos;, os.arch: &apos;amd64&apos;, os.version: &apos;6.1&apos;, java.version: &apos;1.7.0_09&apos;
Driver info: driver.version: RemoteWebDriver
Session ID: f95aa63d9370973989583dd380fc22b9" type="org.openqa.selenium.NoSuchElementException">org.openqa.selenium.NoSuchElementException: The element could not be found (WARNING: The server did not provide any stacktrace information)
Command duration or timeout: 10.11 seconds
For documentation on this error, please visit: http://seleniumhq.org/exceptions/no_such_element.html
Build info: version: &apos;2.26.0&apos;, revision: &apos;18040&apos;, time: &apos;2012-11-02 09:44:45&apos;
System info: os.name: &apos;Windows 7&apos;, os.arch: &apos;amd64&apos;, os.version: &apos;6.1&apos;, java.version: &apos;1.7.0_09&apos;
Driver info: driver.version: RemoteWebDriver
Session ID: f95aa63d9370973989583dd380fc22b9
	at sun.reflect.NativeConstructorAccessorImpl.newInstance0(Native Method)
	at sun.reflect.NativeConstructorAccessorImpl.newInstance(NativeConstructorAccessorImpl.java:57)
	at sun.reflect.DelegatingConstructorAccessorImpl.newInstance(DelegatingConstructorAccessorImpl.java:45)
	at java.lang.reflect.Constructor.newInstance(Constructor.java:525)
	at org.openqa.selenium.remote.ErrorHandler.createThrowable(ErrorHandler.java:188)
	at org.openqa.selenium.remote.ErrorHandler.throwIfResponseFailed(ErrorHandler.java:145)
	at org.openqa.selenium.remote.RemoteWebDriver.execute(RemoteWebDriver.java:531)
	at org.openqa.selenium.remote.RemoteWebDriver.findElement(RemoteWebDriver.java:301)
	at org.openqa.selenium.remote.RemoteWebDriver.findElementByXPath(RemoteWebDriver.java:386)
	at org.openqa.selenium.By$ByXPath.findElement(By.java:343)
	at org.openqa.selenium.remote.RemoteWebDriver.findElement(RemoteWebDriver.java:293)
	at com.YouMagicPro.LKA_tests.TestBase.waitAdminPageToLoadSecondAccount(TestBase.java:217)
	at com.YouMagicPro.LKA_tests.OrderByEmailOrderWithoutDocTypeCheckedTest.orderByEmailOrderWithoutDocTypeCheckedTest_C25656(OrderByEmailOrderWithoutDocTypeCheckedTest.java:11)
</failure>
  </testcase>
  <testcase time="3.043" classname="com.YouMagicPro.LKA_tests.OrderByPickUpCancelButtonTest" name="orderByPickUpCancelButtonTest_C25664">
    <failure message="Script execution failed. Script: $(&apos;.gradient_back, .gradient_back_two, .div_abs_for_ifr&apos;).css({ &apos;display&apos;: &apos;block&apos;  }); var atr_adm = $(&apos;.administrator&apos;).attr(&quot;href&quot;); $(&quot;.iframe_rega&quot;).attr({src: atr_adm}).css({ display: &quot;none&quot;});$(&quot;.iframe_rega&quot;).load(function () {$(&apos;.bLoginFormWrap_kn&apos;).css({&apos;display&apos;: &apos;block&apos;});$(this).css({ visibility: &quot;visible&quot;, display:&quot;block&quot; });});;
 $ is not defined (WARNING: The server did not provide any stacktrace information)
Command duration or timeout: 21 milliseconds
Build info: version: &apos;2.26.0&apos;, revision: &apos;18040&apos;, time: &apos;2012-11-02 09:44:45&apos;
System info: os.name: &apos;Windows 7&apos;, os.arch: &apos;amd64&apos;, os.version: &apos;6.1&apos;, java.version: &apos;1.7.0_09&apos;
Driver info: driver.version: RemoteWebDriver
Session ID: 7e0ce508ee4a9a47659c2df624727bf4" type="org.openqa.selenium.WebDriverException">org.openqa.selenium.WebDriverException: Script execution failed. Script: $(&apos;.gradient_back, .gradient_back_two, .div_abs_for_ifr&apos;).css({ &apos;display&apos;: &apos;block&apos;  }); var atr_adm = $(&apos;.administrator&apos;).attr(&quot;href&quot;); $(&quot;.iframe_rega&quot;).attr({src: atr_adm}).css({ display: &quot;none&quot;});$(&quot;.iframe_rega&quot;).load(function () {$(&apos;.bLoginFormWrap_kn&apos;).css({&apos;display&apos;: &apos;block&apos;});$(this).css({ visibility: &quot;visible&quot;, display:&quot;block&quot; });});;
 $ is not defined (WARNING: The server did not provide any stacktrace information)
Command duration or timeout: 21 milliseconds
Build info: version: &apos;2.26.0&apos;, revision: &apos;18040&apos;, time: &apos;2012-11-02 09:44:45&apos;
System info: os.name: &apos;Windows 7&apos;, os.arch: &apos;amd64&apos;, os.version: &apos;6.1&apos;, java.version: &apos;1.7.0_09&apos;
Driver info: driver.version: RemoteWebDriver
Session ID: 7e0ce508ee4a9a47659c2df624727bf4
	at sun.reflect.GeneratedConstructorAccessor14.newInstance(Unknown Source)
	at sun.reflect.DelegatingConstructorAccessorImpl.newInstance(DelegatingConstructorAccessorImpl.java:45)
	at java.lang.reflect.Constructor.newInstance(Constructor.java:525)
	at org.openqa.selenium.remote.ErrorHandler.createThrowable(ErrorHandler.java:188)
	at org.openqa.selenium.remote.ErrorHandler.throwIfResponseFailed(ErrorHandler.java:145)
	at org.openqa.selenium.remote.RemoteWebDriver.execute(RemoteWebDriver.java:531)
	at org.openqa.selenium.remote.RemoteWebDriver.executeScript(RemoteWebDriver.java:440)
	at com.YouMagicPro.LKA_tests.TestBase.waitAdminPageToLoadSecondAccount(TestBase.java:192)
	at com.YouMagicPro.LKA_tests.OrderByPickUpCancelButtonTest.orderByPickUpCancelButtonTest_C25664(OrderByPickUpCancelButtonTest.java:11)
</failure>
  </testcase>
  <testcase time="20.897" classname="com.YouMagicPro.LKA_tests.OrderByPickUpChangeNameTest" name="orderByPickUpChangeNameTest_C25668">
    <failure message="The element could not be found (WARNING: The server did not provide any stacktrace information)
Command duration or timeout: 10.05 seconds
For documentation on this error, please visit: http://seleniumhq.org/exceptions/no_such_element.html
Build info: version: &apos;2.26.0&apos;, revision: &apos;18040&apos;, time: &apos;2012-11-02 09:44:45&apos;
System info: os.name: &apos;Windows 7&apos;, os.arch: &apos;amd64&apos;, os.version: &apos;6.1&apos;, java.version: &apos;1.7.0_09&apos;
Driver info: driver.version: RemoteWebDriver
Session ID: 86076a7c1ec0754163c6aa94025d5918" type="org.openqa.selenium.NoSuchElementException">org.openqa.selenium.NoSuchElementException: The element could not be found (WARNING: The server did not provide any stacktrace information)
Command duration or timeout: 10.05 seconds
For documentation on this error, please visit: http://seleniumhq.org/exceptions/no_such_element.html
Build info: version: &apos;2.26.0&apos;, revision: &apos;18040&apos;, time: &apos;2012-11-02 09:44:45&apos;
System info: os.name: &apos;Windows 7&apos;, os.arch: &apos;amd64&apos;, os.version: &apos;6.1&apos;, java.version: &apos;1.7.0_09&apos;
Driver info: driver.version: RemoteWebDriver
Session ID: 86076a7c1ec0754163c6aa94025d5918
	at sun.reflect.NativeConstructorAccessorImpl.newInstance0(Native Method)
	at sun.reflect.NativeConstructorAccessorImpl.newInstance(NativeConstructorAccessorImpl.java:57)
	at sun.reflect.DelegatingConstructorAccessorImpl.newInstance(DelegatingConstructorAccessorImpl.java:45)
	at java.lang.reflect.Constructor.newInstance(Constructor.java:525)
	at org.openqa.selenium.remote.ErrorHandler.createThrowable(ErrorHandler.java:188)
	at org.openqa.selenium.remote.ErrorHandler.throwIfResponseFailed(ErrorHandler.java:145)
	at org.openqa.selenium.remote.RemoteWebDriver.execute(RemoteWebDriver.java:531)
	at org.openqa.selenium.remote.RemoteWebDriver.findElement(RemoteWebDriver.java:301)
	at org.openqa.selenium.remote.RemoteWebDriver.findElementByXPath(RemoteWebDriver.java:386)
	at org.openqa.selenium.By$ByXPath.findElement(By.java:343)
	at org.openqa.selenium.remote.RemoteWebDriver.findElement(RemoteWebDriver.java:293)
	at com.YouMagicPro.LKA_tests.TestBase.waitAdminPageToLoadSecondAccount(TestBase.java:217)
	at com.YouMagicPro.LKA_tests.OrderByPickUpChangeNameTest.orderByPickUpChangeNameTest_C25668(OrderByPickUpChangeNameTest.java:11)
</failure>
  </testcase>
  <testcase time="2.913" classname="com.YouMagicPro.LKA_tests.OrderByPickUpChangePhoneTest" name="OrderByPickUpChangePhoneTest_C25666">
    <failure message="Script execution failed. Script: $(&apos;.gradient_back, .gradient_back_two, .div_abs_for_ifr&apos;).css({ &apos;display&apos;: &apos;block&apos;  }); var atr_adm = $(&apos;.administrator&apos;).attr(&quot;href&quot;); $(&quot;.iframe_rega&quot;).attr({src: atr_adm}).css({ display: &quot;none&quot;});$(&quot;.iframe_rega&quot;).load(function () {$(&apos;.bLoginFormWrap_kn&apos;).css({&apos;display&apos;: &apos;block&apos;});$(this).css({ visibility: &quot;visible&quot;, display:&quot;block&quot; });});;
 $ is not defined (WARNING: The server did not provide any stacktrace information)
Command duration or timeout: 21 milliseconds
Build info: version: &apos;2.26.0&apos;, revision: &apos;18040&apos;, time: &apos;2012-11-02 09:44:45&apos;
System info: os.name: &apos;Windows 7&apos;, os.arch: &apos;amd64&apos;, os.version: &apos;6.1&apos;, java.version: &apos;1.7.0_09&apos;
Driver info: driver.version: RemoteWebDriver
Session ID: f0f64701a6706f5d58dd1bcc69e4a9c0" type="org.openqa.selenium.WebDriverException">org.openqa.selenium.WebDriverException: Script execution failed. Script: $(&apos;.gradient_back, .gradient_back_two, .div_abs_for_ifr&apos;).css({ &apos;display&apos;: &apos;block&apos;  }); var atr_adm = $(&apos;.administrator&apos;).attr(&quot;href&quot;); $(&quot;.iframe_rega&quot;).attr({src: atr_adm}).css({ display: &quot;none&quot;});$(&quot;.iframe_rega&quot;).load(function () {$(&apos;.bLoginFormWrap_kn&apos;).css({&apos;display&apos;: &apos;block&apos;});$(this).css({ visibility: &quot;visible&quot;, display:&quot;block&quot; });});;
 $ is not defined (WARNING: The server did not provide any stacktrace information)
Command duration or timeout: 21 milliseconds
Build info: version: &apos;2.26.0&apos;, revision: &apos;18040&apos;, time: &apos;2012-11-02 09:44:45&apos;
System info: os.name: &apos;Windows 7&apos;, os.arch: &apos;amd64&apos;, os.version: &apos;6.1&apos;, java.version: &apos;1.7.0_09&apos;
Driver info: driver.version: RemoteWebDriver
Session ID: f0f64701a6706f5d58dd1bcc69e4a9c0
	at sun.reflect.GeneratedConstructorAccessor14.newInstance(Unknown Source)
	at sun.reflect.DelegatingConstructorAccessorImpl.newInstance(DelegatingConstructorAccessorImpl.java:45)
	at java.lang.reflect.Constructor.newInstance(Constructor.java:525)
	at org.openqa.selenium.remote.ErrorHandler.createThrowable(ErrorHandler.java:188)
	at org.openqa.selenium.remote.ErrorHandler.throwIfResponseFailed(ErrorHandler.java:145)
	at org.openqa.selenium.remote.RemoteWebDriver.execute(RemoteWebDriver.java:531)
	at org.openqa.selenium.remote.RemoteWebDriver.executeScript(RemoteWebDriver.java:440)
	at com.YouMagicPro.LKA_tests.TestBase.waitAdminPageToLoadSecondAccount(TestBase.java:192)
	at com.YouMagicPro.LKA_tests.OrderByPickUpChangePhoneTest.OrderByPickUpChangePhoneTest_C25666(OrderByPickUpChangePhoneTest.java:11)
</failure>
  </testcase>
  <testcase time="20.611" classname="com.YouMagicPro.LKA_tests.OrderByPickUpOrderWithoutDocTypeCheckedTest" name="orderByPickUpOrderWithoutDocTypeCheckedTest_C25663">
    <failure message="The element could not be found (WARNING: The server did not provide any stacktrace information)
Command duration or timeout: 10.07 seconds
For documentation on this error, please visit: http://seleniumhq.org/exceptions/no_such_element.html
Build info: version: &apos;2.26.0&apos;, revision: &apos;18040&apos;, time: &apos;2012-11-02 09:44:45&apos;
System info: os.name: &apos;Windows 7&apos;, os.arch: &apos;amd64&apos;, os.version: &apos;6.1&apos;, java.version: &apos;1.7.0_09&apos;
Driver info: driver.version: RemoteWebDriver
Session ID: 366bb9e44434883ba49409bf0994f255" type="org.openqa.selenium.NoSuchElementException">org.openqa.selenium.NoSuchElementException: The element could not be found (WARNING: The server did not provide any stacktrace information)
Command duration or timeout: 10.07 seconds
For documentation on this error, please visit: http://seleniumhq.org/exceptions/no_such_element.html
Build info: version: &apos;2.26.0&apos;, revision: &apos;18040&apos;, time: &apos;2012-11-02 09:44:45&apos;
System info: os.name: &apos;Windows 7&apos;, os.arch: &apos;amd64&apos;, os.version: &apos;6.1&apos;, java.version: &apos;1.7.0_09&apos;
Driver info: driver.version: RemoteWebDriver
Session ID: 366bb9e44434883ba49409bf0994f255
	at sun.reflect.NativeConstructorAccessorImpl.newInstance0(Native Method)
	at sun.reflect.NativeConstructorAccessorImpl.newInstance(NativeConstructorAccessorImpl.java:57)
	at sun.reflect.DelegatingConstructorAccessorImpl.newInstance(DelegatingConstructorAccessorImpl.java:45)
	at java.lang.reflect.Constructor.newInstance(Constructor.java:525)
	at org.openqa.selenium.remote.ErrorHandler.createThrowable(ErrorHandler.java:188)
	at org.openqa.selenium.remote.ErrorHandler.throwIfResponseFailed(ErrorHandler.java:145)
	at org.openqa.selenium.remote.RemoteWebDriver.execute(RemoteWebDriver.java:531)
	at org.openqa.selenium.remote.RemoteWebDriver.findElement(RemoteWebDriver.java:301)
	at org.openqa.selenium.remote.RemoteWebDriver.findElementByXPath(RemoteWebDriver.java:386)
	at org.openqa.selenium.By$ByXPath.findElement(By.java:343)
	at org.openqa.selenium.remote.RemoteWebDriver.findElement(RemoteWebDriver.java:293)
	at com.YouMagicPro.LKA_tests.TestBase.waitAdminPageToLoadSecondAccount(TestBase.java:217)
	at com.YouMagicPro.LKA_tests.OrderByPickUpOrderWithoutDocTypeCheckedTest.orderByPickUpOrderWithoutDocTypeCheckedTest_C25663(OrderByPickUpOrderWithoutDocTypeCheckedTest.java:11)
</failure>
  </testcase>
  <testcase time="2.963" classname="com.YouMagicPro.LKA_tests.OrderDeliveryOfContractCancelButtonTest" name="orderDeliveryOfContractCancelButtonTest">
    <failure message="Script execution failed. Script: $(&apos;.gradient_back, .gradient_back_two, .div_abs_for_ifr&apos;).css({ &apos;display&apos;: &apos;block&apos;  }); var atr_adm = $(&apos;.administrator&apos;).attr(&quot;href&quot;); $(&quot;.iframe_rega&quot;).attr({src: atr_adm}).css({ display: &quot;none&quot;});$(&quot;.iframe_rega&quot;).load(function () {$(&apos;.bLoginFormWrap_kn&apos;).css({&apos;display&apos;: &apos;block&apos;});$(this).css({ visibility: &quot;visible&quot;, display:&quot;block&quot; });});;
 $ is not defined (WARNING: The server did not provide any stacktrace information)
Command duration or timeout: 19 milliseconds
Build info: version: &apos;2.26.0&apos;, revision: &apos;18040&apos;, time: &apos;2012-11-02 09:44:45&apos;
System info: os.name: &apos;Windows 7&apos;, os.arch: &apos;amd64&apos;, os.version: &apos;6.1&apos;, java.version: &apos;1.7.0_09&apos;
Driver info: driver.version: RemoteWebDriver
Session ID: 2b4e57f9c7f0f016c2e199bba0229c1b" type="org.openqa.selenium.WebDriverException">org.openqa.selenium.WebDriverException: Script execution failed. Script: $(&apos;.gradient_back, .gradient_back_two, .div_abs_for_ifr&apos;).css({ &apos;display&apos;: &apos;block&apos;  }); var atr_adm = $(&apos;.administrator&apos;).attr(&quot;href&quot;); $(&quot;.iframe_rega&quot;).attr({src: atr_adm}).css({ display: &quot;none&quot;});$(&quot;.iframe_rega&quot;).load(function () {$(&apos;.bLoginFormWrap_kn&apos;).css({&apos;display&apos;: &apos;block&apos;});$(this).css({ visibility: &quot;visible&quot;, display:&quot;block&quot; });});;
 $ is not defined (WARNING: The server did not provide any stacktrace information)
Command duration or timeout: 19 milliseconds
Build info: version: &apos;2.26.0&apos;, revision: &apos;18040&apos;, time: &apos;2012-11-02 09:44:45&apos;
System info: os.name: &apos;Windows 7&apos;, os.arch: &apos;amd64&apos;, os.version: &apos;6.1&apos;, java.version: &apos;1.7.0_09&apos;
Driver info: driver.version: RemoteWebDriver
Session ID: 2b4e57f9c7f0f016c2e199bba0229c1b
	at sun.reflect.GeneratedConstructorAccessor14.newInstance(Unknown Source)
	at sun.reflect.DelegatingConstructorAccessorImpl.newInstance(DelegatingConstructorAccessorImpl.java:45)
	at java.lang.reflect.Constructor.newInstance(Constructor.java:525)
	at org.openqa.selenium.remote.ErrorHandler.createThrowable(ErrorHandler.java:188)
	at org.openqa.selenium.remote.ErrorHandler.throwIfResponseFailed(ErrorHandler.java:145)
	at org.openqa.selenium.remote.RemoteWebDriver.execute(RemoteWebDriver.java:531)
	at org.openqa.selenium.remote.RemoteWebDriver.executeScript(RemoteWebDriver.java:440)
	at com.YouMagicPro.LKA_tests.TestBase.waitAdminPageToLoadSecondAccount(TestBase.java:192)
	at com.YouMagicPro.LKA_tests.OrderDeliveryOfContractCancelButtonTest.orderDeliveryOfContractCancelButtonTest(OrderDeliveryOfContractCancelButtonTest.java:11)
</failure>
  </testcase>
  <testcase time="2.84" classname="com.YouMagicPro.LKA_tests.OrderDeliveryOfContractDropdownListTest" name="expenseStructureTest">
    <failure message="Script execution failed. Script: $(&apos;.gradient_back, .gradient_back_two, .div_abs_for_ifr&apos;).css({ &apos;display&apos;: &apos;block&apos;  }); var atr_adm = $(&apos;.administrator&apos;).attr(&quot;href&quot;); $(&quot;.iframe_rega&quot;).attr({src: atr_adm}).css({ display: &quot;none&quot;});$(&quot;.iframe_rega&quot;).load(function () {$(&apos;.bLoginFormWrap_kn&apos;).css({&apos;display&apos;: &apos;block&apos;});$(this).css({ visibility: &quot;visible&quot;, display:&quot;block&quot; });});;
 $ is not defined (WARNING: The server did not provide any stacktrace information)
Command duration or timeout: 20 milliseconds
Build info: version: &apos;2.26.0&apos;, revision: &apos;18040&apos;, time: &apos;2012-11-02 09:44:45&apos;
System info: os.name: &apos;Windows 7&apos;, os.arch: &apos;amd64&apos;, os.version: &apos;6.1&apos;, java.version: &apos;1.7.0_09&apos;
Driver info: driver.version: RemoteWebDriver
Session ID: 20dd28c83ae87535a45ea877f210e90c" type="org.openqa.selenium.WebDriverException">org.openqa.selenium.WebDriverException: Script execution failed. Script: $(&apos;.gradient_back, .gradient_back_two, .div_abs_for_ifr&apos;).css({ &apos;display&apos;: &apos;block&apos;  }); var atr_adm = $(&apos;.administrator&apos;).attr(&quot;href&quot;); $(&quot;.iframe_rega&quot;).attr({src: atr_adm}).css({ display: &quot;none&quot;});$(&quot;.iframe_rega&quot;).load(function () {$(&apos;.bLoginFormWrap_kn&apos;).css({&apos;display&apos;: &apos;block&apos;});$(this).css({ visibility: &quot;visible&quot;, display:&quot;block&quot; });});;
 $ is not defined (WARNING: The server did not provide any stacktrace information)
Command duration or timeout: 20 milliseconds
Build info: version: &apos;2.26.0&apos;, revision: &apos;18040&apos;, time: &apos;2012-11-02 09:44:45&apos;
System info: os.name: &apos;Windows 7&apos;, os.arch: &apos;amd64&apos;, os.version: &apos;6.1&apos;, java.version: &apos;1.7.0_09&apos;
Driver info: driver.version: RemoteWebDriver
Session ID: 20dd28c83ae87535a45ea877f210e90c
	at sun.reflect.GeneratedConstructorAccessor14.newInstance(Unknown Source)
	at sun.reflect.DelegatingConstructorAccessorImpl.newInstance(DelegatingConstructorAccessorImpl.java:45)
	at java.lang.reflect.Constructor.newInstance(Constructor.java:525)
	at org.openqa.selenium.remote.ErrorHandler.createThrowable(ErrorHandler.java:188)
	at org.openqa.selenium.remote.ErrorHandler.throwIfResponseFailed(ErrorHandler.java:145)
	at org.openqa.selenium.remote.RemoteWebDriver.execute(RemoteWebDriver.java:531)
	at org.openqa.selenium.remote.RemoteWebDriver.executeScript(RemoteWebDriver.java:440)
	at com.YouMagicPro.LKA_tests.TestBase.waitAdminPageToLoadSecondAccount(TestBase.java:192)
	at com.YouMagicPro.LKA_tests.OrderDeliveryOfContractDropdownListTest.expenseStructureTest(OrderDeliveryOfContractDropdownListTest.java:11)
</failure>
  </testcase>
  <testcase time="2.885" classname="com.YouMagicPro.LKA_tests.OrderToAdressCancelButtonClickTest" name="orderToAdressCancelButtonClickTest_C25675">
    <failure message="Script execution failed. Script: $(&apos;.gradient_back, .gradient_back_two, .div_abs_for_ifr&apos;).css({ &apos;display&apos;: &apos;block&apos;  }); var atr_adm = $(&apos;.administrator&apos;).attr(&quot;href&quot;); $(&quot;.iframe_rega&quot;).attr({src: atr_adm}).css({ display: &quot;none&quot;});$(&quot;.iframe_rega&quot;).load(function () {$(&apos;.bLoginFormWrap_kn&apos;).css({&apos;display&apos;: &apos;block&apos;});$(this).css({ visibility: &quot;visible&quot;, display:&quot;block&quot; });});;
 $ is not defined (WARNING: The server did not provide any stacktrace information)
Command duration or timeout: 18 milliseconds
Build info: version: &apos;2.26.0&apos;, revision: &apos;18040&apos;, time: &apos;2012-11-02 09:44:45&apos;
System info: os.name: &apos;Windows 7&apos;, os.arch: &apos;amd64&apos;, os.version: &apos;6.1&apos;, java.version: &apos;1.7.0_09&apos;
Driver info: driver.version: RemoteWebDriver
Session ID: bf85d8902a8bc86467b8e7ac7ff1ba37" type="org.openqa.selenium.WebDriverException">org.openqa.selenium.WebDriverException: Script execution failed. Script: $(&apos;.gradient_back, .gradient_back_two, .div_abs_for_ifr&apos;).css({ &apos;display&apos;: &apos;block&apos;  }); var atr_adm = $(&apos;.administrator&apos;).attr(&quot;href&quot;); $(&quot;.iframe_rega&quot;).attr({src: atr_adm}).css({ display: &quot;none&quot;});$(&quot;.iframe_rega&quot;).load(function () {$(&apos;.bLoginFormWrap_kn&apos;).css({&apos;display&apos;: &apos;block&apos;});$(this).css({ visibility: &quot;visible&quot;, display:&quot;block&quot; });});;
 $ is not defined (WARNING: The server did not provide any stacktrace information)
Command duration or timeout: 18 milliseconds
Build info: version: &apos;2.26.0&apos;, revision: &apos;18040&apos;, time: &apos;2012-11-02 09:44:45&apos;
System info: os.name: &apos;Windows 7&apos;, os.arch: &apos;amd64&apos;, os.version: &apos;6.1&apos;, java.version: &apos;1.7.0_09&apos;
Driver info: driver.version: RemoteWebDriver
Session ID: bf85d8902a8bc86467b8e7ac7ff1ba37
	at sun.reflect.GeneratedConstructorAccessor14.newInstance(Unknown Source)
	at sun.reflect.DelegatingConstructorAccessorImpl.newInstance(DelegatingConstructorAccessorImpl.java:45)
	at java.lang.reflect.Constructor.newInstance(Constructor.java:525)
	at org.openqa.selenium.remote.ErrorHandler.createThrowable(ErrorHandler.java:188)
	at org.openqa.selenium.remote.ErrorHandler.throwIfResponseFailed(ErrorHandler.java:145)
	at org.openqa.selenium.remote.RemoteWebDriver.execute(RemoteWebDriver.java:531)
	at org.openqa.selenium.remote.RemoteWebDriver.executeScript(RemoteWebDriver.java:440)
	at com.YouMagicPro.LKA_tests.TestBase.waitAdminPageToLoadSecondAccount(TestBase.java:192)
	at com.YouMagicPro.LKA_tests.OrderToAdressCancelButtonClickTest.orderToAdressCancelButtonClickTest_C25675(OrderToAdressCancelButtonClickTest.java:11)
</failure>
  </testcase>
  <testcase time="20.956" classname="com.YouMagicPro.LKA_tests.OrderToAdressChangeNameTest" name="orderToAdressChangeNameTest_C25672">
    <failure message="The element could not be found (WARNING: The server did not provide any stacktrace information)
Command duration or timeout: 10.08 seconds
For documentation on this error, please visit: http://seleniumhq.org/exceptions/no_such_element.html
Build info: version: &apos;2.26.0&apos;, revision: &apos;18040&apos;, time: &apos;2012-11-02 09:44:45&apos;
System info: os.name: &apos;Windows 7&apos;, os.arch: &apos;amd64&apos;, os.version: &apos;6.1&apos;, java.version: &apos;1.7.0_09&apos;
Driver info: driver.version: RemoteWebDriver
Session ID: 99eab186fb4c9dc713d791039e83d410" type="org.openqa.selenium.NoSuchElementException">org.openqa.selenium.NoSuchElementException: The element could not be found (WARNING: The server did not provide any stacktrace information)
Command duration or timeout: 10.08 seconds
For documentation on this error, please visit: http://seleniumhq.org/exceptions/no_such_element.html
Build info: version: &apos;2.26.0&apos;, revision: &apos;18040&apos;, time: &apos;2012-11-02 09:44:45&apos;
System info: os.name: &apos;Windows 7&apos;, os.arch: &apos;amd64&apos;, os.version: &apos;6.1&apos;, java.version: &apos;1.7.0_09&apos;
Driver info: driver.version: RemoteWebDriver
Session ID: 99eab186fb4c9dc713d791039e83d410
	at sun.reflect.NativeConstructorAccessorImpl.newInstance0(Native Method)
	at sun.reflect.NativeConstructorAccessorImpl.newInstance(NativeConstructorAccessorImpl.java:57)
	at sun.reflect.DelegatingConstructorAccessorImpl.newInstance(DelegatingConstructorAccessorImpl.java:45)
	at java.lang.reflect.Constructor.newInstance(Constructor.java:525)
	at org.openqa.selenium.remote.ErrorHandler.createThrowable(ErrorHandler.java:188)
	at org.openqa.selenium.remote.ErrorHandler.throwIfResponseFailed(ErrorHandler.java:145)
	at org.openqa.selenium.remote.RemoteWebDriver.execute(RemoteWebDriver.java:531)
	at org.openqa.selenium.remote.RemoteWebDriver.findElement(RemoteWebDriver.java:301)
	at org.openqa.selenium.remote.RemoteWebDriver.findElementByXPath(RemoteWebDriver.java:386)
	at org.openqa.selenium.By$ByXPath.findElement(By.java:343)
	at org.openqa.selenium.remote.RemoteWebDriver.findElement(RemoteWebDriver.java:293)
	at com.YouMagicPro.LKA_tests.TestBase.waitAdminPageToLoadSecondAccount(TestBase.java:217)
	at com.YouMagicPro.LKA_tests.OrderToAdressChangeNameTest.orderToAdressChangeNameTest_C25672(OrderToAdressChangeNameTest.java:11)
</failure>
  </testcase>
  <testcase time="2.827" classname="com.YouMagicPro.LKA_tests.OrderToAdressChangePhoneTest" name="orderToAdressChangePhoneTest_C25677">
    <failure message="Script execution failed. Script: $(&apos;.gradient_back, .gradient_back_two, .div_abs_for_ifr&apos;).css({ &apos;display&apos;: &apos;block&apos;  }); var atr_adm = $(&apos;.administrator&apos;).attr(&quot;href&quot;); $(&quot;.iframe_rega&quot;).attr({src: atr_adm}).css({ display: &quot;none&quot;});$(&quot;.iframe_rega&quot;).load(function () {$(&apos;.bLoginFormWrap_kn&apos;).css({&apos;display&apos;: &apos;block&apos;});$(this).css({ visibility: &quot;visible&quot;, display:&quot;block&quot; });});;
 $ is not defined (WARNING: The server did not provide any stacktrace information)
Command duration or timeout: 19 milliseconds
Build info: version: &apos;2.26.0&apos;, revision: &apos;18040&apos;, time: &apos;2012-11-02 09:44:45&apos;
System info: os.name: &apos;Windows 7&apos;, os.arch: &apos;amd64&apos;, os.version: &apos;6.1&apos;, java.version: &apos;1.7.0_09&apos;
Driver info: driver.version: RemoteWebDriver
Session ID: 3234515b5a20a4e9027effa59a48187b" type="org.openqa.selenium.WebDriverException">org.openqa.selenium.WebDriverException: Script execution failed. Script: $(&apos;.gradient_back, .gradient_back_two, .div_abs_for_ifr&apos;).css({ &apos;display&apos;: &apos;block&apos;  }); var atr_adm = $(&apos;.administrator&apos;).attr(&quot;href&quot;); $(&quot;.iframe_rega&quot;).attr({src: atr_adm}).css({ display: &quot;none&quot;});$(&quot;.iframe_rega&quot;).load(function () {$(&apos;.bLoginFormWrap_kn&apos;).css({&apos;display&apos;: &apos;block&apos;});$(this).css({ visibility: &quot;visible&quot;, display:&quot;block&quot; });});;
 $ is not defined (WARNING: The server did not provide any stacktrace information)
Command duration or timeout: 19 milliseconds
Build info: version: &apos;2.26.0&apos;, revision: &apos;18040&apos;, time: &apos;2012-11-02 09:44:45&apos;
System info: os.name: &apos;Windows 7&apos;, os.arch: &apos;amd64&apos;, os.version: &apos;6.1&apos;, java.version: &apos;1.7.0_09&apos;
Driver info: driver.version: RemoteWebDriver
Session ID: 3234515b5a20a4e9027effa59a48187b
	at sun.reflect.GeneratedConstructorAccessor14.newInstance(Unknown Source)
	at sun.reflect.DelegatingConstructorAccessorImpl.newInstance(DelegatingConstructorAccessorImpl.java:45)
	at java.lang.reflect.Constructor.newInstance(Constructor.java:525)
	at org.openqa.selenium.remote.ErrorHandler.createThrowable(ErrorHandler.java:188)
	at org.openqa.selenium.remote.ErrorHandler.throwIfResponseFailed(ErrorHandler.java:145)
	at org.openqa.selenium.remote.RemoteWebDriver.execute(RemoteWebDriver.java:531)
	at org.openqa.selenium.remote.RemoteWebDriver.executeScript(RemoteWebDriver.java:440)
	at com.YouMagicPro.LKA_tests.TestBase.waitAdminPageToLoadSecondAccount(TestBase.java:192)
	at com.YouMagicPro.LKA_tests.OrderToAdressChangePhoneTest.orderToAdressChangePhoneTest_C25677(OrderToAdressChangePhoneTest.java:11)
</failure>
  </testcase>
  <testcase time="2.849" classname="com.YouMagicPro.LKA_tests.OrderToAdressNoTextFieldFilledTest" name="OrderToAdressNoTextFieldFilledTest_C25679">
    <failure message="Script execution failed. Script: $(&apos;.gradient_back, .gradient_back_two, .div_abs_for_ifr&apos;).css({ &apos;display&apos;: &apos;block&apos;  }); var atr_adm = $(&apos;.administrator&apos;).attr(&quot;href&quot;); $(&quot;.iframe_rega&quot;).attr({src: atr_adm}).css({ display: &quot;none&quot;});$(&quot;.iframe_rega&quot;).load(function () {$(&apos;.bLoginFormWrap_kn&apos;).css({&apos;display&apos;: &apos;block&apos;});$(this).css({ visibility: &quot;visible&quot;, display:&quot;block&quot; });});;
 $ is not defined (WARNING: The server did not provide any stacktrace information)
Command duration or timeout: 17 milliseconds
Build info: version: &apos;2.26.0&apos;, revision: &apos;18040&apos;, time: &apos;2012-11-02 09:44:45&apos;
System info: os.name: &apos;Windows 7&apos;, os.arch: &apos;amd64&apos;, os.version: &apos;6.1&apos;, java.version: &apos;1.7.0_09&apos;
Driver info: driver.version: RemoteWebDriver
Session ID: 95de01812f324177b138ca8a5decd3b0" type="org.openqa.selenium.WebDriverException">org.openqa.selenium.WebDriverException: Script execution failed. Script: $(&apos;.gradient_back, .gradient_back_two, .div_abs_for_ifr&apos;).css({ &apos;display&apos;: &apos;block&apos;  }); var atr_adm = $(&apos;.administrator&apos;).attr(&quot;href&quot;); $(&quot;.iframe_rega&quot;).attr({src: atr_adm}).css({ display: &quot;none&quot;});$(&quot;.iframe_rega&quot;).load(function () {$(&apos;.bLoginFormWrap_kn&apos;).css({&apos;display&apos;: &apos;block&apos;});$(this).css({ visibility: &quot;visible&quot;, display:&quot;block&quot; });});;
 $ is not defined (WARNING: The server did not provide any stacktrace information)
Command duration or timeout: 17 milliseconds
Build info: version: &apos;2.26.0&apos;, revision: &apos;18040&apos;, time: &apos;2012-11-02 09:44:45&apos;
System info: os.name: &apos;Windows 7&apos;, os.arch: &apos;amd64&apos;, os.version: &apos;6.1&apos;, java.version: &apos;1.7.0_09&apos;
Driver info: driver.version: RemoteWebDriver
Session ID: 95de01812f324177b138ca8a5decd3b0
	at sun.reflect.GeneratedConstructorAccessor14.newInstance(Unknown Source)
	at sun.reflect.DelegatingConstructorAccessorImpl.newInstance(DelegatingConstructorAccessorImpl.java:45)
	at java.lang.reflect.Constructor.newInstance(Constructor.java:525)
	at org.openqa.selenium.remote.ErrorHandler.createThrowable(ErrorHandler.java:188)
	at org.openqa.selenium.remote.ErrorHandler.throwIfResponseFailed(ErrorHandler.java:145)
	at org.openqa.selenium.remote.RemoteWebDriver.execute(RemoteWebDriver.java:531)
	at org.openqa.selenium.remote.RemoteWebDriver.executeScript(RemoteWebDriver.java:440)
	at com.YouMagicPro.LKA_tests.TestBase.waitAdminPageToLoadSecondAccount(TestBase.java:192)
	at com.YouMagicPro.LKA_tests.OrderToAdressNoTextFieldFilledTest.OrderToAdressNoTextFieldFilledTest_C25679(OrderToAdressNoTextFieldFilledTest.java:11)
</failure>
  </testcase>
  <testcase time="16.284" classname="com.YouMagicPro.LKA_tests.PaymentsPageTest" name="soundFilesTest"/>
  <testcase time="16.608" classname="com.YouMagicPro.LKA_tests.SoundFilesPageTest" name="soundFilesTest">
    <failure message="" type="java.lang.AssertionError">java.lang.AssertionError: 
	at org.testng.AssertJUnit.fail(AssertJUnit.java:59)
	at org.testng.AssertJUnit.assertTrue(AssertJUnit.java:24)
	at org.testng.AssertJUnit.assertTrue(AssertJUnit.java:33)
	at com.YouMagicPro.LKA_tests.SoundFilesPageTest.soundFilesTest(SoundFilesPageTest.java:21)
</failure>
  </testcase>
  <testcase time="13.658" classname="com.YouMagicPro.LKA_tests.SupportPhoneTest" name="SupportPhoneTest_C25679"/>
</testsuite>