<?xml version="1.0" encoding="UTF-8" ?>
<testsuite failures="5" time="1,881.518" errors="0" skipped="0" tests="97" name="TestSuite">
  <properties>
    <property name="java.runtime.name" value="Java(TM) SE Runtime Environment"/>
    <property name="sun.boot.library.path" value="C:\Program Files\Java\jdk1.7.0_09\jre\bin"/>
    <property name="java.vm.version" value="23.5-b02"/>
    <property name="java.vm.vendor" value="Oracle Corporation"/>
    <property name="java.vendor.url" value="http://java.oracle.com/"/>
    <property name="path.separator" value=";"/>
    <property name="java.vm.name" value="Java HotSpot(TM) 64-Bit Server VM"/>
    <property name="file.encoding.pkg" value="sun.io"/>
    <property name="user.script" value=""/>
    <property name="user.country" value="RU"/>
    <property name="sun.java.launcher" value="SUN_STANDARD"/>
    <property name="sun.os.patch.level" value="Service Pack 1"/>
    <property name="java.vm.specification.name" value="Java Virtual Machine Specification"/>
    <property name="user.dir" value="C:\workspace\YouMagicPro.com\YouMagicPro.com\YouMagicPro.com"/>
    <property name="java.runtime.version" value="1.7.0_09-b05"/>
    <property name="java.awt.graphicsenv" value="sun.awt.Win32GraphicsEnvironment"/>
    <property name="basedir" value="C:\workspace\YouMagicPro.com\YouMagicPro.com\YouMagicPro.com"/>
    <property name="java.endorsed.dirs" value="C:\Program Files\Java\jdk1.7.0_09\jre\lib\endorsed"/>
    <property name="os.arch" value="amd64"/>
    <property name="surefire.real.class.path" value="C:\workspace\YouMagicPro.com\YouMagicPro.com\YouMagicPro.com\target\surefire\surefirebooter3197111941042069255.jar"/>
    <property name="java.io.tmpdir" value="C:\Windows\TEMP\"/>
    <property name="line.separator" value="
"/>
    <property name="java.vm.specification.vendor" value="Oracle Corporation"/>
    <property name="user.variant" value=""/>
    <property name="os.name" value="Windows 7"/>
    <property name="sun.jnu.encoding" value="Cp1251"/>
    <property name="java.library.path" value="C:\Program Files\Java\jdk1.7.0_09\jre\bin;C:\Windows\Sun\Java\bin;C:\Windows\system32;C:\Windows;C:\Program Files\apache-maven-3.0.4/bin;C:\Program Files\Java\jdk1.7.0_09/bin;C:\Program Files\Java\jdk1.7.0_09/bin;C:\Windows\system32;C:\Windows;C:\Windows\System32\Wbem;C:\Windows\System32\WindowsPowerShell\v1.0\;;."/>
    <property name="surefire.test.class.path" value="C:\workspace\YouMagicPro.com\YouMagicPro.com\YouMagicPro.com\target\test-classes;C:\workspace\YouMagicPro.com\YouMagicPro.com\YouMagicPro.com\target\classes;C:\.m2\repository\org\testng\testng\6.8\testng-6.8.jar;C:\.m2\repository\junit\junit\4.10\junit-4.10.jar;C:\.m2\repository\org\hamcrest\hamcrest-core\1.1\hamcrest-core-1.1.jar;C:\.m2\repository\org\beanshell\bsh\2.0b4\bsh-2.0b4.jar;C:\.m2\repository\com\beust\jcommander\1.27\jcommander-1.27.jar;C:\.m2\repository\org\yaml\snakeyaml\1.6\snakeyaml-1.6.jar;C:\.m2\repository\org\seleniumhq\selenium\selenium-java\2.26.0\selenium-java-2.26.0.jar;C:\.m2\repository\org\seleniumhq\selenium\selenium-android-driver\2.26.0\selenium-android-driver-2.26.0.jar;C:\.m2\repository\org\seleniumhq\selenium\selenium-remote-driver\2.26.0\selenium-remote-driver-2.26.0.jar;C:\.m2\repository\cglib\cglib-nodep\2.1_3\cglib-nodep-2.1_3.jar;C:\.m2\repository\org\json\json\20080701\json-20080701.jar;C:\.m2\repository\com\google\guava\guava\13.0.1\guava-13.0.1.jar;C:\.m2\repository\org\seleniumhq\selenium\selenium-chrome-driver\2.26.0\selenium-chrome-driver-2.26.0.jar;C:\.m2\repository\org\seleniumhq\selenium\selenium-htmlunit-driver\2.26.0\selenium-htmlunit-driver-2.26.0.jar;C:\.m2\repository\org\seleniumhq\selenium\selenium-api\2.26.0\selenium-api-2.26.0.jar;C:\.m2\repository\net\sourceforge\htmlunit\htmlunit\2.10\htmlunit-2.10.jar;C:\.m2\repository\xalan\xalan\2.7.1\xalan-2.7.1.jar;C:\.m2\repository\xalan\serializer\2.7.1\serializer-2.7.1.jar;C:\.m2\repository\commons-collections\commons-collections\3.2.1\commons-collections-3.2.1.jar;C:\.m2\repository\org\apache\httpcomponents\httpmime\4.2.1\httpmime-4.2.1.jar;C:\.m2\repository\net\sourceforge\htmlunit\htmlunit-core-js\2.10\htmlunit-core-js-2.10.jar;C:\.m2\repository\xerces\xercesImpl\2.9.1\xercesImpl-2.9.1.jar;C:\.m2\repository\xml-apis\xml-apis\1.3.04\xml-apis-1.3.04.jar;C:\.m2\repository\net\sourceforge\nekohtml\nekohtml\1.9.16\nekohtml-1.9.16.jar;C:\.m2\repository\net\sourceforge\cssparser\cssparser\0.9.7\cssparser-0.9.7.jar;C:\.m2\repository\org\w3c\css\sac\1.3\sac-1.3.jar;C:\.m2\repository\org\apache\httpcomponents\httpclient\4.2.1\httpclient-4.2.1.jar;C:\.m2\repository\org\apache\httpcomponents\httpcore\4.2.1\httpcore-4.2.1.jar;C:\.m2\repository\org\seleniumhq\selenium\selenium-firefox-driver\2.26.0\selenium-firefox-driver-2.26.0.jar;C:\.m2\repository\commons-io\commons-io\2.2\commons-io-2.2.jar;C:\.m2\repository\org\apache\commons\commons-exec\1.1\commons-exec-1.1.jar;C:\.m2\repository\org\seleniumhq\selenium\selenium-ie-driver\2.26.0\selenium-ie-driver-2.26.0.jar;C:\.m2\repository\net\java\dev\jna\jna\3.4.0\jna-3.4.0.jar;C:\.m2\repository\net\java\dev\jna\platform\3.4.0\platform-3.4.0.jar;C:\.m2\repository\org\seleniumhq\selenium\selenium-iphone-driver\2.26.0\selenium-iphone-driver-2.26.0.jar;C:\.m2\repository\org\seleniumhq\selenium\selenium-safari-driver\2.26.0\selenium-safari-driver-2.26.0.jar;C:\.m2\repository\org\seleniumhq\selenium\selenium-support\2.26.0\selenium-support-2.26.0.jar;C:\.m2\repository\org\webbitserver\webbit\0.4.14\webbit-0.4.14.jar;C:\.m2\repository\io\netty\netty\3.5.2.Final\netty-3.5.2.Final.jar;C:\.m2\repository\org\apache\maven\plugins\maven-surefire-plugin\2.12.4\maven-surefire-plugin-2.12.4.jar;C:\.m2\repository\org\apache\maven\maven-plugin-api\2.0.9\maven-plugin-api-2.0.9.jar;C:\.m2\repository\org\apache\maven\surefire\surefire-booter\2.12.4\surefire-booter-2.12.4.jar;C:\.m2\repository\org\apache\maven\surefire\surefire-api\2.12.4\surefire-api-2.12.4.jar;C:\.m2\repository\org\apache\maven\surefire\maven-surefire-common\2.12.4\maven-surefire-common-2.12.4.jar;C:\.m2\repository\org\apache\commons\commons-lang3\3.1\commons-lang3-3.1.jar;C:\.m2\repository\org\apache\maven\shared\maven-common-artifact-filters\1.3\maven-common-artifact-filters-1.3.jar;C:\.m2\repository\org\codehaus\plexus\plexus-utils\3.0.8\plexus-utils-3.0.8.jar;C:\.m2\repository\org\apache\maven\maven-artifact\2.0.9\maven-artifact-2.0.9.jar;C:\.m2\repository\org\apache\maven\maven-project\2.0.9\maven-project-2.0.9.jar;C:\.m2\repository\org\apache\maven\maven-settings\2.0.9\maven-settings-2.0.9.jar;C:\.m2\repository\org\apache\maven\maven-profile\2.0.9\maven-profile-2.0.9.jar;C:\.m2\repository\org\apache\maven\maven-model\2.0.9\maven-model-2.0.9.jar;C:\.m2\repository\org\apache\maven\maven-artifact-manager\2.0.9\maven-artifact-manager-2.0.9.jar;C:\.m2\repository\org\apache\maven\maven-plugin-registry\2.0.9\maven-plugin-registry-2.0.9.jar;C:\.m2\repository\org\codehaus\plexus\plexus-container-default\1.0-alpha-9-stable-1\plexus-container-default-1.0-alpha-9-stable-1.jar;C:\.m2\repository\org\apache\maven\maven-core\2.0.9\maven-core-2.0.9.jar;C:\.m2\repository\org\apache\maven\maven-plugin-parameter-documenter\2.0.9\maven-plugin-parameter-documenter-2.0.9.jar;C:\.m2\repository\org\apache\maven\reporting\maven-reporting-api\2.0.9\maven-reporting-api-2.0.9.jar;C:\.m2\repository\org\apache\maven\wagon\wagon-provider-api\1.0-beta-2\wagon-provider-api-1.0-beta-2.jar;C:\.m2\repository\org\apache\maven\maven-repository-metadata\2.0.9\maven-repository-metadata-2.0.9.jar;C:\.m2\repository\org\apache\maven\maven-error-diagnostics\2.0.9\maven-error-diagnostics-2.0.9.jar;C:\.m2\repository\org\apache\maven\maven-plugin-descriptor\2.0.9\maven-plugin-descriptor-2.0.9.jar;C:\.m2\repository\org\apache\maven\maven-monitor\2.0.9\maven-monitor-2.0.9.jar;C:\.m2\repository\classworlds\classworlds\1.1\classworlds-1.1.jar;C:\.m2\repository\org\apache\maven\maven-toolchain\2.0.9\maven-toolchain-2.0.9.jar;C:\.m2\repository\org\apache\maven\plugin-tools\maven-plugin-annotations\3.1\maven-plugin-annotations-3.1.jar;C:\.m2\repository\org\openqa\selenium\server\selenium-server\1.0-20081010.060147\selenium-server-1.0-20081010.060147.jar;C:\.m2\repository\org\openqa\selenium\server\selenium-server-coreless\1.0-20081010.060147\selenium-server-coreless-1.0-20081010.060147.jar;C:\.m2\repository\ant\ant\1.6.5\ant-1.6.5.jar;C:\.m2\repository\jetty\org.mortbay.jetty\5.1.10\org.mortbay.jetty-5.1.10.jar;C:\.m2\repository\commons-logging\commons-logging\1.0.4\commons-logging-1.0.4.jar;C:\.m2\repository\commons-codec\commons-codec\1.3\commons-codec-1.3.jar;C:\.m2\repository\javax\servlet\servlet-api\2.4\servlet-api-2.4.jar;C:\.m2\repository\bouncycastle\bcprov-jdk15\135\bcprov-jdk15-135.jar;C:\.m2\repository\org\openqa\selenium\core\selenium-core\1.0-20080914.225453\selenium-core-1.0-20080914.225453.jar;C:\.m2\repository\org\apache\maven\surefire\surefire-testng-utils\2.8.1\surefire-testng-utils-2.8.1.jar;"/>
    <property name="java.specification.name" value="Java Platform API Specification"/>
    <property name="java.class.version" value="51.0"/>
    <property name="sun.management.compiler" value="HotSpot 64-Bit Tiered Compilers"/>
    <property name="os.version" value="6.1"/>
    <property name="user.home" value="C:\"/>
    <property name="user.timezone" value="Europe/Moscow"/>
    <property name="java.awt.printerjob" value="sun.awt.windows.WPrinterJob"/>
    <property name="java.specification.version" value="1.7"/>
    <property name="file.encoding" value="Cp1251"/>
    <property name="user.name" value="RND_CI_WINDOWS$"/>
    <property name="java.class.path" value="C:\workspace\YouMagicPro.com\YouMagicPro.com\YouMagicPro.com\target\test-classes;C:\workspace\YouMagicPro.com\YouMagicPro.com\YouMagicPro.com\target\classes;C:\.m2\repository\org\testng\testng\6.8\testng-6.8.jar;C:\.m2\repository\junit\junit\4.10\junit-4.10.jar;C:\.m2\repository\org\hamcrest\hamcrest-core\1.1\hamcrest-core-1.1.jar;C:\.m2\repository\org\beanshell\bsh\2.0b4\bsh-2.0b4.jar;C:\.m2\repository\com\beust\jcommander\1.27\jcommander-1.27.jar;C:\.m2\repository\org\yaml\snakeyaml\1.6\snakeyaml-1.6.jar;C:\.m2\repository\org\seleniumhq\selenium\selenium-java\2.26.0\selenium-java-2.26.0.jar;C:\.m2\repository\org\seleniumhq\selenium\selenium-android-driver\2.26.0\selenium-android-driver-2.26.0.jar;C:\.m2\repository\org\seleniumhq\selenium\selenium-remote-driver\2.26.0\selenium-remote-driver-2.26.0.jar;C:\.m2\repository\cglib\cglib-nodep\2.1_3\cglib-nodep-2.1_3.jar;C:\.m2\repository\org\json\json\20080701\json-20080701.jar;C:\.m2\repository\com\google\guava\guava\13.0.1\guava-13.0.1.jar;C:\.m2\repository\org\seleniumhq\selenium\selenium-chrome-driver\2.26.0\selenium-chrome-driver-2.26.0.jar;C:\.m2\repository\org\seleniumhq\selenium\selenium-htmlunit-driver\2.26.0\selenium-htmlunit-driver-2.26.0.jar;C:\.m2\repository\org\seleniumhq\selenium\selenium-api\2.26.0\selenium-api-2.26.0.jar;C:\.m2\repository\net\sourceforge\htmlunit\htmlunit\2.10\htmlunit-2.10.jar;C:\.m2\repository\xalan\xalan\2.7.1\xalan-2.7.1.jar;C:\.m2\repository\xalan\serializer\2.7.1\serializer-2.7.1.jar;C:\.m2\repository\commons-collections\commons-collections\3.2.1\commons-collections-3.2.1.jar;C:\.m2\repository\org\apache\httpcomponents\httpmime\4.2.1\httpmime-4.2.1.jar;C:\.m2\repository\net\sourceforge\htmlunit\htmlunit-core-js\2.10\htmlunit-core-js-2.10.jar;C:\.m2\repository\xerces\xercesImpl\2.9.1\xercesImpl-2.9.1.jar;C:\.m2\repository\xml-apis\xml-apis\1.3.04\xml-apis-1.3.04.jar;C:\.m2\repository\net\sourceforge\nekohtml\nekohtml\1.9.16\nekohtml-1.9.16.jar;C:\.m2\repository\net\sourceforge\cssparser\cssparser\0.9.7\cssparser-0.9.7.jar;C:\.m2\repository\org\w3c\css\sac\1.3\sac-1.3.jar;C:\.m2\repository\org\apache\httpcomponents\httpclient\4.2.1\httpclient-4.2.1.jar;C:\.m2\repository\org\apache\httpcomponents\httpcore\4.2.1\httpcore-4.2.1.jar;C:\.m2\repository\org\seleniumhq\selenium\selenium-firefox-driver\2.26.0\selenium-firefox-driver-2.26.0.jar;C:\.m2\repository\commons-io\commons-io\2.2\commons-io-2.2.jar;C:\.m2\repository\org\apache\commons\commons-exec\1.1\commons-exec-1.1.jar;C:\.m2\repository\org\seleniumhq\selenium\selenium-ie-driver\2.26.0\selenium-ie-driver-2.26.0.jar;C:\.m2\repository\net\java\dev\jna\jna\3.4.0\jna-3.4.0.jar;C:\.m2\repository\net\java\dev\jna\platform\3.4.0\platform-3.4.0.jar;C:\.m2\repository\org\seleniumhq\selenium\selenium-iphone-driver\2.26.0\selenium-iphone-driver-2.26.0.jar;C:\.m2\repository\org\seleniumhq\selenium\selenium-safari-driver\2.26.0\selenium-safari-driver-2.26.0.jar;C:\.m2\repository\org\seleniumhq\selenium\selenium-support\2.26.0\selenium-support-2.26.0.jar;C:\.m2\repository\org\webbitserver\webbit\0.4.14\webbit-0.4.14.jar;C:\.m2\repository\io\netty\netty\3.5.2.Final\netty-3.5.2.Final.jar;C:\.m2\repository\org\apache\maven\plugins\maven-surefire-plugin\2.12.4\maven-surefire-plugin-2.12.4.jar;C:\.m2\repository\org\apache\maven\maven-plugin-api\2.0.9\maven-plugin-api-2.0.9.jar;C:\.m2\repository\org\apache\maven\surefire\surefire-booter\2.12.4\surefire-booter-2.12.4.jar;C:\.m2\repository\org\apache\maven\surefire\surefire-api\2.12.4\surefire-api-2.12.4.jar;C:\.m2\repository\org\apache\maven\surefire\maven-surefire-common\2.12.4\maven-surefire-common-2.12.4.jar;C:\.m2\repository\org\apache\commons\commons-lang3\3.1\commons-lang3-3.1.jar;C:\.m2\repository\org\apache\maven\shared\maven-common-artifact-filters\1.3\maven-common-artifact-filters-1.3.jar;C:\.m2\repository\org\codehaus\plexus\plexus-utils\3.0.8\plexus-utils-3.0.8.jar;C:\.m2\repository\org\apache\maven\maven-artifact\2.0.9\maven-artifact-2.0.9.jar;C:\.m2\repository\org\apache\maven\maven-project\2.0.9\maven-project-2.0.9.jar;C:\.m2\repository\org\apache\maven\maven-settings\2.0.9\maven-settings-2.0.9.jar;C:\.m2\repository\org\apache\maven\maven-profile\2.0.9\maven-profile-2.0.9.jar;C:\.m2\repository\org\apache\maven\maven-model\2.0.9\maven-model-2.0.9.jar;C:\.m2\repository\org\apache\maven\maven-artifact-manager\2.0.9\maven-artifact-manager-2.0.9.jar;C:\.m2\repository\org\apache\maven\maven-plugin-registry\2.0.9\maven-plugin-registry-2.0.9.jar;C:\.m2\repository\org\codehaus\plexus\plexus-container-default\1.0-alpha-9-stable-1\plexus-container-default-1.0-alpha-9-stable-1.jar;C:\.m2\repository\org\apache\maven\maven-core\2.0.9\maven-core-2.0.9.jar;C:\.m2\repository\org\apache\maven\maven-plugin-parameter-documenter\2.0.9\maven-plugin-parameter-documenter-2.0.9.jar;C:\.m2\repository\org\apache\maven\reporting\maven-reporting-api\2.0.9\maven-reporting-api-2.0.9.jar;C:\.m2\repository\org\apache\maven\wagon\wagon-provider-api\1.0-beta-2\wagon-provider-api-1.0-beta-2.jar;C:\.m2\repository\org\apache\maven\maven-repository-metadata\2.0.9\maven-repository-metadata-2.0.9.jar;C:\.m2\repository\org\apache\maven\maven-error-diagnostics\2.0.9\maven-error-diagnostics-2.0.9.jar;C:\.m2\repository\org\apache\maven\maven-plugin-descriptor\2.0.9\maven-plugin-descriptor-2.0.9.jar;C:\.m2\repository\org\apache\maven\maven-monitor\2.0.9\maven-monitor-2.0.9.jar;C:\.m2\repository\classworlds\classworlds\1.1\classworlds-1.1.jar;C:\.m2\repository\org\apache\maven\maven-toolchain\2.0.9\maven-toolchain-2.0.9.jar;C:\.m2\repository\org\apache\maven\plugin-tools\maven-plugin-annotations\3.1\maven-plugin-annotations-3.1.jar;C:\.m2\repository\org\openqa\selenium\server\selenium-server\1.0-20081010.060147\selenium-server-1.0-20081010.060147.jar;C:\.m2\repository\org\openqa\selenium\server\selenium-server-coreless\1.0-20081010.060147\selenium-server-coreless-1.0-20081010.060147.jar;C:\.m2\repository\ant\ant\1.6.5\ant-1.6.5.jar;C:\.m2\repository\jetty\org.mortbay.jetty\5.1.10\org.mortbay.jetty-5.1.10.jar;C:\.m2\repository\commons-logging\commons-logging\1.0.4\commons-logging-1.0.4.jar;C:\.m2\repository\commons-codec\commons-codec\1.3\commons-codec-1.3.jar;C:\.m2\repository\javax\servlet\servlet-api\2.4\servlet-api-2.4.jar;C:\.m2\repository\bouncycastle\bcprov-jdk15\135\bcprov-jdk15-135.jar;C:\.m2\repository\org\openqa\selenium\core\selenium-core\1.0-20080914.225453\selenium-core-1.0-20080914.225453.jar;C:\.m2\repository\org\apache\maven\surefire\surefire-testng-utils\2.8.1\surefire-testng-utils-2.8.1.jar;"/>
    <property name="java.vm.specification.version" value="1.7"/>
    <property name="sun.arch.data.model" value="64"/>
    <property name="java.home" value="C:\Program Files\Java\jdk1.7.0_09\jre"/>
    <property name="sun.java.command" value="C:\workspace\YouMagicPro.com\YouMagicPro.com\YouMagicPro.com\target\surefire\surefirebooter3197111941042069255.jar C:\workspace\YouMagicPro.com\YouMagicPro.com\YouMagicPro.com\target\surefire\surefire7009539602779463328tmp C:\workspace\YouMagicPro.com\YouMagicPro.com\YouMagicPro.com\target\surefire\surefire6233540126022472027tmp"/>
    <property name="java.specification.vendor" value="Oracle Corporation"/>
    <property name="user.language" value="ru"/>
    <property name="awt.toolkit" value="sun.awt.windows.WToolkit"/>
    <property name="java.vm.info" value="mixed mode"/>
    <property name="java.version" value="1.7.0_09"/>
    <property name="java.ext.dirs" value="C:\Program Files\Java\jdk1.7.0_09\jre\lib\ext;C:\Windows\Sun\Java\lib\ext"/>
    <property name="sun.boot.class.path" value="C:\Program Files\Java\jdk1.7.0_09\jre\lib\resources.jar;C:\Program Files\Java\jdk1.7.0_09\jre\lib\rt.jar;C:\Program Files\Java\jdk1.7.0_09\jre\lib\sunrsasign.jar;C:\Program Files\Java\jdk1.7.0_09\jre\lib\jsse.jar;C:\Program Files\Java\jdk1.7.0_09\jre\lib\jce.jar;C:\Program Files\Java\jdk1.7.0_09\jre\lib\charsets.jar;C:\Program Files\Java\jdk1.7.0_09\jre\lib\jfr.jar;C:\Program Files\Java\jdk1.7.0_09\jre\classes"/>
    <property name="webdriver.chrome.driver" value="C:\workspace\chromedriver.exe"/>
    <property name="java.vendor" value="Oracle Corporation"/>
    <property name="localRepository" value="C:\.m2\repository"/>
    <property name="file.separator" value="\"/>
    <property name="java.vendor.url.bug" value="http://bugreport.sun.com/bugreport/"/>
    <property name="sun.cpu.endian" value="little"/>
    <property name="sun.io.unicode.encoding" value="UnicodeLittle"/>
    <property name="sun.desktop" value="windows"/>
    <property name="sun.cpu.isalist" value="amd64"/>
  </properties>
  <testcase time="56.204" classname="com.YouMagicPro.LKA_tests.AddAndDeleteMenusTest" name="addAndDeleteMenusTest"/>
  <testcase time="22.87" classname="com.YouMagicPro.LKA_tests.VoiceFillNAmeTextFieldTest" name="voiceFillNAmeTextFieldTest_C15293"/>
  <testcase time="25.125" classname="com.YouMagicPro.LKA_tests.AddAndDeleteNoticesTest" name="addAndDeleteNoticesTest"/>
  <testcase time="23.527" classname="com.YouMagicPro.LKA_tests.VoiceMailChooseSoundTest" name="voiceMailChooseSoundTest_C15294"/>
  <testcase time="13.593" classname="com.YouMagicPro.LKA_tests.AgreementOPFTest" name="addAndDeleteNoticesTest"/>
  <testcase time="17.127" classname="com.YouMagicPro.LKA_tests.VoiceMailEmptyNameTextFieldTest" name="voiceMailEmptyNameTextFieldTest_C19851"/>
  <testcase time="19.333" classname="com.YouMagicPro.LKA_tests.Buying804NumberCategoriesOfNumbers" name="buying804NumberCategoriesOfNumbers_C25622"/>
  <testcase time="16.407" classname="com.YouMagicPro.LKA_tests.VoiceMailPageTest" name="voiceMailPageTest"/>
  <testcase time="17.33" classname="com.YouMagicPro.LKA_tests.Buying804NumberCostOfNumberTest" name="buying804NumberCostOfNumberTest_C25623"/>
  <testcase time="15.513" classname="com.YouMagicPro.LKA_tests.VoiceMenuAddTest" name="voiceMenuAddTest_C15292"/>
  <testcase time="10.224" classname="com.YouMagicPro.LKA_tests.BuyingAdditionalInternalNumberCheckCost" name="buyingAdditionalInternalNumberCheckCost_C15113"/>
  <testcase time="23.894" classname="com.YouMagicPro.LKA_tests.VoiceMenuChooseSoundTest" name="voiceMailChooseSoundTest_C15294"/>
  <testcase time="9.19" classname="com.YouMagicPro.LKA_tests.BuyingAdditionalInternalNumberTextFieldTest" name="buyingAdditionalInternalNumberTextFieldTest_C15112">
    <failure message="Element is not clickable at point (555, 380). Other element would receive the click: &lt;img id=&quot;1&quot; class=&quot;slideimage&quot; src=&quot;/sites/all/modules/contrib/umagicpro_instructions/images/home.png&quot; data-title=&quot;Благодарим вас за выбор YouMagic.Pro!&quot;&gt; (WARNING: The server did not provide any stacktrace information)
Command duration or timeout: 66 milliseconds
Build info: version: &apos;2.26.0&apos;, revision: &apos;18040&apos;, time: &apos;2012-11-02 09:44:45&apos;
System info: os.name: &apos;Windows 7&apos;, os.arch: &apos;amd64&apos;, os.version: &apos;6.1&apos;, java.version: &apos;1.7.0_09&apos;
Driver info: driver.version: RemoteWebDriver
Session ID: 8fbb70b42f6d5f2c4e69bccdedae2f68" type="org.openqa.selenium.WebDriverException">org.openqa.selenium.WebDriverException: Element is not clickable at point (555, 380). Other element would receive the click: &lt;img id=&quot;1&quot; class=&quot;slideimage&quot; src=&quot;/sites/all/modules/contrib/umagicpro_instructions/images/home.png&quot; data-title=&quot;Благодарим вас за выбор YouMagic.Pro!&quot;&gt; (WARNING: The server did not provide any stacktrace information)
Command duration or timeout: 66 milliseconds
Build info: version: &apos;2.26.0&apos;, revision: &apos;18040&apos;, time: &apos;2012-11-02 09:44:45&apos;
System info: os.name: &apos;Windows 7&apos;, os.arch: &apos;amd64&apos;, os.version: &apos;6.1&apos;, java.version: &apos;1.7.0_09&apos;
Driver info: driver.version: RemoteWebDriver
Session ID: 8fbb70b42f6d5f2c4e69bccdedae2f68
	at sun.reflect.NativeConstructorAccessorImpl.newInstance0(Native Method)
	at sun.reflect.NativeConstructorAccessorImpl.newInstance(NativeConstructorAccessorImpl.java:57)
	at sun.reflect.DelegatingConstructorAccessorImpl.newInstance(DelegatingConstructorAccessorImpl.java:45)
	at java.lang.reflect.Constructor.newInstance(Constructor.java:525)
	at org.openqa.selenium.remote.ErrorHandler.createThrowable(ErrorHandler.java:188)
	at org.openqa.selenium.remote.ErrorHandler.throwIfResponseFailed(ErrorHandler.java:145)
	at org.openqa.selenium.remote.RemoteWebDriver.execute(RemoteWebDriver.java:531)
	at org.openqa.selenium.remote.RemoteWebElement.execute(RemoteWebElement.java:246)
	at org.openqa.selenium.remote.RemoteWebElement.click(RemoteWebElement.java:79)
	at com.YouMagicPro.LKA_tests.TestBase.waitAdminPageToLoad(TestBase.java:147)
	at com.YouMagicPro.LKA_tests.BuyingAdditionalInternalNumberTextFieldTest.buyingAdditionalInternalNumberTextFieldTest_C15112(BuyingAdditionalInternalNumberTextFieldTest.java:11)
</failure>
  </testcase>
  <testcase time="17.27" classname="com.YouMagicPro.LKA_tests.VoiceMenuEmptyNameTextFieldTest" name="voiceMailEmptyNameTextFieldTest_C19851"/>
  <testcase time="17.376" classname="com.YouMagicPro.LKA_tests.BuyingAdditionalNumberChooseCityFromList" name="buyingAdditionalNumberChooseCityFromList_C15103"/>
  <testcase time="15.44" classname="com.YouMagicPro.LKA_tests.VoiceMenuFillNAmeTextFieldTest" name="voiceFillNAmeTextFieldTest_C15293"/>
  <testcase time="17.103" classname="com.YouMagicPro.LKA_tests.BuyingAdditionalNumberChooseNumberCategories" name="BuyingAdditionalNumberChooseNumberCategories_C15105"/>
  <testcase time="20.312" classname="com.YouMagicPro.LKA_tests.YourNumbersTest" name="yourNumbersTest"/>
  <testcase time="17.283" classname="com.YouMagicPro.LKA_tests.BuyingAdditionalNumberChooseNumbersFromList" name="BuyingAdditionalNumberChooseNumbersFromList_C15106"/>
  <testcase time="15.328" classname="com.YouMagicPro.LKA_tests.CallForwardingPageTest" name="clickOnAvatarTest"/>
  <testcase time="14.813" classname="com.YouMagicPro.LKA_tests.ClickOnAvatarTest" name="clickOnAvatarTest"/>
  <testcase time="15.219" classname="com.YouMagicPro.LKA_tests.ClickOnBalanceTest" name="clickOnBalanceTest"/>
  <testcase time="15.328" classname="com.YouMagicPro.LKA_tests.ClickOnContractTest" name="clickOnContractTest"/>
  <testcase time="14.875" classname="com.YouMagicPro.LKA_tests.ClickOnDiskSpaceTest" name="clickOnDiskSpaceTest"/>
  <testcase time="13.296" classname="com.YouMagicPro.LKA_tests.ClickOnExitTest" name="clickOnExitTest"/>
  <testcase time="12.625" classname="com.YouMagicPro.LKA_tests.ClickOnIconTest" name="clickOnIconTest"/>
  <testcase time="14.719" classname="com.YouMagicPro.LKA_tests.ClickOnInternalNumbersTest" name="clickOnInternalNumbersTest"/>
  <testcase time="15.75" classname="com.YouMagicPro.LKA_tests.ClickOnPasswordChangeTest" name="clickOnPasswordChangeTest"/>
  <testcase time="15.265" classname="com.YouMagicPro.LKA_tests.ClickOnPersonalAccountTest" name="clickOnPersonalAccountTest"/>
  <testcase time="14.953" classname="com.YouMagicPro.LKA_tests.ClickOnPromoTest" name="clickOnPromoTest"/>
  <testcase time="15.539" classname="com.YouMagicPro.LKA_tests.ContractBankAccountLettersAndNumbersTest" name="contractBankAccountLettersAndNumbersTest_C14496"/>
  <testcase time="15.203" classname="com.YouMagicPro.LKA_tests.ContractBankAccountLettersInTextFieldTest" name="contractBankAccountLettersInTextFieldTest_C14995"/>
  <testcase time="15.138" classname="com.YouMagicPro.LKA_tests.ContractBankAccountOneInTextFieldTest" name="contractBankAccountOneInTextFieldTest_C14993"/>
  <testcase time="15.477" classname="com.YouMagicPro.LKA_tests.ContractBankAccountSymbolsInTextFieldTest" name="contractBankAccountSymbolsInTextFieldTest_C14997"/>
  <testcase time="15.038" classname="com.YouMagicPro.LKA_tests.ContractBankAccountTenInTextFieldTest" name="contractBankAccountTenInTextFieldTest_C14994"/>
  <testcase time="14.98" classname="com.YouMagicPro.LKA_tests.ContractBik1inTextFieldTest" name="contractBikTest1inTextField_C15022"/>
  <testcase time="15.116" classname="com.YouMagicPro.LKA_tests.ContractBikLettersAndNumbersInTextFieldTest" name="contractBikTest_C15025"/>
  <testcase time="15.096" classname="com.YouMagicPro.LKA_tests.ContractBikLettersInTextFieldTest" name="contractBikTestLettersInTextField_C15023"/>
  <testcase time="15.337" classname="com.YouMagicPro.LKA_tests.ContractBikSymbolsInTextFieldTest" name="contractBikSymbolsInTextFieldTest_C15026"/>
  <testcase time="12.118" classname="com.YouMagicPro.LKA_tests.ContractCheckDocumentTest" name="contractCheckDocumentTest_C14986"/>
  <testcase time="16.25" classname="com.YouMagicPro.LKA_tests.ContractCorAccount19NumbersTest" name="contractCorAccount19NumbersTest_C15005"/>
  <testcase time="15.171" classname="com.YouMagicPro.LKA_tests.ContractCorAccountLettersAndNumbersTextFieldTest" name="contractCorAccountTenInTextFieldTest_C15000"/>
  <testcase time="15.48" classname="com.YouMagicPro.LKA_tests.ContractCorAccountLettersInTextFieldTest" name="contractCorAccountLettersInTextFieldTest_C15001"/>
  <testcase time="15.492" classname="com.YouMagicPro.LKA_tests.ContractCorAccountOneInTextFieldTest" name="contractCorAccountOneInTextFieldTest_C14499"/>
  <testcase time="15.102" classname="com.YouMagicPro.LKA_tests.ContractCorAccountSymbolsInTextFieldTest" name="contractCorAccountSymbolsInTextFieldTest_C15003"/>
  <testcase time="8.801" classname="com.YouMagicPro.LKA_tests.ContractCorAccountTenInTextFieldTest" name="contractCorAccountTenInTextFieldTest_C15000">
    <failure message="Element is not clickable at point (868.5, 44). Other element would receive the click: &lt;div class=&quot;sl_head&quot;&gt;...&lt;/div&gt; (WARNING: The server did not provide any stacktrace information)
Command duration or timeout: 165 milliseconds
Build info: version: &apos;2.26.0&apos;, revision: &apos;18040&apos;, time: &apos;2012-11-02 09:44:45&apos;
System info: os.name: &apos;Windows 7&apos;, os.arch: &apos;amd64&apos;, os.version: &apos;6.1&apos;, java.version: &apos;1.7.0_09&apos;
Driver info: driver.version: RemoteWebDriver
Session ID: ab50733c0b10f19043721fe4475625af" type="org.openqa.selenium.WebDriverException">org.openqa.selenium.WebDriverException: Element is not clickable at point (868.5, 44). Other element would receive the click: &lt;div class=&quot;sl_head&quot;&gt;...&lt;/div&gt; (WARNING: The server did not provide any stacktrace information)
Command duration or timeout: 165 milliseconds
Build info: version: &apos;2.26.0&apos;, revision: &apos;18040&apos;, time: &apos;2012-11-02 09:44:45&apos;
System info: os.name: &apos;Windows 7&apos;, os.arch: &apos;amd64&apos;, os.version: &apos;6.1&apos;, java.version: &apos;1.7.0_09&apos;
Driver info: driver.version: RemoteWebDriver
Session ID: ab50733c0b10f19043721fe4475625af
	at sun.reflect.NativeConstructorAccessorImpl.newInstance0(Native Method)
	at sun.reflect.NativeConstructorAccessorImpl.newInstance(NativeConstructorAccessorImpl.java:57)
	at sun.reflect.DelegatingConstructorAccessorImpl.newInstance(DelegatingConstructorAccessorImpl.java:45)
	at java.lang.reflect.Constructor.newInstance(Constructor.java:525)
	at org.openqa.selenium.remote.ErrorHandler.createThrowable(ErrorHandler.java:188)
	at org.openqa.selenium.remote.ErrorHandler.throwIfResponseFailed(ErrorHandler.java:145)
	at org.openqa.selenium.remote.RemoteWebDriver.execute(RemoteWebDriver.java:531)
	at org.openqa.selenium.remote.RemoteWebElement.execute(RemoteWebElement.java:246)
	at org.openqa.selenium.remote.RemoteWebElement.click(RemoteWebElement.java:79)
	at com.YouMagicPro.LKA_tests.TestBase.waitContractPageToLoad(TestBase.java:173)
	at com.YouMagicPro.LKA_tests.ContractCorAccountTenInTextFieldTest.contractCorAccountTenInTextFieldTest_C15000(ContractCorAccountTenInTextFieldTest.java:8)
</failure>
  </testcase>
  <testcase time="12.318" classname="com.YouMagicPro.LKA_tests.ContractEndOfPageDataTest" name="contractEndOfPageDataTest_C15062"/>
  <testcase time="18.979" classname="com.YouMagicPro.LKA_tests.ContractFillInDataTest" name="fillInContractDataTest_C14998"/>
  <testcase time="14.177" classname="com.YouMagicPro.LKA_tests.ContractInn6NumbersInTextFieldTest" name="contractInn6NumbersInTextFieldTest_C15029"/>
  <testcase time="29.872" classname="com.YouMagicPro.LKA_tests.ContractInnChooseFormTest" name="contractInnChooseForm_C15047"/>
  <testcase time="14.425" classname="com.YouMagicPro.LKA_tests.ContractInnLettersInTextFieldTest" name="contractInnLettersInTextFieldTest_C15030"/>
  <testcase time="13.976" classname="com.YouMagicPro.LKA_tests.ContractInnOneInTextFieldTest" name="contractInnOneInTextFieldTest_C15028"/>
  <testcase time="14.144" classname="com.YouMagicPro.LKA_tests.ContractInnSymbolsInTextFieldTest" name="contractInnLettersInTextFieldTest_C15030"/>
  <testcase time="15.174" classname="com.YouMagicPro.LKA_tests.ContractKpp6NumbersInTextFieldTest" name="contractKppTest_C15049"/>
  <testcase time="14.894" classname="com.YouMagicPro.LKA_tests.ContractKppLettersAndNumbersTest" name="contractKppTest_C15054"/>
  <testcase time="15.24" classname="com.YouMagicPro.LKA_tests.ContractKppLettersTest" name="contractKppTest_C15050"/>
  <testcase time="14.899" classname="com.YouMagicPro.LKA_tests.ContractKppOneNumberInTextFieldTest" name="contractKppTest_C15048"/>
  <testcase time="15.001" classname="com.YouMagicPro.LKA_tests.ContractKppSymbolsTest" name="contractKppTest_C15051"/>
  <testcase time="14.874" classname="com.YouMagicPro.LKA_tests.ContractOgrn6NumbersInTextFieldTest" name="contractOgrn6NumbersInTextFieldTest_C15055"/>
  <testcase time="15.88" classname="com.YouMagicPro.LKA_tests.ContractOgrnLettersAndNumbersInTextFieldTest" name="contractOgrnLettersAndNumbersInTextFieldTest_C15057"/>
  <testcase time="15.697" classname="com.YouMagicPro.LKA_tests.ContractOgrnLettersInTextFieldTest" name="contractOgrnLettersInTextFieldTest_C15056"/>
  <testcase time="14.932" classname="com.YouMagicPro.LKA_tests.ContractOgrnOneNumberInTextFieldTest" name="contractOgrnOneNumberInTextFieldTest_C15053"/>
  <testcase time="15.044" classname="com.YouMagicPro.LKA_tests.ContractOgrnSymbolsTest" name="contractFillBankAccountTest"/>
  <testcase time="14.844" classname="com.YouMagicPro.LKA_tests.DetalizationPageTest" name="detalizationPageTest"/>
  <testcase time="9.109" classname="com.YouMagicPro.LKA_tests.DiscSpaceTest" name="discSpaceTest"/>
  <testcase time="17.842" classname="com.YouMagicPro.LKA_tests.EmployeesAddEmployeeTest" name="employeesEditProfileTest_C15253"/>
  <testcase time="14.062" classname="com.YouMagicPro.LKA_tests.EmployeesCheckInfoTest" name="employeesCheckInfoTest_C15252"/>
  <testcase time="18.226" classname="com.YouMagicPro.LKA_tests.EmployeesEditProfile2SymbolsInTextFieldTest" name="employeesEditProfile2SymbolsInTextFieldTest_C15253"/>
  <testcase time="17.761" classname="com.YouMagicPro.LKA_tests.EmployeesEditProfile3SymbolsInTextFieldTest" name="employeesEditProfile3SymbolsInTextFieldTest_C15256"/>
  <testcase time="23.052" classname="com.YouMagicPro.LKA_tests.EmployeesEditProfileFillInDataTest" name="employeesEditProfileFillInDataTest_C15253"/>
  <testcase time="17.482" classname="com.YouMagicPro.LKA_tests.EmployeesEditProfileTest" name="employeesEditProfileTest_C15253"/>
  <testcase time="11.231" classname="com.YouMagicPro.LKA_tests.ExpenseStructureAdditionalNumbersFeeTest" name="expenseStructureAdditionalNumbersFeeTest_C15096">
    <failure message="Element is not clickable at point (868.5, 44). Other element would receive the click: &lt;div class=&quot;sl_head&quot;&gt;...&lt;/div&gt; (WARNING: The server did not provide any stacktrace information)
Command duration or timeout: 136 milliseconds
Build info: version: &apos;2.26.0&apos;, revision: &apos;18040&apos;, time: &apos;2012-11-02 09:44:45&apos;
System info: os.name: &apos;Windows 7&apos;, os.arch: &apos;amd64&apos;, os.version: &apos;6.1&apos;, java.version: &apos;1.7.0_09&apos;
Driver info: driver.version: RemoteWebDriver
Session ID: afe284b7580b301f57eead624524c263" type="org.openqa.selenium.WebDriverException">org.openqa.selenium.WebDriverException: Element is not clickable at point (868.5, 44). Other element would receive the click: &lt;div class=&quot;sl_head&quot;&gt;...&lt;/div&gt; (WARNING: The server did not provide any stacktrace information)
Command duration or timeout: 136 milliseconds
Build info: version: &apos;2.26.0&apos;, revision: &apos;18040&apos;, time: &apos;2012-11-02 09:44:45&apos;
System info: os.name: &apos;Windows 7&apos;, os.arch: &apos;amd64&apos;, os.version: &apos;6.1&apos;, java.version: &apos;1.7.0_09&apos;
Driver info: driver.version: RemoteWebDriver
Session ID: afe284b7580b301f57eead624524c263
	at sun.reflect.NativeConstructorAccessorImpl.newInstance0(Native Method)
	at sun.reflect.NativeConstructorAccessorImpl.newInstance(NativeConstructorAccessorImpl.java:57)
	at sun.reflect.DelegatingConstructorAccessorImpl.newInstance(DelegatingConstructorAccessorImpl.java:45)
	at java.lang.reflect.Constructor.newInstance(Constructor.java:525)
	at org.openqa.selenium.remote.ErrorHandler.createThrowable(ErrorHandler.java:188)
	at org.openqa.selenium.remote.ErrorHandler.throwIfResponseFailed(ErrorHandler.java:145)
	at org.openqa.selenium.remote.RemoteWebDriver.execute(RemoteWebDriver.java:531)
	at org.openqa.selenium.remote.RemoteWebElement.execute(RemoteWebElement.java:246)
	at org.openqa.selenium.remote.RemoteWebElement.click(RemoteWebElement.java:79)
	at com.YouMagicPro.LKA_tests.TestBase.waitAdminPageToLoad(TestBase.java:146)
	at com.YouMagicPro.LKA_tests.ExpenseStructureAdditionalNumbersFeeTest.expenseStructureAdditionalNumbersFeeTest_C15096(ExpenseStructureAdditionalNumbersFeeTest.java:11)
</failure>
  </testcase>
  <testcase time="11.537" classname="com.YouMagicPro.LKA_tests.ExpenseStructureChooseAdditionalNumbersTest" name="expenseStructureChooseAdditionalNumbersTest_C15100"/>
  <testcase time="16.611" classname="com.YouMagicPro.LKA_tests.ExpenseStructureChooseIntNumbersPageTest" name="expenseStructureChooseIntNumbersPageTest_C15102"/>
  <testcase time="9.202" classname="com.YouMagicPro.LKA_tests.ExpenseStructureInternalNumbersFeeTest" name="expenseStructureInternalNumbersFeeTest_C15101"/>
  <testcase time="9.135" classname="com.YouMagicPro.LKA_tests.ExpenseStructureRentalFeeTest" name="expenseStructureRentalFeeTest_C15096"/>
  <testcase time="16.984" classname="com.YouMagicPro.LKA_tests.FaxPageTest" name="faxPageTest"/>
  <testcase time="17.391" classname="com.YouMagicPro.LKA_tests.FeedbackPageTest" name="feedbackPageTest"/>
  <testcase time="16.281" classname="com.YouMagicPro.LKA_tests.FilesFreeSpacePageTest" name="filesFreeSpaceTest"/>
  <testcase time="10.988" classname="com.YouMagicPro.LKA_tests.NotificationsCheckFieldsTest" name="notificationsCheckFieldsTest_C15141">
    <failure message="Element is not clickable at point (118.5, 506). Other element would receive the click: &lt;div class=&quot;snoska&quot;&gt;...&lt;/div&gt; (WARNING: The server did not provide any stacktrace information)
Command duration or timeout: 67 milliseconds
Build info: version: &apos;2.26.0&apos;, revision: &apos;18040&apos;, time: &apos;2012-11-02 09:44:45&apos;
System info: os.name: &apos;Windows 7&apos;, os.arch: &apos;amd64&apos;, os.version: &apos;6.1&apos;, java.version: &apos;1.7.0_09&apos;
Driver info: driver.version: RemoteWebDriver
Session ID: 736f97e3bda1591d5dc7ecc76cfe9986" type="org.openqa.selenium.WebDriverException">org.openqa.selenium.WebDriverException: Element is not clickable at point (118.5, 506). Other element would receive the click: &lt;div class=&quot;snoska&quot;&gt;...&lt;/div&gt; (WARNING: The server did not provide any stacktrace information)
Command duration or timeout: 67 milliseconds
Build info: version: &apos;2.26.0&apos;, revision: &apos;18040&apos;, time: &apos;2012-11-02 09:44:45&apos;
System info: os.name: &apos;Windows 7&apos;, os.arch: &apos;amd64&apos;, os.version: &apos;6.1&apos;, java.version: &apos;1.7.0_09&apos;
Driver info: driver.version: RemoteWebDriver
Session ID: 736f97e3bda1591d5dc7ecc76cfe9986
	at sun.reflect.NativeConstructorAccessorImpl.newInstance0(Native Method)
	at sun.reflect.NativeConstructorAccessorImpl.newInstance(NativeConstructorAccessorImpl.java:57)
	at sun.reflect.DelegatingConstructorAccessorImpl.newInstance(DelegatingConstructorAccessorImpl.java:45)
	at java.lang.reflect.Constructor.newInstance(Constructor.java:525)
	at org.openqa.selenium.remote.ErrorHandler.createThrowable(ErrorHandler.java:188)
	at org.openqa.selenium.remote.ErrorHandler.throwIfResponseFailed(ErrorHandler.java:145)
	at org.openqa.selenium.remote.RemoteWebDriver.execute(RemoteWebDriver.java:531)
	at org.openqa.selenium.remote.RemoteWebElement.execute(RemoteWebElement.java:246)
	at org.openqa.selenium.remote.RemoteWebElement.click(RemoteWebElement.java:79)
	at com.YouMagicPro.LKA_tests.NotificationsCheckFieldsTest.notificationsCheckFieldsTest_C15141(NotificationsCheckFieldsTest.java:20)
</failure>
  </testcase>
  <testcase time="10.426" classname="com.YouMagicPro.LKA_tests.OrderByEmailCancelButtonTest" name="orderByEmailCancelButtonTest_C15141"/>
  <testcase time="11.12" classname="com.YouMagicPro.LKA_tests.OrderByEmailChangeEmailTest" name="orderByEmailChangeEmailTest_C25653"/>
  <testcase time="10.984" classname="com.YouMagicPro.LKA_tests.OrderByEmailChangeNameTest" name="orderByEmailChangeNameTest_C25671"/>
  <testcase time="12.68" classname="com.YouMagicPro.LKA_tests.OrderByEmailOrderWithoutDocTypeCheckedTest" name="orderByEmailOrderWithoutDocTypeCheckedTest_C25656"/>
  <testcase time="10.982" classname="com.YouMagicPro.LKA_tests.OrderByPickUpCancelButtonTest" name="orderByPickUpCancelButtonTest_C25664"/>
  <testcase time="11.494" classname="com.YouMagicPro.LKA_tests.OrderByPickUpChangeNameTest" name="orderByPickUpChangeNameTest_C25668"/>
  <testcase time="11.048" classname="com.YouMagicPro.LKA_tests.OrderByPickUpChangePhoneTest" name="OrderByPickUpChangePhoneTest_C25666"/>
  <testcase time="12.762" classname="com.YouMagicPro.LKA_tests.OrderByPickUpOrderWithoutDocTypeCheckedTest" name="orderByPickUpOrderWithoutDocTypeCheckedTest_C25663"/>
  <testcase time="10.97" classname="com.YouMagicPro.LKA_tests.OrderDeliveryOfContractCancelButtonTest" name="orderDeliveryOfContractCancelButtonTest"/>
  <testcase time="10.918" classname="com.YouMagicPro.LKA_tests.OrderDeliveryOfContractDropdownListTest" name="expenseStructureTest"/>
  <testcase time="16.68" classname="com.YouMagicPro.LKA_tests.OrderToAdressCancelButtonClickTest" name="orderToAdressCancelButtonClickTest_C25675"/>
  <testcase time="11.041" classname="com.YouMagicPro.LKA_tests.OrderToAdressChangeNameTest" name="orderToAdressChangeNameTest_C25672"/>
  <testcase time="11.089" classname="com.YouMagicPro.LKA_tests.OrderToAdressChangePhoneTest" name="orderToAdressChangePhoneTest_C25677"/>
  <testcase time="13.04" classname="com.YouMagicPro.LKA_tests.OrderToAdressNoTextFieldFilledTest" name="OrderToAdressNoTextFieldFilledTest_C25679">
    <failure message="expected [На вашем балансе недостаточно денег для совершения данной операции. Пожалуйста, пополните счет.] but found [Вы находитесь в состоянии финансовой блокировки. Пожалуйста, пополните счет.]" type="java.lang.AssertionError">java.lang.AssertionError: expected [На вашем балансе недостаточно денег для совершения данной операции. Пожалуйста, пополните счет.] but found [Вы находитесь в состоянии финансовой блокировки. Пожалуйста, пополните счет.]
	at org.testng.Assert.fail(Assert.java:94)
	at org.testng.Assert.failNotEquals(Assert.java:494)
	at org.testng.Assert.assertEquals(Assert.java:123)
	at org.testng.Assert.assertEquals(Assert.java:165)
	at com.YouMagicPro.LKA_tests.TestBase.assertEquals(TestBase.java:51)
	at com.YouMagicPro.LKA_tests.OrderToAdressNoTextFieldFilledTest.OrderToAdressNoTextFieldFilledTest_C25679(OrderToAdressNoTextFieldFilledTest.java:18)
</failure>
  </testcase>
  <testcase time="14.438" classname="com.YouMagicPro.LKA_tests.PaymentsPageTest" name="soundFilesTest"/>
  <testcase time="20.375" classname="com.YouMagicPro.LKA_tests.SoundFilesPageTest" name="soundFilesTest"/>
  <testcase time="12.61" classname="com.YouMagicPro.LKA_tests.SupportPhoneTest" name="SupportPhoneTest_C25679"/>
</testsuite>