<?xml version="1.0" encoding="UTF-8"?>
<!-- Generated by org.testng.reporters.JUnitReportReporter -->
<testsuite hostname="Z100107" name="com.YouMagicPro.LKA_tests.BuyingAdditionalInternalNumberTest" tests="2" failures="0" timestamp="7 Nov 2012 12:39:44 GMT" time="33.652" errors="0">
  <testcase name="expenseStructureTest" time="14.296" classname="com.YouMagicPro.LKA_tests.BuyingAdditionalInternalNumberTest"/>
  <testcase name="buyingAdditionalInternalNumberTextFieldTest" time="19.356" classname="com.YouMagicPro.LKA_tests.BuyingAdditionalInternalNumberTest"/>
</testsuite> <!-- com.YouMagicPro.LKA_tests.BuyingAdditionalInternalNumberTest -->
