<?xml version="1.0" encoding="UTF-8"?>
<!-- Generated by org.testng.reporters.JUnitReportReporter -->
<testsuite hostname="Z100107" name="com.YouMagicPro.LKA_tests.VoiceMenuFillNAmeTextFieldTest" tests="1" failures="0" timestamp="26 Dec 2012 09:27:21 GMT" time="14.022" errors="0">
  <testcase name="voiceFillNAmeTextFieldTest_C15293" time="14.022" classname="com.YouMagicPro.LKA_tests.VoiceMenuFillNAmeTextFieldTest"/>
</testsuite> <!-- com.YouMagicPro.LKA_tests.VoiceMenuFillNAmeTextFieldTest -->
