<?xml version="1.0" encoding="UTF-8"?>
<!-- Generated by org.testng.reporters.JUnitReportReporter -->
<testsuite hostname="Z100107" name="com.YouMagicPro.LKA_tests.Buying804NumberCategoriesOfNumbers" tests="1" failures="0" timestamp="12 Nov 2012 12:56:42 GMT" time="16.907" errors="0">
  <testcase name="buying804NumberCategoriesOfNumbers_C25622" time="16.907" classname="com.YouMagicPro.LKA_tests.Buying804NumberCategoriesOfNumbers"/>
</testsuite> <!-- com.YouMagicPro.LKA_tests.Buying804NumberCategoriesOfNumbers -->
