<?xml version="1.0" encoding="UTF-8"?>
<!-- Generated by org.testng.reporters.JUnitReportReporter -->
<testsuite hostname="RnD_CI_Windows" name="com.YouMagicPro.LKA_tests.BuyingAdditionalInternalNumberTextFieldTest" tests="1" failures="0" timestamp="6 Dec 2012 06:31:46 GMT" time="13.275" errors="0">
  <testcase name="buyingAdditionalInternalNumberTextFieldTest_C15112" time="13.275" classname="com.YouMagicPro.LKA_tests.BuyingAdditionalInternalNumberTextFieldTest"/>
</testsuite> <!-- com.YouMagicPro.LKA_tests.BuyingAdditionalInternalNumberTextFieldTest -->
