<?xml version="1.0" encoding="UTF-8"?>
<!-- Generated by org.testng.reporters.JUnitReportReporter -->
<testsuite hostname="RnD_CI_Windows" name="com.YouMagicPro.LKA_tests.EmployeesEditProfileFillInDataTest" tests="1" failures="0" timestamp="6 Dec 2012 06:35:58 GMT" time="27.658" errors="0">
  <testcase name="employeesEditProfileTest_C15253" time="27.658" classname="com.YouMagicPro.LKA_tests.EmployeesEditProfileFillInDataTest"/>
</testsuite> <!-- com.YouMagicPro.LKA_tests.EmployeesEditProfileFillInDataTest -->
