<?xml version="1.0" encoding="UTF-8"?>
<!-- Generated by org.testng.reporters.JUnitReportReporter -->
<testsuite hostname="Z100107" name="com.YouMagicPro.LKA_tests.ContractKppTest" tests="1" failures="0" timestamp="6 Nov 2012 13:57:44 GMT" time="30.922" errors="0">
  <testcase name="contractKppTest" time="30.922" classname="com.YouMagicPro.LKA_tests.ContractKppTest"/>
</testsuite> <!-- com.YouMagicPro.LKA_tests.ContractKppTest -->
