<?xml version="1.0" encoding="UTF-8"?>
<!-- Generated by org.testng.reporters.JUnitReportReporter -->
<testsuite hostname="RnD_CI_Windows" name="com.YouMagicPro.LKA_tests.ContractCheckDocumentTest" tests="1" failures="0" timestamp="10 Dec 2012 07:35:38 GMT" time="11.913" errors="0">
  <testcase name="contractCheckDocumentTest_C14986" time="11.913" classname="com.YouMagicPro.LKA_tests.ContractCheckDocumentTest"/>
</testsuite> <!-- com.YouMagicPro.LKA_tests.ContractCheckDocumentTest -->
