<?xml version="1.0" encoding="UTF-8"?>
<!-- Generated by org.testng.reporters.JUnitReportReporter -->
<testsuite hostname="Z100107" name="com.YouMagicPro.authorization.AuthorizationRememberPasswordTest" tests="1" failures="0" timestamp="16 Nov 2012 11:59:59 GMT" time="5.883" errors="0">
  <testcase name="authorizationNoPasswordTest" time="5.883" classname="com.YouMagicPro.authorization.AuthorizationRememberPasswordTest"/>
</testsuite> <!-- com.YouMagicPro.authorization.AuthorizationRememberPasswordTest -->
