<?xml version="1.0" encoding="UTF-8"?>
<!-- Generated by org.testng.reporters.JUnitReportReporter -->
<testsuite hostname="Z100107" name="com.YouMagicPro.LKA_tests.EmployeesAddEmployeeTest" tests="1" failures="0" timestamp="26 Dec 2012 08:06:36 GMT" time="12.669" errors="0">
  <testcase name="employeesEditProfileTest_C15253" time="12.669" classname="com.YouMagicPro.LKA_tests.EmployeesAddEmployeeTest"/>
</testsuite> <!-- com.YouMagicPro.LKA_tests.EmployeesAddEmployeeTest -->
