<?xml version="1.0" encoding="UTF-8"?>
<!-- Generated by org.testng.reporters.JUnitReportReporter -->
<testsuite hostname="Z100107" name="com.YouMagicPro.authorization.AuthorizationEmployeeWrongPasswordTest" tests="1" failures="0" timestamp="20 Nov 2012 06:50:48 GMT" time="90.461" errors="0">
  <testcase name="authorizationWrongLoginTest" time="90.461" classname="com.YouMagicPro.authorization.AuthorizationEmployeeWrongPasswordTest"/>
</testsuite> <!-- com.YouMagicPro.authorization.AuthorizationEmployeeWrongPasswordTest -->
