<?xml version="1.0" encoding="UTF-8"?>
<!-- Generated by org.testng.reporters.JUnitReportReporter -->
<testsuite hostname="Z100107" name="com.YouMagicPro.LKA_tests.VoiceMenuAddAddAndDeleteTest" tests="1" failures="0" timestamp="24 Jan 2013 08:22:48 GMT" time="39.955" errors="0">
  <testcase name="voiceMenuAddTest_C15292_C15332" time="39.955" classname="com.YouMagicPro.LKA_tests.VoiceMenuAddAddAndDeleteTest"/>
</testsuite> <!-- com.YouMagicPro.LKA_tests.VoiceMenuAddAddAndDeleteTest -->
