<?xml version="1.0" encoding="UTF-8"?>
<!-- Generated by org.testng.reporters.JUnitReportReporter -->
<testsuite hostname="Z100107" name="com.YouMagicPro.authorization.AuthorizationAdminNoFieldsFilledTest" tests="1" failures="0" timestamp="20 Nov 2012 06:53:46 GMT" time="19.329" errors="0">
  <testcase name="authorizationNoLoginTest" time="19.329" classname="com.YouMagicPro.authorization.AuthorizationAdminNoFieldsFilledTest"/>
</testsuite> <!-- com.YouMagicPro.authorization.AuthorizationAdminNoFieldsFilledTest -->
