<?xml version="1.0" encoding="UTF-8"?>
<!-- Generated by org.testng.reporters.JUnitReportReporter -->
<testsuite hostname="Z100107" name="com.YouMagicPro.LKA_tests.OrderByEmailChangeNameTest" tests="1" failures="0" timestamp="12 Nov 2012 13:08:31 GMT" time="16.239" errors="0">
  <testcase name="orderByEmailChangeNameTest_C25671" time="16.239" classname="com.YouMagicPro.LKA_tests.OrderByEmailChangeNameTest"/>
</testsuite> <!-- com.YouMagicPro.LKA_tests.OrderByEmailChangeNameTest -->
