<?xml version="1.0" encoding="UTF-8"?>
<!-- Generated by org.testng.reporters.JUnitReportReporter -->
<testsuite hostname="Z100107" name="com.YouMagicPro.LKA_tests.ContractInnSymbolsInTextFieldTest" tests="1" failures="0" timestamp="25 Dec 2012 11:48:09 GMT" time="11.464" errors="0">
  <testcase name="contractInnLettersInTextFieldTest_C15030" time="11.464" classname="com.YouMagicPro.LKA_tests.ContractInnSymbolsInTextFieldTest"/>
</testsuite> <!-- com.YouMagicPro.LKA_tests.ContractInnSymbolsInTextFieldTest -->
