<?xml version="1.0" encoding="UTF-8"?>
<!-- Generated by org.testng.reporters.JUnitReportReporter -->
<testsuite hostname="Z100107" name="com.YouMagicPro.LKA_tests.Buying804NumberCategoriesOfNumbers_C25622" tests="1" failures="0" timestamp="7 Nov 2012 12:30:22 GMT" time="31.863" errors="0">
  <testcase name="buying804NumberCategoriesOfNumbers_C25622" time="31.863" classname="com.YouMagicPro.LKA_tests.Buying804NumberCategoriesOfNumbers_C25622"/>
</testsuite> <!-- com.YouMagicPro.LKA_tests.Buying804NumberCategoriesOfNumbers_C25622 -->
