<?xml version="1.0" encoding="UTF-8"?>
<!-- Generated by org.testng.reporters.JUnitReportReporter -->
<testsuite hostname="Z100107" name="com.YouMagicPro.LKA_tests.ClickOnExitTest" tests="1" failures="0" timestamp="20 Nov 2012 11:37:19 GMT" time="21.254" errors="0">
  <testcase name="clickOnExitTest" time="21.254" classname="com.YouMagicPro.LKA_tests.ClickOnExitTest"/>
</testsuite> <!-- com.YouMagicPro.LKA_tests.ClickOnExitTest -->
