<?xml version="1.0" encoding="UTF-8"?>
<!-- Generated by org.testng.reporters.JUnitReportReporter -->
<testsuite hostname="Z100107" name="com.YouMagicPro.LKA_tests.VoiceMailChooseSoundTest" tests="1" failures="0" timestamp="14 Nov 2012 07:42:26 GMT" time="102.663" errors="0">
  <testcase name="voiceMailChooseSoundTest_C15294" time="102.663" classname="com.YouMagicPro.LKA_tests.VoiceMailChooseSoundTest"/>
</testsuite> <!-- com.YouMagicPro.LKA_tests.VoiceMailChooseSoundTest -->
