<?xml version="1.0" encoding="UTF-8"?>
<!-- Generated by org.testng.reporters.JUnitReportReporter -->
<testsuite hostname="Z100107" name="com.YouMagicPro.LKA_tests.ContractBankAccountLettersInTextFieldTest" tests="1" failures="0" timestamp="13 Nov 2012 05:46:19 GMT" time="20.849" errors="0">
  <testcase name="contractBankAccountLettersInTextFieldTest_C14995" time="20.849" classname="com.YouMagicPro.LKA_tests.ContractBankAccountLettersInTextFieldTest"/>
</testsuite> <!-- com.YouMagicPro.LKA_tests.ContractBankAccountLettersInTextFieldTest -->
