<?xml version="1.0" encoding="UTF-8"?>
<!-- Generated by org.testng.reporters.JUnitReportReporter -->
<testsuite hostname="Z100107" name="com.YouMagicPro.authorization.AuthorizationEmployeeNoPasswordTest" tests="1" failures="0" timestamp="20 Nov 2012 06:50:48 GMT" time="36.563" errors="0">
  <testcase name="authorizationNoPasswordTest" time="36.563" classname="com.YouMagicPro.authorization.AuthorizationEmployeeNoPasswordTest"/>
</testsuite> <!-- com.YouMagicPro.authorization.AuthorizationEmployeeNoPasswordTest -->
