<?xml version="1.0" encoding="UTF-8"?>
<!-- Generated by org.testng.reporters.JUnitReportReporter -->
<testsuite hostname="Z100107" name="com.YouMagicPro.LKA_tests.EmployeesEditProfile3SymbolsInTextFieldTest" tests="1" failures="0" timestamp="13 Nov 2012 13:44:59 GMT" time="71.175" errors="0">
  <testcase name="employeesEditProfileTest_C15253" time="71.175" classname="com.YouMagicPro.LKA_tests.EmployeesEditProfile3SymbolsInTextFieldTest"/>
</testsuite> <!-- com.YouMagicPro.LKA_tests.EmployeesEditProfile3SymbolsInTextFieldTest -->
