<?xml version="1.0" encoding="UTF-8"?>
<!-- Generated by org.testng.reporters.JUnitReportReporter -->
<testsuite hostname="RnD_CI_Windows" name="com.YouMagicPro.LKA_tests.SoundFilesPageTest" tests="1" failures="0" timestamp="10 Dec 2012 13:21:33 GMT" time="18.110" errors="0">
  <testcase name="soundFilesTest" time="18.110" classname="com.YouMagicPro.LKA_tests.SoundFilesPageTest"/>
</testsuite> <!-- com.YouMagicPro.LKA_tests.SoundFilesPageTest -->
