<?xml version="1.0" encoding="UTF-8"?>
<!-- Generated by org.testng.reporters.JUnitReportReporter -->
<testsuite hostname="Z100107" name="com.YouMagicPro.mainPageTests.CheckForAvaliabilityFiveNumbersPageTest" tests="1" failures="0" timestamp="26 Dec 2012 11:48:06 GMT" time="8.442" errors="0">
  <testcase name="checkForAvaliabilityFiveNumbersPageTest" time="8.442" classname="com.YouMagicPro.mainPageTests.CheckForAvaliabilityFiveNumbersPageTest"/>
</testsuite> <!-- com.YouMagicPro.mainPageTests.CheckForAvaliabilityFiveNumbersPageTest -->
