<?xml version="1.0" encoding="UTF-8"?>
<!-- Generated by org.testng.reporters.JUnitReportReporter -->
<testsuite hostname="RnD_CI_Windows" name="com.YouMagicPro.LKA_tests.VoiceMailChooseSoundTest" tests="1" failures="0" timestamp="9 Jan 2013 12:54:07 GMT" time="27.781" errors="0">
  <testcase name="voiceMailChooseSoundTest_C15294" time="27.781" classname="com.YouMagicPro.LKA_tests.VoiceMailChooseSoundTest"/>
</testsuite> <!-- com.YouMagicPro.LKA_tests.VoiceMailChooseSoundTest -->
