<?xml version="1.0" encoding="UTF-8"?>
<!-- Generated by org.testng.reporters.JUnitReportReporter -->
<testsuite hostname="RnD_CI_Windows" name="com.YouMagicPro.LKA_tests.EmployeesEditProfile3SymbolsInTextFieldTest" tests="1" failures="0" timestamp="10 Dec 2012 13:17:13 GMT" time="17.220" errors="0">
  <testcase name="employeesEditProfile3SymbolsInTextFieldTest_C15256" time="17.220" classname="com.YouMagicPro.LKA_tests.EmployeesEditProfile3SymbolsInTextFieldTest"/>
</testsuite> <!-- com.YouMagicPro.LKA_tests.EmployeesEditProfile3SymbolsInTextFieldTest -->
