<?xml version="1.0" encoding="UTF-8"?>
<!-- Generated by org.testng.reporters.JUnitReportReporter -->
<testsuite hostname="Z100107" name="com.YouMagicPro.LKA_tests.OrderDeliveryOfContractDropdownListTest" tests="1" failures="0" timestamp="20 Nov 2012 13:02:43 GMT" time="32.734" errors="0">
  <testcase name="expenseStructureTest" time="32.734" classname="com.YouMagicPro.LKA_tests.OrderDeliveryOfContractDropdownListTest"/>
</testsuite> <!-- com.YouMagicPro.LKA_tests.OrderDeliveryOfContractDropdownListTest -->
