<?xml version="1.0" encoding="UTF-8"?>
<!-- Generated by org.testng.reporters.JUnitReportReporter -->
<testsuite hostname="Z100107" name="com.YouMagicPro.LKA_tests.SupportChooseTopicWriteTextTest" tests="1" failures="0" timestamp="6 Feb 2013 08:36:55 GMT" time="48.495" errors="0">
  <testcase name="supportChooseTopicWriteTextTest_C15200" time="48.495" classname="com.YouMagicPro.LKA_tests.SupportChooseTopicWriteTextTest"/>
</testsuite> <!-- com.YouMagicPro.LKA_tests.SupportChooseTopicWriteTextTest -->
