<?xml version="1.0" encoding="UTF-8"?>
<!-- Generated by org.testng.reporters.JUnitReportReporter -->
<testsuite hostname="Z100107" name="com.YouMagicPro.LKA_tests.SupportNoTopicWriteTextTest" tests="1" failures="0" timestamp="6 Feb 2013 08:39:27 GMT" time="42.531" errors="0">
  <testcase name="supportNoTopicWriteTextTest_C19847" time="42.531" classname="com.YouMagicPro.LKA_tests.SupportNoTopicWriteTextTest"/>
</testsuite> <!-- com.YouMagicPro.LKA_tests.SupportNoTopicWriteTextTest -->
