<?xml version="1.0" encoding="UTF-8"?>
<!-- Generated by org.testng.reporters.JUnitReportReporter -->
<testsuite hostname="Z100107" name="com.YouMagicPro.LKA_tests.VoiceMenuSetNumber4ToNumberTest" tests="1" failures="0" timestamp="23 Jan 2013 08:10:42 GMT" time="50.386" errors="0">
  <testcase name="voiceMenuSetNumber4ToNumberTest_C15344" time="50.386" classname="com.YouMagicPro.LKA_tests.VoiceMenuSetNumber4ToNumberTest"/>
</testsuite> <!-- com.YouMagicPro.LKA_tests.VoiceMenuSetNumber4ToNumberTest -->
