<?xml version="1.0" encoding="UTF-8"?>
<!-- Generated by org.testng.reporters.JUnitReportReporter -->
<testsuite hostname="Z100107" name="com.YouMagicPro.LKA_tests.VoiceFillNAmeTextFieldTest" tests="1" failures="0" timestamp="14 Nov 2012 07:08:39 GMT" time="96.211" errors="0">
  <testcase name="voiceFillNAmeTextFieldTest_C15293" time="96.211" classname="com.YouMagicPro.LKA_tests.VoiceFillNAmeTextFieldTest"/>
</testsuite> <!-- com.YouMagicPro.LKA_tests.VoiceFillNAmeTextFieldTest -->
