<?xml version="1.0" encoding="UTF-8"?>
<!-- Generated by org.testng.reporters.JUnitReportReporter -->
<testsuite hostname="Z100107" name="com.YouMagicPro.LKA_tests.ContractCorAccountOneInTextFieldTest" tests="1" failures="0" timestamp="13 Nov 2012 05:45:20 GMT" time="20.838" errors="0">
  <testcase name="contractCorAccountOneInTextFieldTest_C14499" time="20.838" classname="com.YouMagicPro.LKA_tests.ContractCorAccountOneInTextFieldTest"/>
</testsuite> <!-- com.YouMagicPro.LKA_tests.ContractCorAccountOneInTextFieldTest -->
