<?xml version="1.0" encoding="UTF-8"?>
<!-- Generated by org.testng.reporters.JUnitReportReporter -->
<testsuite hostname="Z100107" name="com.YouMagicPro.LKA_tests.AddAndDeleteMenusTest" tests="1" failures="0" timestamp="29 Nov 2012 10:03:16 GMT" time="71.530" errors="0">
  <testcase name="addAndDeleteMenusTest" time="71.530" classname="com.YouMagicPro.LKA_tests.AddAndDeleteMenusTest"/>
</testsuite> <!-- com.YouMagicPro.LKA_tests.AddAndDeleteMenusTest -->
