<?xml version="1.0" encoding="UTF-8"?>
<!-- Generated by org.testng.reporters.JUnitReportReporter -->
<testsuite hostname="RnD_CI_Windows" name="com.YouMagicPro.LKA_tests.OrderDeliveryOfContractDropdownListTest" tests="1" failures="0" timestamp="6 Dec 2012 10:20:19 GMT" time="9.828" errors="0">
  <testcase name="expenseStructureTest" time="9.828" classname="com.YouMagicPro.LKA_tests.OrderDeliveryOfContractDropdownListTest"/>
</testsuite> <!-- com.YouMagicPro.LKA_tests.OrderDeliveryOfContractDropdownListTest -->
