<?xml version="1.0" encoding="UTF-8"?>
<!-- Generated by org.testng.reporters.JUnitReportReporter -->
<testsuite hostname="RnD_CI_Windows" name="com.YouMagicPro.LKA_tests.VoiceMailChooseSoundTest" tests="1" failures="0" timestamp="10 Dec 2012 06:29:58 GMT" time="24.800" errors="0">
  <testcase name="voiceMailChooseSoundTest_C15294" time="24.800" classname="com.YouMagicPro.LKA_tests.VoiceMailChooseSoundTest"/>
</testsuite> <!-- com.YouMagicPro.LKA_tests.VoiceMailChooseSoundTest -->
