<?xml version="1.0" encoding="UTF-8"?>
<!-- Generated by org.testng.reporters.JUnitReportReporter -->
<testsuite hostname="Z100107" name="com.YouMagicPro.LKA_tests.GroupsAddManyEmployeesToGroupTest" tests="1" failures="0" timestamp="23 Jan 2013 12:19:15 GMT" time="85.414" errors="0">
  <testcase name="groupsAddManyEmployeesToGroupTest_C25638_C26769" time="85.414" classname="com.YouMagicPro.LKA_tests.GroupsAddManyEmployeesToGroupTest"/>
</testsuite> <!-- com.YouMagicPro.LKA_tests.GroupsAddManyEmployeesToGroupTest -->
