<?xml version="1.0" encoding="UTF-8"?>
<!-- Generated by org.testng.reporters.JUnitReportReporter -->
<testsuite hostname="Z100107" name="com.YouMagicPro.LKA_tests.ContractOgrn6NumbersInTextFieldTest" tests="1" failures="0" timestamp="26 Dec 2012 11:42:46 GMT" time="11.646" errors="0">
  <testcase name="contractOgrn6NumbersInTextFieldTest_C15055" time="11.646" classname="com.YouMagicPro.LKA_tests.ContractOgrn6NumbersInTextFieldTest"/>
</testsuite> <!-- com.YouMagicPro.LKA_tests.ContractOgrn6NumbersInTextFieldTest -->
