<?xml version="1.0" encoding="UTF-8"?>
<!-- Generated by org.testng.reporters.JUnitReportReporter -->
<testsuite hostname="Z100107" name="com.YouMagicPro.LKA_tests.ContractCorAccount19NumbersTest" tests="1" failures="0" timestamp="13 Nov 2012 05:37:33 GMT" time="21.922" errors="0">
  <testcase name="contractCorAccount19NumbersTest_C15005" time="21.922" classname="com.YouMagicPro.LKA_tests.ContractCorAccount19NumbersTest"/>
</testsuite> <!-- com.YouMagicPro.LKA_tests.ContractCorAccount19NumbersTest -->
