<?xml version="1.0" encoding="UTF-8"?>
<!-- Generated by org.testng.reporters.JUnitReportReporter -->
<testsuite hostname="Z100107" name="com.YouMagicPro.LKA_tests.VoiceMailEmptyNameTextFieldTest" tests="1" failures="0" timestamp="14 Nov 2012 07:13:37 GMT" time="88.138" errors="0">
  <testcase name="voiceMailEmptyNameTextFieldTest_C19851" time="88.138" classname="com.YouMagicPro.LKA_tests.VoiceMailEmptyNameTextFieldTest"/>
</testsuite> <!-- com.YouMagicPro.LKA_tests.VoiceMailEmptyNameTextFieldTest -->
