<?xml version="1.0" encoding="UTF-8"?>
<!-- Generated by org.testng.reporters.JUnitReportReporter -->
<testsuite hostname="Z100107" name="com.YouMagicPro.LKA_tests.OrderByPickUpChangeNameTest" tests="1" failures="0" timestamp="20 Nov 2012 12:45:52 GMT" time="16.519" errors="0">
  <testcase name="orderByPickUpChangeNameTest_C25668" time="16.519" classname="com.YouMagicPro.LKA_tests.OrderByPickUpChangeNameTest"/>
</testsuite> <!-- com.YouMagicPro.LKA_tests.OrderByPickUpChangeNameTest -->
