<?xml version="1.0" encoding="UTF-8"?>
<!-- Generated by org.testng.reporters.JUnitReportReporter -->
<testsuite hostname="Z100107" name="com.YouMagicPro.LKA_tests.ContractCorAccountTenInTextFieldTest" tests="1" failures="0" timestamp="26 Dec 2012 08:59:29 GMT" time="11.711" errors="0">
  <testcase name="contractCorAccountTenInTextFieldTest_C15000" time="11.711" classname="com.YouMagicPro.LKA_tests.ContractCorAccountTenInTextFieldTest"/>
</testsuite> <!-- com.YouMagicPro.LKA_tests.ContractCorAccountTenInTextFieldTest -->
