<?xml version="1.0" encoding="UTF-8"?>
<!-- Generated by org.testng.reporters.JUnitReportReporter -->
<testsuite hostname="Z100107" name="com.YouMagicPro.LKA_tests.ContractBikSymbolsInTextFieldTest" tests="1" failures="0" timestamp="26 Dec 2012 08:39:39 GMT" time="12.457" errors="0">
  <testcase name="contractBikSymbolsInTextFieldTest_C15026" time="12.457" classname="com.YouMagicPro.LKA_tests.ContractBikSymbolsInTextFieldTest"/>
</testsuite> <!-- com.YouMagicPro.LKA_tests.ContractBikSymbolsInTextFieldTest -->
