<?xml version="1.0" encoding="UTF-8"?>
<!-- Generated by org.testng.reporters.JUnitReportReporter -->
<testsuite hostname="RnD_CI_Windows" name="com.YouMagicPro.LKA_tests.OrderByPickUpCancelButtonTest" tests="1" failures="0" timestamp="6 Dec 2012 12:31:31 GMT" time="13.223" errors="0">
  <testcase name="orderByPickUpCancelButtonTest_C25664" time="13.223" classname="com.YouMagicPro.LKA_tests.OrderByPickUpCancelButtonTest"/>
</testsuite> <!-- com.YouMagicPro.LKA_tests.OrderByPickUpCancelButtonTest -->
