<?xml version="1.0" encoding="UTF-8"?>
<!-- Generated by org.testng.reporters.JUnitReportReporter -->
<testsuite hostname="Z100107" name="com.YouMagicPro.LKA_tests.GroupsChangeCallQueueTest" tests="1" failures="0" timestamp="23 Jan 2013 08:25:57 GMT" time="70.915" errors="0">
  <testcase name="groupsChangeCallQueueTest_C15193" time="70.915" classname="com.YouMagicPro.LKA_tests.GroupsChangeCallQueueTest"/>
</testsuite> <!-- com.YouMagicPro.LKA_tests.GroupsChangeCallQueueTest -->
