<?xml version="1.0" encoding="UTF-8"?>
<!-- Generated by org.testng.reporters.JUnitReportReporter -->
<testsuite hostname="Z100107" name="com.YouMagicPro.LKA_tests.ContractCorAccountTest" tests="1" failures="0" timestamp="6 Nov 2012 13:57:44 GMT" time="36.867" errors="0">
  <testcase name="contractCorAccountTest" time="36.867" classname="com.YouMagicPro.LKA_tests.ContractCorAccountTest"/>
</testsuite> <!-- com.YouMagicPro.LKA_tests.ContractCorAccountTest -->
