<?xml version="1.0" encoding="UTF-8"?>
<!-- Generated by org.testng.reporters.JUnitReportReporter -->
<testsuite hostname="Z100107" name="com.YouMagicPro.authorization.AuthorizationEmployeeNoFieldsFilledTest" tests="1" failures="0" timestamp="20 Nov 2012 06:50:48 GMT" time="16.620" errors="0">
  <testcase name="authorizationNoLoginTest" time="16.620" classname="com.YouMagicPro.authorization.AuthorizationEmployeeNoFieldsFilledTest"/>
</testsuite> <!-- com.YouMagicPro.authorization.AuthorizationEmployeeNoFieldsFilledTest -->
