<?xml version="1.0" encoding="UTF-8"?>
<!-- Generated by org.testng.reporters.JUnitReportReporter -->
<testsuite hostname="Z100107" name="com.YouMagicPro.LKA_tests.PaymentsPageTest" tests="1" failures="0" timestamp="25 Dec 2012 12:35:52 GMT" time="29.193" errors="0">
  <testcase name="soundFilesTest" time="29.193" classname="com.YouMagicPro.LKA_tests.PaymentsPageTest"/>
</testsuite> <!-- com.YouMagicPro.LKA_tests.PaymentsPageTest -->
