<?xml version="1.0" encoding="UTF-8"?>
<!-- Generated by org.testng.reporters.JUnitReportReporter -->
<testsuite hostname="RnD_CI_Windows" name="com.YouMagicPro.LKA_tests.ContractBikSymbolsInTextFieldTest" tests="1" failures="0" timestamp="6 Dec 2012 06:33:38 GMT" time="18.717" errors="0">
  <testcase name="contractBikSymbolsInTextFieldTest_C15026" time="18.717" classname="com.YouMagicPro.LKA_tests.ContractBikSymbolsInTextFieldTest"/>
</testsuite> <!-- com.YouMagicPro.LKA_tests.ContractBikSymbolsInTextFieldTest -->
