<?xml version="1.0" encoding="UTF-8"?>
<!-- Generated by org.testng.reporters.JUnitReportReporter -->
<testsuite hostname="Z100107" name="com.YouMagicPro.authorization.AuthorizationNoLoginTest" tests="1" failures="0" timestamp="16 Nov 2012 10:49:04 GMT" time="5.800" errors="0">
  <testcase name="authorizationNoLoginTest" time="5.800" classname="com.YouMagicPro.authorization.AuthorizationNoLoginTest"/>
</testsuite> <!-- com.YouMagicPro.authorization.AuthorizationNoLoginTest -->
