<?xml version="1.0" encoding="UTF-8"?>
<!-- Generated by org.testng.reporters.JUnitReportReporter -->
<testsuite hostname="Z100107" name="com.YouMagicPro.LKA_tests.ContractBikTest" tests="1" failures="0" timestamp="8 Nov 2012 06:57:35 GMT" time="33.977" errors="0">
  <testcase name="contractBikTest_C15022_27" time="33.977" classname="com.YouMagicPro.LKA_tests.ContractBikTest"/>
</testsuite> <!-- com.YouMagicPro.LKA_tests.ContractBikTest -->
