<?xml version="1.0" encoding="UTF-8"?>
<!-- Generated by org.testng.reporters.JUnitReportReporter -->
<testsuite hostname="Z100107" name="com.YouMagicPro.LKA_tests.ContractBankAccountLettersAndNumbersTest" tests="1" failures="0" timestamp="31 Jan 2013 06:23:50 GMT" time="46.603" errors="0">
  <testcase name="contractBankAccountLettersAndNumbersTest_C14496" time="46.603" classname="com.YouMagicPro.LKA_tests.ContractBankAccountLettersAndNumbersTest"/>
</testsuite> <!-- com.YouMagicPro.LKA_tests.ContractBankAccountLettersAndNumbersTest -->
