<?xml version="1.0" encoding="UTF-8"?>
<!-- Generated by org.testng.reporters.JUnitReportReporter -->
<testsuite hostname="Z100107" name="com.YouMagicPro.LKA_tests.SupportChooseTopicNoTextTest" tests="1" failures="0" timestamp="6 Feb 2013 08:38:15 GMT" time="48.227" errors="0">
  <testcase name="supportChooseTopicNoTextTest_C15200" time="48.227" classname="com.YouMagicPro.LKA_tests.SupportChooseTopicNoTextTest"/>
</testsuite> <!-- com.YouMagicPro.LKA_tests.SupportChooseTopicNoTextTest -->
