<?xml version="1.0" encoding="UTF-8"?>
<!-- Generated by org.testng.reporters.JUnitReportReporter -->
<testsuite hostname="Z100107" name="com.YouMagicPro.authorization.AuthorizationAdminNoFieldsFilledTest" tests="1" failures="0" timestamp="26 Dec 2012 11:46:08 GMT" time="8.154" errors="0">
  <testcase name="authorizationNoLoginTest" time="8.154" classname="com.YouMagicPro.authorization.AuthorizationAdminNoFieldsFilledTest"/>
</testsuite> <!-- com.YouMagicPro.authorization.AuthorizationAdminNoFieldsFilledTest -->
