<?xml version="1.0" encoding="UTF-8"?>
<!-- Generated by org.testng.reporters.JUnitReportReporter -->
<testsuite hostname="Z100107" name="com.YouMagicPro.registration.RegistrationCloseVerificationWindowTest" tests="1" failures="0" timestamp="26 Dec 2012 11:55:11 GMT" time="13.844" errors="0">
  <testcase name="registrationCloseVerificationWindowTest" time="13.844" classname="com.YouMagicPro.registration.RegistrationCloseVerificationWindowTest"/>
</testsuite> <!-- com.YouMagicPro.registration.RegistrationCloseVerificationWindowTest -->
