<?xml version="1.0" encoding="UTF-8"?>
<!-- Generated by org.testng.reporters.JUnitReportReporter -->
<testsuite hostname="Z100107" name="com.YouMagicPro.LKA_tests.OrderByEmailOrderWithoutDocTypeCheckedTest" tests="1" failures="0" timestamp="26 Dec 2012 08:30:25 GMT" time="11.845" errors="0">
  <testcase name="orderByEmailOrderWithoutDocTypeCheckedTest_C25656" time="11.845" classname="com.YouMagicPro.LKA_tests.OrderByEmailOrderWithoutDocTypeCheckedTest"/>
</testsuite> <!-- com.YouMagicPro.LKA_tests.OrderByEmailOrderWithoutDocTypeCheckedTest -->
