<?xml version="1.0" encoding="UTF-8"?>
<!-- Generated by org.testng.reporters.JUnitReportReporter -->
<testsuite hostname="RnD_CI_Windows" name="com.YouMagicPro.registration.RegistrationWrongVerificationCodeTest" tests="1" failures="0" timestamp="9 Jan 2013 12:31:54 GMT" time="11.703" errors="0">
  <testcase name="registrationStabilityOfNumbersTest" time="11.703" classname="com.YouMagicPro.registration.RegistrationWrongVerificationCodeTest"/>
</testsuite> <!-- com.YouMagicPro.registration.RegistrationWrongVerificationCodeTest -->
