<?xml version="1.0" encoding="UTF-8"?>
<!-- Generated by org.testng.reporters.JUnitReportReporter -->
<testsuite hostname="RnD_CI_Windows" name="com.YouMagicPro.LKA_tests.OrderByEmailCancelButtonTest" tests="1" failures="0" timestamp="10 Dec 2012 13:19:28 GMT" time="13.932" errors="0">
  <testcase name="orderByEmailCancelButtonTest_C15141" time="13.932" classname="com.YouMagicPro.LKA_tests.OrderByEmailCancelButtonTest"/>
</testsuite> <!-- com.YouMagicPro.LKA_tests.OrderByEmailCancelButtonTest -->
