<?xml version="1.0" encoding="UTF-8"?>
<!-- Generated by org.testng.reporters.JUnitReportReporter -->
<testsuite hostname="RnD_CI_Windows" name="com.YouMagicPro.LKA_tests.Buying804NumberCategoriesOfNumbers" tests="1" failures="0" timestamp="6 Dec 2012 08:28:44 GMT" time="22.039" errors="0">
  <testcase name="buying804NumberCategoriesOfNumbers_C25622" time="22.039" classname="com.YouMagicPro.LKA_tests.Buying804NumberCategoriesOfNumbers"/>
</testsuite> <!-- com.YouMagicPro.LKA_tests.Buying804NumberCategoriesOfNumbers -->
