<?xml version="1.0" encoding="UTF-8"?>
<!-- Generated by org.testng.reporters.JUnitReportReporter -->
<testsuite hostname="RnD_CI_Windows" name="com.YouMagicPro.LKA_tests.ContractInnChooseFormTest" tests="1" failures="0" timestamp="10 Dec 2012 07:59:34 GMT" time="48.021" errors="0">
  <testcase name="contractInnChooseForm_C15047" time="48.021" classname="com.YouMagicPro.LKA_tests.ContractInnChooseFormTest"/>
</testsuite> <!-- com.YouMagicPro.LKA_tests.ContractInnChooseFormTest -->
