<?xml version="1.0" encoding="UTF-8"?>
<!-- Generated by org.testng.reporters.JUnitReportReporter -->
<testsuite hostname="Z100107" name="com.YouMagicPro.LKA_tests.BlacklistAddBannedNumberTest" tests="1" failures="0" timestamp="23 Jan 2013 08:02:43 GMT" time="75.122" errors="0">
  <testcase name="BlacklistChooseMainNumberTest_C15150" time="75.122" classname="com.YouMagicPro.LKA_tests.BlacklistAddBannedNumberTest"/>
</testsuite> <!-- com.YouMagicPro.LKA_tests.BlacklistAddBannedNumberTest -->
