<?xml version="1.0" encoding="UTF-8"?>
<!-- Generated by org.testng.reporters.JUnitReportReporter -->
<testsuite hostname="Z100107" name="com.YouMagicPro.LKA_tests.VoiceMailEmptyNameTextFieldTest" tests="1" failures="0" timestamp="26 Dec 2012 11:39:29 GMT" time="13.835" errors="0">
  <testcase name="voiceMailEmptyNameTextFieldTest_C19851" time="13.835" classname="com.YouMagicPro.LKA_tests.VoiceMailEmptyNameTextFieldTest"/>
</testsuite> <!-- com.YouMagicPro.LKA_tests.VoiceMailEmptyNameTextFieldTest -->
