<?xml version="1.0" encoding="UTF-8"?>
<!-- Generated by org.testng.reporters.JUnitReportReporter -->
<testsuite hostname="Z100107" name="com.YouMagicPro.registration.RegistrationWrongVerificationCodeTest" tests="1" failures="0" timestamp="28 Nov 2012 11:12:27 GMT" time="22.837" errors="0">
  <testcase name="registrationStabilityOfNumbersTest" time="22.837" classname="com.YouMagicPro.registration.RegistrationWrongVerificationCodeTest"/>
</testsuite> <!-- com.YouMagicPro.registration.RegistrationWrongVerificationCodeTest -->
