<?xml version="1.0" encoding="UTF-8"?>
<!-- Generated by org.testng.reporters.JUnitReportReporter -->
<testsuite hostname="Z100107" name="com.YouMagicPro.mainPageTests.CheckForAvaliabilitySupportPagesTest" tests="1" failures="0" timestamp="26 Dec 2012 11:48:44 GMT" time="3.691" errors="0">
  <testcase name="checkForAvaliabilitySupportPagesTest" time="3.691" classname="com.YouMagicPro.mainPageTests.CheckForAvaliabilitySupportPagesTest"/>
</testsuite> <!-- com.YouMagicPro.mainPageTests.CheckForAvaliabilitySupportPagesTest -->
