<?xml version="1.0" encoding="UTF-8"?>
<!-- Generated by org.testng.reporters.JUnitReportReporter -->
<testsuite hostname="RnD_CI_Windows" name="com.YouMagicPro.LKA_tests.ContractKppLettersAndNumbersTest" tests="1" failures="0" timestamp="6 Dec 2012 10:18:22 GMT" time="18.819" errors="0">
  <testcase name="contractKppTest_C15054" time="18.819" classname="com.YouMagicPro.LKA_tests.ContractKppLettersAndNumbersTest"/>
</testsuite> <!-- com.YouMagicPro.LKA_tests.ContractKppLettersAndNumbersTest -->
