<?xml version="1.0" encoding="UTF-8"?>
<!-- Generated by org.testng.reporters.JUnitReportReporter -->
<testsuite hostname="Z100107" name="com.YouMagicPro.LKA_tests.VoiceMenuAddAddAndDeleteTest" tests="1" failures="0" timestamp="23 Jan 2013 11:43:36 GMT" time="39.889" errors="0">
  <testcase name="voiceMenuAddTest_C15292_C15332" time="39.889" classname="com.YouMagicPro.LKA_tests.VoiceMenuAddAddAndDeleteTest"/>
</testsuite> <!-- com.YouMagicPro.LKA_tests.VoiceMenuAddAddAndDeleteTest -->
