<?xml version="1.0" encoding="UTF-8"?>
<!-- Generated by org.testng.reporters.JUnitReportReporter -->
<testsuite hostname="Z100107" name="com.YouMagicPro.LKA_tests.NotificationsCheckFieldsTest" tests="1" failures="0" timestamp="25 Dec 2012 12:09:37 GMT" time="15.668" errors="0">
  <testcase name="notificationsCheckFieldsTest_C15141" time="15.668" classname="com.YouMagicPro.LKA_tests.NotificationsCheckFieldsTest"/>
</testsuite> <!-- com.YouMagicPro.LKA_tests.NotificationsCheckFieldsTest -->
