<?xml version="1.0" encoding="UTF-8"?>
<!-- Generated by org.testng.reporters.JUnitReportReporter -->
<testsuite hostname="RnD_CI_Windows" name="com.YouMagicPro.LKA_tests.ContractInn6NumbersInTextFieldTest" tests="1" failures="0" timestamp="10 Dec 2012 07:57:48 GMT" time="16.165" errors="0">
  <testcase name="contractInn6NumbersInTextFieldTest_C15029" time="16.165" classname="com.YouMagicPro.LKA_tests.ContractInn6NumbersInTextFieldTest"/>
</testsuite> <!-- com.YouMagicPro.LKA_tests.ContractInn6NumbersInTextFieldTest -->
