<?xml version="1.0" encoding="UTF-8"?>
<!-- Generated by org.testng.reporters.JUnitReportReporter -->
<testsuite hostname="Z100107" name="com.YouMagicPro.LKA_tests.OrderByPickUpChangePhoneTest" tests="1" failures="0" timestamp="21 Nov 2012 07:05:48 GMT" time="17.897" errors="0">
  <testcase name="OrderByPickUpChangePhoneTest_C25666" time="17.897" classname="com.YouMagicPro.LKA_tests.OrderByPickUpChangePhoneTest"/>
</testsuite> <!-- com.YouMagicPro.LKA_tests.OrderByPickUpChangePhoneTest -->
