<?xml version="1.0" encoding="UTF-8"?>
<!-- Generated by org.testng.reporters.JUnitReportReporter -->
<testsuite hostname="Z100107" name="com.YouMagicPro.LKA_tests.ClickOnInternalNumbersTest" tests="1" failures="0" timestamp="21 Nov 2012 07:03:13 GMT" time="22.355" errors="0">
  <testcase name="clickOnInternalNumbersTest" time="22.355" classname="com.YouMagicPro.LKA_tests.ClickOnInternalNumbersTest"/>
</testsuite> <!-- com.YouMagicPro.LKA_tests.ClickOnInternalNumbersTest -->
