<?xml version="1.0" encoding="UTF-8"?>
<!-- Generated by org.testng.reporters.JUnitReportReporter -->
<testsuite hostname="Z100107" name="com.YouMagicPro.LKA_tests.VoiceMenuSetNumber2ToGroupTest" tests="1" failures="0" timestamp="5 Feb 2013 13:21:58 GMT" time="43.505" errors="0">
  <testcase name="voiceMenuSetNumber2ToGroupTest_C15342" time="43.505" classname="com.YouMagicPro.LKA_tests.VoiceMenuSetNumber2ToGroupTest"/>
</testsuite> <!-- com.YouMagicPro.LKA_tests.VoiceMenuSetNumber2ToGroupTest -->
