<?xml version="1.0" encoding="UTF-8"?>
<!-- Generated by org.testng.reporters.JUnitReportReporter -->
<testsuite hostname="Z100107" name="com.LKA_Tests.CallForwardingPageTest" tests="1" failures="0" timestamp="15 Nov 2012 07:50:00 GMT" time="22.271" errors="0">
  <testcase name="clickOnAvatarTest" time="22.271" classname="com.LKA_Tests.CallForwardingPageTest"/>
</testsuite> <!-- com.LKA_Tests.CallForwardingPageTest -->
