<?xml version="1.0" encoding="UTF-8"?>
<!-- Generated by org.testng.reporters.JUnitReportReporter -->
<testsuite hostname="Z100107" name="com.YouMagicPro.LKA_tests.VoiceMenuEmptyNameTextFieldTest" tests="1" failures="0" timestamp="5 Feb 2013 13:21:58 GMT" time="28.784" errors="0">
  <testcase name="voiceMailEmptyNameTextFieldTest_C19851" time="28.784" classname="com.YouMagicPro.LKA_tests.VoiceMenuEmptyNameTextFieldTest"/>
</testsuite> <!-- com.YouMagicPro.LKA_tests.VoiceMenuEmptyNameTextFieldTest -->
