<?xml version="1.0" encoding="UTF-8"?>
<!-- Generated by org.testng.reporters.JUnitReportReporter -->
<testsuite hostname="Z100107" name="com.YouMagicPro.LKA_tests.ContractBankAccountLettersInTextFieldTest" tests="1" failures="0" timestamp="26 Dec 2012 08:33:20 GMT" time="14.596" errors="0">
  <testcase name="contractBankAccountLettersInTextFieldTest_C14995" time="14.596" classname="com.YouMagicPro.LKA_tests.ContractBankAccountLettersInTextFieldTest"/>
</testsuite> <!-- com.YouMagicPro.LKA_tests.ContractBankAccountLettersInTextFieldTest -->
