<?xml version="1.0" encoding="UTF-8"?>
<!-- Generated by org.testng.reporters.JUnitReportReporter -->
<testsuite hostname="RnD_CI_Windows" name="com.YouMagicPro.LKA_tests.EmployeesEditProfileFillInDataTest" tests="1" failures="0" timestamp="10 Dec 2012 13:17:49 GMT" time="24.208" errors="0">
  <testcase name="employeesEditProfileFillInDataTest_C15253" time="24.208" classname="com.YouMagicPro.LKA_tests.EmployeesEditProfileFillInDataTest"/>
</testsuite> <!-- com.YouMagicPro.LKA_tests.EmployeesEditProfileFillInDataTest -->
