<?xml version="1.0" encoding="UTF-8"?>
<!-- Generated by org.testng.reporters.JUnitReportReporter -->
<testsuite hostname="Z100107" name="com.YouMagicPro.authorization.AuthorizationEmployeeWrongLoginTest" tests="1" failures="0" timestamp="20 Nov 2012 06:50:48 GMT" time="6.653" errors="0">
  <testcase name="authorizationWrongLoginTest" time="6.653" classname="com.YouMagicPro.authorization.AuthorizationEmployeeWrongLoginTest"/>
</testsuite> <!-- com.YouMagicPro.authorization.AuthorizationEmployeeWrongLoginTest -->
