<?xml version="1.0" encoding="UTF-8"?>
<!-- Generated by org.testng.reporters.JUnitReportReporter -->
<testsuite hostname="Z100107" name="com.YouMagicPro.mainPageTests.RegistrationCancelVerificationButtonEmptyFieldTest" tests="1" failures="0" timestamp="26 Dec 2012 11:52:47 GMT" time="13.653" errors="0">
  <testcase name="registrationCancelVerificationButtonEmptyFieldTest" time="13.653" classname="com.YouMagicPro.mainPageTests.RegistrationCancelVerificationButtonEmptyFieldTest"/>
</testsuite> <!-- com.YouMagicPro.mainPageTests.RegistrationCancelVerificationButtonEmptyFieldTest -->
