<?xml version="1.0" encoding="UTF-8"?>
<!-- Generated by org.testng.reporters.JUnitReportReporter -->
<testsuite hostname="Z100107" name="com.YouMagicPro.LKA_tests.VoiceMenuChooseSoundTest" tests="1" failures="0" timestamp="5 Feb 2013 13:21:58 GMT" time="38.079" errors="0">
  <testcase name="voiceMailChooseSoundTest_C15294" time="38.079" classname="com.YouMagicPro.LKA_tests.VoiceMenuChooseSoundTest"/>
</testsuite> <!-- com.YouMagicPro.LKA_tests.VoiceMenuChooseSoundTest -->
