<?xml version="1.0" encoding="UTF-8"?>
<!-- Generated by org.testng.reporters.JUnitReportReporter -->
<testsuite hostname="Z100107" name="com.YouMagicPro.LKA_tests.ContractBikSymbolsInTextFieldTest" tests="1" failures="0" timestamp="13 Nov 2012 05:45:47 GMT" time="19.369" errors="0">
  <testcase name="contractBikSymbolsInTextFieldTest_C15026" time="19.369" classname="com.YouMagicPro.LKA_tests.ContractBikSymbolsInTextFieldTest"/>
</testsuite> <!-- com.YouMagicPro.LKA_tests.ContractBikSymbolsInTextFieldTest -->
