<?xml version="1.0" encoding="UTF-8"?>
<!-- Generated by org.testng.reporters.JUnitReportReporter -->
<testsuite hostname="RnD_CI_Windows" name="com.YouMagicPro.LKA_tests.BuyingAdditionalInternalNumberTextFieldTest" tests="1" failures="0" timestamp="6 Dec 2012 11:01:12 GMT" time="15.466" errors="0">
  <testcase name="buyingAdditionalInternalNumberTextFieldTest_C15112" time="15.466" classname="com.YouMagicPro.LKA_tests.BuyingAdditionalInternalNumberTextFieldTest"/>
</testsuite> <!-- com.YouMagicPro.LKA_tests.BuyingAdditionalInternalNumberTextFieldTest -->
