<?xml version="1.0" encoding="UTF-8"?>
<!-- Generated by org.testng.reporters.JUnitReportReporter -->
<testsuite hostname="Z100107" name="com.YouMagicPro.LKA_tests.GroupsAverageLengthOfTalkTest" tests="1" failures="0" timestamp="23 Jan 2013 08:44:21 GMT" time="50.184" errors="0">
  <testcase name="groupsMiddleLengthOfTalkTest_C25633" time="50.184" classname="com.YouMagicPro.LKA_tests.GroupsAverageLengthOfTalkTest"/>
</testsuite> <!-- com.YouMagicPro.LKA_tests.GroupsAverageLengthOfTalkTest -->
