<?xml version="1.0" encoding="UTF-8"?>
<!-- Generated by org.testng.reporters.JUnitReportReporter -->
<testsuite hostname="Z100107" name="com.YouMagicPro.LKA_tests.ExpenseStructureInternalNumbersFeeTest" tests="1" failures="0" timestamp="13 Nov 2012 08:13:42 GMT" time="8.993" errors="0">
  <testcase name="expenseStructureInternalNumbersFeeTest_C15101" time="8.993" classname="com.YouMagicPro.LKA_tests.ExpenseStructureInternalNumbersFeeTest"/>
</testsuite> <!-- com.YouMagicPro.LKA_tests.ExpenseStructureInternalNumbersFeeTest -->
