<?xml version="1.0" encoding="UTF-8"?>
<!-- Generated by org.testng.reporters.JUnitReportReporter -->
<testsuite hostname="Z100107" name="com.YouMagicPro.LKA_tests.VoiceMenuChooseSoundTest" tests="1" failures="0" timestamp="24 Jan 2013 08:26:31 GMT" time="39.866" errors="0">
  <testcase name="voiceMailChooseSoundTest_C15294" time="39.866" classname="com.YouMagicPro.LKA_tests.VoiceMenuChooseSoundTest"/>
</testsuite> <!-- com.YouMagicPro.LKA_tests.VoiceMenuChooseSoundTest -->
