<?xml version="1.0" encoding="UTF-8"?>
<!-- Generated by org.testng.reporters.JUnitReportReporter -->
<testsuite hostname="Z100107" name="com.YouMagicPro.LKA_tests.VoiceMenuSetNumber1ToEmployeeTest" tests="1" failures="0" timestamp="23 Jan 2013 08:08:52 GMT" time="44.643" errors="0">
  <testcase name="voiceMenuSetNumber1ToEmployeeTest_C15341" time="44.643" classname="com.YouMagicPro.LKA_tests.VoiceMenuSetNumber1ToEmployeeTest"/>
</testsuite> <!-- com.YouMagicPro.LKA_tests.VoiceMenuSetNumber1ToEmployeeTest -->
