<?xml version="1.0" encoding="UTF-8"?>
<!-- Generated by org.testng.reporters.JUnitReportReporter -->
<testsuite hostname="RnD_CI_Windows" name="com.YouMagicPro.LKA_tests.ContractBankAccountLettersAndNumbersTest" tests="1" failures="0" timestamp="26 Dec 2012 05:36:46 GMT" time="15.711" errors="0">
  <testcase name="contractBankAccountLettersAndNumbersTest_C14496" time="15.711" classname="com.YouMagicPro.LKA_tests.ContractBankAccountLettersAndNumbersTest"/>
</testsuite> <!-- com.YouMagicPro.LKA_tests.ContractBankAccountLettersAndNumbersTest -->
