<?xml version="1.0" encoding="UTF-8"?>
<!-- Generated by org.testng.reporters.JUnitReportReporter -->
<testsuite hostname="Z100107" name="com.YouMagicPro.LKA_tests.ContractBankAccountSymbolsInTextFieldTest" tests="1" failures="0" timestamp="13 Nov 2012 05:21:16 GMT" time="25.159" errors="0">
  <testcase name="contractBankAccountSymbolsInTextFieldTest_C14997" time="25.159" classname="com.YouMagicPro.LKA_tests.ContractBankAccountSymbolsInTextFieldTest"/>
</testsuite> <!-- com.YouMagicPro.LKA_tests.ContractBankAccountSymbolsInTextFieldTest -->
