<?xml version="1.0" encoding="UTF-8"?>
<!-- Generated by org.testng.reporters.JUnitReportReporter -->
<testsuite hostname="Z100107" name="com.YouMagicPro.LKA_tests.ExpenseStructureChooseIntNumbersPageTest" tests="1" failures="0" timestamp="13 Nov 2012 07:09:14 GMT" time="15.132" errors="0">
  <testcase name="expenseStructureChooseIntNumbersPageTest_C15102" time="15.132" classname="com.YouMagicPro.LKA_tests.ExpenseStructureChooseIntNumbersPageTest"/>
</testsuite> <!-- com.YouMagicPro.LKA_tests.ExpenseStructureChooseIntNumbersPageTest -->
