<?xml version="1.0" encoding="UTF-8"?>
<!-- Generated by org.testng.reporters.JUnitReportReporter -->
<testsuite hostname="Z100107" name="com.YouMagicPro.LKA_tests.ContractCorAccountOneInTextFieldTest" tests="1" failures="0" timestamp="24 Dec 2012 13:08:42 GMT" time="12.521" errors="0">
  <testcase name="contractCorAccountOneInTextFieldTest_C14499" time="12.521" classname="com.YouMagicPro.LKA_tests.ContractCorAccountOneInTextFieldTest"/>
</testsuite> <!-- com.YouMagicPro.LKA_tests.ContractCorAccountOneInTextFieldTest -->
