<?xml version="1.0" encoding="UTF-8"?>
<!-- Generated by org.testng.reporters.JUnitReportReporter -->
<testsuite hostname="Z100107" name="com.YouMagicPro.LKA_tests.ContractInnChooseFormTest" tests="1" failures="0" timestamp="13 Nov 2012 07:07:54 GMT" time="35.277" errors="0">
  <testcase name="contractInnChooseForm_C15047" time="35.277" classname="com.YouMagicPro.LKA_tests.ContractInnChooseFormTest"/>
</testsuite> <!-- com.YouMagicPro.LKA_tests.ContractInnChooseFormTest -->
