<?xml version="1.0" encoding="UTF-8"?>
<!-- Generated by org.testng.reporters.JUnitReportReporter -->
<testsuite hostname="Z100107" name="com.YouMagicPro.LKA_tests.BuyingAdditionalNumberChooseNumbersFromListTest" tests="1" failures="0" timestamp="23 Jan 2013 06:49:50 GMT" time="29.474" errors="0">
  <testcase name="BuyingAdditionalNumberChooseNumbersFromListTest_C15106" time="29.474" classname="com.YouMagicPro.LKA_tests.BuyingAdditionalNumberChooseNumbersFromListTest"/>
</testsuite> <!-- com.YouMagicPro.LKA_tests.BuyingAdditionalNumberChooseNumbersFromListTest -->
