<?xml version="1.0" encoding="UTF-8"?>
<!-- Generated by org.testng.reporters.JUnitReportReporter -->
<testsuite hostname="Z100107" name="com.YouMagicPro.LKA_tests.SoundFilesPageTest" tests="1" failures="0" timestamp="20 Nov 2012 13:10:15 GMT" time="28.251" errors="0">
  <testcase name="soundFilesTest" time="28.251" classname="com.YouMagicPro.LKA_tests.SoundFilesPageTest"/>
</testsuite> <!-- com.YouMagicPro.LKA_tests.SoundFilesPageTest -->
