<?xml version="1.0" encoding="UTF-8"?>
<!-- Generated by org.testng.reporters.JUnitReportReporter -->
<testsuite hostname="Z100107" name="com.YouMagicPro.LKA_tests.OrderToAdressCancelButtonClickTest" tests="1" failures="0" timestamp="13 Nov 2012 09:39:13 GMT" time="30.633" errors="0">
  <testcase name="orderToAdressCancelButtonClickTest_C25675" time="30.633" classname="com.YouMagicPro.LKA_tests.OrderToAdressCancelButtonClickTest"/>
</testsuite> <!-- com.YouMagicPro.LKA_tests.OrderToAdressCancelButtonClickTest -->
