<?xml version="1.0" encoding="UTF-8"?>
<!-- Generated by org.testng.reporters.JUnitReportReporter -->
<testsuite hostname="Z100107" name="com.YouMagicPro.LKA_tests.ContractCorAccountTenInTextFieldTest" tests="1" failures="0" timestamp="13 Nov 2012 07:08:22 GMT" time="20.710" errors="0">
  <testcase name="contractCorAccountTenInTextFieldTest_C15000" time="20.710" classname="com.YouMagicPro.LKA_tests.ContractCorAccountTenInTextFieldTest"/>
</testsuite> <!-- com.YouMagicPro.LKA_tests.ContractCorAccountTenInTextFieldTest -->
