<?xml version="1.0" encoding="UTF-8"?>
<!-- Generated by org.testng.reporters.JUnitReportReporter -->
<testsuite hostname="RnD_CI_Windows" name="com.YouMagicPro.LKA_tests.EmployeesEditProfileTest" tests="1" failures="0" timestamp="10 Dec 2012 13:18:17 GMT" time="16.212" errors="0">
  <testcase name="employeesEditProfileTest_C15253" time="16.212" classname="com.YouMagicPro.LKA_tests.EmployeesEditProfileTest"/>
</testsuite> <!-- com.YouMagicPro.LKA_tests.EmployeesEditProfileTest -->
