<?xml version="1.0" encoding="UTF-8"?>
<!-- Generated by org.testng.reporters.JUnitReportReporter -->
<testsuite hostname="Z100107" name="com.YouMagicPro.LKA_tests.ContractInnLettersInTextFieldTest" tests="1" failures="0" timestamp="13 Nov 2012 06:34:25 GMT" time="19.371" errors="0">
  <testcase name="contractInnLettersInTextFieldTest_C15030" time="19.371" classname="com.YouMagicPro.LKA_tests.ContractInnLettersInTextFieldTest"/>
</testsuite> <!-- com.YouMagicPro.LKA_tests.ContractInnLettersInTextFieldTest -->
