<?xml version="1.0" encoding="UTF-8"?>
<!-- Generated by org.testng.reporters.JUnitReportReporter -->
<testsuite hostname="Z100107" name="com.YouMagicPro.LKA_tests.VoiceMenuSetNumber1ToEmployeeTest" tests="1" failures="0" timestamp="5 Feb 2013 13:21:58 GMT" time="45.663" errors="0">
  <testcase name="voiceMenuSetNumber1ToEmployeeTest_C15341" time="45.663" classname="com.YouMagicPro.LKA_tests.VoiceMenuSetNumber1ToEmployeeTest"/>
</testsuite> <!-- com.YouMagicPro.LKA_tests.VoiceMenuSetNumber1ToEmployeeTest -->
