<?xml version="1.0" encoding="UTF-8"?>
<!-- Generated by org.testng.reporters.JUnitReportReporter -->
<testsuite hostname="Z100107" name="com.YouMagicPro.LKA_tests.GroupsAddAndDeleteEmployeeTest" tests="1" failures="0" timestamp="16 Jan 2013 12:49:52 GMT" time="12.272" errors="0">
  <testcase name="groupsAddAndDeleteEmployeeTest_C25636" time="12.272" classname="com.YouMagicPro.LKA_tests.GroupsAddAndDeleteEmployeeTest"/>
</testsuite> <!-- com.YouMagicPro.LKA_tests.GroupsAddAndDeleteEmployeeTest -->
