<?xml version="1.0" encoding="UTF-8"?>
<!-- Generated by org.testng.reporters.JUnitReportReporter -->
<testsuite hostname="Z100107" name="com.YouMagicPro.LKA_tests.NotificationsCheckFieldsTest" tests="1" failures="0" timestamp="23 Jan 2013 08:42:22 GMT" time="36.159" errors="0">
  <testcase name="notificationsCheckFieldsTest_C15141" time="36.159" classname="com.YouMagicPro.LKA_tests.NotificationsCheckFieldsTest"/>
</testsuite> <!-- com.YouMagicPro.LKA_tests.NotificationsCheckFieldsTest -->
