<?xml version="1.0" encoding="UTF-8"?>
<!-- Generated by org.testng.reporters.JUnitReportReporter -->
<testsuite hostname="Z100107" name="com.YouMagicPro.LKA_tests.SupportTopicDropdownMenuTest" tests="1" failures="0" timestamp="6 Feb 2013 08:40:36 GMT" time="34.945" errors="0">
  <testcase name="supportToopicDropdownMenuTest_C15197" time="34.945" classname="com.YouMagicPro.LKA_tests.SupportTopicDropdownMenuTest"/>
</testsuite> <!-- com.YouMagicPro.LKA_tests.SupportTopicDropdownMenuTest -->
