<?xml version="1.0" encoding="UTF-8"?>
<!-- Generated by org.testng.reporters.JUnitReportReporter -->
<testsuite hostname="Z100107" name="com.YouMagicPro.LKA_tests.BuyingAdditionalInternalNumberTextFieldTest" tests="1" failures="0" timestamp="22 Jan 2013 12:52:49 GMT" time="20.560" errors="0">
  <testcase name="buyingAdditionalInternalNumberTextFieldTest_C15112" time="20.560" classname="com.YouMagicPro.LKA_tests.BuyingAdditionalInternalNumberTextFieldTest"/>
</testsuite> <!-- com.YouMagicPro.LKA_tests.BuyingAdditionalInternalNumberTextFieldTest -->
