<?xml version="1.0" encoding="UTF-8"?>
<!-- Generated by org.testng.reporters.JUnitReportReporter -->
<testsuite hostname="Z100107" name="com.YouMagicPro.LKA_tests.DetalizationPageTest" tests="1" failures="0" timestamp="20 Nov 2012 11:40:56 GMT" time="21.353" errors="0">
  <testcase name="detalizationPageTest" time="21.353" classname="com.YouMagicPro.LKA_tests.DetalizationPageTest"/>
</testsuite> <!-- com.YouMagicPro.LKA_tests.DetalizationPageTest -->
