<?xml version="1.0" encoding="UTF-8"?>
<!-- Generated by org.testng.reporters.JUnitReportReporter -->
<testsuite hostname="Z100107" name="com.YouMagicPro.authorization.AuthorizationAdminNoPasswordTest" tests="1" failures="0" timestamp="20 Nov 2012 06:50:48 GMT" time="49.816" errors="0">
  <testcase name="authorizationNoPasswordTest" time="49.816" classname="com.YouMagicPro.authorization.AuthorizationAdminNoPasswordTest"/>
</testsuite> <!-- com.YouMagicPro.authorization.AuthorizationAdminNoPasswordTest -->
