<?xml version="1.0" encoding="UTF-8"?>
<!-- Generated by org.testng.reporters.JUnitReportReporter -->
<testsuite hostname="Z100107" name="com.YouMagicPro.LKA_tests.EmployeesCheckInfoTest" tests="1" failures="0" timestamp="13 Nov 2012 12:13:55 GMT" time="18.253" errors="0">
  <testcase name="employeesCheckInfoTest_C15252" time="18.253" classname="com.YouMagicPro.LKA_tests.EmployeesCheckInfoTest"/>
</testsuite> <!-- com.YouMagicPro.LKA_tests.EmployeesCheckInfoTest -->
