<?xml version="1.0" encoding="UTF-8"?>
<!-- Generated by org.testng.reporters.JUnitReportReporter -->
<testsuite hostname="Z100107" name="com.YouMagicPro.authorization.AuthorizationFieldsTest" tests="1" failures="0" timestamp="16 Nov 2012 08:42:27 GMT" time="6.354" errors="0">
  <testcase name="authorizationFieldsTest" time="6.354" classname="com.YouMagicPro.authorization.AuthorizationFieldsTest"/>
</testsuite> <!-- com.YouMagicPro.authorization.AuthorizationFieldsTest -->
