<?xml version="1.0" encoding="UTF-8"?>
<!-- Generated by org.testng.reporters.JUnitReportReporter -->
<testsuite hostname="Z100107" name="com.YouMagicPro.LKA_tests.VoiceMenuSetNumber7ToRetryOfListeningTest" tests="1" failures="0" timestamp="5 Feb 2013 13:21:58 GMT" time="43.041" errors="0">
  <testcase name="voiceMenuSetNumber7ToRetryOfListeningTest_C15347" time="43.041" classname="com.YouMagicPro.LKA_tests.VoiceMenuSetNumber7ToRetryOfListeningTest"/>
</testsuite> <!-- com.YouMagicPro.LKA_tests.VoiceMenuSetNumber7ToRetryOfListeningTest -->
