<?xml version="1.0" encoding="UTF-8"?>
<!-- Generated by org.testng.reporters.JUnitReportReporter -->
<testsuite hostname="Z100107" name="com.YouMagicPro.LKA_tests.NotificationsCheckFieldsTest" tests="1" failures="0" timestamp="14 Nov 2012 12:06:54 GMT" time="26.394" errors="0">
  <testcase name="orderByEmailCancelButtonTest_C15141" time="26.394" classname="com.YouMagicPro.LKA_tests.NotificationsCheckFieldsTest"/>
</testsuite> <!-- com.YouMagicPro.LKA_tests.NotificationsCheckFieldsTest -->
