<?xml version="1.0" encoding="UTF-8"?>
<!-- Generated by org.testng.reporters.JUnitReportReporter -->
<testsuite hostname="Z100107" name="com.YouMagicPro.LKA_tests.VoiceMailPageTest" tests="1" failures="0" timestamp="20 Nov 2012 13:18:49 GMT" time="25.412" errors="0">
  <testcase name="voiceMailTest" time="25.412" classname="com.YouMagicPro.LKA_tests.VoiceMailPageTest"/>
</testsuite> <!-- com.YouMagicPro.LKA_tests.VoiceMailPageTest -->
