<?xml version="1.0" encoding="UTF-8"?>
<!-- Generated by org.testng.reporters.JUnitReportReporter -->
<testsuite hostname="Z100107" name="com.YouMagicPro.LKA_tests.BuyingAdditionalNumberChooseCityFromList" tests="1" failures="0" timestamp="13 Nov 2012 07:08:46 GMT" time="14.961" errors="0">
  <testcase name="buyingAdditionalNumberChooseCityFromList_C15103" time="14.961" classname="com.YouMagicPro.LKA_tests.BuyingAdditionalNumberChooseCityFromList"/>
</testsuite> <!-- com.YouMagicPro.LKA_tests.BuyingAdditionalNumberChooseCityFromList -->
