<?xml version="1.0" encoding="UTF-8"?>
<!-- Generated by org.testng.reporters.JUnitReportReporter -->
<testsuite hostname="Z100107" name="com.YouMagicPro.LKA_tests.PaymentsPageTest" tests="1" failures="0" timestamp="6 Feb 2013 11:21:17 GMT" time="30.117" errors="0">
  <testcase name="soundFilesTest" time="30.117" classname="com.YouMagicPro.LKA_tests.PaymentsPageTest"/>
</testsuite> <!-- com.YouMagicPro.LKA_tests.PaymentsPageTest -->
