<?xml version="1.0" encoding="UTF-8"?>
<!-- Generated by org.testng.reporters.JUnitReportReporter -->
<testsuite hostname="Z100107" name="com.YouMagicPro.LKA_tests.GroupsTest" tests="1" failures="0" timestamp="7 Nov 2012 08:24:10 GMT" time="25.569" errors="0">
  <testcase name="groupsTest" time="25.569" classname="com.YouMagicPro.LKA_tests.GroupsTest"/>
</testsuite> <!-- com.YouMagicPro.LKA_tests.GroupsTest -->
