<?xml version="1.0" encoding="UTF-8"?>
<!-- Generated by org.testng.reporters.JUnitReportReporter -->
<testsuite hostname="RnD_CI_Windows" name="com.YouMagicPro.LKA_tests.OrderByPickUpChangeNameTest" tests="1" failures="0" timestamp="10 Jan 2013 06:39:22 GMT" time="13.218" errors="0">
  <testcase name="orderByPickUpChangeNameTest_C25668" time="13.218" classname="com.YouMagicPro.LKA_tests.OrderByPickUpChangeNameTest"/>
</testsuite> <!-- com.YouMagicPro.LKA_tests.OrderByPickUpChangeNameTest -->
