<?xml version="1.0" encoding="UTF-8"?>
<!-- Generated by org.testng.reporters.JUnitReportReporter -->
<testsuite hostname="RnD_CI_Windows" name="com.YouMagicPro.LKA_tests.BuyingAdditionalInternalNumberCheckCost" tests="1" failures="0" timestamp="10 Jan 2013 05:51:07 GMT" time="15.338" errors="0">
  <testcase name="buyingAdditionalInternalNumberCheckCost_C15113" time="15.338" classname="com.YouMagicPro.LKA_tests.BuyingAdditionalInternalNumberCheckCost"/>
</testsuite> <!-- com.YouMagicPro.LKA_tests.BuyingAdditionalInternalNumberCheckCost -->
