<?xml version="1.0" encoding="UTF-8"?>
<!-- Generated by org.testng.reporters.JUnitReportReporter -->
<testsuite hostname="Z100107" name="com.YouMagicPro.LKA_tests.ContractOgrnSymbolsTest" tests="1" failures="0" timestamp="13 Nov 2012 06:21:10 GMT" time="20.312" errors="0">
  <testcase name="contractFillBankAccountTest" time="20.312" classname="com.YouMagicPro.LKA_tests.ContractOgrnSymbolsTest"/>
</testsuite> <!-- com.YouMagicPro.LKA_tests.ContractOgrnSymbolsTest -->
