<?xml version="1.0" encoding="UTF-8"?>
<!-- Generated by org.testng.reporters.JUnitReportReporter -->
<testsuite hostname="Z100107" name="com.YouMagicPro.LKA_tests.ContractEndOfPageDataTest" tests="1" failures="0" timestamp="26 Dec 2012 09:35:11 GMT" time="9.859" errors="0">
  <testcase name="contractEndOfPageDataTest_C15062" time="9.859" classname="com.YouMagicPro.LKA_tests.ContractEndOfPageDataTest"/>
</testsuite> <!-- com.YouMagicPro.LKA_tests.ContractEndOfPageDataTest -->
