<?xml version="1.0" encoding="UTF-8"?>
<!-- Generated by org.testng.reporters.JUnitReportReporter -->
<testsuite hostname="Z100107" name="com.YouMagicPro.LKA_tests.ContractInnChooseFormTest" tests="1" failures="0" timestamp="25 Dec 2012 11:29:36 GMT" time="22.674" errors="0">
  <testcase name="contractInnChooseForm_C15047" time="22.674" classname="com.YouMagicPro.LKA_tests.ContractInnChooseFormTest"/>
</testsuite> <!-- com.YouMagicPro.LKA_tests.ContractInnChooseFormTest -->
