<?xml version="1.0" encoding="UTF-8"?>
<!-- Generated by org.testng.reporters.JUnitReportReporter -->
<testsuite hostname="RnD_CI_Windows" name="com.YouMagicPro.LKA_tests.ContractBikLettersAndNumbersInTextFieldTest" tests="1" failures="0" timestamp="9 Jan 2013 12:54:48 GMT" time="18.314" errors="0">
  <testcase name="contractBikTest_C15025" time="18.314" classname="com.YouMagicPro.LKA_tests.ContractBikLettersAndNumbersInTextFieldTest"/>
</testsuite> <!-- com.YouMagicPro.LKA_tests.ContractBikLettersAndNumbersInTextFieldTest -->
