<?xml version="1.0" encoding="UTF-8"?>
<!-- Generated by org.testng.reporters.JUnitReportReporter -->
<testsuite hostname="Z100107" name="com.YouMagicPro.mainPageTests.CheckForAvaliabilityYourVoiceMenuPageTest" tests="1" failures="0" timestamp="26 Nov 2012 08:58:28 GMT" time="5.257" errors="0">
  <testcase name="checkForAvaliabilityYourVoiceMenuPageTest" time="5.257" classname="com.YouMagicPro.mainPageTests.CheckForAvaliabilityYourVoiceMenuPageTest"/>
</testsuite> <!-- com.YouMagicPro.mainPageTests.CheckForAvaliabilityYourVoiceMenuPageTest -->
