<?xml version="1.0" encoding="UTF-8"?>
<!-- Generated by org.testng.reporters.JUnitReportReporter -->
<testsuite hostname="RnD_CI_Windows" name="com.YouMagicPro.registration.RegistrationStabilityOfNumbersTest" tests="1" failures="0" timestamp="9 Jan 2013 12:31:12 GMT" time="19.875" errors="0">
  <testcase name="registrationStabilityOfNumbersTest" time="19.875" classname="com.YouMagicPro.registration.RegistrationStabilityOfNumbersTest"/>
</testsuite> <!-- com.YouMagicPro.registration.RegistrationStabilityOfNumbersTest -->
