<?xml version="1.0" encoding="UTF-8"?>
<!-- Generated by org.testng.reporters.JUnitReportReporter -->
<testsuite hostname="Z100107" name="com.YouMagicPro.LKA_tests.EmployeesFiveFreeNumbersTest" tests="1" failures="0" timestamp="14 Feb 2013 10:22:54 GMT" time="27.686" errors="0">
  <testcase name="employeesFiveFreeNumbersTest_C15251" time="27.686" classname="com.YouMagicPro.LKA_tests.EmployeesFiveFreeNumbersTest"/>
</testsuite> <!-- com.YouMagicPro.LKA_tests.EmployeesFiveFreeNumbersTest -->
