<?xml version="1.0" encoding="UTF-8"?>
<!-- Generated by org.testng.reporters.JUnitReportReporter -->
<testsuite hostname="Z100107" name="com.YouMagicPro.LKA_tests.VoiceMenuFillNAmeTextFieldTest" tests="1" failures="0" timestamp="5 Feb 2013 13:21:58 GMT" time="27.545" errors="0">
  <testcase name="voiceMenuFillNAmeTextFieldTest_C15293" time="27.545" classname="com.YouMagicPro.LKA_tests.VoiceMenuFillNAmeTextFieldTest"/>
</testsuite> <!-- com.YouMagicPro.LKA_tests.VoiceMenuFillNAmeTextFieldTest -->
