<?xml version="1.0" encoding="UTF-8"?>
<!-- Generated by org.testng.reporters.JUnitReportReporter -->
<testsuite hostname="Z100107" name="com.YouMagicPro.LKA_tests.YourNumbersAddNewIInternalNumberTest" tests="1" failures="0" timestamp="16 Jan 2013 12:18:51 GMT" time="14.649" errors="0">
  <testcase name="yourNumbersAddNewIInternalNumberTest_C15293" time="14.649" classname="com.YouMagicPro.LKA_tests.YourNumbersAddNewIInternalNumberTest"/>
</testsuite> <!-- com.YouMagicPro.LKA_tests.YourNumbersAddNewIInternalNumberTest -->
