<?xml version="1.0" encoding="UTF-8"?>
<!-- Generated by org.testng.reporters.JUnitReportReporter -->
<testsuite hostname="Z100107" name="com.YouMagicPro.LKA_tests.GroupsAddAndDeleteGroupTest" tests="1" failures="0" timestamp="22 Jan 2013 09:38:53 GMT" time="32.943" errors="0">
  <testcase name="groupsAddAndDeleteGroupTest_C15195C15186C25629" time="32.943" classname="com.YouMagicPro.LKA_tests.GroupsAddAndDeleteGroupTest"/>
</testsuite> <!-- com.YouMagicPro.LKA_tests.GroupsAddAndDeleteGroupTest -->
