<?xml version="1.0" encoding="UTF-8"?>
<!-- Generated by org.testng.reporters.JUnitReportReporter -->
<testsuite hostname="Z100107" name="com.YouMagicPro.LKA_tests.FillInContractDataTest" tests="1" failures="0" timestamp="26 Oct 2012 11:49:32 GMT" time="119.859" errors="0">
  <testcase name="fillInContractDataTest" time="119.859" classname="com.YouMagicPro.LKA_tests.FillInContractDataTest"/>
</testsuite> <!-- com.YouMagicPro.LKA_tests.FillInContractDataTest -->
