<?xml version="1.0" encoding="UTF-8"?>
<!-- Generated by org.testng.reporters.JUnitReportReporter -->
<testsuite hostname="Z100107" name="com.YouMagicPro.authorization.AuthorizationWrongPasswordTest" tests="1" failures="0" timestamp="16 Nov 2012 11:58:37 GMT" time="4.847" errors="0">
  <testcase name="authorizationWrongLoginTest" time="4.847" classname="com.YouMagicPro.authorization.AuthorizationWrongPasswordTest"/>
</testsuite> <!-- com.YouMagicPro.authorization.AuthorizationWrongPasswordTest -->
