<?xml version="1.0" encoding="UTF-8"?>
<!-- Generated by org.testng.reporters.JUnitReportReporter -->
<testsuite hostname="Z100107" name="com.YouMagicPro.LKA_tests.ContractKppOneNumberInTextFieldTest" tests="1" failures="0" timestamp="13 Nov 2012 05:43:05 GMT" time="20.330" errors="0">
  <testcase name="contractKppTest_C15048" time="20.330" classname="com.YouMagicPro.LKA_tests.ContractKppOneNumberInTextFieldTest"/>
</testsuite> <!-- com.YouMagicPro.LKA_tests.ContractKppOneNumberInTextFieldTest -->
