<?xml version="1.0" encoding="UTF-8"?>
<!-- Generated by org.testng.reporters.JUnitReportReporter -->
<testsuite hostname="Z100107" name="com.YouMagicPro.authorization.AuthorizationAdminWrongLoginTest" tests="1" failures="0" timestamp="20 Nov 2012 06:50:48 GMT" time="19.224" errors="0">
  <testcase name="authorizationWrongLoginTest" time="19.224" classname="com.YouMagicPro.authorization.AuthorizationAdminWrongLoginTest"/>
</testsuite> <!-- com.YouMagicPro.authorization.AuthorizationAdminWrongLoginTest -->
