<?xml version="1.0" encoding="UTF-8"?>
<!-- Generated by org.testng.reporters.JUnitReportReporter -->
<testsuite hostname="Z100107" name="com.YouMagicPro.LKA_tests.ContractBik1inTextFieldTest" tests="1" failures="0" timestamp="24 Dec 2012 12:55:56 GMT" time="15.409" errors="0">
  <testcase name="contractBikTest1inTextField_C15022" time="15.409" classname="com.YouMagicPro.LKA_tests.ContractBik1inTextFieldTest"/>
</testsuite> <!-- com.YouMagicPro.LKA_tests.ContractBik1inTextFieldTest -->
