<?xml version="1.0" encoding="UTF-8"?>
<!-- Generated by org.testng.reporters.JUnitReportReporter -->
<testsuite hostname="RnD_CI_Windows" name="com.YouMagicPro.LKA_tests.AddAndDeleteMenusTest" tests="1" failures="0" timestamp="10 Dec 2012 05:21:53 GMT" time="71.047" errors="0">
  <testcase name="addAndDeleteMenusTest" time="71.047" classname="com.YouMagicPro.LKA_tests.AddAndDeleteMenusTest"/>
</testsuite> <!-- com.YouMagicPro.LKA_tests.AddAndDeleteMenusTest -->
