<?xml version="1.0" encoding="UTF-8"?>
<!-- Generated by org.testng.reporters.JUnitReportReporter -->
<testsuite hostname="Z100107" name="com.YouMagicPro.LKA_tests.VoiceMailChooseSoundTest" tests="1" failures="0" timestamp="23 Jan 2013 12:38:29 GMT" time="37.999" errors="0">
  <testcase name="voiceMailChooseSoundTest_C15294" time="37.999" classname="com.YouMagicPro.LKA_tests.VoiceMailChooseSoundTest"/>
</testsuite> <!-- com.YouMagicPro.LKA_tests.VoiceMailChooseSoundTest -->
