<?xml version="1.0" encoding="UTF-8"?>
<!-- Generated by org.testng.reporters.JUnitReportReporter -->
<testsuite hostname="Z100107" name="com.YouMagicPro.mainPageTests.CheckForAvailabilityAdvantagesPagesTest" tests="1" failures="0" timestamp="21 Nov 2012 05:32:57 GMT" time="17.862" errors="0">
  <testcase name="checkForAvailabilityAdvantagesPageTest" time="17.862" classname="com.YouMagicPro.mainPageTests.CheckForAvailabilityAdvantagesPagesTest"/>
</testsuite> <!-- com.YouMagicPro.mainPageTests.CheckForAvailabilityAdvantagesPagesTest -->
