<?xml version="1.0" encoding="UTF-8"?>
<!-- Generated by org.testng.reporters.JUnitReportReporter -->
<testsuite hostname="RnD_CI_Windows" name="com.YouMagicPro.LKA_tests.VoiceFillNAmeTextFieldTest" tests="1" failures="0" timestamp="9 Jan 2013 12:53:22 GMT" time="25.456" errors="0">
  <testcase name="voiceFillNAmeTextFieldTest_C15293" time="25.456" classname="com.YouMagicPro.LKA_tests.VoiceFillNAmeTextFieldTest"/>
</testsuite> <!-- com.YouMagicPro.LKA_tests.VoiceFillNAmeTextFieldTest -->
