<?xml version="1.0" encoding="UTF-8"?>
<!-- Generated by org.testng.reporters.JUnitReportReporter -->
<testsuite hostname="Z100107" name="com.YouMagicPro.LKA_tests.ContractBik1inTextFieldTest" tests="1" failures="0" timestamp="9 Nov 2012 10:16:19 GMT" time="20.602" errors="0">
  <testcase name="contractBikTest1inTextField_C15022" time="20.602" classname="com.YouMagicPro.LKA_tests.ContractBik1inTextFieldTest"/>
</testsuite> <!-- com.YouMagicPro.LKA_tests.ContractBik1inTextFieldTest -->
