<?xml version="1.0" encoding="UTF-8"?>
<!-- Generated by org.testng.reporters.JUnitReportReporter -->
<testsuite hostname="RnD_CI_Windows" name="com.YouMagicPro.LKA_tests.VoiceMailChooseSoundTest" tests="1" failures="0" timestamp="26 Dec 2012 06:15:30 GMT" time="26.059" errors="0">
  <testcase name="voiceMailChooseSoundTest_C15294" time="26.059" classname="com.YouMagicPro.LKA_tests.VoiceMailChooseSoundTest"/>
</testsuite> <!-- com.YouMagicPro.LKA_tests.VoiceMailChooseSoundTest -->
