<?xml version="1.0" encoding="UTF-8"?>
<!-- Generated by org.testng.reporters.JUnitReportReporter -->
<testsuite hostname="Z100107" name="com.YouMagicPro.mainPageTests.RegistrationCloseVerificationWindowTest" tests="1" failures="0" timestamp="21 Nov 2012 05:29:04 GMT" time="21.112" errors="0">
  <testcase name="registrationCloseVerificationWindowTest" time="21.112" classname="com.YouMagicPro.mainPageTests.RegistrationCloseVerificationWindowTest"/>
</testsuite> <!-- com.YouMagicPro.mainPageTests.RegistrationCloseVerificationWindowTest -->
