<?xml version="1.0" encoding="UTF-8"?>
<!-- Generated by org.testng.reporters.JUnitReportReporter -->
<testsuite hostname="Z100107" name="com.YouMagicPro.LKA_tests.EmployeesEditProfile3SymbolsInTextFieldTest" tests="1" failures="0" timestamp="26 Dec 2012 11:40:24 GMT" time="16.476" errors="0">
  <testcase name="employeesEditProfile3SymbolsInTextFieldTest_C15256" time="16.476" classname="com.YouMagicPro.LKA_tests.EmployeesEditProfile3SymbolsInTextFieldTest"/>
</testsuite> <!-- com.YouMagicPro.LKA_tests.EmployeesEditProfile3SymbolsInTextFieldTest -->
