<?xml version="1.0" encoding="UTF-8"?>
<!-- Generated by org.testng.reporters.JUnitReportReporter -->
<testsuite hostname="Z100107" name="com.YouMagicPro.LKA_tests.VoiceMenuChooseSoundTest" tests="1" failures="0" timestamp="22 Jan 2013 12:50:07 GMT" time="43.661" errors="0">
  <testcase name="voiceMailChooseSoundTest_C15294" time="43.661" classname="com.YouMagicPro.LKA_tests.VoiceMenuChooseSoundTest"/>
</testsuite> <!-- com.YouMagicPro.LKA_tests.VoiceMenuChooseSoundTest -->
