<?xml version="1.0" encoding="UTF-8"?>
<!-- Generated by org.testng.reporters.JUnitReportReporter -->
<testsuite hostname="Z100107" name="com.YouMagicPro.LKA_tests.VoiceFillNAmeTextFieldTest" tests="1" failures="0" timestamp="23 Jan 2013 07:14:58 GMT" time="39.527" errors="0">
  <testcase name="voiceFillNAmeTextFieldTest_C15293" time="39.527" classname="com.YouMagicPro.LKA_tests.VoiceFillNAmeTextFieldTest"/>
</testsuite> <!-- com.YouMagicPro.LKA_tests.VoiceFillNAmeTextFieldTest -->
