<?xml version="1.0" encoding="UTF-8"?>
<!-- Generated by org.testng.reporters.JUnitReportReporter -->
<testsuite hostname="Z100107" name="com.YouMagicPro.authorization.AuthorizationAdminNoLoginTest" tests="1" failures="0" timestamp="20 Nov 2012 06:50:48 GMT" time="18.839" errors="0">
  <testcase name="authorizationNoLoginTest" time="18.839" classname="com.YouMagicPro.authorization.AuthorizationAdminNoLoginTest"/>
</testsuite> <!-- com.YouMagicPro.authorization.AuthorizationAdminNoLoginTest -->
