<?xml version="1.0" encoding="UTF-8"?>
<!-- Generated by org.testng.reporters.JUnitReportReporter -->
<testsuite hostname="Z100107" name="com.YouMagicPro.mainPageTests.RegistrationEnterNumberOfEmployees" tests="1" failures="0" timestamp="26 Dec 2012 11:49:39 GMT" time="21.897" errors="0">
  <testcase name="registrationEnterNumberOfEmployees" time="21.897" classname="com.YouMagicPro.mainPageTests.RegistrationEnterNumberOfEmployees"/>
</testsuite> <!-- com.YouMagicPro.mainPageTests.RegistrationEnterNumberOfEmployees -->
