<?xml version="1.0" encoding="UTF-8"?>
<!-- Generated by org.testng.reporters.JUnitReportReporter -->
<testsuite hostname="Z100107" name="com.YouMagicPro.LKA_tests.ClickOnIconTest" tests="1" failures="0" timestamp="20 Nov 2012 11:38:49 GMT" time="15.535" errors="0">
  <testcase name="clickOnIconTest" time="15.535" classname="com.YouMagicPro.LKA_tests.ClickOnIconTest"/>
</testsuite> <!-- com.YouMagicPro.LKA_tests.ClickOnIconTest -->
