<?xml version="1.0" encoding="UTF-8"?>
<!-- Generated by org.testng.reporters.JUnitReportReporter -->
<testsuite hostname="Z100107" name="com.YouMagicPro.LKA_tests.OrderToAdressNoTextFieldFilledTest" tests="1" failures="1" timestamp="3 Dec 2012 12:29:45 GMT" time="16.062" errors="0">
  <testcase name="OrderToAdressNoTextFieldFilledTest_C25679" time="16.062" classname="com.YouMagicPro.LKA_tests.OrderToAdressNoTextFieldFilledTest">
    <failure type="org.openqa.selenium.WebDriverException" message="Element is not clickable at point (136, 731). Other element would receive the click: &lt;div class=&quot;ui-widget-overlay&quot; style=&quot;width: 1123px; height: 1061px; z-index: 1101;&quot;&gt;&lt;/div&gt; (WARNING: The server did not provide any stacktrace information)
Command duration or timeout: 35 milliseconds
Build info: version: &#039;2.25.0&#039;, revision: &#039;17482&#039;, time: &#039;2012-07-18 21:09:54&#039;
System info: os.name: &#039;Windows 7&#039;, os.arch: &#039;amd64&#039;, os.version: &#039;6.1&#039;, java.version: &#039;1.7.0_05&#039;
Driver info: driver.version: RemoteWebDriver
Session ID: 46df5d50c38380bdf3358a9483512c93">
      <![CDATA[org.openqa.selenium.WebDriverException: Element is not clickable at point (136, 731). Other element would receive the click: <div class="ui-widget-overlay" style="width: 1123px; height: 1061px; z-index: 1101;"></div> (WARNING: The server did not provide any stacktrace information)
Command duration or timeout: 35 milliseconds
Build info: version: '2.25.0', revision: '17482', time: '2012-07-18 21:09:54'
System info: os.name: 'Windows 7', os.arch: 'amd64', os.version: '6.1', java.version: '1.7.0_05'
Driver info: driver.version: RemoteWebDriver
Session ID: 46df5d50c38380bdf3358a9483512c93
	at sun.reflect.NativeConstructorAccessorImpl.newInstance0(Native Method)
	at sun.reflect.NativeConstructorAccessorImpl.newInstance(Unknown Source)
	at sun.reflect.DelegatingConstructorAccessorImpl.newInstance(Unknown Source)
	at java.lang.reflect.Constructor.newInstance(Unknown Source)
	at org.openqa.selenium.remote.ErrorHandler.createThrowable(ErrorHandler.java:188)
	at org.openqa.selenium.remote.ErrorHandler.throwIfResponseFailed(ErrorHandler.java:145)
	at org.openqa.selenium.remote.RemoteWebDriver.execute(RemoteWebDriver.java:498)
	at org.openqa.selenium.remote.RemoteWebElement.execute(RemoteWebElement.java:244)
	at org.openqa.selenium.remote.RemoteWebElement.click(RemoteWebElement.java:77)
	at com.YouMagicPro.LKA_tests.OrderToAdressNoTextFieldFilledTest.OrderToAdressNoTextFieldFilledTest_C25679(OrderToAdressNoTextFieldFilledTest.java:13)
	at sun.reflect.NativeMethodAccessorImpl.invoke0(Native Method)
	at sun.reflect.NativeMethodAccessorImpl.invoke(Unknown Source)
	at sun.reflect.DelegatingMethodAccessorImpl.invoke(Unknown Source)
	at java.lang.reflect.Method.invoke(Unknown Source)
	at org.testng.internal.MethodInvocationHelper.invokeMethod(MethodInvocationHelper.java:80)
	at org.testng.internal.Invoker.invokeMethod(Invoker.java:714)
	at org.testng.internal.Invoker.invokeTestMethod(Invoker.java:901)
	at org.testng.internal.Invoker.invokeTestMethods(Invoker.java:1231)
	at org.testng.internal.TestMethodWorker.invokeTestMethods(TestMethodWorker.java:127)
	at org.testng.internal.TestMethodWorker.run(TestMethodWorker.java:111)
	at org.testng.TestRunner.privateRun(TestRunner.java:767)
	at org.testng.TestRunner.run(TestRunner.java:617)
	at org.testng.SuiteRunner.runTest(SuiteRunner.java:334)
	at org.testng.SuiteRunner.runSequentially(SuiteRunner.java:329)
	at org.testng.SuiteRunner.privateRun(SuiteRunner.java:291)
	at org.testng.SuiteRunner.run(SuiteRunner.java:240)
	at org.testng.SuiteRunnerWorker.runSuite(SuiteRunnerWorker.java:52)
	at org.testng.SuiteRunnerWorker.run(SuiteRunnerWorker.java:86)
	at org.testng.TestNG.runSuitesSequentially(TestNG.java:1197)
	at org.testng.TestNG.runSuitesLocally(TestNG.java:1122)
	at org.testng.TestNG.run(TestNG.java:1030)
	at org.testng.remote.RemoteTestNG.run(RemoteTestNG.java:111)
	at org.testng.remote.RemoteTestNG.initAndRun(RemoteTestNG.java:204)
	at org.testng.remote.RemoteTestNG.main(RemoteTestNG.java:175)
]]>
    </failure>
  </testcase> <!-- OrderToAdressNoTextFieldFilledTest_C25679 -->
</testsuite> <!-- com.YouMagicPro.LKA_tests.OrderToAdressNoTextFieldFilledTest -->
