<?xml version="1.0" encoding="UTF-8"?>
<!-- Generated by org.testng.reporters.JUnitReportReporter -->
<testsuite hostname="Z100107" name="com.YouMagicPro.LKA_tests.ContractBankAccountOneInTextFieldTest" tests="1" failures="0" timestamp="21 Nov 2012 07:04:05 GMT" time="24.558" errors="0">
  <testcase name="contractBankAccountOneInTextFieldTest_C14993" time="24.558" classname="com.YouMagicPro.LKA_tests.ContractBankAccountOneInTextFieldTest"/>
</testsuite> <!-- com.YouMagicPro.LKA_tests.ContractBankAccountOneInTextFieldTest -->
