<?xml version="1.0" encoding="UTF-8"?>
<!-- Generated by org.testng.reporters.JUnitReportReporter -->
<testsuite hostname="RnD_CI_Windows" name="com.YouMagicPro.LKA_tests.ContractCorAccount19NumbersTest" tests="1" failures="0" timestamp="10 Dec 2012 07:36:40 GMT" time="15.970" errors="0">
  <testcase name="contractCorAccount19NumbersTest_C15005" time="15.970" classname="com.YouMagicPro.LKA_tests.ContractCorAccount19NumbersTest"/>
</testsuite> <!-- com.YouMagicPro.LKA_tests.ContractCorAccount19NumbersTest -->
