<?xml version="1.0" encoding="UTF-8"?>
<!-- Generated by org.testng.reporters.JUnitReportReporter -->
<testsuite hostname="Z100107" name="com.YouMagicPro.LKA_tests.VoiceMenuAddAddAndDeleteTest" tests="1" failures="0" timestamp="5 Feb 2013 13:21:58 GMT" time="37.497" errors="0">
  <testcase name="voiceMenuAddTest_C15292_C15332" time="37.497" classname="com.YouMagicPro.LKA_tests.VoiceMenuAddAddAndDeleteTest"/>
</testsuite> <!-- com.YouMagicPro.LKA_tests.VoiceMenuAddAddAndDeleteTest -->
