<?xml version="1.0" encoding="UTF-8"?>
<!-- Generated by org.testng.reporters.JUnitReportReporter -->
<testsuite hostname="Z100107" name="com.YouMagicPro.LKA_tests.ContractCheckDocumentTest" tests="1" failures="0" timestamp="26 Dec 2012 08:47:36 GMT" time="8.832" errors="0">
  <testcase name="contractCheckDocumentTest_C14986" time="8.832" classname="com.YouMagicPro.LKA_tests.ContractCheckDocumentTest"/>
</testsuite> <!-- com.YouMagicPro.LKA_tests.ContractCheckDocumentTest -->
