<?xml version="1.0" encoding="UTF-8"?>
<!-- Generated by org.testng.reporters.JUnitReportReporter -->
<testsuite hostname="Z100107" name="com.YouMagicPro.authorization.AuthorizationEmployeeNoPasswordTest" tests="1" failures="0" timestamp="26 Dec 2012 11:47:25 GMT" time="64.597" errors="0">
  <testcase name="authorizationNoPasswordTest" time="64.597" classname="com.YouMagicPro.authorization.AuthorizationEmployeeNoPasswordTest"/>
</testsuite> <!-- com.YouMagicPro.authorization.AuthorizationEmployeeNoPasswordTest -->
