<?xml version="1.0" encoding="UTF-8"?>
<!-- Generated by org.testng.reporters.JUnitReportReporter -->
<testsuite hostname="Z100107" name="com.YouMagicPro.authorization.AuthorizationAdminRememberPasswordTest" tests="1" failures="0" timestamp="20 Nov 2012 06:50:48 GMT" time="6.385" errors="0">
  <testcase name="authorizationNoPasswordTest" time="6.385" classname="com.YouMagicPro.authorization.AuthorizationAdminRememberPasswordTest"/>
</testsuite> <!-- com.YouMagicPro.authorization.AuthorizationAdminRememberPasswordTest -->
