<?xml version="1.0" encoding="UTF-8"?>
<!-- Generated by org.testng.reporters.JUnitReportReporter -->
<testsuite hostname="Z100107" name="com.YouMagicPro.LKA_tests.OrderByEmailOrderWithoutDocTypeCheckedTest" tests="1" failures="0" timestamp="20 Nov 2012 12:41:56 GMT" time="25.772" errors="0">
  <testcase name="orderByEmailOrderWithoutDocTypeCheckedTest_C25656" time="25.772" classname="com.YouMagicPro.LKA_tests.OrderByEmailOrderWithoutDocTypeCheckedTest"/>
</testsuite> <!-- com.YouMagicPro.LKA_tests.OrderByEmailOrderWithoutDocTypeCheckedTest -->
