<?xml version="1.0" encoding="UTF-8"?>
<!-- Generated by org.testng.reporters.JUnitReportReporter -->
<testsuite hostname="Z100107" name="com.YouMagicPro.LKA_tests.VoiceMenuSetNumber3ToAnotherMenuTest" tests="1" failures="0" timestamp="23 Jan 2013 11:34:15 GMT" time="43.688" errors="0">
  <testcase name="voiceMenuSetNumber3ToAnotherMenuTest_C15343" time="43.688" classname="com.YouMagicPro.LKA_tests.VoiceMenuSetNumber3ToAnotherMenuTest"/>
</testsuite> <!-- com.YouMagicPro.LKA_tests.VoiceMenuSetNumber3ToAnotherMenuTest -->
