<?xml version="1.0" encoding="UTF-8"?>
<!-- Generated by org.testng.reporters.JUnitReportReporter -->
<testsuite hostname="Z100107" name="com.YouMagicPro.LKA_tests.BuyingAdditionalExternalNumberCloseWindowTest" tests="1" failures="0" timestamp="14 Feb 2013 08:57:48 GMT" time="22.609" errors="0">
  <testcase name="BuyingAdditionalExternalNumberCloseWindowTest_C15110" time="22.609" classname="com.YouMagicPro.LKA_tests.BuyingAdditionalExternalNumberCloseWindowTest"/>
</testsuite> <!-- com.YouMagicPro.LKA_tests.BuyingAdditionalExternalNumberCloseWindowTest -->
