<?xml version="1.0" encoding="UTF-8"?>
<!-- Generated by org.testng.reporters.JUnitReportReporter -->
<testsuite hostname="Z100107" name="com.YouMagicPro.LKA_tests.ContractInnLettersInTextFieldTest" tests="1" failures="0" timestamp="21 Nov 2012 06:31:23 GMT" time="23.030" errors="0">
  <testcase name="contractInnLettersInTextFieldTest_C15030" time="23.030" classname="com.YouMagicPro.LKA_tests.ContractInnLettersInTextFieldTest"/>
</testsuite> <!-- com.YouMagicPro.LKA_tests.ContractInnLettersInTextFieldTest -->
