<?xml version="1.0" encoding="UTF-8"?>
<!-- Generated by org.testng.reporters.JUnitReportReporter -->
<testsuite hostname="Z100107" name="com.YouMagicPro.LKA_tests.VoiceMenuEmptyNameTextFieldTest" tests="1" failures="0" timestamp="21 Nov 2012 06:31:23 GMT" time="20.388" errors="0">
  <testcase name="voiceMailEmptyNameTextFieldTest_C19851" time="20.388" classname="com.YouMagicPro.LKA_tests.VoiceMenuEmptyNameTextFieldTest"/>
</testsuite> <!-- com.YouMagicPro.LKA_tests.VoiceMenuEmptyNameTextFieldTest -->
