<?xml version="1.0" encoding="UTF-8"?>
<!-- Generated by org.testng.reporters.JUnitReportReporter -->
<testsuite hostname="RnD_CI_Windows" name="com.YouMagicPro.LKA_tests.ContractOgrnOneNumberInTextFieldTest" tests="1" failures="0" timestamp="10 Jan 2013 06:38:00 GMT" time="14.932" errors="0">
  <testcase name="contractOgrnOneNumberInTextFieldTest_C15053" time="14.932" classname="com.YouMagicPro.LKA_tests.ContractOgrnOneNumberInTextFieldTest"/>
</testsuite> <!-- com.YouMagicPro.LKA_tests.ContractOgrnOneNumberInTextFieldTest -->
