<?xml version="1.0" encoding="UTF-8"?>
<!-- Generated by org.testng.reporters.JUnitReportReporter -->
<testsuite hostname="RnD_CI_Windows" name="com.YouMagicPro.LKA_tests.ContractInnSymbolsInTextFieldTest" tests="1" failures="0" timestamp="26 Dec 2012 06:10:01 GMT" time="15.969" errors="0">
  <testcase name="contractInnLettersInTextFieldTest_C15030" time="15.969" classname="com.YouMagicPro.LKA_tests.ContractInnSymbolsInTextFieldTest"/>
</testsuite> <!-- com.YouMagicPro.LKA_tests.ContractInnSymbolsInTextFieldTest -->
