<?xml version="1.0" encoding="UTF-8"?>
<!-- Generated by org.testng.reporters.JUnitReportReporter -->
<testsuite hostname="RnD_CI_Windows" name="com.YouMagicPro.LKA_tests.OrderToAdressNoTextFieldFilledTest" tests="1" failures="0" timestamp="26 Dec 2012 06:10:01 GMT" time="12.733" errors="0">
  <testcase name="OrderToAdressNoTextFieldFilledTest_C25679" time="12.733" classname="com.YouMagicPro.LKA_tests.OrderToAdressNoTextFieldFilledTest"/>
</testsuite> <!-- com.YouMagicPro.LKA_tests.OrderToAdressNoTextFieldFilledTest -->
