<?xml version="1.0" encoding="UTF-8"?>
<!-- Generated by org.testng.reporters.JUnitReportReporter -->
<testsuite hostname="RnD_CI_Windows" name="com.YouMagicPro.LKA_tests.BuyingAdditionalNumberChooseNumbersFromList" tests="1" failures="0" timestamp="10 Jan 2013 06:38:00 GMT" time="17.283" errors="0">
  <testcase name="BuyingAdditionalNumberChooseNumbersFromList_C15106" time="17.283" classname="com.YouMagicPro.LKA_tests.BuyingAdditionalNumberChooseNumbersFromList"/>
</testsuite> <!-- com.YouMagicPro.LKA_tests.BuyingAdditionalNumberChooseNumbersFromList -->
