<?xml version="1.0" encoding="UTF-8"?>
<!-- Generated by org.testng.reporters.JUnitReportReporter -->
<testsuite hostname="Z100107" name="com.YouMagicPro.LKA_tests.ContractEndOfPageDataTest" tests="1" failures="0" timestamp="21 Nov 2012 06:31:23 GMT" time="21.651" errors="0">
  <testcase name="contractEndOfPageDataTest_C15062" time="21.651" classname="com.YouMagicPro.LKA_tests.ContractEndOfPageDataTest"/>
</testsuite> <!-- com.YouMagicPro.LKA_tests.ContractEndOfPageDataTest -->
