<?xml version="1.0" encoding="UTF-8"?>
<!-- Generated by org.testng.reporters.JUnitReportReporter -->
<testsuite hostname="Z100107" name="com.YouMagicPro.LKA_tests.SupportPhoneTest" tests="1" failures="0" timestamp="21 Nov 2012 06:31:24 GMT" time="11.292" errors="0">
  <testcase name="SupportPhoneTest_C25679" time="11.292" classname="com.YouMagicPro.LKA_tests.SupportPhoneTest"/>
</testsuite> <!-- com.YouMagicPro.LKA_tests.SupportPhoneTest -->
