<?xml version="1.0" encoding="UTF-8"?>
<!-- Generated by org.testng.reporters.JUnitReportReporter -->
<testsuite hostname="RnD_CI_Windows" name="com.YouMagicPro.LKA_tests.OrderToAdressChangeNameTest" tests="1" failures="0" timestamp="26 Dec 2012 06:10:01 GMT" time="10.521" errors="0">
  <testcase name="orderToAdressChangeNameTest_C25672" time="10.521" classname="com.YouMagicPro.LKA_tests.OrderToAdressChangeNameTest"/>
</testsuite> <!-- com.YouMagicPro.LKA_tests.OrderToAdressChangeNameTest -->
