<?xml version="1.0" encoding="UTF-8"?>
<!-- Generated by org.testng.reporters.JUnitReportReporter -->
<testsuite hostname="RnD_CI_Windows" name="com.YouMagicPro.LKA_tests.ClickOnExitTest" tests="1" failures="0" timestamp="26 Dec 2012 06:10:01 GMT" time="13.750" errors="0">
  <testcase name="clickOnExitTest" time="13.750" classname="com.YouMagicPro.LKA_tests.ClickOnExitTest"/>
</testsuite> <!-- com.YouMagicPro.LKA_tests.ClickOnExitTest -->
