<?xml version="1.0" encoding="UTF-8"?>
<!-- Generated by org.testng.reporters.JUnitReportReporter -->
<testsuite hostname="Z100107" name="com.YouMagicPro.LKA_tests.ContractBankAccountTenInTextFieldTest" tests="1" failures="0" timestamp="21 Nov 2012 06:31:24 GMT" time="21.659" errors="0">
  <testcase name="contractBankAccountTenInTextFieldTest_C14994" time="21.659" classname="com.YouMagicPro.LKA_tests.ContractBankAccountTenInTextFieldTest"/>
</testsuite> <!-- com.YouMagicPro.LKA_tests.ContractBankAccountTenInTextFieldTest -->
