<?xml version="1.0" encoding="UTF-8"?>
<!-- Generated by org.testng.reporters.JUnitReportReporter -->
<testsuite hostname="RnD_CI_Windows" name="com.YouMagicPro.LKA_tests.EmployeesCheckInfoTest" tests="1" failures="0" timestamp="26 Dec 2012 06:10:01 GMT" time="17.926" errors="0">
  <testcase name="employeesCheckInfoTest_C15252" time="17.926" classname="com.YouMagicPro.LKA_tests.EmployeesCheckInfoTest"/>
</testsuite> <!-- com.YouMagicPro.LKA_tests.EmployeesCheckInfoTest -->
