<?xml version="1.0" encoding="UTF-8"?>
<!-- Generated by org.testng.reporters.JUnitReportReporter -->
<testsuite hostname="Z100107" name="com.YouMagicPro.LKA_tests.AgreementOPFTest" tests="1" failures="0" timestamp="21 Nov 2012 06:31:24 GMT" time="23.384" errors="0">
  <testcase name="addAndDeleteNoticesTest" time="23.384" classname="com.YouMagicPro.LKA_tests.AgreementOPFTest"/>
</testsuite> <!-- com.YouMagicPro.LKA_tests.AgreementOPFTest -->
