<?xml version="1.0" encoding="UTF-8"?>
<!-- Generated by org.testng.reporters.JUnitReportReporter -->
<testsuite hostname="RnD_CI_Windows" name="com.YouMagicPro.LKA_tests.ExpenseStructureRentalFeeTest" tests="1" failures="0" timestamp="26 Dec 2012 06:10:01 GMT" time="9.416" errors="0">
  <testcase name="expenseStructureRentalFeeTest_C15096" time="9.416" classname="com.YouMagicPro.LKA_tests.ExpenseStructureRentalFeeTest"/>
</testsuite> <!-- com.YouMagicPro.LKA_tests.ExpenseStructureRentalFeeTest -->
