<?xml version="1.0" encoding="UTF-8"?>
<!-- Generated by org.testng.reporters.JUnitReportReporter -->
<testsuite hostname="Z100107" name="com.YouMagicPro.LKA_tests.BuyingAdditionalInternalNumberCheckCost" tests="1" failures="0" timestamp="21 Nov 2012 06:31:23 GMT" time="10.544" errors="0">
  <testcase name="buyingAdditionalInternalNumberCheckCost_C15113" time="10.544" classname="com.YouMagicPro.LKA_tests.BuyingAdditionalInternalNumberCheckCost"/>
</testsuite> <!-- com.YouMagicPro.LKA_tests.BuyingAdditionalInternalNumberCheckCost -->
