<?xml version="1.0" encoding="UTF-8"?>
<!-- Generated by org.testng.reporters.JUnitReportReporter -->
<testsuite hostname="Z100107" name="com.YouMagicPro.LKA_tests.CallForwardingPageTest" tests="1" failures="0" timestamp="21 Nov 2012 06:31:24 GMT" time="25.954" errors="0">
  <testcase name="clickOnAvatarTest" time="25.954" classname="com.YouMagicPro.LKA_tests.CallForwardingPageTest"/>
</testsuite> <!-- com.YouMagicPro.LKA_tests.CallForwardingPageTest -->
