<?xml version="1.0" encoding="UTF-8"?>
<!-- Generated by org.testng.reporters.JUnitReportReporter -->
<testsuite hostname="Z100107" name="com.YouMagicPro.LKA_tests.BuyingAdditionalInternalNumberTextFieldTest" tests="1" failures="0" timestamp="21 Nov 2012 06:31:23 GMT" time="10.935" errors="0">
  <testcase name="buyingAdditionalInternalNumberTextFieldTest_C15112" time="10.935" classname="com.YouMagicPro.LKA_tests.BuyingAdditionalInternalNumberTextFieldTest"/>
</testsuite> <!-- com.YouMagicPro.LKA_tests.BuyingAdditionalInternalNumberTextFieldTest -->
