<?xml version="1.0" encoding="UTF-8"?>
<!-- Generated by org.testng.reporters.JUnitReportReporter -->
<testsuite hostname="RnD_CI_Windows" name="com.YouMagicPro.LKA_tests.ClickOnIconTest" tests="1" failures="0" timestamp="10 Jan 2013 06:38:00 GMT" time="12.625" errors="0">
  <testcase name="clickOnIconTest" time="12.625" classname="com.YouMagicPro.LKA_tests.ClickOnIconTest"/>
</testsuite> <!-- com.YouMagicPro.LKA_tests.ClickOnIconTest -->
