<?xml version="1.0" encoding="UTF-8"?>
<!-- Generated by org.testng.reporters.JUnitReportReporter -->
<testsuite hostname="RnD_CI_Windows" name="com.YouMagicPro.LKA_tests.EmployeesEditProfileTest" tests="1" failures="0" timestamp="10 Jan 2013 06:38:00 GMT" time="17.482" errors="0">
  <testcase name="employeesEditProfileTest_C15253" time="17.482" classname="com.YouMagicPro.LKA_tests.EmployeesEditProfileTest"/>
</testsuite> <!-- com.YouMagicPro.LKA_tests.EmployeesEditProfileTest -->
