<?xml version="1.0" encoding="UTF-8"?>
<!-- Generated by org.testng.reporters.JUnitReportReporter -->
<testsuite hostname="RnD_CI_Windows" name="com.YouMagicPro.LKA_tests.ContractBankAccountSymbolsInTextFieldTest" tests="1" failures="0" timestamp="26 Dec 2012 06:10:01 GMT" time="15.527" errors="0">
  <testcase name="contractBankAccountSymbolsInTextFieldTest_C14997" time="15.527" classname="com.YouMagicPro.LKA_tests.ContractBankAccountSymbolsInTextFieldTest"/>
</testsuite> <!-- com.YouMagicPro.LKA_tests.ContractBankAccountSymbolsInTextFieldTest -->
