<?xml version="1.0" encoding="UTF-8"?>
<!-- Generated by org.testng.reporters.JUnitReportReporter -->
<testsuite hostname="RnD_CI_Windows" name="com.YouMagicPro.LKA_tests.OrderByEmailChangeEmailTest" tests="1" failures="0" timestamp="10 Jan 2013 06:38:00 GMT" time="11.120" errors="0">
  <testcase name="orderByEmailChangeEmailTest_C25653" time="11.120" classname="com.YouMagicPro.LKA_tests.OrderByEmailChangeEmailTest"/>
</testsuite> <!-- com.YouMagicPro.LKA_tests.OrderByEmailChangeEmailTest -->
