<?xml version="1.0" encoding="UTF-8"?>
<!-- Generated by org.testng.reporters.JUnitReportReporter -->
<testsuite hostname="Z100107" name="com.YouMagicPro.LKA_tests.ContractBikLettersAndNumbersInTextFieldTest" tests="1" failures="0" timestamp="21 Nov 2012 06:31:23 GMT" time="22.601" errors="0">
  <testcase name="contractBikTest_C15025" time="22.601" classname="com.YouMagicPro.LKA_tests.ContractBikLettersAndNumbersInTextFieldTest"/>
</testsuite> <!-- com.YouMagicPro.LKA_tests.ContractBikLettersAndNumbersInTextFieldTest -->
