<?xml version="1.0" encoding="UTF-8"?>
<!-- Generated by org.testng.reporters.JUnitReportReporter -->
<testsuite hostname="RnD_CI_Windows" name="com.YouMagicPro.LKA_tests.Buying804NumberCostOfNumberTest" tests="1" failures="0" timestamp="10 Jan 2013 06:38:00 GMT" time="17.330" errors="0">
  <testcase name="buying804NumberCostOfNumberTest_C25623" time="17.330" classname="com.YouMagicPro.LKA_tests.Buying804NumberCostOfNumberTest"/>
</testsuite> <!-- com.YouMagicPro.LKA_tests.Buying804NumberCostOfNumberTest -->
