<?xml version="1.0" encoding="UTF-8"?>
<!-- Generated by org.testng.reporters.JUnitReportReporter -->
<testsuite hostname="Z100107" name="com.YouMagicPro.LKA_tests.ContractBikLettersInTextFieldTest" tests="1" failures="0" timestamp="21 Nov 2012 06:31:23 GMT" time="24.795" errors="0">
  <testcase name="contractBikTestLettersInTextField_C15023" time="24.795" classname="com.YouMagicPro.LKA_tests.ContractBikLettersInTextFieldTest"/>
</testsuite> <!-- com.YouMagicPro.LKA_tests.ContractBikLettersInTextFieldTest -->
