<?xml version="1.0" encoding="UTF-8"?>
<!-- Generated by org.testng.reporters.JUnitReportReporter -->
<testsuite hostname="RnD_CI_Windows" name="com.YouMagicPro.LKA_tests.VoiceFillNAmeTextFieldTest" tests="1" failures="0" timestamp="10 Jan 2013 06:38:00 GMT" time="22.870" errors="0">
  <testcase name="voiceFillNAmeTextFieldTest_C15293" time="22.870" classname="com.YouMagicPro.LKA_tests.VoiceFillNAmeTextFieldTest"/>
</testsuite> <!-- com.YouMagicPro.LKA_tests.VoiceFillNAmeTextFieldTest -->
