<?xml version="1.0" encoding="UTF-8"?>
<!-- Generated by org.testng.reporters.JUnitReportReporter -->
<testsuite hostname="Z100107" name="com.YouMagicPro.LKA_tests.ContractKppLettersTest" tests="1" failures="0" timestamp="21 Nov 2012 06:31:24 GMT" time="25.447" errors="0">
  <testcase name="contractKppTest_C15050" time="25.447" classname="com.YouMagicPro.LKA_tests.ContractKppLettersTest"/>
</testsuite> <!-- com.YouMagicPro.LKA_tests.ContractKppLettersTest -->
