<?xml version="1.0" encoding="UTF-8"?>
<!-- Generated by org.testng.reporters.JUnitReportReporter -->
<testsuite hostname="RnD_CI_Windows" name="com.YouMagicPro.LKA_tests.ClickOnInternalNumbersTest" tests="1" failures="0" timestamp="6 Dec 2012 13:23:56 GMT" time="14.387" errors="0">
  <testcase name="clickOnInternalNumbersTest" time="14.387" classname="com.YouMagicPro.LKA_tests.ClickOnInternalNumbersTest"/>
</testsuite> <!-- com.YouMagicPro.LKA_tests.ClickOnInternalNumbersTest -->
