<?xml version="1.0" encoding="UTF-8"?>
<!-- Generated by org.testng.reporters.JUnitReportReporter -->
<testsuite hostname="Z100107" name="com.YouMagicPro.LKA_tests.Buying804NumberCostOfNumberTest" tests="1" failures="0" timestamp="21 Nov 2012 06:31:23 GMT" time="16.704" errors="0">
  <testcase name="buying804NumberCostOfNumberTest_C25623" time="16.704" classname="com.YouMagicPro.LKA_tests.Buying804NumberCostOfNumberTest"/>
</testsuite> <!-- com.YouMagicPro.LKA_tests.Buying804NumberCostOfNumberTest -->
