<?xml version="1.0" encoding="UTF-8"?>
<!-- Generated by org.testng.reporters.JUnitReportReporter -->
<testsuite hostname="RnD_CI_Windows" name="com.YouMagicPro.LKA_tests.SupportPhoneTest" tests="1" failures="0" timestamp="26 Dec 2012 06:10:01 GMT" time="14.633" errors="0">
  <testcase name="SupportPhoneTest_C25679" time="14.633" classname="com.YouMagicPro.LKA_tests.SupportPhoneTest"/>
</testsuite> <!-- com.YouMagicPro.LKA_tests.SupportPhoneTest -->
