<?xml version="1.0" encoding="UTF-8"?>
<!-- Generated by org.testng.reporters.JUnitReportReporter -->
<testsuite hostname="RnD_CI_Windows" name="com.YouMagicPro.LKA_tests.ExpenseStructureChooseAdditionalNumbersTest" tests="1" failures="0" timestamp="6 Dec 2012 13:23:56 GMT" time="12.236" errors="0">
  <testcase name="expenseStructureChooseAdditionalNumbersTest_C15100" time="12.236" classname="com.YouMagicPro.LKA_tests.ExpenseStructureChooseAdditionalNumbersTest"/>
</testsuite> <!-- com.YouMagicPro.LKA_tests.ExpenseStructureChooseAdditionalNumbersTest -->
