<?xml version="1.0" encoding="UTF-8"?>
<!-- Generated by org.testng.reporters.JUnitReportReporter -->
<testsuite hostname="Z100107" name="com.YouMagicPro.LKA_tests.Buying804NumberCategoriesOfNumbers" tests="1" failures="0" timestamp="21 Nov 2012 06:31:23 GMT" time="17.481" errors="0">
  <testcase name="buying804NumberCategoriesOfNumbers_C25622" time="17.481" classname="com.YouMagicPro.LKA_tests.Buying804NumberCategoriesOfNumbers"/>
</testsuite> <!-- com.YouMagicPro.LKA_tests.Buying804NumberCategoriesOfNumbers -->
