<?xml version="1.0" encoding="UTF-8"?>
<!-- Generated by org.testng.reporters.JUnitReportReporter -->
<testsuite hostname="RnD_CI_Windows" name="com.YouMagicPro.LKA_tests.NotificationsCheckFieldsTest" tests="1" failures="0" timestamp="26 Dec 2012 06:10:01 GMT" time="21.794" errors="0">
  <testcase name="notificationsCheckFieldsTest_C15141" time="21.794" classname="com.YouMagicPro.LKA_tests.NotificationsCheckFieldsTest"/>
</testsuite> <!-- com.YouMagicPro.LKA_tests.NotificationsCheckFieldsTest -->
