<?xml version="1.0" encoding="UTF-8"?>
<!-- Generated by org.testng.reporters.JUnitReportReporter -->
<testsuite hostname="RnD_CI_Windows" name="com.YouMagicPro.LKA_tests.PaymentsPageTest" tests="1" failures="0" timestamp="10 Jan 2013 06:38:00 GMT" time="14.438" errors="0">
  <testcase name="soundFilesTest" time="14.438" classname="com.YouMagicPro.LKA_tests.PaymentsPageTest"/>
</testsuite> <!-- com.YouMagicPro.LKA_tests.PaymentsPageTest -->
