<?xml version="1.0" encoding="UTF-8"?>
<!-- Generated by org.testng.reporters.JUnitReportReporter -->
<testsuite hostname="Z100107" name="com.YouMagicPro.LKA_tests.ClickOnPersonalAccountTest" tests="1" failures="0" timestamp="21 Nov 2012 06:31:23 GMT" time="23.285" errors="0">
  <testcase name="clickOnPersonalAccountTest" time="23.285" classname="com.YouMagicPro.LKA_tests.ClickOnPersonalAccountTest"/>
</testsuite> <!-- com.YouMagicPro.LKA_tests.ClickOnPersonalAccountTest -->
