<?xml version="1.0" encoding="UTF-8"?>
<!-- Generated by org.testng.reporters.JUnitReportReporter -->
<testsuite hostname="RnD_CI_Windows" name="com.YouMagicPro.LKA_tests.ContractKppSymbolsTest" tests="1" failures="0" timestamp="10 Jan 2013 06:38:00 GMT" time="15.001" errors="0">
  <testcase name="contractKppTest_C15051" time="15.001" classname="com.YouMagicPro.LKA_tests.ContractKppSymbolsTest"/>
</testsuite> <!-- com.YouMagicPro.LKA_tests.ContractKppSymbolsTest -->
