<?xml version="1.0" encoding="UTF-8"?>
<!-- Generated by org.testng.reporters.JUnitReportReporter -->
<testsuite hostname="Z100107" name="com.YouMagicPro.LKA_tests.ClickOnExitTest" tests="1" failures="0" timestamp="21 Nov 2012 06:31:24 GMT" time="22.808" errors="0">
  <testcase name="clickOnExitTest" time="22.808" classname="com.YouMagicPro.LKA_tests.ClickOnExitTest"/>
</testsuite> <!-- com.YouMagicPro.LKA_tests.ClickOnExitTest -->
