<?xml version="1.0" encoding="UTF-8"?>
<!-- Generated by org.testng.reporters.JUnitReportReporter -->
<testsuite hostname="Z100107" name="com.YouMagicPro.LKA_tests.EmployeesEditProfile2SymbolsInTextFieldTest" tests="1" failures="0" timestamp="21 Nov 2012 06:31:24 GMT" time="21.400" errors="0">
  <testcase name="employeesEditProfileTest_C15253" time="21.400" classname="com.YouMagicPro.LKA_tests.EmployeesEditProfile2SymbolsInTextFieldTest"/>
</testsuite> <!-- com.YouMagicPro.LKA_tests.EmployeesEditProfile2SymbolsInTextFieldTest -->
