<?xml version="1.0" encoding="UTF-8"?>
<!-- Generated by org.testng.reporters.JUnitReportReporter -->
<testsuite hostname="RnD_CI_Windows" name="com.YouMagicPro.LKA_tests.OrderByPickUpChangePhoneTest" tests="1" failures="0" timestamp="26 Dec 2012 06:10:01 GMT" time="11.404" errors="0">
  <testcase name="OrderByPickUpChangePhoneTest_C25666" time="11.404" classname="com.YouMagicPro.LKA_tests.OrderByPickUpChangePhoneTest"/>
</testsuite> <!-- com.YouMagicPro.LKA_tests.OrderByPickUpChangePhoneTest -->
