<?xml version="1.0" encoding="UTF-8"?>
<!-- Generated by org.testng.reporters.JUnitReportReporter -->
<testsuite hostname="RnD_CI_Windows" name="com.YouMagicPro.LKA_tests.BuyingAdditionalNumberChooseCityFromList" tests="1" failures="0" timestamp="26 Dec 2012 06:10:01 GMT" time="16.054" errors="0">
  <testcase name="buyingAdditionalNumberChooseCityFromList_C15103" time="16.054" classname="com.YouMagicPro.LKA_tests.BuyingAdditionalNumberChooseCityFromList"/>
</testsuite> <!-- com.YouMagicPro.LKA_tests.BuyingAdditionalNumberChooseCityFromList -->
