<?xml version="1.0" encoding="UTF-8"?>
<!-- Generated by org.testng.reporters.JUnitReportReporter -->
<testsuite hostname="RnD_CI_Windows" name="com.YouMagicPro.LKA_tests.EmployeesEditProfile2SymbolsInTextFieldTest" tests="1" failures="0" timestamp="26 Dec 2012 06:10:01 GMT" time="18.807" errors="0">
  <testcase name="employeesEditProfile2SymbolsInTextFieldTest_C15253" time="18.807" classname="com.YouMagicPro.LKA_tests.EmployeesEditProfile2SymbolsInTextFieldTest"/>
</testsuite> <!-- com.YouMagicPro.LKA_tests.EmployeesEditProfile2SymbolsInTextFieldTest -->
