<?xml version="1.0" encoding="UTF-8"?>
<!-- Generated by org.testng.reporters.JUnitReportReporter -->
<testsuite hostname="RnD_CI_Windows" name="com.YouMagicPro.LKA_tests.BuyingAdditionalNumberChooseCityFromList" tests="1" failures="0" timestamp="10 Jan 2013 06:38:00 GMT" time="17.376" errors="0">
  <testcase name="buyingAdditionalNumberChooseCityFromList_C15103" time="17.376" classname="com.YouMagicPro.LKA_tests.BuyingAdditionalNumberChooseCityFromList"/>
</testsuite> <!-- com.YouMagicPro.LKA_tests.BuyingAdditionalNumberChooseCityFromList -->
