<?xml version="1.0" encoding="UTF-8"?>
<!-- Generated by org.testng.reporters.JUnitReportReporter -->
<testsuite hostname="RnD_CI_Windows" name="com.YouMagicPro.LKA_tests.AddAndDeleteNoticesTest" tests="1" failures="0" timestamp="6 Dec 2012 13:23:56 GMT" time="24.789" errors="0">
  <testcase name="addAndDeleteNoticesTest" time="24.789" classname="com.YouMagicPro.LKA_tests.AddAndDeleteNoticesTest"/>
</testsuite> <!-- com.YouMagicPro.LKA_tests.AddAndDeleteNoticesTest -->
