<?xml version="1.0" encoding="UTF-8"?>
<!-- Generated by org.testng.reporters.JUnitReportReporter -->
<testsuite hostname="Z100107" name="com.YouMagicPro.LKA_tests.VoiceMenuAddTest" tests="1" failures="0" timestamp="21 Nov 2012 06:31:23 GMT" time="17.534" errors="0">
  <testcase name="voiceMenuAddTest_C15292" time="17.534" classname="com.YouMagicPro.LKA_tests.VoiceMenuAddTest"/>
</testsuite> <!-- com.YouMagicPro.LKA_tests.VoiceMenuAddTest -->
