<?xml version="1.0" encoding="UTF-8"?>
<!-- Generated by org.testng.reporters.JUnitReportReporter -->
<testsuite hostname="RnD_CI_Windows" name="com.YouMagicPro.LKA_tests.ExpenseStructureRentalFeeTest" tests="1" failures="0" timestamp="10 Jan 2013 06:38:00 GMT" time="9.135" errors="0">
  <testcase name="expenseStructureRentalFeeTest_C15096" time="9.135" classname="com.YouMagicPro.LKA_tests.ExpenseStructureRentalFeeTest"/>
</testsuite> <!-- com.YouMagicPro.LKA_tests.ExpenseStructureRentalFeeTest -->
