<?xml version="1.0" encoding="UTF-8"?>
<!-- Generated by org.testng.reporters.JUnitReportReporter -->
<testsuite hostname="Z100107" name="com.YouMagicPro.LKA_tests.NotificationsCheckFieldsTest" tests="1" failures="0" timestamp="21 Nov 2012 06:31:23 GMT" time="30.052" errors="0">
  <testcase name="orderByEmailCancelButtonTest_C15141" time="30.052" classname="com.YouMagicPro.LKA_tests.NotificationsCheckFieldsTest"/>
</testsuite> <!-- com.YouMagicPro.LKA_tests.NotificationsCheckFieldsTest -->
