<?xml version="1.0" encoding="UTF-8"?>
<!-- Generated by org.testng.reporters.JUnitReportReporter -->
<testsuite hostname="RnD_CI_Windows" name="com.YouMagicPro.LKA_tests.ContractKppOneNumberInTextFieldTest" tests="1" failures="0" timestamp="10 Jan 2013 06:38:00 GMT" time="14.899" errors="0">
  <testcase name="contractKppTest_C15048" time="14.899" classname="com.YouMagicPro.LKA_tests.ContractKppOneNumberInTextFieldTest"/>
</testsuite> <!-- com.YouMagicPro.LKA_tests.ContractKppOneNumberInTextFieldTest -->
