<?xml version="1.0" encoding="UTF-8"?>
<!-- Generated by org.testng.reporters.JUnitReportReporter -->
<testsuite hostname="RnD_CI_Windows" name="com.YouMagicPro.LKA_tests.BuyingAdditionalNumberChooseNumbersFromList" tests="1" failures="0" timestamp="26 Dec 2012 06:10:01 GMT" time="16.408" errors="0">
  <testcase name="BuyingAdditionalNumberChooseNumbersFromList_C15106" time="16.408" classname="com.YouMagicPro.LKA_tests.BuyingAdditionalNumberChooseNumbersFromList"/>
</testsuite> <!-- com.YouMagicPro.LKA_tests.BuyingAdditionalNumberChooseNumbersFromList -->
