<?xml version="1.0" encoding="UTF-8"?>
<!-- Generated by org.testng.reporters.JUnitReportReporter -->
<testsuite hostname="RnD_CI_Windows" name="com.YouMagicPro.LKA_tests.DiscSpaceTest" tests="1" failures="0" timestamp="10 Jan 2013 06:38:00 GMT" time="9.108" errors="0">
  <testcase name="discSpaceTest" time="9.108" classname="com.YouMagicPro.LKA_tests.DiscSpaceTest"/>
</testsuite> <!-- com.YouMagicPro.LKA_tests.DiscSpaceTest -->
