<?xml version="1.0" encoding="UTF-8"?>
<!-- Generated by org.testng.reporters.JUnitReportReporter -->
<testsuite hostname="Z100107" name="com.YouMagicPro.LKA_tests.ContractCorAccount19NumbersTest" tests="1" failures="0" timestamp="21 Nov 2012 06:31:24 GMT" time="40.384" errors="0">
  <testcase name="contractCorAccount19NumbersTest_C15005" time="40.384" classname="com.YouMagicPro.LKA_tests.ContractCorAccount19NumbersTest"/>
</testsuite> <!-- com.YouMagicPro.LKA_tests.ContractCorAccount19NumbersTest -->
