<?xml version="1.0" encoding="UTF-8"?>
<!-- Generated by org.testng.reporters.JUnitReportReporter -->
<testsuite hostname="RnD_CI_Windows" name="com.YouMagicPro.LKA_tests.ClickOnPasswordChangeTest" tests="1" failures="0" timestamp="6 Dec 2012 13:23:56 GMT" time="14.636" errors="0">
  <testcase name="clickOnPasswordChangeTest" time="14.636" classname="com.YouMagicPro.LKA_tests.ClickOnPasswordChangeTest"/>
</testsuite> <!-- com.YouMagicPro.LKA_tests.ClickOnPasswordChangeTest -->
