<?xml version="1.0" encoding="UTF-8"?>
<!-- Generated by org.testng.reporters.JUnitReportReporter -->
<testsuite hostname="RnD_CI_Windows" name="com.YouMagicPro.LKA_tests.EmployeesEditProfileFillInDataTest" tests="1" failures="0" timestamp="6 Dec 2012 13:23:56 GMT" time="23.953" errors="0">
  <testcase name="employeesEditProfileTest_C15253" time="23.953" classname="com.YouMagicPro.LKA_tests.EmployeesEditProfileFillInDataTest"/>
</testsuite> <!-- com.YouMagicPro.LKA_tests.EmployeesEditProfileFillInDataTest -->
