<?xml version="1.0" encoding="UTF-8"?>
<!-- Generated by org.testng.reporters.JUnitReportReporter -->
<testsuite hostname="Z100107" name="com.YouMagicPro.LKA_tests.ContractCorAccountSymbolsInTextFieldTest" tests="1" failures="0" timestamp="21 Nov 2012 06:31:23 GMT" time="23.222" errors="0">
  <testcase name="contractCorAccountSymbolsInTextFieldTest_C15003" time="23.222" classname="com.YouMagicPro.LKA_tests.ContractCorAccountSymbolsInTextFieldTest"/>
</testsuite> <!-- com.YouMagicPro.LKA_tests.ContractCorAccountSymbolsInTextFieldTest -->
