<?xml version="1.0" encoding="UTF-8"?>
<!-- Generated by org.testng.reporters.JUnitReportReporter -->
<testsuite hostname="RnD_CI_Windows" name="com.YouMagicPro.LKA_tests.Buying804NumberCostOfNumberTest" tests="1" failures="0" timestamp="26 Dec 2012 06:10:01 GMT" time="16.863" errors="0">
  <testcase name="buying804NumberCostOfNumberTest_C25623" time="16.863" classname="com.YouMagicPro.LKA_tests.Buying804NumberCostOfNumberTest"/>
</testsuite> <!-- com.YouMagicPro.LKA_tests.Buying804NumberCostOfNumberTest -->
