<?xml version="1.0" encoding="UTF-8"?>
<!-- Generated by org.testng.reporters.JUnitReportReporter -->
<testsuite hostname="RnD_CI_Windows" name="com.YouMagicPro.LKA_tests.AgreementOPFTest" tests="1" failures="0" timestamp="26 Dec 2012 06:10:01 GMT" time="13.720" errors="0">
  <testcase name="addAndDeleteNoticesTest" time="13.720" classname="com.YouMagicPro.LKA_tests.AgreementOPFTest"/>
</testsuite> <!-- com.YouMagicPro.LKA_tests.AgreementOPFTest -->
