<?xml version="1.0" encoding="UTF-8"?>
<!-- Generated by org.testng.reporters.JUnitReportReporter -->
<testsuite hostname="Z100107" name="com.YouMagicPro.LKA_tests.ContractCorAccountLettersAndNumbersTextFieldTest" tests="1" failures="0" timestamp="21 Nov 2012 06:31:23 GMT" time="21.759" errors="0">
  <testcase name="contractCorAccountTenInTextFieldTest_C15000" time="21.759" classname="com.YouMagicPro.LKA_tests.ContractCorAccountLettersAndNumbersTextFieldTest"/>
</testsuite> <!-- com.YouMagicPro.LKA_tests.ContractCorAccountLettersAndNumbersTextFieldTest -->
