<?xml version="1.0" encoding="UTF-8"?>
<!-- Generated by org.testng.reporters.JUnitReportReporter -->
<testsuite hostname="RnD_CI_Windows" name="com.YouMagicPro.LKA_tests.YourNumbersTest" tests="1" failures="0" timestamp="26 Dec 2012 06:10:01 GMT" time="22.516" errors="0">
  <testcase name="yourNumbersTest" time="22.516" classname="com.YouMagicPro.LKA_tests.YourNumbersTest"/>
</testsuite> <!-- com.YouMagicPro.LKA_tests.YourNumbersTest -->
