<?xml version="1.0" encoding="UTF-8"?>
<!-- Generated by org.testng.reporters.JUnitReportReporter -->
<testsuite hostname="RnD_CI_Windows" name="com.YouMagicPro.LKA_tests.ContractOgrnOneNumberInTextFieldTest" tests="1" failures="0" timestamp="6 Dec 2012 13:23:56 GMT" time="28.322" errors="0">
  <testcase name="contractOgrnOneNumberInTextFieldTest_C15053" time="28.322" classname="com.YouMagicPro.LKA_tests.ContractOgrnOneNumberInTextFieldTest"/>
</testsuite> <!-- com.YouMagicPro.LKA_tests.ContractOgrnOneNumberInTextFieldTest -->
