<?xml version="1.0" encoding="UTF-8"?>
<!-- Generated by org.testng.reporters.JUnitReportReporter -->
<testsuite hostname="Z100107" name="com.YouMagicPro.LKA_tests.ExpenseStructureInternalNumbersFeeTest" tests="1" failures="0" timestamp="21 Nov 2012 06:31:23 GMT" time="9.323" errors="0">
  <testcase name="expenseStructureInternalNumbersFeeTest_C15101" time="9.323" classname="com.YouMagicPro.LKA_tests.ExpenseStructureInternalNumbersFeeTest"/>
</testsuite> <!-- com.YouMagicPro.LKA_tests.ExpenseStructureInternalNumbersFeeTest -->
