<?xml version="1.0" encoding="UTF-8"?>
<!-- Generated by org.testng.reporters.JUnitReportReporter -->
<testsuite hostname="Z100107" name="com.YouMagicPro.LKA_tests.ContractBankAccountLettersInTextFieldTest" tests="1" failures="0" timestamp="21 Nov 2012 06:31:23 GMT" time="21.586" errors="0">
  <testcase name="contractBankAccountLettersInTextFieldTest_C14995" time="21.586" classname="com.YouMagicPro.LKA_tests.ContractBankAccountLettersInTextFieldTest"/>
</testsuite> <!-- com.YouMagicPro.LKA_tests.ContractBankAccountLettersInTextFieldTest -->
