<?xml version="1.0" encoding="UTF-8"?>
<!-- Generated by org.testng.reporters.JUnitReportReporter -->
<testsuite hostname="RnD_CI_Windows" name="com.YouMagicPro.LKA_tests.ClickOnIconTest" tests="1" failures="0" timestamp="6 Dec 2012 13:23:56 GMT" time="12.535" errors="0">
  <testcase name="clickOnIconTest" time="12.535" classname="com.YouMagicPro.LKA_tests.ClickOnIconTest"/>
</testsuite> <!-- com.YouMagicPro.LKA_tests.ClickOnIconTest -->
