<?xml version="1.0" encoding="UTF-8"?>
<!-- Generated by org.testng.reporters.JUnitReportReporter -->
<testsuite hostname="Z100107" name="com.YouMagicPro.LKA_tests.VoiceMenuChooseSoundTest" tests="1" failures="0" timestamp="21 Nov 2012 06:31:23 GMT" time="22.981" errors="0">
  <testcase name="voiceMailChooseSoundTest_C15294" time="22.981" classname="com.YouMagicPro.LKA_tests.VoiceMenuChooseSoundTest"/>
</testsuite> <!-- com.YouMagicPro.LKA_tests.VoiceMenuChooseSoundTest -->
