<?xml version="1.0" encoding="UTF-8"?>
<!-- Generated by org.testng.reporters.JUnitReportReporter -->
<testsuite hostname="RnD_CI_Windows" name="com.YouMagicPro.LKA_tests.VoiceMenuEmptyNameTextFieldTest" tests="1" failures="0" timestamp="6 Dec 2012 13:23:56 GMT" time="22.540" errors="0">
  <testcase name="voiceMailEmptyNameTextFieldTest_C19851" time="22.540" classname="com.YouMagicPro.LKA_tests.VoiceMenuEmptyNameTextFieldTest"/>
</testsuite> <!-- com.YouMagicPro.LKA_tests.VoiceMenuEmptyNameTextFieldTest -->
