<?xml version="1.0" encoding="UTF-8"?>
<!-- Generated by org.testng.reporters.JUnitReportReporter -->
<testsuite hostname="Z100107" name="com.YouMagicPro.LKA_tests.EmployeesEditProfile3SymbolsInTextFieldTest" tests="1" failures="0" timestamp="21 Nov 2012 06:31:23 GMT" time="19.501" errors="0">
  <testcase name="employeesEditProfile3SymbolsInTextFieldTest_C15256" time="19.501" classname="com.YouMagicPro.LKA_tests.EmployeesEditProfile3SymbolsInTextFieldTest"/>
</testsuite> <!-- com.YouMagicPro.LKA_tests.EmployeesEditProfile3SymbolsInTextFieldTest -->
