<?xml version="1.0" encoding="UTF-8"?>
<!-- Generated by org.testng.reporters.JUnitReportReporter -->
<testsuite hostname="RnD_CI_Windows" name="com.YouMagicPro.LKA_tests.SupportPhoneTest" tests="1" failures="0" timestamp="10 Jan 2013 06:38:00 GMT" time="12.610" errors="0">
  <testcase name="SupportPhoneTest_C25679" time="12.610" classname="com.YouMagicPro.LKA_tests.SupportPhoneTest"/>
</testsuite> <!-- com.YouMagicPro.LKA_tests.SupportPhoneTest -->
