<?xml version="1.0" encoding="UTF-8"?>
<!-- Generated by org.testng.reporters.JUnitReportReporter -->
<testsuite hostname="RnD_CI_Windows" name="com.YouMagicPro.LKA_tests.ExpenseStructureChooseIntNumbersPageTest" tests="1" failures="0" timestamp="6 Dec 2012 13:23:56 GMT" time="17.149" errors="0">
  <testcase name="expenseStructureChooseIntNumbersPageTest_C15102" time="17.149" classname="com.YouMagicPro.LKA_tests.ExpenseStructureChooseIntNumbersPageTest"/>
</testsuite> <!-- com.YouMagicPro.LKA_tests.ExpenseStructureChooseIntNumbersPageTest -->
