<?xml version="1.0" encoding="UTF-8"?>
<!-- Generated by org.testng.reporters.JUnitReportReporter -->
<testsuite hostname="RnD_CI_Windows" name="com.YouMagicPro.LKA_tests.BuyingAdditionalNumberChooseNumberCategories" tests="1" failures="0" timestamp="26 Dec 2012 06:10:01 GMT" time="15.782" errors="0">
  <testcase name="BuyingAdditionalNumberChooseNumberCategories_C15105" time="15.782" classname="com.YouMagicPro.LKA_tests.BuyingAdditionalNumberChooseNumberCategories"/>
</testsuite> <!-- com.YouMagicPro.LKA_tests.BuyingAdditionalNumberChooseNumberCategories -->
