<?xml version="1.0" encoding="UTF-8"?>
<!-- Generated by org.testng.reporters.JUnitReportReporter -->
<testsuite hostname="Z100107" name="com.YouMagicPro.LKA_tests.ContractBik1inTextFieldTest" tests="1" failures="0" timestamp="21 Nov 2012 06:31:23 GMT" time="24.471" errors="0">
  <testcase name="contractBikTest1inTextField_C15022" time="24.471" classname="com.YouMagicPro.LKA_tests.ContractBik1inTextFieldTest"/>
</testsuite> <!-- com.YouMagicPro.LKA_tests.ContractBik1inTextFieldTest -->
