<?xml version="1.0" encoding="UTF-8"?>
<!-- Generated by org.testng.reporters.JUnitReportReporter -->
<testsuite hostname="Z100107" name="com.YouMagicPro.LKA_tests.ContractCorAccountTenInTextFieldTest" tests="1" failures="0" timestamp="21 Nov 2012 06:31:23 GMT" time="22.178" errors="0">
  <testcase name="contractCorAccountTenInTextFieldTest_C15000" time="22.178" classname="com.YouMagicPro.LKA_tests.ContractCorAccountTenInTextFieldTest"/>
</testsuite> <!-- com.YouMagicPro.LKA_tests.ContractCorAccountTenInTextFieldTest -->
