<?xml version="1.0" encoding="UTF-8"?>
<!-- Generated by org.testng.reporters.JUnitReportReporter -->
<testsuite hostname="RnD_CI_Windows" name="com.YouMagicPro.LKA_tests.ContractOgrnLettersInTextFieldTest" tests="1" failures="0" timestamp="10 Jan 2013 06:38:00 GMT" time="15.697" errors="0">
  <testcase name="contractOgrnLettersInTextFieldTest_C15056" time="15.697" classname="com.YouMagicPro.LKA_tests.ContractOgrnLettersInTextFieldTest"/>
</testsuite> <!-- com.YouMagicPro.LKA_tests.ContractOgrnLettersInTextFieldTest -->
