<?xml version="1.0" encoding="UTF-8"?>
<!-- Generated by org.testng.reporters.JUnitReportReporter -->
<testsuite hostname="Z100107" name="com.YouMagicPro.LKA_tests.ContractKppOneNumberInTextFieldTest" tests="1" failures="0" timestamp="21 Nov 2012 06:31:23 GMT" time="22.198" errors="0">
  <testcase name="contractKppTest_C15048" time="22.198" classname="com.YouMagicPro.LKA_tests.ContractKppOneNumberInTextFieldTest"/>
</testsuite> <!-- com.YouMagicPro.LKA_tests.ContractKppOneNumberInTextFieldTest -->
