<?xml version="1.0" encoding="UTF-8"?>
<!-- Generated by org.testng.reporters.JUnitReportReporter -->
<testsuite hostname="RnD_CI_Windows" name="com.YouMagicPro.LKA_tests.BuyingAdditionalInternalNumberCheckCost" tests="1" failures="0" timestamp="26 Dec 2012 06:10:01 GMT" time="11.223" errors="0">
  <testcase name="buyingAdditionalInternalNumberCheckCost_C15113" time="11.223" classname="com.YouMagicPro.LKA_tests.BuyingAdditionalInternalNumberCheckCost"/>
</testsuite> <!-- com.YouMagicPro.LKA_tests.BuyingAdditionalInternalNumberCheckCost -->
