<?xml version="1.0" encoding="UTF-8"?>
<!-- Generated by org.testng.reporters.JUnitReportReporter -->
<testsuite hostname="RnD_CI_Windows" name="com.YouMagicPro.LKA_tests.Buying804NumberCategoriesOfNumbers" tests="1" failures="0" timestamp="26 Dec 2012 06:10:01 GMT" time="15.735" errors="0">
  <testcase name="buying804NumberCategoriesOfNumbers_C25622" time="15.735" classname="com.YouMagicPro.LKA_tests.Buying804NumberCategoriesOfNumbers"/>
</testsuite> <!-- com.YouMagicPro.LKA_tests.Buying804NumberCategoriesOfNumbers -->
