<?xml version="1.0" encoding="UTF-8"?>
<!-- Generated by org.testng.reporters.JUnitReportReporter -->
<testsuite hostname="Z100107" name="com.YouMagicPro.LKA_tests.ExpenseStructureRentalFeeTest" tests="1" failures="0" timestamp="21 Nov 2012 06:31:23 GMT" time="8.900" errors="0">
  <testcase name="expenseStructureRentalFeeTest_C15096" time="8.900" classname="com.YouMagicPro.LKA_tests.ExpenseStructureRentalFeeTest"/>
</testsuite> <!-- com.YouMagicPro.LKA_tests.ExpenseStructureRentalFeeTest -->
