<?xml version="1.0" encoding="UTF-8"?>
<!-- Generated by org.testng.reporters.JUnitReportReporter -->
<testsuite hostname="RnD_CI_Windows" name="com.YouMagicPro.LKA_tests.FeedbackPageTest" tests="1" failures="0" timestamp="10 Jan 2013 06:38:00 GMT" time="17.391" errors="0">
  <testcase name="feedbackPageTest" time="17.391" classname="com.YouMagicPro.LKA_tests.FeedbackPageTest"/>
</testsuite> <!-- com.YouMagicPro.LKA_tests.FeedbackPageTest -->
