<?xml version="1.0" encoding="UTF-8"?>
<!-- Generated by org.testng.reporters.JUnitReportReporter -->
<testsuite hostname="Z100107" name="com.YouMagicPro.LKA_tests.OrderDeliveryOfContractCancelButtonTest" tests="1" failures="0" timestamp="21 Nov 2012 06:31:23 GMT" time="20.640" errors="0">
  <testcase name="orderDeliveryOfContractCancelButtonTest" time="20.640" classname="com.YouMagicPro.LKA_tests.OrderDeliveryOfContractCancelButtonTest"/>
</testsuite> <!-- com.YouMagicPro.LKA_tests.OrderDeliveryOfContractCancelButtonTest -->
