<?xml version="1.0" encoding="UTF-8"?>
<!-- Generated by org.testng.reporters.JUnitReportReporter -->
<testsuite hostname="Z100107" name="com.YouMagicPro.LKA_tests.ContractInnSymbolsInTextFieldTest" tests="1" failures="0" timestamp="21 Nov 2012 06:31:23 GMT" time="20.992" errors="0">
  <testcase name="contractInnLettersInTextFieldTest_C15030" time="20.992" classname="com.YouMagicPro.LKA_tests.ContractInnSymbolsInTextFieldTest"/>
</testsuite> <!-- com.YouMagicPro.LKA_tests.ContractInnSymbolsInTextFieldTest -->
