<?xml version="1.0" encoding="UTF-8"?>
<!-- Generated by org.testng.reporters.JUnitReportReporter -->
<testsuite hostname="RnD_CI_Windows" name="com.YouMagicPro.LKA_tests.ContractBankAccountOneInTextFieldTest" tests="1" failures="0" timestamp="10 Jan 2013 06:38:00 GMT" time="15.138" errors="0">
  <testcase name="contractBankAccountOneInTextFieldTest_C14993" time="15.138" classname="com.YouMagicPro.LKA_tests.ContractBankAccountOneInTextFieldTest"/>
</testsuite> <!-- com.YouMagicPro.LKA_tests.ContractBankAccountOneInTextFieldTest -->
