<?xml version="1.0" encoding="UTF-8"?>
<!-- Generated by org.testng.reporters.JUnitReportReporter -->
<testsuite hostname="RnD_CI_Windows" name="com.YouMagicPro.LKA_tests.ContractCorAccountOneInTextFieldTest" tests="1" failures="0" timestamp="10 Jan 2013 06:38:00 GMT" time="15.492" errors="0">
  <testcase name="contractCorAccountOneInTextFieldTest_C14499" time="15.492" classname="com.YouMagicPro.LKA_tests.ContractCorAccountOneInTextFieldTest"/>
</testsuite> <!-- com.YouMagicPro.LKA_tests.ContractCorAccountOneInTextFieldTest -->
