<?xml version="1.0" encoding="UTF-8"?>
<!-- Generated by org.testng.reporters.JUnitReportReporter -->
<testsuite hostname="Z100107" name="com.YouMagicPro.LKA_tests.ContractInn6NumbersInTextFieldTest" tests="1" failures="0" timestamp="21 Nov 2012 06:31:24 GMT" time="23.848" errors="0">
  <testcase name="contractInn6NumbersInTextFieldTest_C15029" time="23.848" classname="com.YouMagicPro.LKA_tests.ContractInn6NumbersInTextFieldTest"/>
</testsuite> <!-- com.YouMagicPro.LKA_tests.ContractInn6NumbersInTextFieldTest -->
