<?xml version="1.0" encoding="UTF-8"?>
<!-- Generated by org.testng.reporters.JUnitReportReporter -->
<testsuite hostname="RnD_CI_Windows" name="com.YouMagicPro.LKA_tests.CallForwardingPageTest" tests="1" failures="0" timestamp="26 Dec 2012 06:10:01 GMT" time="15.891" errors="0">
  <testcase name="clickOnAvatarTest" time="15.891" classname="com.YouMagicPro.LKA_tests.CallForwardingPageTest"/>
</testsuite> <!-- com.YouMagicPro.LKA_tests.CallForwardingPageTest -->
