<?xml version="1.0" encoding="UTF-8"?>
<!-- Generated by org.testng.reporters.JUnitReportReporter -->
<testsuite hostname="RnD_CI_Windows" name="com.YouMagicPro.LKA_tests.ContractBankAccountSymbolsInTextFieldTest" tests="1" failures="0" timestamp="6 Dec 2012 13:23:56 GMT" time="29.688" errors="0">
  <testcase name="contractBankAccountSymbolsInTextFieldTest_C14997" time="29.688" classname="com.YouMagicPro.LKA_tests.ContractBankAccountSymbolsInTextFieldTest"/>
</testsuite> <!-- com.YouMagicPro.LKA_tests.ContractBankAccountSymbolsInTextFieldTest -->
