<?xml version="1.0" encoding="UTF-8"?>
<!-- Generated by org.testng.reporters.JUnitReportReporter -->
<testsuite hostname="Z100107" name="com.YouMagicPro.LKA_tests.BuyingAdditionalNumberChooseNumbersFromList" tests="1" failures="0" timestamp="21 Nov 2012 06:31:24 GMT" time="16.409" errors="0">
  <testcase name="BuyingAdditionalNumberChooseNumbersFromList_C15106" time="16.409" classname="com.YouMagicPro.LKA_tests.BuyingAdditionalNumberChooseNumbersFromList"/>
</testsuite> <!-- com.YouMagicPro.LKA_tests.BuyingAdditionalNumberChooseNumbersFromList -->
