<?xml version="1.0" encoding="UTF-8"?>
<!-- Generated by org.testng.reporters.JUnitReportReporter -->
<testsuite hostname="RnD_CI_Windows" name="com.YouMagicPro.LKA_tests.OrderDeliveryOfContractDropdownListTest" tests="1" failures="0" timestamp="10 Jan 2013 06:38:00 GMT" time="10.918" errors="0">
  <testcase name="expenseStructureTest" time="10.918" classname="com.YouMagicPro.LKA_tests.OrderDeliveryOfContractDropdownListTest"/>
</testsuite> <!-- com.YouMagicPro.LKA_tests.OrderDeliveryOfContractDropdownListTest -->
