<?xml version="1.0" encoding="UTF-8"?>
<!-- Generated by org.testng.reporters.JUnitReportReporter -->
<testsuite hostname="Z100107" name="com.YouMagicPro.LKA_tests.OrderToAdressChangePhoneTest" tests="1" failures="0" timestamp="21 Nov 2012 06:31:23 GMT" time="16.628" errors="0">
  <testcase name="orderToAdressChangePhoneTest_C25677" time="16.628" classname="com.YouMagicPro.LKA_tests.OrderToAdressChangePhoneTest"/>
</testsuite> <!-- com.YouMagicPro.LKA_tests.OrderToAdressChangePhoneTest -->
